g:\网狐\happygamewh\服务端\中间目录\进程控制\debug_ansi\processcontrol.pch
g:\网狐\happygamewh\服务端\中间目录\进程控制\debug_ansi\vc141.pdb
g:\网狐\happygamewh\服务端\中间目录\进程控制\debug_ansi\vc141.idb
g:\网狐\happygamewh\服务端\中间目录\进程控制\debug_ansi\stdafx.obj
g:\网狐\happygamewh\服务端\中间目录\进程控制\debug_ansi\stdafx.cod
g:\网狐\happygamewh\服务端\中间目录\进程控制\debug_ansi\processdatacontrol.obj
g:\网狐\happygamewh\服务端\中间目录\进程控制\debug_ansi\processdatacontrol.cod
g:\网狐\happygamewh\服务端\中间目录\进程控制\debug_ansi\processcontroldll.obj
g:\网狐\happygamewh\服务端\中间目录\进程控制\debug_ansi\processcontroldll.cod
g:\网狐\happygamewh\服务端\中间目录\进程控制\debug_ansi\processcontrol.obj
g:\网狐\happygamewh\服务端\中间目录\进程控制\debug_ansi\processcontrol.cod
g:\网狐\happygamewh\服务端\运行\debug\ansi\processcontrol.ilk
g:\网狐\happygamewh\服务端\运行\debug\ansi\processcontrol.dll
g:\网狐\happygamewh\服务端\运行\debug\ansi\processcontrol.map
g:\网狐\happygamewh\服务端\中间目录\进程控制\debug_ansi\processcontrol.pdb
g:\网狐\happygamewh\服务端\中间目录\进程控制\debug_ansi\processcontrol.res
g:\网狐\happygamewh\服务端\系统模块\链接库\debug\ansi\processcontrol.lib
g:\网狐\happygamewh\服务端\系统模块\链接库\debug\ansi\processcontrol.exp
g:\网狐\happygamewh\服务端\中间目录\进程控制\debug_ansi\../../../运行/debug/ansi/processcontrol.pdb
g:\网狐\happygamewh\服务端\系统模块\公共组件\进程控制\../../../运行/debug/ansi/processcontrol.dll
g:\网狐\happygamewh\服务端\中间目录\进程控制\debug_ansi\../../../运行/debug/ansi/processcontrol.ilk
g:\网狐\happygamewh\服务端\中间目录\进程控制\debug_ansi\进程控制.tlog\cl.command.1.tlog
g:\网狐\happygamewh\服务端\中间目录\进程控制\debug_ansi\进程控制.tlog\cl.read.1.tlog
g:\网狐\happygamewh\服务端\中间目录\进程控制\debug_ansi\进程控制.tlog\cl.write.1.tlog
g:\网狐\happygamewh\服务端\中间目录\进程控制\debug_ansi\进程控制.tlog\link.command.1.tlog
g:\网狐\happygamewh\服务端\中间目录\进程控制\debug_ansi\进程控制.tlog\link.read.1.tlog
g:\网狐\happygamewh\服务端\中间目录\进程控制\debug_ansi\进程控制.tlog\link.write.1.tlog
g:\网狐\happygamewh\服务端\中间目录\进程控制\debug_ansi\进程控制.tlog\rc.command.1.tlog
g:\网狐\happygamewh\服务端\中间目录\进程控制\debug_ansi\进程控制.tlog\rc.read.1.tlog
g:\网狐\happygamewh\服务端\中间目录\进程控制\debug_ansi\进程控制.tlog\rc.write.1.tlog
g:\网狐\happygamewh\服务端\中间目录\进程控制\debug_ansi\进程控制.tlog\进程控制.write.1u.tlog
