g:\网狐\开发的模块\客户端\系统模块\客户端组件\游戏等级\debug\游戏等级.pch
g:\网狐\开发的模块\客户端\系统模块\客户端组件\游戏等级\debug\vc141.pdb
g:\网狐\开发的模块\客户端\系统模块\客户端组件\游戏等级\debug\vc141.idb
g:\网狐\开发的模块\客户端\系统模块\客户端组件\游戏等级\debug\stdafx.obj
g:\网狐\开发的模块\客户端\系统模块\客户端组件\游戏等级\debug\gamerank.obj
g:\网狐\开发的模块\客户端\系统模块\客户端组件\游戏等级\debug\gamerankmanager.obj
g:\网狐\开发的模块\客户端\系统模块\客户端组件\游戏等级\debug\游戏等级.ilk
g:\网狐\开发的模块\客户端\系统模块\客户端组件\游戏等级\debug\游戏等级.dll
g:\网狐\开发的模块\客户端\系统模块\客户端组件\游戏等级\debug\游戏等级.pdb
g:\网狐\开发的模块\客户端\系统模块\客户端组件\游戏等级\debug\gamerank.res
g:\网狐\开发的模块\客户端\系统模块\客户端组件\游戏等级\debug\游戏等级.lib
g:\网狐\开发的模块\客户端\系统模块\客户端组件\游戏等级\debug\游戏等级.exp
g:\网狐\开发的模块\客户端\系统模块\客户端组件\游戏等级\debug\游戏等级.tlog\cl.command.1.tlog
g:\网狐\开发的模块\客户端\系统模块\客户端组件\游戏等级\debug\游戏等级.tlog\cl.read.1.tlog
g:\网狐\开发的模块\客户端\系统模块\客户端组件\游戏等级\debug\游戏等级.tlog\cl.write.1.tlog
g:\网狐\开发的模块\客户端\系统模块\客户端组件\游戏等级\debug\游戏等级.tlog\link.command.1.tlog
g:\网狐\开发的模块\客户端\系统模块\客户端组件\游戏等级\debug\游戏等级.tlog\link.read.1.tlog
g:\网狐\开发的模块\客户端\系统模块\客户端组件\游戏等级\debug\游戏等级.tlog\link.write.1.tlog
g:\网狐\开发的模块\客户端\系统模块\客户端组件\游戏等级\debug\游戏等级.tlog\rc.command.1.tlog
g:\网狐\开发的模块\客户端\系统模块\客户端组件\游戏等级\debug\游戏等级.tlog\rc.read.1.tlog
g:\网狐\开发的模块\客户端\系统模块\客户端组件\游戏等级\debug\游戏等级.tlog\rc.write.1.tlog
g:\网狐\开发的模块\客户端\系统模块\客户端组件\游戏等级\debug\游戏等级.tlog\游戏等级.write.1u.tlog
