g:\网狐\整理的最新网狐框架\系统模块\客户端组件\图像控件\release\图像控件.pch
g:\网狐\整理的最新网狐框架\系统模块\客户端组件\图像控件\release\vc141.pdb
g:\网狐\整理的最新网狐框架\系统模块\客户端组件\图像控件\release\stdafx.obj
g:\网狐\整理的最新网狐框架\系统模块\客户端组件\图像控件\release\whimage.obj
g:\网狐\整理的最新网狐框架\系统模块\客户端组件\图像控件\release\pngimage.obj
g:\网狐\整理的最新网狐框架\系统模块\客户端组件\图像控件\release\gifimage.obj
g:\网狐\整理的最新网狐框架\系统模块\客户端组件\图像控件\release\bitimage.obj
g:\网狐\整理的最新网狐框架\系统模块\运行\release\whimage.dll
g:\网狐\整理的最新网狐框架\系统模块\客户端组件\图像控件\release\图像控件.pdb
g:\网狐\整理的最新网狐框架\系统模块\客户端组件\图像控件\release\whimage.res
g:\网狐\整理的最新网狐框架\系统模块\链接库\whimage.lib
g:\网狐\整理的最新网狐框架\系统模块\链接库\whimage.exp
g:\网狐\整理的最新网狐框架\系统模块\客户端组件\图像控件\release\图像控件.tlog\cl.command.1.tlog
g:\网狐\整理的最新网狐框架\系统模块\客户端组件\图像控件\release\图像控件.tlog\cl.read.1.tlog
g:\网狐\整理的最新网狐框架\系统模块\客户端组件\图像控件\release\图像控件.tlog\cl.write.1.tlog
g:\网狐\整理的最新网狐框架\系统模块\客户端组件\图像控件\release\图像控件.tlog\link.command.1.tlog
g:\网狐\整理的最新网狐框架\系统模块\客户端组件\图像控件\release\图像控件.tlog\link.read.1.tlog
g:\网狐\整理的最新网狐框架\系统模块\客户端组件\图像控件\release\图像控件.tlog\link.write.1.tlog
g:\网狐\整理的最新网狐框架\系统模块\客户端组件\图像控件\release\图像控件.tlog\rc.command.1.tlog
g:\网狐\整理的最新网狐框架\系统模块\客户端组件\图像控件\release\图像控件.tlog\rc.read.1.tlog
g:\网狐\整理的最新网狐框架\系统模块\客户端组件\图像控件\release\图像控件.tlog\rc.write.1.tlog
g:\网狐\整理的最新网狐框架\系统模块\客户端组件\图像控件\release\图像控件.tlog\图像控件.write.1u.tlog
