  Stdafx.cpp
  AsynchronismEngine.cpp
  AttemperEngine.cpp
  DataBaseAide.cpp
  DataBaseEngine.cpp
  KernelEngine.cpp
  TCPNetworkEngine.cpp
g:\网狐\happygamewh\服务端\系统模块\服务器组件\内核引擎\tcpnetworkengine.cpp(7): warning C4603: “new”: 未定义宏或在预编译头使用后定义发生改变
  g:\网狐\happygamewh\服务端\系统模块\服务器组件\内核引擎\tcpnetworkengine.cpp(7): note: 将宏添加到预编译头中，而不是在此处定义
  g:\网狐\happygamewh\服务端\系统模块\服务器组件\内核引擎\tcpnetworkengine.cpp(10): note: 使用预编译头
g:\网狐\happygamewh\服务端\系统模块\服务器组件\内核引擎\tcpnetworkengine.cpp(1119): warning C4244: “=”: 从“google::protobuf::uint64”转换到“WORD”，可能丢失数据
g:\网狐\happygamewh\服务端\系统模块\服务器组件\内核引擎\tcpnetworkengine.cpp(1120): warning C4244: “=”: 从“google::protobuf::uint64”转换到“WORD”，可能丢失数据
g:\网狐\happygamewh\服务端\系统模块\服务器组件\内核引擎\tcpnetworkengine.cpp(1140): warning C4267: “参数”: 从“size_t”转换到“WORD”，可能丢失数据
g:\网狐\happygamewh\服务端\系统模块\服务器组件\内核引擎\tcpnetworkengine.cpp(1299): warning C4996: 'inet_addr': Use inet_pton() or InetPton() instead or define _WINSOCK_DEPRECATED_NO_WARNINGS to disable deprecated API warnings
  c:\program files (x86)\windows kits\10\include\10.0.17763.0\um\winsock2.h(1831): note: 参见“inet_addr”的声明
g:\网狐\happygamewh\服务端\系统模块\服务器组件\内核引擎\tcpnetworkengine.cpp(2297): warning C4996: 'WSASocketA': Use WSASocketW() instead or define _WINSOCK_DEPRECATED_NO_WARNINGS to disable deprecated API warnings
  c:\program files (x86)\windows kits\10\include\10.0.17763.0\um\winsock2.h(3416): note: 参见“WSASocketA”的声明
  TCPSocketService.cpp
g:\网狐\happygamewh\服务端\系统模块\服务器组件\内核引擎\tcpsocketservice.cpp(230): warning C4996: 'WSAAsyncSelect': Use WSAEventSelect() instead or define _WINSOCK_DEPRECATED_NO_WARNINGS to disable deprecated API warnings
  c:\program files (x86)\windows kits\10\include\10.0.17763.0\um\winsock2.h(2680): note: 参见“WSAAsyncSelect”的声明
g:\网狐\happygamewh\服务端\系统模块\服务器组件\内核引擎\tcpsocketservice.cpp(1092): warning C4996: 'inet_addr': Use inet_pton() or InetPton() instead or define _WINSOCK_DEPRECATED_NO_WARNINGS to disable deprecated API warnings
  c:\program files (x86)\windows kits\10\include\10.0.17763.0\um\winsock2.h(1831): note: 参见“inet_addr”的声明
g:\网狐\happygamewh\服务端\系统模块\服务器组件\内核引擎\tcpsocketservice.cpp(1097): warning C4996: 'gethostbyname': Use getaddrinfo() or GetAddrInfoW() instead or define _WINSOCK_DEPRECATED_NO_WARNINGS to disable deprecated API warnings
  c:\program files (x86)\windows kits\10\include\10.0.17763.0\um\winsock2.h(2219): note: 参见“gethostbyname”的声明
  TimerEngine.cpp
  TraceService.cpp
  TraceServiceManager.cpp
  正在生成代码...
g:\网狐\happygamewh\服务端\系统模块\服务器组件\内核引擎\tcpnetworkengine.cpp(815): warning C4715: “CTCPNetworkItem::OnRecvCompleted”: 不是所有的控件路径都返回值
  StringUtil.cpp
  ByteBuffer.cpp
  HttpContext.cpp
  HttpRequest.cpp
  Base64.cpp
  SHA1.cpp
  WebSocket.cpp
g:\网狐\happygamewh\服务端\系统模块\服务器组件\内核引擎\zlreactor\websocket.cpp(125): warning C4244: “=”: 从“uint64_t”转换到“int”，可能丢失数据
g:\网狐\happygamewh\服务端\系统模块\服务器组件\内核引擎\zlreactor\websocket.cpp(130): warning C4805: “==”: 在操作中将类型“unsigned char”与类型“bool”混合不安全
  正在生成代码...
    正在创建库 ../../链接库/Debug/Ansi/KernelEngine.lib 和对象 ../../链接库/Debug/Ansi/KernelEngine.exp
  KernelEngine.vcxproj -> G:\网狐\HappyGameWH\服务端\系统模块\服务器组件\内核引擎\../../../运行/Debug/Ansi/KernelEngine.dll
  子目录或文件 ..\..\..\发布组件\服务器组件\Debug\Ansi 已经存在。
  已复制         1 个文件。
