g:\网狐\happygamewh\服务端\中间目录\内核引擎\debug_ansi\kernelengine.pch
g:\网狐\happygamewh\服务端\中间目录\内核引擎\debug_ansi\vc141.pdb
g:\网狐\happygamewh\服务端\中间目录\内核引擎\debug_ansi\stdafx.obj
g:\网狐\happygamewh\服务端\中间目录\内核引擎\debug_ansi\stdafx.cod
g:\网狐\happygamewh\服务端\中间目录\内核引擎\debug_ansi\traceservicemanager.obj
g:\网狐\happygamewh\服务端\中间目录\内核引擎\debug_ansi\traceservicemanager.cod
g:\网狐\happygamewh\服务端\中间目录\内核引擎\debug_ansi\traceservice.obj
g:\网狐\happygamewh\服务端\中间目录\内核引擎\debug_ansi\traceservice.cod
g:\网狐\happygamewh\服务端\中间目录\内核引擎\debug_ansi\timerengine.obj
g:\网狐\happygamewh\服务端\中间目录\内核引擎\debug_ansi\timerengine.cod
g:\网狐\happygamewh\服务端\中间目录\内核引擎\debug_ansi\tcpsocketservice.obj
g:\网狐\happygamewh\服务端\中间目录\内核引擎\debug_ansi\tcpsocketservice.cod
g:\网狐\happygamewh\服务端\中间目录\内核引擎\debug_ansi\tcpnetworkengine.obj
g:\网狐\happygamewh\服务端\中间目录\内核引擎\debug_ansi\tcpnetworkengine.cod
g:\网狐\happygamewh\服务端\中间目录\内核引擎\debug_ansi\kernelengine.obj
g:\网狐\happygamewh\服务端\中间目录\内核引擎\debug_ansi\kernelengine.cod
g:\网狐\happygamewh\服务端\中间目录\内核引擎\debug_ansi\databaseengine.obj
g:\网狐\happygamewh\服务端\中间目录\内核引擎\debug_ansi\databaseengine.cod
g:\网狐\happygamewh\服务端\中间目录\内核引擎\debug_ansi\databaseaide.obj
g:\网狐\happygamewh\服务端\中间目录\内核引擎\debug_ansi\databaseaide.cod
g:\网狐\happygamewh\服务端\中间目录\内核引擎\debug_ansi\attemperengine.obj
g:\网狐\happygamewh\服务端\中间目录\内核引擎\debug_ansi\attemperengine.cod
g:\网狐\happygamewh\服务端\中间目录\内核引擎\debug_ansi\asynchronismengine.obj
g:\网狐\happygamewh\服务端\中间目录\内核引擎\debug_ansi\asynchronismengine.cod
g:\网狐\happygamewh\服务端\中间目录\内核引擎\debug_ansi\websocket.obj
g:\网狐\happygamewh\服务端\中间目录\内核引擎\debug_ansi\websocket.cod
g:\网狐\happygamewh\服务端\中间目录\内核引擎\debug_ansi\sha1.obj
g:\网狐\happygamewh\服务端\中间目录\内核引擎\debug_ansi\sha1.cod
g:\网狐\happygamewh\服务端\中间目录\内核引擎\debug_ansi\base64.obj
g:\网狐\happygamewh\服务端\中间目录\内核引擎\debug_ansi\base64.cod
g:\网狐\happygamewh\服务端\中间目录\内核引擎\debug_ansi\httprequest.obj
g:\网狐\happygamewh\服务端\中间目录\内核引擎\debug_ansi\httprequest.cod
g:\网狐\happygamewh\服务端\中间目录\内核引擎\debug_ansi\httpcontext.obj
g:\网狐\happygamewh\服务端\中间目录\内核引擎\debug_ansi\httpcontext.cod
g:\网狐\happygamewh\服务端\中间目录\内核引擎\debug_ansi\bytebuffer.obj
g:\网狐\happygamewh\服务端\中间目录\内核引擎\debug_ansi\bytebuffer.cod
g:\网狐\happygamewh\服务端\中间目录\内核引擎\debug_ansi\stringutil.obj
g:\网狐\happygamewh\服务端\中间目录\内核引擎\debug_ansi\stringutil.cod
g:\网狐\happygamewh\服务端\运行\debug\ansi\kernelengine.dll
g:\网狐\happygamewh\服务端\运行\debug\ansi\kernelengine.map
g:\网狐\happygamewh\服务端\中间目录\内核引擎\debug_ansi\kernelengine.pdb
g:\网狐\happygamewh\服务端\中间目录\内核引擎\debug_ansi\kernelengine.res
g:\网狐\happygamewh\服务端\系统模块\链接库\debug\ansi\kernelengine.lib
g:\网狐\happygamewh\服务端\系统模块\链接库\debug\ansi\kernelengine.exp
g:\网狐\happygamewh\服务端\中间目录\内核引擎\debug_ansi\msado15.tli
g:\网狐\happygamewh\服务端\中间目录\内核引擎\debug_ansi\msado15.tlh
g:\网狐\happygamewh\服务端\中间目录\内核引擎\debug_ansi\../../../运行/debug/ansi/kernelengine.pdb
g:\网狐\happygamewh\服务端\系统模块\服务器组件\内核引擎\../../../运行/debug/ansi/kernelengine.dll
g:\网狐\happygamewh\服务端\中间目录\内核引擎\debug_ansi\内核引擎.tlog\cl.command.1.tlog
g:\网狐\happygamewh\服务端\中间目录\内核引擎\debug_ansi\内核引擎.tlog\cl.read.1.tlog
g:\网狐\happygamewh\服务端\中间目录\内核引擎\debug_ansi\内核引擎.tlog\cl.write.1.tlog
g:\网狐\happygamewh\服务端\中间目录\内核引擎\debug_ansi\内核引擎.tlog\link.command.1.tlog
g:\网狐\happygamewh\服务端\中间目录\内核引擎\debug_ansi\内核引擎.tlog\link.read.1.tlog
g:\网狐\happygamewh\服务端\中间目录\内核引擎\debug_ansi\内核引擎.tlog\link.write.1.tlog
g:\网狐\happygamewh\服务端\中间目录\内核引擎\debug_ansi\内核引擎.tlog\rc.command.1.tlog
g:\网狐\happygamewh\服务端\中间目录\内核引擎\debug_ansi\内核引擎.tlog\rc.read.1.tlog
g:\网狐\happygamewh\服务端\中间目录\内核引擎\debug_ansi\内核引擎.tlog\rc.write.1.tlog
g:\网狐\happygamewh\服务端\中间目录\内核引擎\debug_ansi\内核引擎.tlog\内核引擎.write.1u.tlog
