e:\服务器\精华版服务器100\系统模块\服务器组件\游戏服务\debug\游戏服务.pch
e:\服务器\精华版服务器100\系统模块\服务器组件\游戏服务\debug\vc120.pdb
e:\服务器\精华版服务器100\系统模块\服务器组件\游戏服务\debug\vc120.idb
e:\服务器\精华版服务器100\系统模块\服务器组件\游戏服务\debug\stdafx.obj
e:\服务器\精华版服务器100\系统模块\服务器组件\游戏服务\debug\androiduseritem.obj
e:\服务器\精华版服务器100\系统模块\服务器组件\游戏服务\debug\androidusermanager.obj
e:\服务器\精华版服务器100\系统模块\服务器组件\游戏服务\debug\gamepropertymanager.obj
e:\服务器\精华版服务器100\系统模块\服务器组件\游戏服务\debug\gameservice.obj
e:\服务器\精华版服务器100\系统模块\服务器组件\游戏服务\debug\serverusermanager.obj
e:\服务器\精华版服务器100\系统模块\服务器组件\游戏服务\debug\usertaskmanager.obj
e:\服务器\精华版服务器100\运行\debug\ansi\gameserviced.ilk
e:\服务器\精华版服务器100\运行\debug\ansi\gameserviced.dll
e:\服务器\精华版服务器100\系统模块\服务器组件\游戏服务\debug\游戏服务.pdb
e:\服务器\精华版服务器100\系统模块\服务器组件\游戏服务\debug\gameservice.res
e:\服务器\精华版服务器100\系统模块\链接库\ansi\gameserviced.lib
e:\服务器\精华版服务器100\系统模块\链接库\ansi\gameserviced.exp
g:\网狐\精华版全套\系统模块\服务器组件\游戏服务\debug\msado15.tli
g:\网狐\精华版全套\系统模块\服务器组件\游戏服务\debug\msado15.tlh
g:\网狐\精华版全套\系统模块\服务器组件\游戏服务\debug\游戏服务.tlog\cl.command.1.tlog
g:\网狐\精华版全套\系统模块\服务器组件\游戏服务\debug\游戏服务.tlog\cl.read.1.tlog
g:\网狐\精华版全套\系统模块\服务器组件\游戏服务\debug\游戏服务.tlog\cl.write.1.tlog
g:\网狐\精华版全套\系统模块\服务器组件\游戏服务\debug\游戏服务.tlog\link.command.1.tlog
g:\网狐\精华版全套\系统模块\服务器组件\游戏服务\debug\游戏服务.tlog\link.read.1.tlog
g:\网狐\精华版全套\系统模块\服务器组件\游戏服务\debug\游戏服务.tlog\link.write.1.tlog
g:\网狐\精华版全套\系统模块\服务器组件\游戏服务\debug\游戏服务.tlog\rc.command.1.tlog
g:\网狐\精华版全套\系统模块\服务器组件\游戏服务\debug\游戏服务.tlog\rc.read.1.tlog
g:\网狐\精华版全套\系统模块\服务器组件\游戏服务\debug\游戏服务.tlog\rc.write.1.tlog
g:\网狐\精华版全套\系统模块\服务器组件\游戏服务\debug\游戏服务.tlog\游戏服务.write.1u.tlog
