g:\网狐\开发的模块\客户端\系统模块\客户端组件\图像控件\debug\图像控件.pch
g:\网狐\开发的模块\客户端\系统模块\客户端组件\图像控件\debug\vc141.pdb
g:\网狐\开发的模块\客户端\系统模块\客户端组件\图像控件\debug\vc141.idb
g:\网狐\开发的模块\客户端\系统模块\客户端组件\图像控件\debug\stdafx.obj
g:\网狐\开发的模块\客户端\系统模块\客户端组件\图像控件\debug\bitimage.obj
g:\网狐\开发的模块\客户端\系统模块\客户端组件\图像控件\debug\gifimage.obj
g:\网狐\开发的模块\客户端\系统模块\客户端组件\图像控件\debug\pngimage.obj
g:\网狐\开发的模块\客户端\系统模块\客户端组件\图像控件\debug\whimage.obj
g:\网狐\开发的模块\客户端\系统模块\客户端组件\图像控件\debug\图像控件.ilk
g:\网狐\开发的模块\客户端\系统模块\客户端组件\图像控件\debug\图像控件.dll
g:\网狐\开发的模块\客户端\系统模块\客户端组件\图像控件\debug\图像控件.pdb
g:\网狐\开发的模块\客户端\系统模块\客户端组件\图像控件\debug\whimage.res
g:\网狐\开发的模块\客户端\系统模块\客户端组件\图像控件\debug\图像控件.lib
g:\网狐\开发的模块\客户端\系统模块\客户端组件\图像控件\debug\图像控件.exp
g:\网狐\开发的模块\客户端\系统模块\客户端组件\图像控件\debug\图像控件.tlog\cl.command.1.tlog
g:\网狐\开发的模块\客户端\系统模块\客户端组件\图像控件\debug\图像控件.tlog\cl.read.1.tlog
g:\网狐\开发的模块\客户端\系统模块\客户端组件\图像控件\debug\图像控件.tlog\cl.write.1.tlog
g:\网狐\开发的模块\客户端\系统模块\客户端组件\图像控件\debug\图像控件.tlog\link.command.1.tlog
g:\网狐\开发的模块\客户端\系统模块\客户端组件\图像控件\debug\图像控件.tlog\link.read.1.tlog
g:\网狐\开发的模块\客户端\系统模块\客户端组件\图像控件\debug\图像控件.tlog\link.write.1.tlog
g:\网狐\开发的模块\客户端\系统模块\客户端组件\图像控件\debug\图像控件.tlog\rc.command.1.tlog
g:\网狐\开发的模块\客户端\系统模块\客户端组件\图像控件\debug\图像控件.tlog\rc.read.1.tlog
g:\网狐\开发的模块\客户端\系统模块\客户端组件\图像控件\debug\图像控件.tlog\rc.write.1.tlog
g:\网狐\开发的模块\客户端\系统模块\客户端组件\图像控件\debug\图像控件.tlog\图像控件.write.1u.tlog
