g:\网狐\整理的最新网狐框架\系统模块\客户端组件\游戏框架\release\游戏框架.pch
g:\网狐\整理的最新网狐框架\系统模块\客户端组件\游戏框架\release\vc141.pdb
g:\网狐\整理的最新网狐框架\系统模块\客户端组件\游戏框架\release\stdafx.obj
g:\网狐\整理的最新网狐框架\系统模块\客户端组件\游戏框架\release\utilitfun.obj
g:\网狐\整理的最新网狐框架\系统模块\客户端组件\游戏框架\release\userlistview.obj
g:\网狐\整理的最新网狐框架\系统模块\客户端组件\游戏框架\release\threaddraw.obj
g:\网狐\整理的最新网狐框架\系统模块\客户端组件\游戏框架\release\labelex.obj
g:\网狐\整理的最新网狐框架\系统模块\客户端组件\游戏框架\release\globaloption.obj
g:\网狐\整理的最新网狐框架\系统模块\客户端组件\游戏框架\release\gameframeview.obj
g:\网狐\整理的最新网狐框架\系统模块\客户端组件\游戏框架\release\gameframedlg.obj
g:\网狐\整理的最新网狐框架\系统模块\客户端组件\游戏框架\release\gameframecontrol.obj
g:\网狐\整理的最新网狐框架\系统模块\客户端组件\游戏框架\release\gameframeapp.obj
g:\网狐\整理的最新网狐框架\系统模块\客户端组件\游戏框架\release\gameframe.obj
g:\网狐\整理的最新网狐框架\系统模块\客户端组件\游戏框架\release\flysoundtext.obj
g:\网狐\整理的最新网狐框架\系统模块\客户端组件\游戏框架\release\flygamesound.obj
g:\网狐\整理的最新网狐框架\系统模块\客户端组件\游戏框架\release\dlgdtsound.obj
g:\网狐\整理的最新网狐框架\系统模块\客户端组件\游戏框架\release\clientkernelsink.obj
g:\网狐\整理的最新网狐框架\系统模块\客户端组件\游戏框架\release\clientkernel.obj
g:\网狐\整理的最新网狐框架\系统模块\运行\release\gameframe.dll
g:\网狐\整理的最新网狐框架\系统模块\客户端组件\游戏框架\release\游戏框架.pdb
g:\网狐\整理的最新网狐框架\系统模块\客户端组件\游戏框架\release\gameframe.res
g:\网狐\整理的最新网狐框架\系统模块\链接库\gameframe.lib
g:\网狐\整理的最新网狐框架\系统模块\链接库\gameframe.exp
g:\网狐\整理的最新网狐框架\系统模块\客户端组件\游戏框架\release\游戏框架.tlog\cl.command.1.tlog
g:\网狐\整理的最新网狐框架\系统模块\客户端组件\游戏框架\release\游戏框架.tlog\cl.read.1.tlog
g:\网狐\整理的最新网狐框架\系统模块\客户端组件\游戏框架\release\游戏框架.tlog\cl.write.1.tlog
g:\网狐\整理的最新网狐框架\系统模块\客户端组件\游戏框架\release\游戏框架.tlog\link.command.1.tlog
g:\网狐\整理的最新网狐框架\系统模块\客户端组件\游戏框架\release\游戏框架.tlog\link.read.1.tlog
g:\网狐\整理的最新网狐框架\系统模块\客户端组件\游戏框架\release\游戏框架.tlog\link.write.1.tlog
g:\网狐\整理的最新网狐框架\系统模块\客户端组件\游戏框架\release\游戏框架.tlog\rc.command.1.tlog
g:\网狐\整理的最新网狐框架\系统模块\客户端组件\游戏框架\release\游戏框架.tlog\rc.read.1.tlog
g:\网狐\整理的最新网狐框架\系统模块\客户端组件\游戏框架\release\游戏框架.tlog\rc.write.1.tlog
g:\网狐\整理的最新网狐框架\系统模块\客户端组件\游戏框架\release\游戏框架.tlog\游戏框架.write.1u.tlog
