g:\网狐\happygamewh\服务端\中间目录\模块管理\debug_ansi\modulemanager.pch
g:\网狐\happygamewh\服务端\中间目录\模块管理\debug_ansi\vc141.pdb
g:\网狐\happygamewh\服务端\中间目录\模块管理\debug_ansi\vc141.idb
g:\网狐\happygamewh\服务端\中间目录\模块管理\debug_ansi\stdafx.obj
g:\网狐\happygamewh\服务端\中间目录\模块管理\debug_ansi\stdafx.cod
g:\网狐\happygamewh\服务端\中间目录\模块管理\debug_ansi\serverlistcontrol.obj
g:\网狐\happygamewh\服务端\中间目录\模块管理\debug_ansi\serverlistcontrol.cod
g:\网狐\happygamewh\服务端\中间目录\模块管理\debug_ansi\serverinfomanager.obj
g:\网狐\happygamewh\服务端\中间目录\模块管理\debug_ansi\serverinfomanager.cod
g:\网狐\happygamewh\服务端\中间目录\模块管理\debug_ansi\servercustomrule.obj
g:\网狐\happygamewh\服务端\中间目录\模块管理\debug_ansi\servercustomrule.cod
g:\网狐\happygamewh\服务端\中间目录\模块管理\debug_ansi\modulemanager.obj
g:\网狐\happygamewh\服务端\中间目录\模块管理\debug_ansi\modulemanager.cod
g:\网狐\happygamewh\服务端\中间目录\模块管理\debug_ansi\modulelistcontrol.obj
g:\网狐\happygamewh\服务端\中间目录\模块管理\debug_ansi\modulelistcontrol.cod
g:\网狐\happygamewh\服务端\中间目录\模块管理\debug_ansi\moduleinfomanager.obj
g:\网狐\happygamewh\服务端\中间目录\模块管理\debug_ansi\moduleinfomanager.cod
g:\网狐\happygamewh\服务端\中间目录\模块管理\debug_ansi\moduledbparameter.obj
g:\网狐\happygamewh\服务端\中间目录\模块管理\debug_ansi\moduledbparameter.cod
g:\网狐\happygamewh\服务端\中间目录\模块管理\debug_ansi\matchlistcontrol.obj
g:\网狐\happygamewh\服务端\中间目录\模块管理\debug_ansi\matchlistcontrol.cod
g:\网狐\happygamewh\服务端\中间目录\模块管理\debug_ansi\matchinfomanager.obj
g:\网狐\happygamewh\服务端\中间目录\模块管理\debug_ansi\matchinfomanager.cod
g:\网狐\happygamewh\服务端\中间目录\模块管理\debug_ansi\listcontrol.obj
g:\网狐\happygamewh\服务端\中间目录\模块管理\debug_ansi\listcontrol.cod
g:\网狐\happygamewh\服务端\中间目录\模块管理\debug_ansi\dlgserverwizard.obj
g:\网狐\happygamewh\服务端\中间目录\模块管理\debug_ansi\dlgserverwizard.cod
g:\网狐\happygamewh\服务端\中间目录\模块管理\debug_ansi\dlgservermatch.obj
g:\网狐\happygamewh\服务端\中间目录\模块管理\debug_ansi\dlgservermatch.cod
g:\网狐\happygamewh\服务端\中间目录\模块管理\debug_ansi\dlgserveritem.obj
g:\网狐\happygamewh\服务端\中间目录\模块管理\debug_ansi\dlgserveritem.cod
g:\网狐\happygamewh\服务端\中间目录\模块管理\debug_ansi\dlgmatchwizard.obj
g:\网狐\happygamewh\服务端\中间目录\模块管理\debug_ansi\dlgmatchwizard.cod
g:\网狐\happygamewh\服务端\运行\debug\ansi\modulemanager.ilk
g:\网狐\happygamewh\服务端\运行\debug\ansi\modulemanager.dll
g:\网狐\happygamewh\服务端\运行\debug\ansi\modulemanager.map
g:\网狐\happygamewh\服务端\中间目录\模块管理\debug_ansi\modulemanager.pdb
g:\网狐\happygamewh\服务端\中间目录\模块管理\debug_ansi\modulemanager.res
g:\网狐\happygamewh\服务端\系统模块\链接库\debug\ansi\modulemanager.lib
g:\网狐\happygamewh\服务端\系统模块\链接库\debug\ansi\modulemanager.exp
g:\网狐\happygamewh\服务端\中间目录\模块管理\debug_ansi\msado15.tli
g:\网狐\happygamewh\服务端\中间目录\模块管理\debug_ansi\msado15.tlh
g:\网狐\happygamewh\服务端\中间目录\模块管理\debug_ansi\../../../运行/debug/ansi/modulemanager.pdb
g:\网狐\happygamewh\服务端\系统模块\服务器组件\模块管理\../../../运行/debug/ansi/modulemanager.dll
g:\网狐\happygamewh\服务端\中间目录\模块管理\debug_ansi\../../../运行/debug/ansi/modulemanager.ilk
g:\网狐\happygamewh\服务端\中间目录\模块管理\debug_ansi\模块管理.tlog\cl.command.1.tlog
g:\网狐\happygamewh\服务端\中间目录\模块管理\debug_ansi\模块管理.tlog\cl.read.1.tlog
g:\网狐\happygamewh\服务端\中间目录\模块管理\debug_ansi\模块管理.tlog\cl.write.1.tlog
g:\网狐\happygamewh\服务端\中间目录\模块管理\debug_ansi\模块管理.tlog\link.command.1.tlog
g:\网狐\happygamewh\服务端\中间目录\模块管理\debug_ansi\模块管理.tlog\link.read.1.tlog
g:\网狐\happygamewh\服务端\中间目录\模块管理\debug_ansi\模块管理.tlog\link.write.1.tlog
g:\网狐\happygamewh\服务端\中间目录\模块管理\debug_ansi\模块管理.tlog\rc.command.1.tlog
g:\网狐\happygamewh\服务端\中间目录\模块管理\debug_ansi\模块管理.tlog\rc.read.1.tlog
g:\网狐\happygamewh\服务端\中间目录\模块管理\debug_ansi\模块管理.tlog\rc.write.1.tlog
g:\网狐\happygamewh\服务端\中间目录\模块管理\debug_ansi\模块管理.tlog\模块管理.write.1u.tlog
