g:\网狐\happygamewh\纯净版服务端\系统模块\中间目录\界面资源\debug\skinresourced.pch
g:\网狐\happygamewh\纯净版服务端\系统模块\中间目录\界面资源\debug\vc141.pdb
g:\网狐\happygamewh\纯净版服务端\系统模块\中间目录\界面资源\debug\vc141.idb
g:\网狐\happygamewh\纯净版服务端\系统模块\中间目录\界面资源\debug\stdafx.obj
g:\网狐\happygamewh\纯净版服务端\系统模块\中间目录\界面资源\debug\platformresource.obj
g:\网狐\happygamewh\纯净版服务端\系统模块\中间目录\界面资源\debug\skinresource.obj
g:\网狐\happygamewh\纯净版服务端\系统模块\中间目录\界面资源\debug\skinresourcemodule.obj
g:\网狐\happygamewh\纯净版服务端\系统模块\运行\debug\skinresourced.ilk
g:\网狐\happygamewh\纯净版服务端\系统模块\运行\debug\skinresourced.dll
g:\网狐\happygamewh\纯净版服务端\系统模块\运行\debug\skinresourced.pdb
g:\网狐\happygamewh\纯净版服务端\系统模块\中间目录\界面资源\debug\skinresource.res
g:\网狐\happygamewh\纯净版服务端\系统模块\链接库\skinresourced.lib
g:\网狐\happygamewh\纯净版服务端\系统模块\链接库\skinresourced.exp
g:\网狐\happygamewh\纯净版服务端\系统模块\中间目录\界面资源\debug\imageole.tli
g:\网狐\happygamewh\纯净版服务端\系统模块\中间目录\界面资源\debug\imageole.tlh
g:\网狐\happygamewh\纯净版服务端\系统模块\共享组件\界面资源\../../运行/debug/skinresourced.dll
g:\网狐\happygamewh\纯净版服务端\系统模块\中间目录\界面资源\debug\界面资源.tlog\cl.command.1.tlog
g:\网狐\happygamewh\纯净版服务端\系统模块\中间目录\界面资源\debug\界面资源.tlog\cl.read.1.tlog
g:\网狐\happygamewh\纯净版服务端\系统模块\中间目录\界面资源\debug\界面资源.tlog\cl.write.1.tlog
g:\网狐\happygamewh\纯净版服务端\系统模块\中间目录\界面资源\debug\界面资源.tlog\link.command.1.tlog
g:\网狐\happygamewh\纯净版服务端\系统模块\中间目录\界面资源\debug\界面资源.tlog\link.read.1.tlog
g:\网狐\happygamewh\纯净版服务端\系统模块\中间目录\界面资源\debug\界面资源.tlog\link.write.1.tlog
g:\网狐\happygamewh\纯净版服务端\系统模块\中间目录\界面资源\debug\界面资源.tlog\rc.command.1.tlog
g:\网狐\happygamewh\纯净版服务端\系统模块\中间目录\界面资源\debug\界面资源.tlog\rc.read.1.tlog
g:\网狐\happygamewh\纯净版服务端\系统模块\中间目录\界面资源\debug\界面资源.tlog\rc.write.1.tlog
g:\网狐\happygamewh\纯净版服务端\系统模块\中间目录\界面资源\debug\界面资源.tlog\界面资源.write.1u.tlog
