  Stdafx.cpp
g:\网狐\happygamewh\服务端\系统模块\全局定义\log.h(86): warning C4996: '_vsnprintf': This function or variable may be unsafe. Consider using _vsnprintf_s instead. To disable deprecation, use _CRT_SECURE_NO_WARNINGS. See online help for details.
  c:\program files (x86)\windows kits\10\include\10.0.17763.0\ucrt\stdio.h(1400): note: 参见“_vsnprintf”的声明
g:\网狐\happygamewh\服务端\系统模块\全局定义\log.h(99): warning C4996: '_vsnprintf': This function or variable may be unsafe. Consider using _vsnprintf_s instead. To disable deprecation, use _CRT_SECURE_NO_WARNINGS. See online help for details.
  c:\program files (x86)\windows kits\10\include\10.0.17763.0\ucrt\stdio.h(1400): note: 参见“_vsnprintf”的声明
g:\网狐\happygamewh\服务端\系统模块\全局定义\log.h(110): warning C4996: 'sprintf': This function or variable may be unsafe. Consider using sprintf_s instead. To disable deprecation, use _CRT_SECURE_NO_WARNINGS. See online help for details.
  c:\program files (x86)\windows kits\10\include\10.0.17763.0\ucrt\stdio.h(1774): note: 参见“sprintf”的声明
g:\网狐\happygamewh\服务端\系统模块\全局定义\log.h(114): warning C4996: 'sprintf': This function or variable may be unsafe. Consider using sprintf_s instead. To disable deprecation, use _CRT_SECURE_NO_WARNINGS. See online help for details.
  c:\program files (x86)\windows kits\10\include\10.0.17763.0\ucrt\stdio.h(1774): note: 参见“sprintf”的声明
g:\网狐\happygamewh\服务端\系统模块\全局定义\log.h(121): warning C4996: 'sprintf': This function or variable may be unsafe. Consider using sprintf_s instead. To disable deprecation, use _CRT_SECURE_NO_WARNINGS. See online help for details.
  c:\program files (x86)\windows kits\10\include\10.0.17763.0\ucrt\stdio.h(1774): note: 参见“sprintf”的声明
g:\网狐\happygamewh\服务端\系统模块\全局定义\log.h(128): warning C4996: 'fopen': This function or variable may be unsafe. Consider using fopen_s instead. To disable deprecation, use _CRT_SECURE_NO_WARNINGS. See online help for details.
  c:\program files (x86)\windows kits\10\include\10.0.17763.0\ucrt\stdio.h(208): note: 参见“fopen”的声明
g:\网狐\happygamewh\服务端\系统模块\全局定义\log.h(162): warning C4996: 'sprintf': This function or variable may be unsafe. Consider using sprintf_s instead. To disable deprecation, use _CRT_SECURE_NO_WARNINGS. See online help for details.
  c:\program files (x86)\windows kits\10\include\10.0.17763.0\ucrt\stdio.h(1774): note: 参见“sprintf”的声明
g:\网狐\happygamewh\服务端\系统模块\全局定义\log.h(165): warning C4996: 'fopen': This function or variable may be unsafe. Consider using fopen_s instead. To disable deprecation, use _CRT_SECURE_NO_WARNINGS. See online help for details.
  c:\program files (x86)\windows kits\10\include\10.0.17763.0\ucrt\stdio.h(208): note: 参见“fopen”的声明
  AttemperEngineSink.cpp
g:\网狐\happygamewh\服务端\系统模块\服务器组件\聊天服务器\attemperenginesink.cpp(142): warning C4996: '_snprintf': This function or variable may be unsafe. Consider using _snprintf_s instead. To disable deprecation, use _CRT_SECURE_NO_WARNINGS. See online help for details.
  c:\program files (x86)\windows kits\10\include\10.0.17763.0\ucrt\stdio.h(1961): note: 参见“_snprintf”的声明
g:\网狐\happygamewh\服务端\系统模块\服务器组件\聊天服务器\attemperenginesink.cpp(181): warning C4996: '_snprintf': This function or variable may be unsafe. Consider using _snprintf_s instead. To disable deprecation, use _CRT_SECURE_NO_WARNINGS. See online help for details.
  c:\program files (x86)\windows kits\10\include\10.0.17763.0\ucrt\stdio.h(1961): note: 参见“_snprintf”的声明
g:\网狐\happygamewh\服务端\系统模块\服务器组件\聊天服务器\attemperenginesink.cpp(261): warning C4996: '_snprintf': This function or variable may be unsafe. Consider using _snprintf_s instead. To disable deprecation, use _CRT_SECURE_NO_WARNINGS. See online help for details.
  c:\program files (x86)\windows kits\10\include\10.0.17763.0\ucrt\stdio.h(1961): note: 参见“_snprintf”的声明
g:\网狐\happygamewh\服务端\系统模块\服务器组件\聊天服务器\attemperenginesink.cpp(309): warning C4996: '_snprintf': This function or variable may be unsafe. Consider using _snprintf_s instead. To disable deprecation, use _CRT_SECURE_NO_WARNINGS. See online help for details.
  c:\program files (x86)\windows kits\10\include\10.0.17763.0\ucrt\stdio.h(1961): note: 参见“_snprintf”的声明
g:\网狐\happygamewh\服务端\系统模块\服务器组件\聊天服务器\attemperenginesink.cpp(530): warning C4996: '_snprintf': This function or variable may be unsafe. Consider using _snprintf_s instead. To disable deprecation, use _CRT_SECURE_NO_WARNINGS. See online help for details.
  c:\program files (x86)\windows kits\10\include\10.0.17763.0\ucrt\stdio.h(1961): note: 参见“_snprintf”的声明
g:\网狐\happygamewh\服务端\系统模块\服务器组件\聊天服务器\attemperenginesink.cpp(776): warning C4996: '_snprintf': This function or variable may be unsafe. Consider using _snprintf_s instead. To disable deprecation, use _CRT_SECURE_NO_WARNINGS. See online help for details.
  c:\program files (x86)\windows kits\10\include\10.0.17763.0\ucrt\stdio.h(1961): note: 参见“_snprintf”的声明
g:\网狐\happygamewh\服务端\系统模块\服务器组件\聊天服务器\attemperenginesink.cpp(955): warning C4996: '_snprintf': This function or variable may be unsafe. Consider using _snprintf_s instead. To disable deprecation, use _CRT_SECURE_NO_WARNINGS. See online help for details.
  c:\program files (x86)\windows kits\10\include\10.0.17763.0\ucrt\stdio.h(1961): note: 参见“_snprintf”的声明
g:\网狐\happygamewh\服务端\系统模块\服务器组件\聊天服务器\attemperenginesink.cpp(1723): warning C4996: 'sprintf': This function or variable may be unsafe. Consider using sprintf_s instead. To disable deprecation, use _CRT_SECURE_NO_WARNINGS. See online help for details.
  c:\program files (x86)\windows kits\10\include\10.0.17763.0\ucrt\stdio.h(1774): note: 参见“sprintf”的声明
g:\网狐\happygamewh\服务端\系统模块\服务器组件\聊天服务器\attemperenginesink.cpp(1840): warning C4996: '_snprintf': This function or variable may be unsafe. Consider using _snprintf_s instead. To disable deprecation, use _CRT_SECURE_NO_WARNINGS. See online help for details.
  c:\program files (x86)\windows kits\10\include\10.0.17763.0\ucrt\stdio.h(1961): note: 参见“_snprintf”的声明
g:\网狐\happygamewh\服务端\系统模块\服务器组件\聊天服务器\attemperenginesink.cpp(2634): warning C4996: '_snprintf': This function or variable may be unsafe. Consider using _snprintf_s instead. To disable deprecation, use _CRT_SECURE_NO_WARNINGS. See online help for details.
  c:\program files (x86)\windows kits\10\include\10.0.17763.0\ucrt\stdio.h(1961): note: 参见“_snprintf”的声明
  ChatServer.cpp
  ChatServerDlg.cpp
g:\网狐\happygamewh\服务端\系统模块\服务器组件\聊天服务器\chatserverdlg.cpp(151): warning C4996: '_snprintf': This function or variable may be unsafe. Consider using _snprintf_s instead. To disable deprecation, use _CRT_SECURE_NO_WARNINGS. See online help for details.
  c:\program files (x86)\windows kits\10\include\10.0.17763.0\ucrt\stdio.h(1961): note: 参见“_snprintf”的声明
g:\网狐\happygamewh\服务端\系统模块\服务器组件\聊天服务器\chatserverdlg.cpp(190): warning C4996: '_snprintf': This function or variable may be unsafe. Consider using _snprintf_s instead. To disable deprecation, use _CRT_SECURE_NO_WARNINGS. See online help for details.
  c:\program files (x86)\windows kits\10\include\10.0.17763.0\ucrt\stdio.h(1961): note: 参见“_snprintf”的声明
  DataBaseEngineSink.cpp
g:\网狐\happygamewh\服务端\系统模块\服务器组件\聊天服务器\databaseenginesink.cpp(232): warning C4996: '_snprintf': This function or variable may be unsafe. Consider using _snprintf_s instead. To disable deprecation, use _CRT_SECURE_NO_WARNINGS. See online help for details.
  c:\program files (x86)\windows kits\10\include\10.0.17763.0\ucrt\stdio.h(1961): note: 参见“_snprintf”的声明
  InitParameter.cpp
g:\网狐\happygamewh\服务端\系统模块\服务器组件\聊天服务器\initparameter.cpp(68): warning C4996: '_snprintf': This function or variable may be unsafe. Consider using _snprintf_s instead. To disable deprecation, use _CRT_SECURE_NO_WARNINGS. See online help for details.
  c:\program files (x86)\windows kits\10\include\10.0.17763.0\ucrt\stdio.h(1961): note: 参见“_snprintf”的声明
g:\网狐\happygamewh\服务端\系统模块\服务器组件\聊天服务器\initparameter.cpp(116): warning C4996: '_snprintf': This function or variable may be unsafe. Consider using _snprintf_s instead. To disable deprecation, use _CRT_SECURE_NO_WARNINGS. See online help for details.
  c:\program files (x86)\windows kits\10\include\10.0.17763.0\ucrt\stdio.h(1961): note: 参见“_snprintf”的声明
  ServerUserManager.cpp
  ServiceUnits.cpp
  正在生成代码...
AttemperEngineSink.obj : warning LNK4075: 忽略“/EDITANDCONTINUE”(由于“/SAFESEH”规范)
  ChatServer.vcxproj -> G:\网狐\HappyGameWH\服务端\系统模块\服务器组件\聊天服务器\../../../运行/Debug/Ansi/ChatServer.exe
  子目录或文件 ..\..\..\发布组件\服务器组件\Debug\Ansi 已经存在。
  已复制         1 个文件。
