g:\网狐\happygamewh\服务端\中间目录\聊天服务器\debug_ansi\chatserver.pch
g:\网狐\happygamewh\服务端\中间目录\聊天服务器\debug_ansi\vc141.pdb
g:\网狐\happygamewh\服务端\中间目录\聊天服务器\debug_ansi\vc141.idb
g:\网狐\happygamewh\服务端\中间目录\聊天服务器\debug_ansi\stdafx.obj
g:\网狐\happygamewh\服务端\中间目录\聊天服务器\debug_ansi\stdafx.cod
g:\网狐\happygamewh\服务端\中间目录\聊天服务器\debug_ansi\serviceunits.obj
g:\网狐\happygamewh\服务端\中间目录\聊天服务器\debug_ansi\serviceunits.cod
g:\网狐\happygamewh\服务端\中间目录\聊天服务器\debug_ansi\serverusermanager.obj
g:\网狐\happygamewh\服务端\中间目录\聊天服务器\debug_ansi\serverusermanager.cod
g:\网狐\happygamewh\服务端\中间目录\聊天服务器\debug_ansi\initparameter.obj
g:\网狐\happygamewh\服务端\中间目录\聊天服务器\debug_ansi\initparameter.cod
g:\网狐\happygamewh\服务端\中间目录\聊天服务器\debug_ansi\databaseenginesink.obj
g:\网狐\happygamewh\服务端\中间目录\聊天服务器\debug_ansi\databaseenginesink.cod
g:\网狐\happygamewh\服务端\中间目录\聊天服务器\debug_ansi\chatserverdlg.obj
g:\网狐\happygamewh\服务端\中间目录\聊天服务器\debug_ansi\chatserverdlg.cod
g:\网狐\happygamewh\服务端\中间目录\聊天服务器\debug_ansi\chatserver.obj
g:\网狐\happygamewh\服务端\中间目录\聊天服务器\debug_ansi\chatserver.cod
g:\网狐\happygamewh\服务端\中间目录\聊天服务器\debug_ansi\attemperenginesink.obj
g:\网狐\happygamewh\服务端\中间目录\聊天服务器\debug_ansi\attemperenginesink.cod
g:\网狐\happygamewh\服务端\运行\debug\ansi\chatserver.ilk
g:\网狐\happygamewh\服务端\运行\debug\ansi\chatserver.exe
g:\网狐\happygamewh\服务端\运行\debug\ansi\chatserver.map
g:\网狐\happygamewh\服务端\中间目录\聊天服务器\debug_ansi\chatserver.pdb
g:\网狐\happygamewh\服务端\中间目录\聊天服务器\debug_ansi\chatserver.res
g:\网狐\happygamewh\服务端\中间目录\聊天服务器\debug_ansi\msado15.tli
g:\网狐\happygamewh\服务端\中间目录\聊天服务器\debug_ansi\msado15.tlh
g:\网狐\happygamewh\服务端\中间目录\聊天服务器\debug_ansi\../../../运行/debug/ansi/chatserver.pdb
g:\网狐\happygamewh\服务端\系统模块\服务器组件\聊天服务器\../../../运行/debug/ansi/chatserver.exe
g:\网狐\happygamewh\服务端\中间目录\聊天服务器\debug_ansi\../../../运行/debug/ansi/chatserver.ilk
g:\网狐\happygamewh\服务端\中间目录\聊天服务器\debug_ansi\聊天服务器.tlog\cl.command.1.tlog
g:\网狐\happygamewh\服务端\中间目录\聊天服务器\debug_ansi\聊天服务器.tlog\cl.read.1.tlog
g:\网狐\happygamewh\服务端\中间目录\聊天服务器\debug_ansi\聊天服务器.tlog\cl.write.1.tlog
g:\网狐\happygamewh\服务端\中间目录\聊天服务器\debug_ansi\聊天服务器.tlog\link.command.1.tlog
g:\网狐\happygamewh\服务端\中间目录\聊天服务器\debug_ansi\聊天服务器.tlog\link.read.1.tlog
g:\网狐\happygamewh\服务端\中间目录\聊天服务器\debug_ansi\聊天服务器.tlog\link.write.1.tlog
g:\网狐\happygamewh\服务端\中间目录\聊天服务器\debug_ansi\聊天服务器.tlog\rc.command.1.tlog
g:\网狐\happygamewh\服务端\中间目录\聊天服务器\debug_ansi\聊天服务器.tlog\rc.read.1.tlog
g:\网狐\happygamewh\服务端\中间目录\聊天服务器\debug_ansi\聊天服务器.tlog\rc.write.1.tlog
