g:\网狐\happygamewh\纯净版服务端\系统模块\中间目录\列表服务\debug\listserviced.pch
g:\网狐\happygamewh\纯净版服务端\系统模块\中间目录\列表服务\debug\vc141.pdb
g:\网狐\happygamewh\纯净版服务端\系统模块\中间目录\列表服务\debug\vc141.idb
g:\网狐\happygamewh\纯净版服务端\系统模块\中间目录\列表服务\debug\stdafx.obj
g:\网狐\happygamewh\纯净版服务端\系统模块\中间目录\列表服务\debug\listservice.obj
g:\网狐\happygamewh\纯净版服务端\系统模块\中间目录\列表服务\debug\serverlistcenter.obj
g:\网狐\happygamewh\纯净版服务端\系统模块\运行\debug\listserviced.ilk
g:\网狐\happygamewh\纯净版服务端\系统模块\运行\debug\listserviced.dll
g:\网狐\happygamewh\纯净版服务端\系统模块\运行\debug\listserviced.pdb
g:\网狐\happygamewh\纯净版服务端\系统模块\中间目录\列表服务\debug\listservice.res
g:\网狐\happygamewh\纯净版服务端\系统模块\链接库\listserviced.lib
g:\网狐\happygamewh\纯净版服务端\系统模块\链接库\listserviced.exp
g:\网狐\happygamewh\纯净版服务端\系统模块\中间目录\列表服务\debug\msado15.tli
g:\网狐\happygamewh\纯净版服务端\系统模块\中间目录\列表服务\debug\msado15.tlh
g:\网狐\happygamewh\纯净版服务端\系统模块\服务器组件\列表服务\../../运行/debug/listserviced.dll
g:\网狐\happygamewh\纯净版服务端\系统模块\中间目录\列表服务\debug\列表服务.tlog\cl.command.1.tlog
g:\网狐\happygamewh\纯净版服务端\系统模块\中间目录\列表服务\debug\列表服务.tlog\cl.read.1.tlog
g:\网狐\happygamewh\纯净版服务端\系统模块\中间目录\列表服务\debug\列表服务.tlog\cl.write.1.tlog
g:\网狐\happygamewh\纯净版服务端\系统模块\中间目录\列表服务\debug\列表服务.tlog\link.command.1.tlog
g:\网狐\happygamewh\纯净版服务端\系统模块\中间目录\列表服务\debug\列表服务.tlog\link.read.1.tlog
g:\网狐\happygamewh\纯净版服务端\系统模块\中间目录\列表服务\debug\列表服务.tlog\link.write.1.tlog
g:\网狐\happygamewh\纯净版服务端\系统模块\中间目录\列表服务\debug\列表服务.tlog\rc.command.1.tlog
g:\网狐\happygamewh\纯净版服务端\系统模块\中间目录\列表服务\debug\列表服务.tlog\rc.read.1.tlog
g:\网狐\happygamewh\纯净版服务端\系统模块\中间目录\列表服务\debug\列表服务.tlog\rc.write.1.tlog
g:\网狐\happygamewh\纯净版服务端\系统模块\中间目录\列表服务\debug\列表服务.tlog\列表服务.write.1u.tlog
