e:\baidu\新建文件夹\1\网狐棋牌源码全套\网狐6.6完整源码\网狐6.6完整源码+内核源码+105款游戏源码（内含百人+赛马+捕鱼）\c++项目工程\系统模块\共享组件\界面资源\debug\界面资源.pch
e:\baidu\新建文件夹\1\网狐棋牌源码全套\网狐6.6完整源码\网狐6.6完整源码+内核源码+105款游戏源码（内含百人+赛马+捕鱼）\c++项目工程\系统模块\共享组件\界面资源\debug\vc141.pdb
e:\baidu\新建文件夹\1\网狐棋牌源码全套\网狐6.6完整源码\网狐6.6完整源码+内核源码+105款游戏源码（内含百人+赛马+捕鱼）\c++项目工程\系统模块\共享组件\界面资源\debug\vc141.idb
e:\baidu\新建文件夹\1\网狐棋牌源码全套\网狐6.6完整源码\网狐6.6完整源码+内核源码+105款游戏源码（内含百人+赛马+捕鱼）\c++项目工程\系统模块\共享组件\界面资源\debug\stdafx.obj
e:\baidu\新建文件夹\1\网狐棋牌源码全套\网狐6.6完整源码\网狐6.6完整源码+内核源码+105款游戏源码（内含百人+赛马+捕鱼）\c++项目工程\系统模块\共享组件\界面资源\debug\platformresource.obj
e:\baidu\新建文件夹\1\网狐棋牌源码全套\网狐6.6完整源码\网狐6.6完整源码+内核源码+105款游戏源码（内含百人+赛马+捕鱼）\c++项目工程\系统模块\共享组件\界面资源\debug\skinresource.obj
e:\baidu\新建文件夹\1\网狐棋牌源码全套\网狐6.6完整源码\网狐6.6完整源码+内核源码+105款游戏源码（内含百人+赛马+捕鱼）\c++项目工程\系统模块\共享组件\界面资源\debug\skinresourcemodule.obj
e:\baidu\新建文件夹\1\网狐棋牌源码全套\网狐6.6完整源码\网狐6.6完整源码+内核源码+105款游戏源码（内含百人+赛马+捕鱼）\c++项目工程\系统模块\运行\debug\skinresourced.ilk
e:\baidu\新建文件夹\1\网狐棋牌源码全套\网狐6.6完整源码\网狐6.6完整源码+内核源码+105款游戏源码（内含百人+赛马+捕鱼）\c++项目工程\系统模块\运行\debug\skinresourced.dll
e:\baidu\新建文件夹\1\网狐棋牌源码全套\网狐6.6完整源码\网狐6.6完整源码+内核源码+105款游戏源码（内含百人+赛马+捕鱼）\c++项目工程\系统模块\共享组件\界面资源\debug\界面资源.pdb
e:\baidu\新建文件夹\1\网狐棋牌源码全套\网狐6.6完整源码\网狐6.6完整源码+内核源码+105款游戏源码（内含百人+赛马+捕鱼）\c++项目工程\系统模块\共享组件\界面资源\debug\skinresource.res
e:\baidu\新建文件夹\1\网狐棋牌源码全套\网狐6.6完整源码\网狐6.6完整源码+内核源码+105款游戏源码（内含百人+赛马+捕鱼）\c++项目工程\系统模块\共享组件\界面资源\debug\skinresourced.lib
e:\baidu\新建文件夹\1\网狐棋牌源码全套\网狐6.6完整源码\网狐6.6完整源码+内核源码+105款游戏源码（内含百人+赛马+捕鱼）\c++项目工程\系统模块\共享组件\界面资源\debug\skinresourced.exp
e:\baidu\新建文件夹\1\网狐棋牌源码全套\网狐6.6完整源码\网狐6.6完整源码+内核源码+105款游戏源码（内含百人+赛马+捕鱼）\c++项目工程\系统模块\共享组件\界面资源\debug\imageole.tli
e:\baidu\新建文件夹\1\网狐棋牌源码全套\网狐6.6完整源码\网狐6.6完整源码+内核源码+105款游戏源码（内含百人+赛马+捕鱼）\c++项目工程\系统模块\共享组件\界面资源\debug\imageole.tlh
e:\baidu\新建文件夹\1\网狐棋牌源码全套\网狐6.6完整源码\网狐6.6完整源码+内核源码+105款游戏源码（内含百人+赛马+捕鱼）\c++项目工程\系统模块\共享组件\界面资源\debug\界面资源.tlog\cl.command.1.tlog
e:\baidu\新建文件夹\1\网狐棋牌源码全套\网狐6.6完整源码\网狐6.6完整源码+内核源码+105款游戏源码（内含百人+赛马+捕鱼）\c++项目工程\系统模块\共享组件\界面资源\debug\界面资源.tlog\cl.read.1.tlog
e:\baidu\新建文件夹\1\网狐棋牌源码全套\网狐6.6完整源码\网狐6.6完整源码+内核源码+105款游戏源码（内含百人+赛马+捕鱼）\c++项目工程\系统模块\共享组件\界面资源\debug\界面资源.tlog\cl.write.1.tlog
e:\baidu\新建文件夹\1\网狐棋牌源码全套\网狐6.6完整源码\网狐6.6完整源码+内核源码+105款游戏源码（内含百人+赛马+捕鱼）\c++项目工程\系统模块\共享组件\界面资源\debug\界面资源.tlog\link.command.1.tlog
e:\baidu\新建文件夹\1\网狐棋牌源码全套\网狐6.6完整源码\网狐6.6完整源码+内核源码+105款游戏源码（内含百人+赛马+捕鱼）\c++项目工程\系统模块\共享组件\界面资源\debug\界面资源.tlog\link.read.1.tlog
e:\baidu\新建文件夹\1\网狐棋牌源码全套\网狐6.6完整源码\网狐6.6完整源码+内核源码+105款游戏源码（内含百人+赛马+捕鱼）\c++项目工程\系统模块\共享组件\界面资源\debug\界面资源.tlog\link.write.1.tlog
e:\baidu\新建文件夹\1\网狐棋牌源码全套\网狐6.6完整源码\网狐6.6完整源码+内核源码+105款游戏源码（内含百人+赛马+捕鱼）\c++项目工程\系统模块\共享组件\界面资源\debug\界面资源.tlog\rc.command.1.tlog
e:\baidu\新建文件夹\1\网狐棋牌源码全套\网狐6.6完整源码\网狐6.6完整源码+内核源码+105款游戏源码（内含百人+赛马+捕鱼）\c++项目工程\系统模块\共享组件\界面资源\debug\界面资源.tlog\rc.read.1.tlog
e:\baidu\新建文件夹\1\网狐棋牌源码全套\网狐6.6完整源码\网狐6.6完整源码+内核源码+105款游戏源码（内含百人+赛马+捕鱼）\c++项目工程\系统模块\共享组件\界面资源\debug\界面资源.tlog\rc.write.1.tlog
e:\baidu\新建文件夹\1\网狐棋牌源码全套\网狐6.6完整源码\网狐6.6完整源码+内核源码+105款游戏源码（内含百人+赛马+捕鱼）\c++项目工程\系统模块\共享组件\界面资源\debug\界面资源.tlog\界面资源.write.1u.tlog
