生成启动时间为 2019/9/1 15:39:39。
     1>项目“G:\网狐\精华版全套\系统模块\客户端组件\平台资源\PlatformResource.vcxproj”在节点 3 上(Rebuild 个目标)。
     1>ClCompile:
         C:\Program Files (x86)\Microsoft Visual Studio 12.0\VC\bin\CL.exe /c /Zi /nologo /W3 /WX- /O2 /Oy- /D WIN32 /D _WINDOWS /D NDEBUG /D _AFXEXT /D PLATFORM_RESOURCE_DLL /D _WINDLL /D _MBCS /D _AFXDLL /Gm- /EHsc /MD /GS /fp:precise /Zc:wchar_t /Zc:forScope /Yc"stdafx.h" /Fp"Release\平台资源.pch" /Fo"Release\\" /Fd"Release\vc120.pdb" /Gd /TP /analyze- /errorReport:prompt Stdafx.cpp
         Stdafx.cpp
     1>C:\Program Files (x86)\Microsoft Visual Studio 12.0\VC\atlmfc\include\afx.h(38): warning C4996: 'MBCS_Support_Deprecated_In_MFC': MBCS support in MFC is deprecated and may be removed in a future version of MFC.
                 C:\Program Files (x86)\Microsoft Visual Studio 12.0\VC\atlmfc\include\afx.h(33) : 参见“MBCS_Support_Deprecated_In_MFC”的声明
         C:\Program Files (x86)\Microsoft Visual Studio 12.0\VC\bin\CL.exe /c /Zi /nologo /W3 /WX- /O2 /Oy- /D WIN32 /D _WINDOWS /D NDEBUG /D _AFXEXT /D PLATFORM_RESOURCE_DLL /D _WINDLL /D _MBCS /D _AFXDLL /Gm- /EHsc /MD /GS /fp:precise /Zc:wchar_t /Zc:forScope /Yu"stdafx.h" /Fp"Release\平台资源.pch" /Fo"Release\\" /Fd"Release\vc120.pdb" /Gd /TP /analyze- /errorReport:prompt PlatformResource.cpp PlatformResourceManager.cpp
         PlatformResource.cpp
         PlatformResourceManager.cpp
         正在生成代码...
       ResourceCompile:
         C:\Program Files (x86)\Windows Kits\8.1\bin\x86\rc.exe /D NDEBUG /D _AFXDLL /l"0x0804" /IRelease\ /nologo /fo"Release\PlatformResource.res" PlatformResource.rc 
     1>C:\Program Files (x86)\MSBuild\Microsoft.Cpp\v4.0\V120\Microsoft.CppBuild.targets(1193,5): warning MSB8012: TargetPath(G:\网狐\精华版全套\系统模块\客户端组件\平台资源\Release\平台资源.dll) does not match the Linker's OutputFile property value (G:\网狐\精华版全套\运行\Release\Ansi\PlatformResource.dll). This may cause your project to build incorrectly. To correct this, please make sure that $(OutDir), $(TargetName) and $(TargetExt) property values match the value specified in %(Link.OutputFile).
     1>C:\Program Files (x86)\MSBuild\Microsoft.Cpp\v4.0\V120\Microsoft.CppBuild.targets(1195,5): warning MSB8012: TargetName(平台资源) does not match the Linker's OutputFile property value (PlatformResource). This may cause your project to build incorrectly. To correct this, please make sure that $(OutDir), $(TargetName) and $(TargetExt) property values match the value specified in %(Link.OutputFile).
       Link:
         C:\Program Files (x86)\Microsoft Visual Studio 12.0\VC\bin\link.exe /ERRORREPORT:PROMPT /OUT:"../../../运行/Release/Ansi/PlatformResource.dll" /INCREMENTAL:NO /NOLOGO /DEF:".\PlatformResource.def" /MANIFEST /MANIFESTUAC:"level='asInvoker' uiAccess='false'" /manifest:embed /manifestinput:"C:\Program Files (x86)\Microsoft Visual Studio 12.0\VC\Include\Manifest\dpiaware.manifest" /DEBUG /PDB:"Release\平台资源.pdb" /SUBSYSTEM:WINDOWS /OPT:REF /OPT:ICF /TLBID:1 /DYNAMICBASE /NXCOMPAT /IMPLIB:"../../链接库/Ansi/PlatformResource.lib" /MACHINE:X86 /SAFESEH /DLL Release\PlatformResource.res
         Release\PlatformResource.obj
         Release\PlatformResourceManager.obj
         Release\Stdafx.obj
            正在创建库 ../../链接库/Ansi/PlatformResource.lib 和对象 ../../链接库/Ansi/PlatformResource.exp
     1>PlatformResourceManager.obj : error LNK2019: 无法解析的外部符号 "__declspec(dllimport) public: static void __cdecl CPaintManagerUI::SetFileZip(char const *,bool)" (__imp_?SetFileZip@CPaintManagerUI@@SAXPBD_N@Z)，该符号在函数 "public: virtual bool __thiscall CPlatformResourceManager::LoadDefaultResource(char const *,struct HINSTANCE__ *)" (?LoadDefaultResource@CPlatformResourceManager@@UAE_NPBDPAUHINSTANCE__@@@Z) 中被引用
     1>PlatformResourceManager.obj : error LNK2019: 无法解析的外部符号 "__declspec(dllimport) public: static void __cdecl CPaintManagerUI::ReleaseZip(void)" (__imp_?ReleaseZip@CPaintManagerUI@@SAXXZ)，该符号在函数 "public: virtual __thiscall CPlatformResourceManager::~CPlatformResourceManager(void)" (??1CPlatformResourceManager@@UAE@XZ) 中被引用
     1>../../../运行/Release/Ansi/PlatformResource.dll : fatal error LNK1120: 2 个无法解析的外部命令
     1>已完成生成项目“G:\网狐\精华版全套\系统模块\客户端组件\平台资源\PlatformResource.vcxproj”(Rebuild 个目标)的操作 - 失败。

生成失败。

已用时间 00:00:07.26
