g:\网狐\精华版全套\系统模块\客户端组件\平台资源\release\平台资源.pch
g:\网狐\精华版全套\系统模块\客户端组件\平台资源\release\vc120.pdb
g:\网狐\精华版全套\系统模块\客户端组件\平台资源\release\stdafx.obj
g:\网狐\精华版全套\系统模块\客户端组件\平台资源\release\platformresourcemanager.obj
g:\网狐\精华版全套\系统模块\客户端组件\平台资源\release\platformresource.obj
g:\网狐\精华版全套\系统模块\客户端组件\平台资源\release\platformresource.res
g:\网狐\精华版全套\系统模块\客户端组件\平台资源\release\平台资源.pdb
g:\网狐\精华版全套\系统模块\客户端组件\平台资源\release\平台资源.tlog\cl.command.1.tlog
g:\网狐\精华版全套\系统模块\客户端组件\平台资源\release\平台资源.tlog\cl.read.1.tlog
g:\网狐\精华版全套\系统模块\客户端组件\平台资源\release\平台资源.tlog\cl.write.1.tlog
g:\网狐\精华版全套\系统模块\客户端组件\平台资源\release\平台资源.tlog\link-cvtres.read.1.tlog
g:\网狐\精华版全套\系统模块\客户端组件\平台资源\release\平台资源.tlog\link-cvtres.write.1.tlog
g:\网狐\精华版全套\系统模块\客户端组件\平台资源\release\平台资源.tlog\link-mt.read.1.tlog
g:\网狐\精华版全套\系统模块\客户端组件\平台资源\release\平台资源.tlog\link-mt.write.1.tlog
g:\网狐\精华版全套\系统模块\客户端组件\平台资源\release\平台资源.tlog\link-rc.read.1.tlog
g:\网狐\精华版全套\系统模块\客户端组件\平台资源\release\平台资源.tlog\link-rc.write.1.tlog
g:\网狐\精华版全套\系统模块\客户端组件\平台资源\release\平台资源.tlog\link.command.1.tlog
g:\网狐\精华版全套\系统模块\客户端组件\平台资源\release\平台资源.tlog\link.read.1.tlog
g:\网狐\精华版全套\系统模块\客户端组件\平台资源\release\平台资源.tlog\link.write.1.tlog
g:\网狐\精华版全套\系统模块\客户端组件\平台资源\release\平台资源.tlog\rc.command.1.tlog
g:\网狐\精华版全套\系统模块\客户端组件\平台资源\release\平台资源.tlog\rc.read.1.tlog
g:\网狐\精华版全套\系统模块\客户端组件\平台资源\release\平台资源.tlog\rc.write.1.tlog
