生成启动时间为 2019/9/1 15:39:53。
     1>项目“G:\网狐\精华版全套\系统模块\客户端组件\平台数据\PlatformData.vcxproj”在节点 2 上(Rebuild 个目标)。
     1>ClCompile:
         C:\Program Files (x86)\Microsoft Visual Studio 12.0\VC\bin\CL.exe /c /Zi /nologo /W3 /WX- /O2 /Oy- /D WIN32 /D _WINDOWS /D NDEBUG /D _AFXEXT /D PLATFORM_DATA_DLL /D _WINDLL /D _MBCS /D _AFXDLL /Gm- /EHsc /MD /GS /fp:precise /Zc:wchar_t /Zc:forScope /Yc"stdafx.h" /Fp"Release\平台数据.pch" /Fo"Release\\" /Fd"Release\vc120.pdb" /Gd /TP /analyze- /errorReport:prompt Stdafx.cpp
         Stdafx.cpp
     1>C:\Program Files (x86)\Microsoft Visual Studio 12.0\VC\atlmfc\include\afx.h(38): warning C4996: 'MBCS_Support_Deprecated_In_MFC': MBCS support in MFC is deprecated and may be removed in a future version of MFC.
                 C:\Program Files (x86)\Microsoft Visual Studio 12.0\VC\atlmfc\include\afx.h(33) : 参见“MBCS_Support_Deprecated_In_MFC”的声明
         C:\Program Files (x86)\Microsoft Visual Studio 12.0\VC\bin\CL.exe /c /Zi /nologo /W3 /WX- /O2 /Oy- /D WIN32 /D _WINDOWS /D NDEBUG /D _AFXEXT /D PLATFORM_DATA_DLL /D _WINDLL /D _MBCS /D _AFXDLL /Gm- /EHsc /MD /GS /fp:precise /Zc:wchar_t /Zc:forScope /Yu"stdafx.h" /Fp"Release\平台数据.pch" /Fo"Release\\" /Fd"Release\vc120.pdb" /Gd /TP /analyze- /errorReport:prompt GlobalServer.cpp GlobalUserInfo.cpp GlobalWebLink.cpp OptionParameter.cpp PlatformData.cpp
         GlobalServer.cpp
         GlobalUserInfo.cpp
         GlobalWebLink.cpp
         OptionParameter.cpp
         PlatformData.cpp
         正在生成代码...
       ResourceCompile:
         C:\Program Files (x86)\Windows Kits\8.1\bin\x86\rc.exe /D NDEBUG /D _AFXDLL /l"0x0804" /IRelease\ /nologo /fo"Release\PlatformData.res" PlatformData.rc 
     1>C:\Program Files (x86)\MSBuild\Microsoft.Cpp\v4.0\V120\Microsoft.CppBuild.targets(1193,5): warning MSB8012: TargetPath(G:\网狐\精华版全套\系统模块\客户端组件\平台数据\Release\平台数据.dll) does not match the Linker's OutputFile property value (G:\网狐\精华版全套\运行\Release\Ansi\PlatformData.dll). This may cause your project to build incorrectly. To correct this, please make sure that $(OutDir), $(TargetName) and $(TargetExt) property values match the value specified in %(Link.OutputFile).
     1>C:\Program Files (x86)\MSBuild\Microsoft.Cpp\v4.0\V120\Microsoft.CppBuild.targets(1195,5): warning MSB8012: TargetName(平台数据) does not match the Linker's OutputFile property value (PlatformData). This may cause your project to build incorrectly. To correct this, please make sure that $(OutDir), $(TargetName) and $(TargetExt) property values match the value specified in %(Link.OutputFile).
       Link:
         C:\Program Files (x86)\Microsoft Visual Studio 12.0\VC\bin\link.exe /ERRORREPORT:PROMPT /OUT:"../../../运行/Release/Ansi/PlatformData.dll" /INCREMENTAL:NO /NOLOGO /DEF:".\PlatformData.def" /MANIFEST /MANIFESTUAC:"level='asInvoker' uiAccess='false'" /manifest:embed /manifestinput:"C:\Program Files (x86)\Microsoft Visual Studio 12.0\VC\Include\Manifest\dpiaware.manifest" /DEBUG /PDB:"Release\平台数据.pdb" /SUBSYSTEM:WINDOWS /OPT:REF /OPT:ICF /TLBID:1 /DYNAMICBASE /NXCOMPAT /IMPLIB:"../../链接库/Ansi/PlatformData.lib" /MACHINE:X86 /SAFESEH /DLL Release\PlatformData.res
         Release\GlobalServer.obj
         Release\GlobalUserInfo.obj
         Release\GlobalWebLink.obj
         Release\OptionParameter.obj
         Release\PlatformData.obj
         Release\Stdafx.obj
         "G:\网狐\精华版全套\系统模块\链接库\Ansi\ServiceCore.lib"
         "G:\网狐\精华版全套\系统模块\链接库\Ansi\WHImage.lib"
            正在创建库 ../../链接库/Ansi/PlatformData.lib 和对象 ../../链接库/Ansi/PlatformData.exp
         PlatformData.vcxproj -> G:\网狐\精华版全套\系统模块\客户端组件\平台数据\Release\平台数据.dll
       PostBuildEvent:
         mkdir ..\..\..\发布组件\客户端组件\Release\Ansi
         copy /y ..\..\..\运行\Release\Ansi\平台数据.dll ..\..\..\发布组件\客户端组件\Release\Ansi\平台数据.dll
         
         :VCEnd
         子目录或文件 ..\..\..\发布组件\客户端组件\Release\Ansi 已经存在。
         系统找不到指定的文件。
     1>C:\Program Files (x86)\MSBuild\Microsoft.Cpp\v4.0\V120\Microsoft.CppCommon.targets(132,5): error MSB3073: 命令“mkdir ..\..\..\发布组件\客户端组件\Release\Ansi
C:\Program Files (x86)\MSBuild\Microsoft.Cpp\v4.0\V120\Microsoft.CppCommon.targets(132,5): error MSB3073: copy /y ..\..\..\运行\Release\Ansi\平台数据.dll ..\..\..\发布组件\客户端组件\Release\Ansi\平台数据.dll
C:\Program Files (x86)\MSBuild\Microsoft.Cpp\v4.0\V120\Microsoft.CppCommon.targets(132,5): error MSB3073: 
C:\Program Files (x86)\MSBuild\Microsoft.Cpp\v4.0\V120\Microsoft.CppCommon.targets(132,5): error MSB3073: :VCEnd”已退出，代码为 1。
     1>已完成生成项目“G:\网狐\精华版全套\系统模块\客户端组件\平台数据\PlatformData.vcxproj”(Rebuild 个目标)的操作 - 失败。

生成失败。

已用时间 00:00:08.87
