g:\网狐\精华版全套\系统模块\客户端组件\平台数据\release\平台数据.pch
g:\网狐\精华版全套\系统模块\客户端组件\平台数据\release\vc120.pdb
g:\网狐\精华版全套\系统模块\客户端组件\平台数据\release\stdafx.obj
g:\网狐\精华版全套\系统模块\客户端组件\平台数据\release\platformdata.obj
g:\网狐\精华版全套\系统模块\客户端组件\平台数据\release\optionparameter.obj
g:\网狐\精华版全套\系统模块\客户端组件\平台数据\release\globalweblink.obj
g:\网狐\精华版全套\系统模块\客户端组件\平台数据\release\globaluserinfo.obj
g:\网狐\精华版全套\系统模块\客户端组件\平台数据\release\globalserver.obj
g:\网狐\精华版全套\运行\release\ansi\platformdata.dll
g:\网狐\精华版全套\系统模块\客户端组件\平台数据\release\平台数据.pdb
g:\网狐\精华版全套\系统模块\客户端组件\平台数据\release\platformdata.res
g:\网狐\精华版全套\系统模块\链接库\ansi\platformdata.lib
g:\网狐\精华版全套\系统模块\链接库\ansi\platformdata.exp
g:\网狐\精华版全套\系统模块\客户端组件\平台数据\release\flash.tli
g:\网狐\精华版全套\系统模块\客户端组件\平台数据\release\flash.tlh
g:\网狐\精华版全套\系统模块\客户端组件\平台数据\release\平台数据.tlog\cl.command.1.tlog
g:\网狐\精华版全套\系统模块\客户端组件\平台数据\release\平台数据.tlog\cl.read.1.tlog
g:\网狐\精华版全套\系统模块\客户端组件\平台数据\release\平台数据.tlog\cl.write.1.tlog
g:\网狐\精华版全套\系统模块\客户端组件\平台数据\release\平台数据.tlog\link.command.1.tlog
g:\网狐\精华版全套\系统模块\客户端组件\平台数据\release\平台数据.tlog\link.read.1.tlog
g:\网狐\精华版全套\系统模块\客户端组件\平台数据\release\平台数据.tlog\link.write.1.tlog
g:\网狐\精华版全套\系统模块\客户端组件\平台数据\release\平台数据.tlog\rc.command.1.tlog
g:\网狐\精华版全套\系统模块\客户端组件\平台数据\release\平台数据.tlog\rc.read.1.tlog
g:\网狐\精华版全套\系统模块\客户端组件\平台数据\release\平台数据.tlog\rc.write.1.tlog
g:\网狐\精华版全套\系统模块\客户端组件\平台数据\release\平台数据.tlog\平台数据.write.1u.tlog
