g:\网狐\happygamewh\服务端\中间目录\斗地主\debug_ansi\landserver.pch
g:\网狐\happygamewh\服务端\中间目录\斗地主\debug_ansi\vc141.pdb
g:\网狐\happygamewh\服务端\中间目录\斗地主\debug_ansi\vc141.idb
g:\网狐\happygamewh\服务端\中间目录\斗地主\debug_ansi\stdafx.obj
g:\网狐\happygamewh\服务端\中间目录\斗地主\debug_ansi\dlgcustomrule.obj
g:\网狐\happygamewh\服务端\中间目录\斗地主\debug_ansi\gamelogic.obj
g:\网狐\happygamewh\服务端\中间目录\斗地主\debug_ansi\gameserver.obj
g:\网狐\happygamewh\服务端\中间目录\斗地主\debug_ansi\gameservicemanager.obj
g:\网狐\happygamewh\服务端\中间目录\斗地主\debug_ansi\historyscore.obj
g:\网狐\happygamewh\服务端\中间目录\斗地主\debug_ansi\tableframesink.obj
g:\网狐\happygamewh\服务端\运行\debug\ansi\landserver.ilk
g:\网狐\happygamewh\服务端\运行\debug\ansi\landserver.dll
g:\网狐\happygamewh\服务端\中间目录\斗地主\debug_ansi\landserver.pdb
g:\网狐\happygamewh\服务端\中间目录\斗地主\debug_ansi\gameserver.res
g:\网狐\happygamewh\服务端\系统模块\链接库\debug\ansi\landserver.lib
g:\网狐\happygamewh\服务端\系统模块\链接库\debug\ansi\landserver.exp
g:\网狐\happygamewh\服务端\中间目录\斗地主\debug_ansi\msado15.tli
g:\网狐\happygamewh\服务端\中间目录\斗地主\debug_ansi\msado15.tlh
g:\网狐\happygamewh\服务端\系统模块\子游戏代码\斗地主-房卡版\服务器组件\../../../../运行/debug/ansi/landserver.dll
g:\网狐\happygamewh\服务端\中间目录\斗地主\debug_ansi\斗地主游戏服务器.tlog\cl.command.1.tlog
g:\网狐\happygamewh\服务端\中间目录\斗地主\debug_ansi\斗地主游戏服务器.tlog\cl.read.1.tlog
g:\网狐\happygamewh\服务端\中间目录\斗地主\debug_ansi\斗地主游戏服务器.tlog\cl.write.1.tlog
g:\网狐\happygamewh\服务端\中间目录\斗地主\debug_ansi\斗地主游戏服务器.tlog\link.command.1.tlog
g:\网狐\happygamewh\服务端\中间目录\斗地主\debug_ansi\斗地主游戏服务器.tlog\link.read.1.tlog
g:\网狐\happygamewh\服务端\中间目录\斗地主\debug_ansi\斗地主游戏服务器.tlog\link.write.1.tlog
g:\网狐\happygamewh\服务端\中间目录\斗地主\debug_ansi\斗地主游戏服务器.tlog\rc.command.1.tlog
g:\网狐\happygamewh\服务端\中间目录\斗地主\debug_ansi\斗地主游戏服务器.tlog\rc.read.1.tlog
g:\网狐\happygamewh\服务端\中间目录\斗地主\debug_ansi\斗地主游戏服务器.tlog\rc.write.1.tlog
g:\网狐\happygamewh\服务端\中间目录\斗地主\debug_ansi\斗地主游戏服务器.tlog\斗地主游戏服务器.write.1u.tlog
g:\网狐\happygamewh\服务端\中间目录\斗地主\debug_ansi\斗地主游戏服务器.tlog\../../../../运行/debug/ansi/landserver.pdb
g:\网狐\happygamewh\服务端\中间目录\斗地主\debug_ansi\斗地主游戏服务器.tlog\../../../../运行/debug/ansi/landserver.ilk
