g:\网狐\精华版全套\系统模块\客户端组件\形象组件\release\形象组件.pch
g:\网狐\精华版全套\系统模块\客户端组件\形象组件\release\vc120.pdb
g:\网狐\精华版全套\系统模块\客户端组件\形象组件\release\stdafx.obj
g:\网狐\精华版全套\系统模块\客户端组件\形象组件\release\imageeditorcontrol.obj
g:\网狐\精华版全套\系统模块\客户端组件\形象组件\release\faceselectcontrol.obj
g:\网狐\精华版全套\系统模块\客户端组件\形象组件\release\faceitemview.obj
g:\网狐\精华版全套\系统模块\客户端组件\形象组件\release\faceitemcontrol.obj
g:\网狐\精华版全套\系统模块\客户端组件\形象组件\release\facecustomcontrol.obj
g:\网狐\精华版全套\系统模块\客户端组件\形象组件\release\customfacemanager.obj
g:\网狐\精华版全套\系统模块\客户端组件\形象组件\release\cameracontrol.obj
g:\网狐\精华版全套\系统模块\客户端组件\形象组件\release\avatarcontrol.obj
g:\网狐\精华版全套\系统模块\客户端组件\形象组件\release\avatarcontrol.res
g:\网狐\精华版全套\系统模块\客户端组件\形象组件\release\flash.tli
g:\网狐\精华版全套\系统模块\客户端组件\形象组件\release\flash.tlh
g:\网狐\精华版全套\系统模块\客户端组件\形象组件\release\形象组件.pdb
g:\网狐\精华版全套\系统模块\客户端组件\形象组件\release\形象组件.tlog\cl.command.1.tlog
g:\网狐\精华版全套\系统模块\客户端组件\形象组件\release\形象组件.tlog\cl.read.1.tlog
g:\网狐\精华版全套\系统模块\客户端组件\形象组件\release\形象组件.tlog\cl.write.1.tlog
g:\网狐\精华版全套\系统模块\客户端组件\形象组件\release\形象组件.tlog\link-cvtres.read.1.tlog
g:\网狐\精华版全套\系统模块\客户端组件\形象组件\release\形象组件.tlog\link-cvtres.write.1.tlog
g:\网狐\精华版全套\系统模块\客户端组件\形象组件\release\形象组件.tlog\link-mt.read.1.tlog
g:\网狐\精华版全套\系统模块\客户端组件\形象组件\release\形象组件.tlog\link-mt.write.1.tlog
g:\网狐\精华版全套\系统模块\客户端组件\形象组件\release\形象组件.tlog\link-rc.read.1.tlog
g:\网狐\精华版全套\系统模块\客户端组件\形象组件\release\形象组件.tlog\link-rc.write.1.tlog
g:\网狐\精华版全套\系统模块\客户端组件\形象组件\release\形象组件.tlog\link.command.1.tlog
g:\网狐\精华版全套\系统模块\客户端组件\形象组件\release\形象组件.tlog\link.read.1.tlog
g:\网狐\精华版全套\系统模块\客户端组件\形象组件\release\形象组件.tlog\link.write.1.tlog
g:\网狐\精华版全套\系统模块\客户端组件\形象组件\release\形象组件.tlog\rc.command.1.tlog
g:\网狐\精华版全套\系统模块\客户端组件\形象组件\release\形象组件.tlog\rc.read.1.tlog
g:\网狐\精华版全套\系统模块\客户端组件\形象组件\release\形象组件.tlog\rc.write.1.tlog
