e:\baidu\新建文件夹\1\网狐棋牌源码全套\网狐6.6完整源码\网狐6.6完整源码+内核源码+105款游戏源码（内含百人+赛马+捕鱼）\c++项目工程\系统模块\服务器组件\中心服务器\debug\中心服务器.pch
e:\baidu\新建文件夹\1\网狐棋牌源码全套\网狐6.6完整源码\网狐6.6完整源码+内核源码+105款游戏源码（内含百人+赛马+捕鱼）\c++项目工程\系统模块\服务器组件\中心服务器\debug\vc141.pdb
e:\baidu\新建文件夹\1\网狐棋牌源码全套\网狐6.6完整源码\网狐6.6完整源码+内核源码+105款游戏源码（内含百人+赛马+捕鱼）\c++项目工程\系统模块\服务器组件\中心服务器\debug\vc141.idb
e:\baidu\新建文件夹\1\网狐棋牌源码全套\网狐6.6完整源码\网狐6.6完整源码+内核源码+105款游戏源码（内含百人+赛马+捕鱼）\c++项目工程\系统模块\服务器组件\中心服务器\debug\stdafx.obj
e:\baidu\新建文件夹\1\网狐棋牌源码全套\网狐6.6完整源码\网狐6.6完整源码+内核源码+105款游戏源码（内含百人+赛马+捕鱼）\c++项目工程\系统模块\服务器组件\中心服务器\debug\attemperenginesink.obj
e:\baidu\新建文件夹\1\网狐棋牌源码全套\网狐6.6完整源码\网狐6.6完整源码+内核源码+105款游戏源码（内含百人+赛马+捕鱼）\c++项目工程\系统模块\服务器组件\中心服务器\debug\centerserver.obj
e:\baidu\新建文件夹\1\网狐棋牌源码全套\网狐6.6完整源码\网狐6.6完整源码+内核源码+105款游戏源码（内含百人+赛马+捕鱼）\c++项目工程\系统模块\服务器组件\中心服务器\debug\centerserverdlg.obj
e:\baidu\新建文件夹\1\网狐棋牌源码全套\网狐6.6完整源码\网狐6.6完整源码+内核源码+105款游戏源码（内含百人+赛马+捕鱼）\c++项目工程\系统模块\服务器组件\中心服务器\debug\centerservice.obj
e:\baidu\新建文件夹\1\网狐棋牌源码全套\网狐6.6完整源码\网狐6.6完整源码+内核源码+105款游戏源码（内含百人+赛马+捕鱼）\c++项目工程\系统模块\服务器组件\中心服务器\debug\databasesink.obj
e:\baidu\新建文件夹\1\网狐棋牌源码全套\网狐6.6完整源码\网狐6.6完整源码+内核源码+105款游戏源码（内含百人+赛马+捕鱼）\c++项目工程\系统模块\服务器组件\中心服务器\debug\initparamter.obj
e:\baidu\新建文件夹\1\网狐棋牌源码全套\网狐6.6完整源码\网狐6.6完整源码+内核源码+105款游戏源码（内含百人+赛马+捕鱼）\c++项目工程\系统模块\服务器组件\中心服务器\debug\centerserver.res
e:\baidu\新建文件夹\1\网狐棋牌源码全套\网狐6.6完整源码\网狐6.6完整源码+内核源码+105款游戏源码（内含百人+赛马+捕鱼）\c++项目工程\系统模块\服务器组件\中心服务器\debug\中心服务器.exe.embed.manifest.res
e:\baidu\新建文件夹\1\网狐棋牌源码全套\网狐6.6完整源码\网狐6.6完整源码+内核源码+105款游戏源码（内含百人+赛马+捕鱼）\c++项目工程\系统模块\服务器组件\中心服务器\debug\msado15.tli
e:\baidu\新建文件夹\1\网狐棋牌源码全套\网狐6.6完整源码\网狐6.6完整源码+内核源码+105款游戏源码（内含百人+赛马+捕鱼）\c++项目工程\系统模块\服务器组件\中心服务器\debug\msado15.tlh
e:\baidu\新建文件夹\1\网狐棋牌源码全套\网狐6.6完整源码\网狐6.6完整源码+内核源码+105款游戏源码（内含百人+赛马+捕鱼）\c++项目工程\系统模块\服务器组件\中心服务器\debug\中心服务器.exe.embed.manifest
e:\baidu\新建文件夹\1\网狐棋牌源码全套\网狐6.6完整源码\网狐6.6完整源码+内核源码+105款游戏源码（内含百人+赛马+捕鱼）\c++项目工程\系统模块\服务器组件\中心服务器\debug\中心服务器_manifest.rc
e:\baidu\新建文件夹\1\网狐棋牌源码全套\网狐6.6完整源码\网狐6.6完整源码+内核源码+105款游戏源码（内含百人+赛马+捕鱼）\c++项目工程\系统模块\服务器组件\中心服务器\debug\中心服务器.tlog\cl.command.1.tlog
e:\baidu\新建文件夹\1\网狐棋牌源码全套\网狐6.6完整源码\网狐6.6完整源码+内核源码+105款游戏源码（内含百人+赛马+捕鱼）\c++项目工程\系统模块\服务器组件\中心服务器\debug\中心服务器.tlog\cl.read.1.tlog
e:\baidu\新建文件夹\1\网狐棋牌源码全套\网狐6.6完整源码\网狐6.6完整源码+内核源码+105款游戏源码（内含百人+赛马+捕鱼）\c++项目工程\系统模块\服务器组件\中心服务器\debug\中心服务器.tlog\cl.write.1.tlog
e:\baidu\新建文件夹\1\网狐棋牌源码全套\网狐6.6完整源码\网狐6.6完整源码+内核源码+105款游戏源码（内含百人+赛马+捕鱼）\c++项目工程\系统模块\服务器组件\中心服务器\debug\中心服务器.tlog\link.command.1.tlog
e:\baidu\新建文件夹\1\网狐棋牌源码全套\网狐6.6完整源码\网狐6.6完整源码+内核源码+105款游戏源码（内含百人+赛马+捕鱼）\c++项目工程\系统模块\服务器组件\中心服务器\debug\中心服务器.tlog\link.read.1.tlog
e:\baidu\新建文件夹\1\网狐棋牌源码全套\网狐6.6完整源码\网狐6.6完整源码+内核源码+105款游戏源码（内含百人+赛马+捕鱼）\c++项目工程\系统模块\服务器组件\中心服务器\debug\中心服务器.tlog\link.write.1.tlog
e:\baidu\新建文件夹\1\网狐棋牌源码全套\网狐6.6完整源码\网狐6.6完整源码+内核源码+105款游戏源码（内含百人+赛马+捕鱼）\c++项目工程\系统模块\服务器组件\中心服务器\debug\中心服务器.tlog\rc.command.1.tlog
e:\baidu\新建文件夹\1\网狐棋牌源码全套\网狐6.6完整源码\网狐6.6完整源码+内核源码+105款游戏源码（内含百人+赛马+捕鱼）\c++项目工程\系统模块\服务器组件\中心服务器\debug\中心服务器.tlog\rc.read.1.tlog
e:\baidu\新建文件夹\1\网狐棋牌源码全套\网狐6.6完整源码\网狐6.6完整源码+内核源码+105款游戏源码（内含百人+赛马+捕鱼）\c++项目工程\系统模块\服务器组件\中心服务器\debug\中心服务器.tlog\rc.write.1.tlog
