cl : 命令行 warning D9035: “Gm”选项已否决，并将在将来的版本中移除
  Stdafx.cpp
c:\program files (x86)\microsoft visual studio\2017\community\vc\tools\msvc\14.16.27023\atlmfc\include\atlplus.h(26): warning C4467: 已弃用 ATL 属性的使用情况
cl : 命令行 warning D9035: “Gm”选项已否决，并将在将来的版本中移除
  ServerListCenter.cpp
e:\baidu\新建文件夹\1\网狐棋牌源码全套\网狐6.6完整源码\网狐6.6完整源码+内核源码+105款游戏源码（内含百人+赛马+捕鱼）\c++项目工程\系统模块\服务器组件\列表服务\serverlistcenter.cpp(177): warning C4996: '_snprintf': This function or variable may be unsafe. Consider using _snprintf_s instead. To disable deprecation, use _CRT_SECURE_NO_WARNINGS. See online help for details.
  c:\program files (x86)\windows kits\10\include\10.0.10240.0\ucrt\stdio.h(1952): note: 参见“_snprintf”的声明
e:\baidu\新建文件夹\1\网狐棋牌源码全套\网狐6.6完整源码\网狐6.6完整源码+内核源码+105款游戏源码（内含百人+赛马+捕鱼）\c++项目工程\系统模块\服务器组件\列表服务\serverlistcenter.cpp(456): warning C4996: '_snprintf': This function or variable may be unsafe. Consider using _snprintf_s instead. To disable deprecation, use _CRT_SECURE_NO_WARNINGS. See online help for details.
  c:\program files (x86)\windows kits\10\include\10.0.10240.0\ucrt\stdio.h(1952): note: 参见“_snprintf”的声明
e:\baidu\新建文件夹\1\网狐棋牌源码全套\网狐6.6完整源码\网狐6.6完整源码+内核源码+105款游戏源码（内含百人+赛马+捕鱼）\c++项目工程\系统模块\模板库\module.h(224): warning C4996: '_snprintf': This function or variable may be unsafe. Consider using _snprintf_s instead. To disable deprecation, use _CRT_SECURE_NO_WARNINGS. See online help for details.
  c:\program files (x86)\windows kits\10\include\10.0.10240.0\ucrt\stdio.h(1952): note: 参见“_snprintf”的声明
  e:\baidu\新建文件夹\1\网狐棋牌源码全套\网狐6.6完整源码\网狐6.6完整源码+内核源码+105款游戏源码（内含百人+赛马+捕鱼）\c++项目工程\系统模块\模板库\module.h(209): note: 编译 类 模板 成员函数 "bool CTempldateHelper<IDataBase>::CreateInstance(void)" 时
  e:\baidu\新建文件夹\1\网狐棋牌源码全套\网狐6.6完整源码\网狐6.6完整源码+内核源码+105款游戏源码（内含百人+赛马+捕鱼）\c++项目工程\系统模块\服务器组件\列表服务\serverlistcenter.cpp(445): note: 参见对正在编译的函数 模板 实例化“bool CTempldateHelper<IDataBase>::CreateInstance(void)”的引用
  e:\baidu\新建文件夹\1\网狐棋牌源码全套\网狐6.6完整源码\网狐6.6完整源码+内核源码+105款游戏源码（内含百人+赛马+捕鱼）\c++项目工程\系统模块\服务器组件\内核引擎\kernelenginehead.h(708): note: 参见对正在编译的 类 模板 实例化 "CTempldateHelper<IDataBase>" 的引用
e:\baidu\新建文件夹\1\网狐棋牌源码全套\网狐6.6完整源码\网狐6.6完整源码+内核源码+105款游戏源码（内含百人+赛马+捕鱼）\c++项目工程\系统模块\模板库\module.h(232): warning C4996: '_snprintf': This function or variable may be unsafe. Consider using _snprintf_s instead. To disable deprecation, use _CRT_SECURE_NO_WARNINGS. See online help for details.
  c:\program files (x86)\windows kits\10\include\10.0.10240.0\ucrt\stdio.h(1952): note: 参见“_snprintf”的声明
e:\baidu\新建文件夹\1\网狐棋牌源码全套\网狐6.6完整源码\网狐6.6完整源码+内核源码+105款游戏源码（内含百人+赛马+捕鱼）\c++项目工程\系统模块\模板库\module.h(240): warning C4996: '_snprintf': This function or variable may be unsafe. Consider using _snprintf_s instead. To disable deprecation, use _CRT_SECURE_NO_WARNINGS. See online help for details.
  c:\program files (x86)\windows kits\10\include\10.0.10240.0\ucrt\stdio.h(1952): note: 参见“_snprintf”的声明
e:\baidu\新建文件夹\1\网狐棋牌源码全套\网狐6.6完整源码\网狐6.6完整源码+内核源码+105款游戏源码（内含百人+赛马+捕鱼）\c++项目工程\系统模块\模板库\module.h(246): warning C4996: '_snprintf': This function or variable may be unsafe. Consider using _snprintf_s instead. To disable deprecation, use _CRT_SECURE_NO_WARNINGS. See online help for details.
  c:\program files (x86)\windows kits\10\include\10.0.10240.0\ucrt\stdio.h(1952): note: 参见“_snprintf”的声明
e:\baidu\新建文件夹\1\网狐棋牌源码全套\网狐6.6完整源码\网狐6.6完整源码+内核源码+105款游戏源码（内含百人+赛马+捕鱼）\c++项目工程\系统模块\模板库\module.h(251): warning C4996: '_snprintf': This function or variable may be unsafe. Consider using _snprintf_s instead. To disable deprecation, use _CRT_SECURE_NO_WARNINGS. See online help for details.
  c:\program files (x86)\windows kits\10\include\10.0.10240.0\ucrt\stdio.h(1952): note: 参见“_snprintf”的声明
  ListService.cpp
  正在生成代码...
C:\Program Files (x86)\Microsoft Visual Studio\2017\Community\Common7\IDE\VC\VCTargets\Microsoft.CppBuild.targets(1216,5): warning MSB8012: TargetPath(E:\baidu\新建文件夹\1\网狐棋牌源码全套\网狐6.6完整源码\网狐6.6完整源码+内核源码+105款游戏源码（内含百人+赛马+捕鱼）\C++项目工程\系统模块\服务器组件\列表服务\Debug\列表服务.dll) 与 Linker 的 OutputFile 属性值(E:\baidu\新建文件夹\1\网狐棋牌源码全套\网狐6.6完整源码\网狐6.6完整源码+内核源码+105款游戏源码（内含百人+赛马+捕鱼）\C++项目工程\系统模块\运行\Debug\ListServiceD.dll)不匹配。这可能导致项目生成不正确。若要更正此问题，请确保 $(OutDir)、$(TargetName) 和 $(TargetExt) 属性值与 %(Link.OutputFile) 中指定的值匹配。
C:\Program Files (x86)\Microsoft Visual Studio\2017\Community\Common7\IDE\VC\VCTargets\Microsoft.CppBuild.targets(1218,5): warning MSB8012: TargetName(列表服务) 与 Linker 的 OutputFile 属性值(ListServiceD)不匹配。这可能导致项目生成不正确。若要更正此问题，请确保 $(OutDir)、$(TargetName) 和 $(TargetExt) 属性值与 %(Link.OutputFile) 中指定的值匹配。
ListService.obj : warning LNK4075: 忽略“/EDITANDCONTINUE”(由于“/SAFESEH”规范)
    正在创建库 ../../链接库/ListServiceD.lib 和对象 ../../链接库/ListServiceD.exp
  ListService.vcxproj -> E:\baidu\新建文件夹\1\网狐棋牌源码全套\网狐6.6完整源码\网狐6.6完整源码+内核源码+105款游戏源码（内含百人+赛马+捕鱼）\C++项目工程\系统模块\服务器组件\列表服务\Debug\列表服务.dll
  子目录或文件 ..\..\发布组件\服务器组件\Debug 已经存在。
  系统找不到指定的文件。
C:\Program Files (x86)\Microsoft Visual Studio\2017\Community\Common7\IDE\VC\VCTargets\Microsoft.CppCommon.targets(138,5): error MSB3073: 命令“mkdir ..\..\发布组件\服务器组件\Debug
C:\Program Files (x86)\Microsoft Visual Studio\2017\Community\Common7\IDE\VC\VCTargets\Microsoft.CppCommon.targets(138,5): error MSB3073: copy /y ..\..\运行\Debug\列表服务.dll ..\..\发布组件\服务器组件\Debug\列表服务.dll
C:\Program Files (x86)\Microsoft Visual Studio\2017\Community\Common7\IDE\VC\VCTargets\Microsoft.CppCommon.targets(138,5): error MSB3073: 
C:\Program Files (x86)\Microsoft Visual Studio\2017\Community\Common7\IDE\VC\VCTargets\Microsoft.CppCommon.targets(138,5): error MSB3073: :VCEnd”已退出，代码为 1。
