g:\网狐\happygamewh\服务端\中间目录\约战服务\debug_ansi\personalroomservice.pch
g:\网狐\happygamewh\服务端\中间目录\约战服务\debug_ansi\vc141.pdb
g:\网狐\happygamewh\服务端\中间目录\约战服务\debug_ansi\vc141.idb
g:\网狐\happygamewh\服务端\中间目录\约战服务\debug_ansi\stdafx.obj
g:\网狐\happygamewh\服务端\中间目录\约战服务\debug_ansi\stdafx.cod
g:\网狐\happygamewh\服务端\中间目录\约战服务\debug_ansi\tableframehook.obj
g:\网狐\happygamewh\服务端\中间目录\约战服务\debug_ansi\tableframehook.cod
g:\网狐\happygamewh\服务端\中间目录\约战服务\debug_ansi\personalroomservicemanager.obj
g:\网狐\happygamewh\服务端\中间目录\约战服务\debug_ansi\personalroomservicemanager.cod
g:\网狐\happygamewh\服务端\中间目录\约战服务\debug_ansi\personalroomserver.obj
g:\网狐\happygamewh\服务端\中间目录\约战服务\debug_ansi\personalroomserver.cod
g:\网狐\happygamewh\服务端\中间目录\约战服务\debug_ansi\personalroomgame.obj
g:\网狐\happygamewh\服务端\中间目录\约战服务\debug_ansi\personalroomgame.cod
g:\网狐\happygamewh\服务端\运行\debug\ansi\personalroomservice.ilk
g:\网狐\happygamewh\服务端\运行\debug\ansi\personalroomservice.dll
g:\网狐\happygamewh\服务端\运行\debug\ansi\personalroomservice.map
g:\网狐\happygamewh\服务端\中间目录\约战服务\debug_ansi\personalroomservice.pdb
g:\网狐\happygamewh\服务端\中间目录\约战服务\debug_ansi\personalroomserver.res
g:\网狐\happygamewh\服务端\系统模块\链接库\debug\ansi\personalroomservice.lib
g:\网狐\happygamewh\服务端\系统模块\链接库\debug\ansi\personalroomservice.exp
g:\网狐\happygamewh\服务端\中间目录\约战服务\debug_ansi\msado15.tli
g:\网狐\happygamewh\服务端\中间目录\约战服务\debug_ansi\msado15.tlh
g:\网狐\happygamewh\服务端\中间目录\约战服务\debug_ansi\../../../运行/debug/ansi/personalroomservice.pdb
g:\网狐\happygamewh\服务端\系统模块\服务器组件\约战服务\../../../运行/debug/ansi/personalroomservice.dll
g:\网狐\happygamewh\服务端\中间目录\约战服务\debug_ansi\../../../运行/debug/ansi/personalroomservice.ilk
g:\网狐\happygamewh\服务端\中间目录\约战服务\debug_ansi\约战服务.tlog\cl.command.1.tlog
g:\网狐\happygamewh\服务端\中间目录\约战服务\debug_ansi\约战服务.tlog\cl.read.1.tlog
g:\网狐\happygamewh\服务端\中间目录\约战服务\debug_ansi\约战服务.tlog\cl.write.1.tlog
g:\网狐\happygamewh\服务端\中间目录\约战服务\debug_ansi\约战服务.tlog\link.command.1.tlog
g:\网狐\happygamewh\服务端\中间目录\约战服务\debug_ansi\约战服务.tlog\link.read.1.tlog
g:\网狐\happygamewh\服务端\中间目录\约战服务\debug_ansi\约战服务.tlog\link.write.1.tlog
g:\网狐\happygamewh\服务端\中间目录\约战服务\debug_ansi\约战服务.tlog\rc.command.1.tlog
g:\网狐\happygamewh\服务端\中间目录\约战服务\debug_ansi\约战服务.tlog\rc.read.1.tlog
g:\网狐\happygamewh\服务端\中间目录\约战服务\debug_ansi\约战服务.tlog\rc.write.1.tlog
g:\网狐\happygamewh\服务端\中间目录\约战服务\debug_ansi\约战服务.tlog\约战服务.write.1u.tlog
