  Stdafx.cpp
g:\网狐\happygamewh\服务端\系统模块\全局定义\log.h(86): warning C4996: '_vsnprintf': This function or variable may be unsafe. Consider using _vsnprintf_s instead. To disable deprecation, use _CRT_SECURE_NO_WARNINGS. See online help for details.
  c:\program files (x86)\windows kits\10\include\10.0.17763.0\ucrt\stdio.h(1400): note: 参见“_vsnprintf”的声明
g:\网狐\happygamewh\服务端\系统模块\全局定义\log.h(99): warning C4996: '_vsnprintf': This function or variable may be unsafe. Consider using _vsnprintf_s instead. To disable deprecation, use _CRT_SECURE_NO_WARNINGS. See online help for details.
  c:\program files (x86)\windows kits\10\include\10.0.17763.0\ucrt\stdio.h(1400): note: 参见“_vsnprintf”的声明
g:\网狐\happygamewh\服务端\系统模块\全局定义\log.h(110): warning C4996: 'sprintf': This function or variable may be unsafe. Consider using sprintf_s instead. To disable deprecation, use _CRT_SECURE_NO_WARNINGS. See online help for details.
  c:\program files (x86)\windows kits\10\include\10.0.17763.0\ucrt\stdio.h(1774): note: 参见“sprintf”的声明
g:\网狐\happygamewh\服务端\系统模块\全局定义\log.h(114): warning C4996: 'sprintf': This function or variable may be unsafe. Consider using sprintf_s instead. To disable deprecation, use _CRT_SECURE_NO_WARNINGS. See online help for details.
  c:\program files (x86)\windows kits\10\include\10.0.17763.0\ucrt\stdio.h(1774): note: 参见“sprintf”的声明
g:\网狐\happygamewh\服务端\系统模块\全局定义\log.h(121): warning C4996: 'sprintf': This function or variable may be unsafe. Consider using sprintf_s instead. To disable deprecation, use _CRT_SECURE_NO_WARNINGS. See online help for details.
  c:\program files (x86)\windows kits\10\include\10.0.17763.0\ucrt\stdio.h(1774): note: 参见“sprintf”的声明
g:\网狐\happygamewh\服务端\系统模块\全局定义\log.h(128): warning C4996: 'fopen': This function or variable may be unsafe. Consider using fopen_s instead. To disable deprecation, use _CRT_SECURE_NO_WARNINGS. See online help for details.
  c:\program files (x86)\windows kits\10\include\10.0.17763.0\ucrt\stdio.h(208): note: 参见“fopen”的声明
g:\网狐\happygamewh\服务端\系统模块\全局定义\log.h(162): warning C4996: 'sprintf': This function or variable may be unsafe. Consider using sprintf_s instead. To disable deprecation, use _CRT_SECURE_NO_WARNINGS. See online help for details.
  c:\program files (x86)\windows kits\10\include\10.0.17763.0\ucrt\stdio.h(1774): note: 参见“sprintf”的声明
g:\网狐\happygamewh\服务端\系统模块\全局定义\log.h(165): warning C4996: 'fopen': This function or variable may be unsafe. Consider using fopen_s instead. To disable deprecation, use _CRT_SECURE_NO_WARNINGS. See online help for details.
  c:\program files (x86)\windows kits\10\include\10.0.17763.0\ucrt\stdio.h(208): note: 参见“fopen”的声明
  PersonalRoomGame.cpp
g:\网狐\happygamewh\服务端\系统模块\服务器组件\约战服务\personalroomgame.cpp(438): warning C4244: “=”: 从“DWORD”转换到“WORD”，可能丢失数据
g:\网狐\happygamewh\服务端\系统模块\服务器组件\约战服务\personalroomgame.cpp(1253): warning C4244: “=”: 从“DWORD”转换到“WORD”，可能丢失数据
g:\网狐\happygamewh\服务端\系统模块\服务器组件\约战服务\personalroomgame.cpp(1466): warning C4244: “=”: 从“DWORD”转换到“BYTE”，可能丢失数据
g:\网狐\happygamewh\服务端\系统模块\服务器组件\约战服务\personalroomgame.cpp(1470): warning C4244: “=”: 从“WORD”转换到“BYTE”，可能丢失数据
g:\网狐\happygamewh\服务端\系统模块\服务器组件\约战服务\personalroomgame.cpp(1474): warning C4244: “=”: 从“LONG”转换到“BYTE”，可能丢失数据
  PersonalRoomServer.cpp
  PersonalRoomServiceManager.cpp
  TableFrameHook.cpp
  正在生成代码...
PersonalRoomGame.obj : warning LNK4075: 忽略“/EDITANDCONTINUE”(由于“/SAFESEH”规范)
    正在创建库 ../../链接库/Debug/Ansi/PersonalRoomService.lib 和对象 ../../链接库/Debug/Ansi/PersonalRoomService.exp
  PersonalRoomServer.vcxproj -> G:\网狐\HappyGameWH\服务端\系统模块\服务器组件\约战服务\../../../运行/Debug/Ansi/PersonalRoomService.dll
  子目录或文件 ..\..\..\发布组件\服务器组件\Debug\Ansi 已经存在。
  已复制         1 个文件。
