g:\网狐\精华版全套\系统模块\客户端组件\管理工具\release\管理工具.pch
g:\网狐\精华版全套\系统模块\客户端组件\管理工具\release\vc120.pdb
g:\网狐\精华版全套\系统模块\客户端组件\管理工具\release\stdafx.obj
g:\网狐\精华版全套\系统模块\客户端组件\管理工具\release\serverlistdata.obj
g:\网狐\精华版全套\系统模块\客户端组件\管理工具\release\servercontrol.obj
g:\网狐\精华版全套\系统模块\客户端组件\管理工具\release\roomcontroldlg.obj
g:\网狐\精华版全套\系统模块\客户端组件\管理工具\release\platformframe.obj
g:\网狐\精华版全套\系统模块\客户端组件\管理工具\release\platformevent.obj
g:\网狐\精华版全套\系统模块\客户端组件\管理工具\release\idispimp.obj
g:\网狐\精华版全套\系统模块\客户端组件\管理工具\release\custsite.obj
g:\网狐\精华版全套\系统模块\客户端组件\管理工具\release\missionlogon.obj
g:\网狐\精华版全套\系统模块\客户端组件\管理工具\release\missionlist.obj
g:\网狐\精华版全套\系统模块\客户端组件\管理工具\release\missionandroid.obj
g:\网狐\精华版全套\系统模块\客户端组件\管理工具\release\globalunits.obj
g:\网狐\精华版全套\系统模块\客户端组件\管理工具\release\dlgstatus.obj
g:\网狐\精华版全套\系统模块\客户端组件\管理工具\release\dlgservermanager.obj
g:\网狐\精华版全套\系统模块\客户端组件\管理工具\release\dlglogon.obj
g:\网狐\精华版全套\系统模块\客户端组件\管理工具\release\dlgissuemessage.obj
g:\网狐\精华版全套\系统模块\客户端组件\管理工具\release\androidmanager.obj
g:\网狐\精华版全套\系统模块\客户端组件\管理工具\release\accountscontrol.obj
g:\网狐\精华版全套\系统模块\客户端组件\管理工具\release\androidmanager.res
g:\网狐\精华版全套\系统模块\客户端组件\管理工具\release\flash.tli
g:\网狐\精华版全套\系统模块\客户端组件\管理工具\release\flash.tlh
g:\网狐\精华版全套\系统模块\客户端组件\管理工具\release\管理工具.pdb
g:\网狐\精华版全套\系统模块\客户端组件\管理工具\release\管理工具.tlog\cl.command.1.tlog
g:\网狐\精华版全套\系统模块\客户端组件\管理工具\release\管理工具.tlog\cl.read.1.tlog
g:\网狐\精华版全套\系统模块\客户端组件\管理工具\release\管理工具.tlog\cl.write.1.tlog
g:\网狐\精华版全套\系统模块\客户端组件\管理工具\release\管理工具.tlog\link-cvtres.read.1.tlog
g:\网狐\精华版全套\系统模块\客户端组件\管理工具\release\管理工具.tlog\link-cvtres.write.1.tlog
g:\网狐\精华版全套\系统模块\客户端组件\管理工具\release\管理工具.tlog\link-mt.read.1.tlog
g:\网狐\精华版全套\系统模块\客户端组件\管理工具\release\管理工具.tlog\link-mt.write.1.tlog
g:\网狐\精华版全套\系统模块\客户端组件\管理工具\release\管理工具.tlog\link-rc.read.1.tlog
g:\网狐\精华版全套\系统模块\客户端组件\管理工具\release\管理工具.tlog\link-rc.write.1.tlog
g:\网狐\精华版全套\系统模块\客户端组件\管理工具\release\管理工具.tlog\link.command.1.tlog
g:\网狐\精华版全套\系统模块\客户端组件\管理工具\release\管理工具.tlog\link.read.1.tlog
g:\网狐\精华版全套\系统模块\客户端组件\管理工具\release\管理工具.tlog\link.write.1.tlog
g:\网狐\精华版全套\系统模块\客户端组件\管理工具\release\管理工具.tlog\rc.command.1.tlog
g:\网狐\精华版全套\系统模块\客户端组件\管理工具\release\管理工具.tlog\rc.read.1.tlog
g:\网狐\精华版全套\系统模块\客户端组件\管理工具\release\管理工具.tlog\rc.write.1.tlog
