g:\网狐\整理的最新网狐框架\系统模块\客户端组件\客户端共享\release\客户端共享.pch
g:\网狐\整理的最新网狐框架\系统模块\客户端组件\客户端共享\release\vc141.pdb
g:\网狐\整理的最新网狐框架\系统模块\客户端组件\客户端共享\release\stdafx.obj
g:\网狐\整理的最新网狐框架\系统模块\客户端组件\客户端共享\release\messageproxy.obj
g:\网狐\整理的最新网狐框架\系统模块\客户端组件\客户端共享\release\expression.obj
g:\网狐\整理的最新网狐框架\系统模块\客户端组件\客户端共享\release\clientshare.obj
g:\网狐\整理的最新网狐框架\系统模块\运行\release\clientshare.dll
g:\网狐\整理的最新网狐框架\系统模块\客户端组件\客户端共享\release\客户端共享.pdb
g:\网狐\整理的最新网狐框架\系统模块\客户端组件\客户端共享\release\clientshare.res
g:\网狐\整理的最新网狐框架\系统模块\链接库\clientshare.lib
g:\网狐\整理的最新网狐框架\系统模块\链接库\clientshare.exp
g:\网狐\整理的最新网狐框架\系统模块\客户端组件\客户端共享\release\客户端共享.tlog\cl.command.1.tlog
g:\网狐\整理的最新网狐框架\系统模块\客户端组件\客户端共享\release\客户端共享.tlog\cl.read.1.tlog
g:\网狐\整理的最新网狐框架\系统模块\客户端组件\客户端共享\release\客户端共享.tlog\cl.write.1.tlog
g:\网狐\整理的最新网狐框架\系统模块\客户端组件\客户端共享\release\客户端共享.tlog\link.command.1.tlog
g:\网狐\整理的最新网狐框架\系统模块\客户端组件\客户端共享\release\客户端共享.tlog\link.read.1.tlog
g:\网狐\整理的最新网狐框架\系统模块\客户端组件\客户端共享\release\客户端共享.tlog\link.write.1.tlog
g:\网狐\整理的最新网狐框架\系统模块\客户端组件\客户端共享\release\客户端共享.tlog\rc.command.1.tlog
g:\网狐\整理的最新网狐框架\系统模块\客户端组件\客户端共享\release\客户端共享.tlog\rc.read.1.tlog
g:\网狐\整理的最新网狐框架\系统模块\客户端组件\客户端共享\release\客户端共享.tlog\rc.write.1.tlog
g:\网狐\整理的最新网狐框架\系统模块\客户端组件\客户端共享\release\客户端共享.tlog\客户端共享.write.1u.tlog
