g:\网狐\happygamewh\服务端\中间目录\服务核心\debug_ansi\servicecore.pch
g:\网狐\happygamewh\服务端\中间目录\服务核心\debug_ansi\vc141.pdb
g:\网狐\happygamewh\服务端\中间目录\服务核心\debug_ansi\vc141.idb
g:\网狐\happygamewh\服务端\中间目录\服务核心\debug_ansi\stdafx.obj
g:\网狐\happygamewh\服务端\中间目录\服务核心\debug_ansi\stdafx.cod
g:\网狐\happygamewh\服务端\中间目录\服务核心\debug_ansi\whthread.obj
g:\网狐\happygamewh\服务端\中间目录\服务核心\debug_ansi\whthread.cod
g:\网狐\happygamewh\服务端\中间目录\服务核心\debug_ansi\whstringutils.obj
g:\网狐\happygamewh\服务端\中间目录\服务核心\debug_ansi\whstringutils.cod
g:\网狐\happygamewh\服务端\中间目录\服务核心\debug_ansi\whsha1.obj
g:\网狐\happygamewh\服务端\中间目录\服务核心\debug_ansi\whsha1.cod
g:\网狐\happygamewh\服务端\中间目录\服务核心\debug_ansi\whservice.obj
g:\网狐\happygamewh\服务端\中间目录\服务核心\debug_ansi\whservice.cod
g:\网狐\happygamewh\服务端\中间目录\服务核心\debug_ansi\whregkey.obj
g:\网狐\happygamewh\服务端\中间目录\服务核心\debug_ansi\whregkey.cod
g:\网狐\happygamewh\服务端\中间目录\服务核心\debug_ansi\whmd5checksum.obj
g:\网狐\happygamewh\服务端\中间目录\服务核心\debug_ansi\whmd5checksum.cod
g:\网狐\happygamewh\服务端\中间目录\服务核心\debug_ansi\whinidata.obj
g:\网狐\happygamewh\服务端\中间目录\服务核心\debug_ansi\whinidata.cod
g:\网狐\happygamewh\服务端\中间目录\服务核心\debug_ansi\whencrypt.obj
g:\网狐\happygamewh\服务端\中间目录\服务核心\debug_ansi\whencrypt.cod
g:\网狐\happygamewh\服务端\中间目录\服务核心\debug_ansi\whdataqueue.obj
g:\网狐\happygamewh\服务端\中间目录\服务核心\debug_ansi\whdataqueue.cod
g:\网狐\happygamewh\服务端\中间目录\服务核心\debug_ansi\whdatalocker.obj
g:\网狐\happygamewh\服务端\中间目录\服务核心\debug_ansi\whdatalocker.cod
g:\网狐\happygamewh\服务端\中间目录\服务核心\debug_ansi\whcommandline.obj
g:\网狐\happygamewh\服务端\中间目录\服务核心\debug_ansi\whcommandline.cod
g:\网狐\happygamewh\服务端\中间目录\服务核心\debug_ansi\whbase64.obj
g:\网狐\happygamewh\服务端\中间目录\服务核心\debug_ansi\whbase64.cod
g:\网狐\happygamewh\服务端\中间目录\服务核心\debug_ansi\servicecore.obj
g:\网狐\happygamewh\服务端\中间目录\服务核心\debug_ansi\servicecore.cod
g:\网狐\happygamewh\服务端\运行\debug\ansi\servicecore.ilk
g:\网狐\happygamewh\服务端\运行\debug\ansi\servicecore.dll
g:\网狐\happygamewh\服务端\运行\debug\ansi\servicecore.map
g:\网狐\happygamewh\服务端\中间目录\服务核心\debug_ansi\servicecore.pdb
g:\网狐\happygamewh\服务端\中间目录\服务核心\debug_ansi\servicecore.res
g:\网狐\happygamewh\服务端\系统模块\链接库\debug\ansi\servicecore.lib
g:\网狐\happygamewh\服务端\系统模块\链接库\debug\ansi\servicecore.exp
g:\网狐\happygamewh\服务端\中间目录\服务核心\debug_ansi\../../../运行/debug/ansi/servicecore.pdb
g:\网狐\happygamewh\服务端\系统模块\公共组件\服务核心\../../../运行/debug/ansi/servicecore.dll
g:\网狐\happygamewh\服务端\中间目录\服务核心\debug_ansi\../../../运行/debug/ansi/servicecore.ilk
g:\网狐\happygamewh\服务端\中间目录\服务核心\debug_ansi\服务核心.tlog\cl.command.1.tlog
g:\网狐\happygamewh\服务端\中间目录\服务核心\debug_ansi\服务核心.tlog\cl.read.1.tlog
g:\网狐\happygamewh\服务端\中间目录\服务核心\debug_ansi\服务核心.tlog\cl.write.1.tlog
g:\网狐\happygamewh\服务端\中间目录\服务核心\debug_ansi\服务核心.tlog\link.command.1.tlog
g:\网狐\happygamewh\服务端\中间目录\服务核心\debug_ansi\服务核心.tlog\link.read.1.tlog
g:\网狐\happygamewh\服务端\中间目录\服务核心\debug_ansi\服务核心.tlog\link.write.1.tlog
g:\网狐\happygamewh\服务端\中间目录\服务核心\debug_ansi\服务核心.tlog\rc.command.1.tlog
g:\网狐\happygamewh\服务端\中间目录\服务核心\debug_ansi\服务核心.tlog\rc.read.1.tlog
g:\网狐\happygamewh\服务端\中间目录\服务核心\debug_ansi\服务核心.tlog\rc.write.1.tlog
g:\网狐\happygamewh\服务端\中间目录\服务核心\debug_ansi\服务核心.tlog\服务核心.write.1u.tlog
