g:\网狐\整理的最新网狐框架\系统模块\共享组件\进程控制\release\进程控制.pch
g:\网狐\整理的最新网狐框架\系统模块\共享组件\进程控制\release\vc141.pdb
g:\网狐\整理的最新网狐框架\系统模块\共享组件\进程控制\release\stdafx.obj
g:\网狐\整理的最新网狐框架\系统模块\共享组件\进程控制\release\processdatacontrol.obj
g:\网狐\整理的最新网狐框架\系统模块\共享组件\进程控制\release\processcontroldll.obj
g:\网狐\整理的最新网狐框架\系统模块\共享组件\进程控制\release\processcontrol.obj
g:\网狐\整理的最新网狐框架\系统模块\运行\release\processcontrol.dll
g:\网狐\整理的最新网狐框架\系统模块\共享组件\进程控制\release\进程控制.pdb
g:\网狐\整理的最新网狐框架\系统模块\共享组件\进程控制\release\processcontrol.res
g:\网狐\整理的最新网狐框架\系统模块\链接库\processcontrol.lib
g:\网狐\整理的最新网狐框架\系统模块\链接库\processcontrol.exp
g:\网狐\整理的最新网狐框架\系统模块\共享组件\进程控制\release\进程控制.tlog\cl.command.1.tlog
g:\网狐\整理的最新网狐框架\系统模块\共享组件\进程控制\release\进程控制.tlog\cl.read.1.tlog
g:\网狐\整理的最新网狐框架\系统模块\共享组件\进程控制\release\进程控制.tlog\cl.write.1.tlog
g:\网狐\整理的最新网狐框架\系统模块\共享组件\进程控制\release\进程控制.tlog\link.command.1.tlog
g:\网狐\整理的最新网狐框架\系统模块\共享组件\进程控制\release\进程控制.tlog\link.read.1.tlog
g:\网狐\整理的最新网狐框架\系统模块\共享组件\进程控制\release\进程控制.tlog\link.write.1.tlog
g:\网狐\整理的最新网狐框架\系统模块\共享组件\进程控制\release\进程控制.tlog\rc.command.1.tlog
g:\网狐\整理的最新网狐框架\系统模块\共享组件\进程控制\release\进程控制.tlog\rc.read.1.tlog
g:\网狐\整理的最新网狐框架\系统模块\共享组件\进程控制\release\进程控制.tlog\rc.write.1.tlog
g:\网狐\整理的最新网狐框架\系统模块\共享组件\进程控制\release\进程控制.tlog\进程控制.write.1u.tlog
