生成启动时间为 2019/9/1 15:39:53。
     1>项目“G:\网狐\精华版全套\系统模块\客户端组件\界面控件\SkinControl.vcxproj”在节点 4 上(Rebuild 个目标)。
     1>ClCompile:
         C:\Program Files (x86)\Microsoft Visual Studio 12.0\VC\bin\CL.exe /c /Zi /nologo /W3 /WX- /O2 /Oy- /D WIN32 /D _WINDOWS /D NDEBUG /D _AFXEXT /D SKIN_CONTROL_DLL /D _WINDLL /D _MBCS /D _AFXDLL /Gm- /EHsc /MD /GS /fp:precise /Zc:wchar_t /Zc:forScope /Yc"stdafx.h" /Fp"Release\界面控件.pch" /Fo"Release\\" /Fd"Release\vc120.pdb" /Gd /TP /analyze- /errorReport:prompt Stdafx.cpp
         Stdafx.cpp
     1>C:\Program Files (x86)\Microsoft Visual Studio 12.0\VC\atlmfc\include\afx.h(38): warning C4996: 'MBCS_Support_Deprecated_In_MFC': MBCS support in MFC is deprecated and may be removed in a future version of MFC.
                 C:\Program Files (x86)\Microsoft Visual Studio 12.0\VC\atlmfc\include\afx.h(33) : 参见“MBCS_Support_Deprecated_In_MFC”的声明
         C:\Program Files (x86)\Microsoft Visual Studio 12.0\VC\bin\CL.exe /c /Zi /nologo /W3 /WX- /O2 /Oy- /D WIN32 /D _WINDOWS /D NDEBUG /D _AFXEXT /D SKIN_CONTROL_DLL /D _WINDLL /D _MBCS /D _AFXDLL /Gm- /EHsc /MD /GS /fp:precise /Zc:wchar_t /Zc:forScope /Yu"stdafx.h" /Fp"Release\界面控件.pch" /Fo"Release\\" /Fd"Release\vc120.pdb" /Gd /TP /analyze- /errorReport:prompt SkinButton.cpp SkinComboBox.cpp SkinControl.cpp SkinDialog.cpp SkinDpi.cpp SkinEdit.cpp SkinEncircle.cpp SkinHyperLink.cpp SkinListCtrl.cpp SkinMenu.cpp SkinRenderManager.cpp SkinResourceManager.cpp SkinRichEdit.cpp SkinScrollBar.cpp SkinSplitter.cpp SkinTabCtrl.cpp
         SkinButton.cpp
         SkinComboBox.cpp
         SkinControl.cpp
         SkinDialog.cpp
         SkinDpi.cpp
         SkinEdit.cpp
         SkinEncircle.cpp
         SkinHyperLink.cpp
         SkinListCtrl.cpp
         SkinMenu.cpp
         SkinRenderManager.cpp
         SkinResourceManager.cpp
         SkinRichEdit.cpp
         SkinScrollBar.cpp
         SkinSplitter.cpp
         SkinTabCtrl.cpp
         正在生成代码...
       ResourceCompile:
         C:\Program Files (x86)\Windows Kits\8.1\bin\x86\rc.exe /D NDEBUG /D _AFXDLL /l"0x0804" /IRelease\ /nologo /fo"Release\SkinControl.res" SkinControl.rc 
     1>C:\Program Files (x86)\MSBuild\Microsoft.Cpp\v4.0\V120\Microsoft.CppBuild.targets(1193,5): warning MSB8012: TargetPath(G:\网狐\精华版全套\系统模块\客户端组件\界面控件\Release\界面控件.dll) does not match the Linker's OutputFile property value (G:\网狐\精华版全套\运行\Release\Ansi\SkinControl.dll). This may cause your project to build incorrectly. To correct this, please make sure that $(OutDir), $(TargetName) and $(TargetExt) property values match the value specified in %(Link.OutputFile).
     1>C:\Program Files (x86)\MSBuild\Microsoft.Cpp\v4.0\V120\Microsoft.CppBuild.targets(1195,5): warning MSB8012: TargetName(界面控件) does not match the Linker's OutputFile property value (SkinControl). This may cause your project to build incorrectly. To correct this, please make sure that $(OutDir), $(TargetName) and $(TargetExt) property values match the value specified in %(Link.OutputFile).
       Link:
         C:\Program Files (x86)\Microsoft Visual Studio 12.0\VC\bin\link.exe /ERRORREPORT:PROMPT /OUT:"../../../运行/Release/Ansi/SkinControl.dll" /INCREMENTAL:NO /NOLOGO /DEF:".\SkinControl.def" /MANIFEST /MANIFESTUAC:"level='asInvoker' uiAccess='false'" /manifest:embed /manifestinput:"C:\Program Files (x86)\Microsoft Visual Studio 12.0\VC\Include\Manifest\dpiaware.manifest" /DEBUG /PDB:"Release\界面控件.pdb" /SUBSYSTEM:WINDOWS /OPT:REF /OPT:ICF /TLBID:1 /DYNAMICBASE /NXCOMPAT /IMPLIB:"../../链接库/Ansi/SkinControl.lib" /MACHINE:X86 /SAFESEH /DLL Release\SkinControl.res
         Release\SkinButton.obj
         Release\SkinComboBox.obj
         Release\SkinControl.obj
         Release\SkinDialog.obj
         Release\SkinDpi.obj
         Release\SkinEdit.obj
         Release\SkinEncircle.obj
         Release\SkinHyperLink.obj
         Release\SkinListCtrl.obj
         Release\SkinMenu.obj
         Release\SkinRenderManager.obj
         Release\SkinResourceManager.obj
         Release\SkinRichEdit.obj
         Release\SkinScrollBar.obj
         Release\SkinSplitter.obj
         Release\SkinTabCtrl.obj
         Release\Stdafx.obj
         "G:\网狐\精华版全套\系统模块\链接库\Ansi\ServiceCore.lib"
         "G:\网狐\精华版全套\系统模块\链接库\Ansi\WHImage.lib"
     1>Detours.lib(detours.obj) : error LNK2026: 模块对于 SAFESEH 映像是不安全的。
     1>Detours.lib(disasm.obj) : error LNK2026: 模块对于 SAFESEH 映像是不安全的。
            正在创建库 ../../链接库/Ansi/SkinControl.lib 和对象 ../../链接库/Ansi/SkinControl.exp
     1>../../../运行/Release/Ansi/SkinControl.dll : fatal error LNK1281: 无法生成 SAFESEH 映像。
     1>已完成生成项目“G:\网狐\精华版全套\系统模块\客户端组件\界面控件\SkinControl.vcxproj”(Rebuild 个目标)的操作 - 失败。

生成失败。

已用时间 00:00:16.57
