g:\网狐\精华版全套\系统模块\客户端组件\界面控件\release\界面控件.pch
g:\网狐\精华版全套\系统模块\客户端组件\界面控件\release\vc120.pdb
g:\网狐\精华版全套\系统模块\客户端组件\界面控件\release\stdafx.obj
g:\网狐\精华版全套\系统模块\客户端组件\界面控件\release\skintabctrl.obj
g:\网狐\精华版全套\系统模块\客户端组件\界面控件\release\skinsplitter.obj
g:\网狐\精华版全套\系统模块\客户端组件\界面控件\release\skinscrollbar.obj
g:\网狐\精华版全套\系统模块\客户端组件\界面控件\release\skinrichedit.obj
g:\网狐\精华版全套\系统模块\客户端组件\界面控件\release\skinresourcemanager.obj
g:\网狐\精华版全套\系统模块\客户端组件\界面控件\release\skinrendermanager.obj
g:\网狐\精华版全套\系统模块\客户端组件\界面控件\release\skinmenu.obj
g:\网狐\精华版全套\系统模块\客户端组件\界面控件\release\skinlistctrl.obj
g:\网狐\精华版全套\系统模块\客户端组件\界面控件\release\skinhyperlink.obj
g:\网狐\精华版全套\系统模块\客户端组件\界面控件\release\skinencircle.obj
g:\网狐\精华版全套\系统模块\客户端组件\界面控件\release\skinedit.obj
g:\网狐\精华版全套\系统模块\客户端组件\界面控件\release\skindpi.obj
g:\网狐\精华版全套\系统模块\客户端组件\界面控件\release\skindialog.obj
g:\网狐\精华版全套\系统模块\客户端组件\界面控件\release\skincontrol.obj
g:\网狐\精华版全套\系统模块\客户端组件\界面控件\release\skincombobox.obj
g:\网狐\精华版全套\系统模块\客户端组件\界面控件\release\skinbutton.obj
g:\网狐\精华版全套\系统模块\客户端组件\界面控件\release\skincontrol.res
g:\网狐\精华版全套\系统模块\客户端组件\界面控件\release\imageole.tli
g:\网狐\精华版全套\系统模块\客户端组件\界面控件\release\imageole.tlh
g:\网狐\精华版全套\系统模块\客户端组件\界面控件\release\界面控件.tlog\cl.command.1.tlog
g:\网狐\精华版全套\系统模块\客户端组件\界面控件\release\界面控件.tlog\cl.read.1.tlog
g:\网狐\精华版全套\系统模块\客户端组件\界面控件\release\界面控件.tlog\cl.write.1.tlog
g:\网狐\精华版全套\系统模块\客户端组件\界面控件\release\界面控件.tlog\link.command.1.tlog
g:\网狐\精华版全套\系统模块\客户端组件\界面控件\release\界面控件.tlog\link.read.1.tlog
g:\网狐\精华版全套\系统模块\客户端组件\界面控件\release\界面控件.tlog\link.write.1.tlog
g:\网狐\精华版全套\系统模块\客户端组件\界面控件\release\界面控件.tlog\rc.command.1.tlog
g:\网狐\精华版全套\系统模块\客户端组件\界面控件\release\界面控件.tlog\rc.read.1.tlog
g:\网狐\精华版全套\系统模块\客户端组件\界面控件\release\界面控件.tlog\rc.write.1.tlog
