生成启动时间为 2019/9/5 12:50:18。
     1>项目“G:\网狐\整理的最新网狐框架\精华版全套\系统模块\游戏组件\斗地主_房卡版\客户端 D3D\GameClient.vcxproj”在节点 2 上(Rebuild 个目标)。
     1>ClCompile:
         C:\Program Files (x86)\Microsoft Visual Studio 12.0\VC\bin\CL.exe /c /Zi /nologo /W3 /WX- /O2 /Oy- /D WIN32 /D _WINDOWS /D NDEBUG /D _UNICODE /D _UNICODE /D UNICODE /D _AFXDLL /Gm- /EHsc /MD /GS /fp:precise /Zc:wchar_t /Zc:forScope /Yc"stdafx.h" /Fp"Release_Unicode\客户端 D3D.pch" /Fo"Release_Unicode\\" /Fd"Release_Unicode\vc120.pdb" /Gd /TP /analyze- /errorReport:prompt Stdafx.cpp
         Stdafx.cpp
     1>g:\网狐\整理的最新网狐框架\精华版全套\系统模块\游戏组件\斗地主_房卡版\客户端 d3d\..\消息定义\CMD_Game.h(68): error C2146: 语法错误: 缺少“;”(在标识符“lTurnScore”的前面)
     1>g:\网狐\整理的最新网狐框架\精华版全套\系统模块\游戏组件\斗地主_房卡版\客户端 d3d\..\消息定义\CMD_Game.h(68): error C4430: 缺少类型说明符 - 假定为 int。注意:  C++ 不支持默认 int
     1>g:\网狐\整理的最新网狐框架\精华版全套\系统模块\游戏组件\斗地主_房卡版\客户端 d3d\..\消息定义\CMD_Game.h(69): error C2146: 语法错误: 缺少“;”(在标识符“lCollectScore”的前面)
     1>g:\网狐\整理的最新网狐框架\精华版全套\系统模块\游戏组件\斗地主_房卡版\客户端 d3d\..\消息定义\CMD_Game.h(69): error C4430: 缺少类型说明符 - 假定为 int。注意:  C++ 不支持默认 int
     1>g:\网狐\整理的最新网狐框架\精华版全套\系统模块\游戏组件\斗地主_房卡版\客户端 d3d\..\消息定义\CMD_Game.h(76): error C2146: 语法错误: 缺少“;”(在标识符“lTurnScore”的前面)
     1>g:\网狐\整理的最新网狐框架\精华版全套\系统模块\游戏组件\斗地主_房卡版\客户端 d3d\..\消息定义\CMD_Game.h(76): error C4430: 缺少类型说明符 - 假定为 int。注意:  C++ 不支持默认 int
     1>g:\网狐\整理的最新网狐框架\精华版全套\系统模块\游戏组件\斗地主_房卡版\客户端 d3d\..\消息定义\CMD_Game.h(77): error C2146: 语法错误: 缺少“;”(在标识符“lCollectScore”的前面)
     1>g:\网狐\整理的最新网狐框架\精华版全套\系统模块\游戏组件\斗地主_房卡版\客户端 d3d\..\消息定义\CMD_Game.h(77): error C4430: 缺少类型说明符 - 假定为 int。注意:  C++ 不支持默认 int
     1>g:\网狐\整理的最新网狐框架\精华版全套\系统模块\游戏组件\斗地主_房卡版\客户端 d3d\..\消息定义\CMD_Game.h(120): error C2146: 语法错误: 缺少“;”(在标识符“lTurnScore”的前面)
     1>g:\网狐\整理的最新网狐框架\精华版全套\系统模块\游戏组件\斗地主_房卡版\客户端 d3d\..\消息定义\CMD_Game.h(120): error C4430: 缺少类型说明符 - 假定为 int。注意:  C++ 不支持默认 int
     1>g:\网狐\整理的最新网狐框架\精华版全套\系统模块\游戏组件\斗地主_房卡版\客户端 d3d\..\消息定义\CMD_Game.h(121): error C2146: 语法错误: 缺少“;”(在标识符“lCollectScore”的前面)
     1>g:\网狐\整理的最新网狐框架\精华版全套\系统模块\游戏组件\斗地主_房卡版\客户端 d3d\..\消息定义\CMD_Game.h(121): error C4430: 缺少类型说明符 - 假定为 int。注意:  C++ 不支持默认 int
     1>g:\网狐\整理的最新网狐框架\精华版全套\系统模块\游戏组件\斗地主_房卡版\客户端 d3d\..\消息定义\CMD_Game.h(142): error C2065: “LEN_NICKNAME”: 未声明的标识符
     1>g:\网狐\整理的最新网狐框架\精华版全套\系统模块\游戏组件\斗地主_房卡版\客户端 d3d\..\消息定义\CMD_Game.h(149): error C2146: 语法错误: 缺少“;”(在标识符“lScore”的前面)
     1>g:\网狐\整理的最新网狐框架\精华版全套\系统模块\游戏组件\斗地主_房卡版\客户端 d3d\..\消息定义\CMD_Game.h(149): error C4430: 缺少类型说明符 - 假定为 int。注意:  C++ 不支持默认 int
     1>g:\网狐\整理的最新网狐框架\精华版全套\系统模块\游戏组件\斗地主_房卡版\客户端 d3d\..\消息定义\CMD_Game.h(161): error C2146: 语法错误: 缺少“;”(在标识符“lScore”的前面)
     1>g:\网狐\整理的最新网狐框架\精华版全套\系统模块\游戏组件\斗地主_房卡版\客户端 d3d\..\消息定义\CMD_Game.h(161): error C4430: 缺少类型说明符 - 假定为 int。注意:  C++ 不支持默认 int
     1>g:\网狐\整理的最新网狐框架\精华版全套\系统模块\游戏组件\斗地主_房卡版\客户端 d3d\..\消息定义\CMD_Game.h(221): error C2146: 语法错误: 缺少“;”(在标识符“lGameScore”的前面)
     1>g:\网狐\整理的最新网狐框架\精华版全套\系统模块\游戏组件\斗地主_房卡版\客户端 d3d\..\消息定义\CMD_Game.h(221): error C4430: 缺少类型说明符 - 假定为 int。注意:  C++ 不支持默认 int
     1>g:\网狐\整理的最新网狐框架\精华版全套\系统模块\游戏组件\斗地主_房卡版\客户端 d3d\..\消息定义\CMD_Game.h(235): error C2146: 语法错误: 缺少“;”(在标识符“lScore”的前面)
     1>g:\网狐\整理的最新网狐框架\精华版全套\系统模块\游戏组件\斗地主_房卡版\客户端 d3d\..\消息定义\CMD_Game.h(235): error C4430: 缺少类型说明符 - 假定为 int。注意:  C++ 不支持默认 int
     1>已完成生成项目“G:\网狐\整理的最新网狐框架\精华版全套\系统模块\游戏组件\斗地主_房卡版\客户端 D3D\GameClient.vcxproj”(Rebuild 个目标)的操作 - 失败。

生成失败。

已用时间 00:00:01.69
