g:\网狐\开发的模块\客户端\系统模块\公共组件\网络组件\debug\网络组件.pch
g:\网狐\开发的模块\客户端\系统模块\公共组件\网络组件\debug\vc141.pdb
g:\网狐\开发的模块\客户端\系统模块\公共组件\网络组件\debug\vc141.idb
g:\网狐\开发的模块\客户端\系统模块\公共组件\网络组件\debug\stdafx.obj
g:\网狐\开发的模块\客户端\系统模块\公共组件\网络组件\debug\clientsocket.obj
g:\网狐\开发的模块\客户端\系统模块\公共组件\网络组件\debug\socketmodule.obj
g:\网狐\开发的模块\客户端\系统模块\公共组件\网络组件\debug\网络组件.ilk
g:\网狐\开发的模块\客户端\系统模块\公共组件\网络组件\debug\网络组件.dll
g:\网狐\开发的模块\客户端\系统模块\公共组件\网络组件\debug\网络组件.pdb
g:\网狐\开发的模块\客户端\系统模块\公共组件\网络组件\debug\socketmodule.res
g:\网狐\开发的模块\客户端\系统模块\公共组件\网络组件\debug\网络组件.lib
g:\网狐\开发的模块\客户端\系统模块\公共组件\网络组件\debug\网络组件.exp
g:\网狐\开发的模块\客户端\系统模块\共享组件\网络组件\debug\clientsocket.obj
g:\网狐\开发的模块\客户端\系统模块\共享组件\网络组件\debug\socketmodule.obj
g:\网狐\开发的模块\客户端\系统模块\共享组件\网络组件\debug\stdafx.obj
g:\网狐\开发的模块\客户端\系统模块\共享组件\网络组件\debug\网络组件.ilk
g:\网狐\开发的模块\客户端\系统模块\共享组件\网络组件\debug\socketmodule.res
g:\网狐\开发的模块\客户端\系统模块\共享组件\网络组件\debug\网络组件.pch
g:\网狐\开发的模块\客户端\系统模块\共享组件\网络组件\debug\网络组件.exp
g:\网狐\开发的模块\客户端\系统模块\共享组件\网络组件\debug\vc141.idb
g:\网狐\开发的模块\客户端\系统模块\共享组件\网络组件\debug\vc141.pdb
g:\网狐\开发的模块\客户端\系统模块\共享组件\网络组件\debug\网络组件.pdb
g:\网狐\开发的模块\客户端\系统模块\共享组件\网络组件\debug\网络组件.dll
g:\网狐\开发的模块\客户端\系统模块\共享组件\网络组件\debug\网络组件.tlog\cl.command.1.tlog
g:\网狐\开发的模块\客户端\系统模块\共享组件\网络组件\debug\网络组件.tlog\cl.read.1.tlog
g:\网狐\开发的模块\客户端\系统模块\共享组件\网络组件\debug\网络组件.tlog\cl.write.1.tlog
g:\网狐\开发的模块\客户端\系统模块\共享组件\网络组件\debug\网络组件.tlog\link.command.1.tlog
g:\网狐\开发的模块\客户端\系统模块\共享组件\网络组件\debug\网络组件.tlog\link.read.1.tlog
g:\网狐\开发的模块\客户端\系统模块\共享组件\网络组件\debug\网络组件.tlog\link.write.1.tlog
g:\网狐\开发的模块\客户端\系统模块\共享组件\网络组件\debug\网络组件.tlog\rc.command.1.tlog
g:\网狐\开发的模块\客户端\系统模块\共享组件\网络组件\debug\网络组件.tlog\rc.read.1.tlog
g:\网狐\开发的模块\客户端\系统模块\共享组件\网络组件\debug\网络组件.tlog\rc.write.1.tlog
g:\网狐\开发的模块\客户端\系统模块\共享组件\网络组件\debug\网络组件.tlog\网络组件.write.1u.tlog
