g:\网狐\happygamewh\纯净版服务端\系统模块\中间目录\登陆服务器\debug\logonserver.pch
g:\网狐\happygamewh\纯净版服务端\系统模块\中间目录\登陆服务器\debug\vc141.pdb
g:\网狐\happygamewh\纯净版服务端\系统模块\中间目录\登陆服务器\debug\vc141.idb
g:\网狐\happygamewh\纯净版服务端\系统模块\中间目录\登陆服务器\debug\stdafx.obj
g:\网狐\happygamewh\纯净版服务端\系统模块\中间目录\登陆服务器\debug\attemperenginesink.obj
g:\网狐\happygamewh\纯净版服务端\系统模块\中间目录\登陆服务器\debug\databasesink.obj
g:\网狐\happygamewh\纯净版服务端\系统模块\中间目录\登陆服务器\debug\initparamter.obj
g:\网狐\happygamewh\纯净版服务端\系统模块\中间目录\登陆服务器\debug\logonserver.obj
g:\网狐\happygamewh\纯净版服务端\系统模块\中间目录\登陆服务器\debug\logonserverdlg.obj
g:\网狐\happygamewh\纯净版服务端\系统模块\中间目录\登陆服务器\debug\logonservice.obj
g:\网狐\happygamewh\纯净版服务端\系统模块\中间目录\登陆服务器\debug\serverlist.obj
g:\网狐\happygamewh\纯净版服务端\系统模块\运行\debug\logonserver.ilk
g:\网狐\happygamewh\纯净版服务端\系统模块\运行\debug\logonserver.exe
g:\网狐\happygamewh\纯净版服务端\系统模块\运行\debug\logonserver.pdb
g:\网狐\happygamewh\纯净版服务端\系统模块\中间目录\登陆服务器\debug\logonserver.res
g:\网狐\happygamewh\纯净版服务端\系统模块\中间目录\登陆服务器\debug\androiduseritemsink.obj
g:\网狐\happygamewh\纯净版服务端\系统模块\中间目录\登陆服务器\debug\gamelogic.obj
g:\网狐\happygamewh\纯净版服务端\系统模块\中间目录\登陆服务器\debug\gameserver.obj
g:\网狐\happygamewh\纯净版服务端\系统模块\中间目录\登陆服务器\debug\gameservermanager.obj
g:\网狐\happygamewh\纯净版服务端\系统模块\中间目录\登陆服务器\debug\historyrecord.obj
g:\网狐\happygamewh\纯净版服务端\系统模块\中间目录\登陆服务器\debug\tableframesink.obj
g:\网狐\happygamewh\纯净版服务端\系统模块\中间目录\登陆服务器\debug\imageole.tli
g:\网狐\happygamewh\纯净版服务端\系统模块\中间目录\登陆服务器\debug\msado15.tli
g:\网狐\happygamewh\纯净版服务端\系统模块\中间目录\登陆服务器\debug\imageole.tlh
g:\网狐\happygamewh\纯净版服务端\系统模块\中间目录\登陆服务器\debug\msado15.tlh
g:\网狐\happygamewh\纯净版服务端\系统模块\中间目录\登陆服务器\debug\gameserver.res
g:\网狐\happygamewh\纯净版服务端\系统模块\中间目录\登陆服务器\debug\landserver.pch
g:\网狐\happygamewh\纯净版服务端\系统模块\服务器组件\登陆服务器\../../运行/debug/logonserver.exe
g:\网狐\happygamewh\纯净版服务端\系统模块\中间目录\登陆服务器\debug\登陆服务器.tlog\cl.command.1.tlog
g:\网狐\happygamewh\纯净版服务端\系统模块\中间目录\登陆服务器\debug\登陆服务器.tlog\cl.read.1.tlog
g:\网狐\happygamewh\纯净版服务端\系统模块\中间目录\登陆服务器\debug\登陆服务器.tlog\cl.write.1.tlog
g:\网狐\happygamewh\纯净版服务端\系统模块\中间目录\登陆服务器\debug\登陆服务器.tlog\link.command.1.tlog
g:\网狐\happygamewh\纯净版服务端\系统模块\中间目录\登陆服务器\debug\登陆服务器.tlog\link.read.1.tlog
g:\网狐\happygamewh\纯净版服务端\系统模块\中间目录\登陆服务器\debug\登陆服务器.tlog\link.write.1.tlog
g:\网狐\happygamewh\纯净版服务端\系统模块\中间目录\登陆服务器\debug\登陆服务器.tlog\rc.command.1.tlog
g:\网狐\happygamewh\纯净版服务端\系统模块\中间目录\登陆服务器\debug\登陆服务器.tlog\rc.read.1.tlog
g:\网狐\happygamewh\纯净版服务端\系统模块\中间目录\登陆服务器\debug\登陆服务器.tlog\rc.write.1.tlog
