e:\baidu\新建文件夹\1\网狐棋牌源码全套\网狐6.6完整源码\网狐6.6完整源码+内核源码+105款游戏源码（内含百人+赛马+捕鱼）\c++项目工程\系统模块\服务器组件\内核引擎\debug\内核引擎.pch
e:\baidu\新建文件夹\1\网狐棋牌源码全套\网狐6.6完整源码\网狐6.6完整源码+内核源码+105款游戏源码（内含百人+赛马+捕鱼）\c++项目工程\系统模块\服务器组件\内核引擎\debug\vc141.pdb
e:\baidu\新建文件夹\1\网狐棋牌源码全套\网狐6.6完整源码\网狐6.6完整源码+内核源码+105款游戏源码（内含百人+赛马+捕鱼）\c++项目工程\系统模块\服务器组件\内核引擎\debug\vc141.idb
e:\baidu\新建文件夹\1\网狐棋牌源码全套\网狐6.6完整源码\网狐6.6完整源码+内核源码+105款游戏源码（内含百人+赛马+捕鱼）\c++项目工程\系统模块\服务器组件\内核引擎\debug\stdafx.obj
e:\baidu\新建文件夹\1\网狐棋牌源码全套\网狐6.6完整源码\网狐6.6完整源码+内核源码+105款游戏源码（内含百人+赛马+捕鱼）\c++项目工程\系统模块\服务器组件\内核引擎\debug\asynchronismengine.obj
e:\baidu\新建文件夹\1\网狐棋牌源码全套\网狐6.6完整源码\网狐6.6完整源码+内核源码+105款游戏源码（内含百人+赛马+捕鱼）\c++项目工程\系统模块\服务器组件\内核引擎\debug\attemperengine.obj
e:\baidu\新建文件夹\1\网狐棋牌源码全套\网狐6.6完整源码\网狐6.6完整源码+内核源码+105款游戏源码（内含百人+赛马+捕鱼）\c++项目工程\系统模块\服务器组件\内核引擎\debug\database.obj
e:\baidu\新建文件夹\1\网狐棋牌源码全套\网狐6.6完整源码\网狐6.6完整源码+内核源码+105款游戏源码（内含百人+赛马+捕鱼）\c++项目工程\系统模块\服务器组件\内核引擎\debug\databaseaide.obj
e:\baidu\新建文件夹\1\网狐棋牌源码全套\网狐6.6完整源码\网狐6.6完整源码+内核源码+105款游戏源码（内含百人+赛马+捕鱼）\c++项目工程\系统模块\服务器组件\内核引擎\debug\kernelengine.obj
e:\baidu\新建文件夹\1\网狐棋牌源码全套\网狐6.6完整源码\网狐6.6完整源码+内核源码+105款游戏源码（内含百人+赛马+捕鱼）\c++项目工程\系统模块\服务器组件\内核引擎\debug\queueservice.obj
e:\baidu\新建文件夹\1\网狐棋牌源码全套\网狐6.6完整源码\网狐6.6完整源码+内核源码+105款游戏源码（内含百人+赛马+捕鱼）\c++项目工程\系统模块\服务器组件\内核引擎\debug\tcpnetworkengine.obj
e:\baidu\新建文件夹\1\网狐棋牌源码全套\网狐6.6完整源码\网狐6.6完整源码+内核源码+105款游戏源码（内含百人+赛马+捕鱼）\c++项目工程\系统模块\服务器组件\内核引擎\debug\tcpsocketservice.obj
e:\baidu\新建文件夹\1\网狐棋牌源码全套\网狐6.6完整源码\网狐6.6完整源码+内核源码+105款游戏源码（内含百人+赛马+捕鱼）\c++项目工程\系统模块\服务器组件\内核引擎\debug\timerengine.obj
e:\baidu\新建文件夹\1\网狐棋牌源码全套\网狐6.6完整源码\网狐6.6完整源码+内核源码+105款游戏源码（内含百人+赛马+捕鱼）\c++项目工程\系统模块\服务器组件\内核引擎\debug\traceservice.obj
e:\baidu\新建文件夹\1\网狐棋牌源码全套\网狐6.6完整源码\网狐6.6完整源码+内核源码+105款游戏源码（内含百人+赛马+捕鱼）\c++项目工程\系统模块\运行\debug\kernelengined.ilk
e:\baidu\新建文件夹\1\网狐棋牌源码全套\网狐6.6完整源码\网狐6.6完整源码+内核源码+105款游戏源码（内含百人+赛马+捕鱼）\c++项目工程\系统模块\运行\debug\kernelengined.dll
e:\baidu\新建文件夹\1\网狐棋牌源码全套\网狐6.6完整源码\网狐6.6完整源码+内核源码+105款游戏源码（内含百人+赛马+捕鱼）\c++项目工程\系统模块\服务器组件\内核引擎\debug\内核引擎.pdb
e:\baidu\新建文件夹\1\网狐棋牌源码全套\网狐6.6完整源码\网狐6.6完整源码+内核源码+105款游戏源码（内含百人+赛马+捕鱼）\c++项目工程\系统模块\服务器组件\内核引擎\debug\kernelengine.res
e:\baidu\新建文件夹\1\网狐棋牌源码全套\网狐6.6完整源码\网狐6.6完整源码+内核源码+105款游戏源码（内含百人+赛马+捕鱼）\c++项目工程\系统模块\链接库\kernelengined.lib
e:\baidu\新建文件夹\1\网狐棋牌源码全套\网狐6.6完整源码\网狐6.6完整源码+内核源码+105款游戏源码（内含百人+赛马+捕鱼）\c++项目工程\系统模块\链接库\kernelengined.exp
e:\baidu\新建文件夹\1\网狐棋牌源码全套\网狐6.6完整源码\网狐6.6完整源码+内核源码+105款游戏源码（内含百人+赛马+捕鱼）\c++项目工程\系统模块\服务器组件\内核引擎\debug\msado15.tli
e:\baidu\新建文件夹\1\网狐棋牌源码全套\网狐6.6完整源码\网狐6.6完整源码+内核源码+105款游戏源码（内含百人+赛马+捕鱼）\c++项目工程\系统模块\服务器组件\内核引擎\debug\msado15.tlh
e:\baidu\新建文件夹\1\网狐棋牌源码全套\网狐6.6完整源码\网狐6.6完整源码+内核源码+105款游戏源码（内含百人+赛马+捕鱼）\c++项目工程\系统模块\服务器组件\内核引擎\debug\内核引擎.tlog\cl.command.1.tlog
e:\baidu\新建文件夹\1\网狐棋牌源码全套\网狐6.6完整源码\网狐6.6完整源码+内核源码+105款游戏源码（内含百人+赛马+捕鱼）\c++项目工程\系统模块\服务器组件\内核引擎\debug\内核引擎.tlog\cl.read.1.tlog
e:\baidu\新建文件夹\1\网狐棋牌源码全套\网狐6.6完整源码\网狐6.6完整源码+内核源码+105款游戏源码（内含百人+赛马+捕鱼）\c++项目工程\系统模块\服务器组件\内核引擎\debug\内核引擎.tlog\cl.write.1.tlog
e:\baidu\新建文件夹\1\网狐棋牌源码全套\网狐6.6完整源码\网狐6.6完整源码+内核源码+105款游戏源码（内含百人+赛马+捕鱼）\c++项目工程\系统模块\服务器组件\内核引擎\debug\内核引擎.tlog\link.command.1.tlog
e:\baidu\新建文件夹\1\网狐棋牌源码全套\网狐6.6完整源码\网狐6.6完整源码+内核源码+105款游戏源码（内含百人+赛马+捕鱼）\c++项目工程\系统模块\服务器组件\内核引擎\debug\内核引擎.tlog\link.read.1.tlog
e:\baidu\新建文件夹\1\网狐棋牌源码全套\网狐6.6完整源码\网狐6.6完整源码+内核源码+105款游戏源码（内含百人+赛马+捕鱼）\c++项目工程\系统模块\服务器组件\内核引擎\debug\内核引擎.tlog\link.write.1.tlog
e:\baidu\新建文件夹\1\网狐棋牌源码全套\网狐6.6完整源码\网狐6.6完整源码+内核源码+105款游戏源码（内含百人+赛马+捕鱼）\c++项目工程\系统模块\服务器组件\内核引擎\debug\内核引擎.tlog\rc.command.1.tlog
e:\baidu\新建文件夹\1\网狐棋牌源码全套\网狐6.6完整源码\网狐6.6完整源码+内核源码+105款游戏源码（内含百人+赛马+捕鱼）\c++项目工程\系统模块\服务器组件\内核引擎\debug\内核引擎.tlog\rc.read.1.tlog
e:\baidu\新建文件夹\1\网狐棋牌源码全套\网狐6.6完整源码\网狐6.6完整源码+内核源码+105款游戏源码（内含百人+赛马+捕鱼）\c++项目工程\系统模块\服务器组件\内核引擎\debug\内核引擎.tlog\rc.write.1.tlog
e:\baidu\新建文件夹\1\网狐棋牌源码全套\网狐6.6完整源码\网狐6.6完整源码+内核源码+105款游戏源码（内含百人+赛马+捕鱼）\c++项目工程\系统模块\服务器组件\内核引擎\debug\内核引擎.tlog\内核引擎.write.1u.tlog
