g:\网狐\happygamewh\服务端\中间目录\游戏服务器\debug_ansi\gameserver.pch
g:\网狐\happygamewh\服务端\中间目录\游戏服务器\debug_ansi\vc141.pdb
g:\网狐\happygamewh\服务端\中间目录\游戏服务器\debug_ansi\vc141.idb
g:\网狐\happygamewh\服务端\中间目录\游戏服务器\debug_ansi\stdafx.obj
g:\网狐\happygamewh\服务端\中间目录\游戏服务器\debug_ansi\stdafx.cod
g:\网狐\happygamewh\服务端\中间目录\游戏服务器\debug_ansi\tableframe.obj
g:\网狐\happygamewh\服务端\中间目录\游戏服务器\debug_ansi\tableframe.cod
g:\网狐\happygamewh\服务端\中间目录\游戏服务器\debug_ansi\serviceunits.obj
g:\网狐\happygamewh\服务端\中间目录\游戏服务器\debug_ansi\serviceunits.cod
g:\网狐\happygamewh\服务端\中间目录\游戏服务器\debug_ansi\serverlistmanager.obj
g:\网狐\happygamewh\服务端\中间目录\游戏服务器\debug_ansi\serverlistmanager.cod
g:\网狐\happygamewh\服务端\中间目录\游戏服务器\debug_ansi\sensitivewordsfilter.obj
g:\网狐\happygamewh\服务端\中间目录\游戏服务器\debug_ansi\sensitivewordsfilter.cod
g:\网狐\happygamewh\服务端\中间目录\游戏服务器\debug_ansi\initparameter.obj
g:\网狐\happygamewh\服务端\中间目录\游戏服务器\debug_ansi\initparameter.cod
g:\网狐\happygamewh\服务端\中间目录\游戏服务器\debug_ansi\gameserverdlg.obj
g:\网狐\happygamewh\服务端\中间目录\游戏服务器\debug_ansi\gameserverdlg.cod
g:\网狐\happygamewh\服务端\中间目录\游戏服务器\debug_ansi\gameserver.obj
g:\网狐\happygamewh\服务端\中间目录\游戏服务器\debug_ansi\gameserver.cod
g:\网狐\happygamewh\服务端\中间目录\游戏服务器\debug_ansi\distributemanager.obj
g:\网狐\happygamewh\服务端\中间目录\游戏服务器\debug_ansi\distributemanager.cod
g:\网狐\happygamewh\服务端\中间目录\游戏服务器\debug_ansi\dbcorrespondmanager.obj
g:\网狐\happygamewh\服务端\中间目录\游戏服务器\debug_ansi\dbcorrespondmanager.cod
g:\网狐\happygamewh\服务端\中间目录\游戏服务器\debug_ansi\databaseenginesink.obj
g:\网狐\happygamewh\服务端\中间目录\游戏服务器\debug_ansi\databaseenginesink.cod
g:\网狐\happygamewh\服务端\中间目录\游戏服务器\debug_ansi\attemperenginesink.obj
g:\网狐\happygamewh\服务端\中间目录\游戏服务器\debug_ansi\attemperenginesink.cod
g:\网狐\happygamewh\服务端\运行\debug\ansi\gameserver.ilk
g:\网狐\happygamewh\服务端\运行\debug\ansi\gameserver.exe
g:\网狐\happygamewh\服务端\运行\debug\ansi\gameserver.map
g:\网狐\happygamewh\服务端\中间目录\游戏服务器\debug_ansi\gameserver.pdb
g:\网狐\happygamewh\服务端\中间目录\游戏服务器\debug_ansi\gameserver.res
g:\网狐\happygamewh\服务端\中间目录\游戏服务器\debug_ansi\msado15.tli
g:\网狐\happygamewh\服务端\中间目录\游戏服务器\debug_ansi\msado15.tlh
g:\网狐\happygamewh\服务端\中间目录\游戏服务器\debug_ansi\../../../运行/debug/ansi/gameserver.pdb
g:\网狐\happygamewh\服务端\系统模块\服务器组件\游戏服务器\../../../运行/debug/ansi/gameserver.exe
g:\网狐\happygamewh\服务端\中间目录\游戏服务器\debug_ansi\../../../运行/debug/ansi/gameserver.ilk
g:\网狐\happygamewh\服务端\中间目录\游戏服务器\debug_ansi\游戏服务器.tlog\cl.command.1.tlog
g:\网狐\happygamewh\服务端\中间目录\游戏服务器\debug_ansi\游戏服务器.tlog\cl.read.1.tlog
g:\网狐\happygamewh\服务端\中间目录\游戏服务器\debug_ansi\游戏服务器.tlog\cl.write.1.tlog
g:\网狐\happygamewh\服务端\中间目录\游戏服务器\debug_ansi\游戏服务器.tlog\link.command.1.tlog
g:\网狐\happygamewh\服务端\中间目录\游戏服务器\debug_ansi\游戏服务器.tlog\link.read.1.tlog
g:\网狐\happygamewh\服务端\中间目录\游戏服务器\debug_ansi\游戏服务器.tlog\link.write.1.tlog
g:\网狐\happygamewh\服务端\中间目录\游戏服务器\debug_ansi\游戏服务器.tlog\rc.command.1.tlog
g:\网狐\happygamewh\服务端\中间目录\游戏服务器\debug_ansi\游戏服务器.tlog\rc.read.1.tlog
g:\网狐\happygamewh\服务端\中间目录\游戏服务器\debug_ansi\游戏服务器.tlog\rc.write.1.tlog
