生成启动时间为 2019/9/14 17:01:18。
     1>项目“G:\网狐\整理的最新网狐框架\精华版全套\系统模块\服务器组件\游戏服务\GameService.vcxproj”在节点 3 上(Rebuild 个目标)。
     1>ClCompile:
         C:\Program Files (x86)\Microsoft Visual Studio 12.0\VC\bin\CL.exe /c /Zi /nologo /W3 /WX- /O2 /Oy- /D WIN32 /D _WINDOWS /D NDEBUG /D _AFXEXT /D GAME_SERVICE_DLL /D _WINDLL /D _MBCS /D _AFXDLL /Gm- /EHsc /MD /GS /fp:precise /Zc:wchar_t /Zc:forScope /Yc"stdafx.h" /Fp"Release\游戏服务.pch" /Fo"Release\\" /Fd"Release\vc120.pdb" /Gd /TP /analyze- /errorReport:prompt Stdafx.cpp
         Stdafx.cpp
     1>C:\Program Files (x86)\Microsoft Visual Studio 12.0\VC\atlmfc\include\afx.h(38): warning C4996: 'MBCS_Support_Deprecated_In_MFC': MBCS support in MFC is deprecated and may be removed in a future version of MFC.
                 C:\Program Files (x86)\Microsoft Visual Studio 12.0\VC\atlmfc\include\afx.h(33) : 参见“MBCS_Support_Deprecated_In_MFC”的声明
         C:\Program Files (x86)\Microsoft Visual Studio 12.0\VC\bin\CL.exe /c /Zi /nologo /W3 /WX- /O2 /Oy- /D WIN32 /D _WINDOWS /D NDEBUG /D _AFXEXT /D GAME_SERVICE_DLL /D _WINDLL /D _MBCS /D _AFXDLL /Gm- /EHsc /MD /GS /fp:precise /Zc:wchar_t /Zc:forScope /Yu"stdafx.h" /Fp"Release\游戏服务.pch" /Fo"Release\\" /Fd"Release\vc120.pdb" /Gd /TP /analyze- /errorReport:prompt AndroidUserItem.cpp AndroidUserManager.cpp GamePropertyManager.cpp GameService.cpp ServerUserManager.cpp UserTaskManager.cpp
         AndroidUserItem.cpp
         AndroidUserManager.cpp
         GamePropertyManager.cpp
         GameService.cpp
         ServerUserManager.cpp
         UserTaskManager.cpp
         正在生成代码...
       ResourceCompile:
         C:\Program Files (x86)\Windows Kits\8.1\bin\x86\rc.exe /D NDEBUG /D _AFXDLL /l"0x0804" /IRelease\ /nologo /fo"Release\GameService.res" GameService.rc 
     1>C:\Program Files (x86)\MSBuild\Microsoft.Cpp\v4.0\V120\Microsoft.CppBuild.targets(1193,5): warning MSB8012: TargetPath(G:\网狐\整理的最新网狐框架\精华版全套\系统模块\服务器组件\游戏服务\Release\游戏服务.dll) does not match the Linker's OutputFile property value (G:\网狐\整理的最新网狐框架\精华版全套\运行\Release\Ansi\GameService.dll). This may cause your project to build incorrectly. To correct this, please make sure that $(OutDir), $(TargetName) and $(TargetExt) property values match the value specified in %(Link.OutputFile).
     1>C:\Program Files (x86)\MSBuild\Microsoft.Cpp\v4.0\V120\Microsoft.CppBuild.targets(1195,5): warning MSB8012: TargetName(游戏服务) does not match the Linker's OutputFile property value (GameService). This may cause your project to build incorrectly. To correct this, please make sure that $(OutDir), $(TargetName) and $(TargetExt) property values match the value specified in %(Link.OutputFile).
       Link:
         C:\Program Files (x86)\Microsoft Visual Studio 12.0\VC\bin\link.exe /ERRORREPORT:PROMPT /OUT:"../../../运行/Release/Ansi/GameService.dll" /INCREMENTAL:NO /NOLOGO /DEF:".\GameService.def" /MANIFEST /MANIFESTUAC:"level='asInvoker' uiAccess='false'" /manifest:embed /manifestinput:"C:\Program Files (x86)\Microsoft Visual Studio 12.0\VC\Include\Manifest\dpiaware.manifest" /DEBUG /PDB:"Release\游戏服务.pdb" /SUBSYSTEM:WINDOWS /OPT:REF /OPT:ICF /TLBID:1 /DYNAMICBASE /NXCOMPAT /IMPLIB:"../../链接库/Ansi/GameService.lib" /MACHINE:X86 /SAFESEH /DLL Release\GameService.res
         Release\AndroidUserItem.obj
         Release\AndroidUserManager.obj
         Release\GamePropertyManager.obj
         Release\GameService.obj
         Release\ServerUserManager.obj
         Release\Stdafx.obj
         Release\UserTaskManager.obj
         "G:\网狐\整理的最新网狐框架\精华版全套\系统模块\链接库\Unicode\KernelEngine.lib"
     1>LINK : fatal error LNK1104: 无法打开文件“../../链接库/Ansi/KernelEngine.lib”
     1>已完成生成项目“G:\网狐\整理的最新网狐框架\精华版全套\系统模块\服务器组件\游戏服务\GameService.vcxproj”(Rebuild 个目标)的操作 - 失败。

生成失败。

已用时间 00:00:10.32
