  Stdafx.cpp
  Attribute.cpp
  SkinAttribute.cpp
g:\网狐\整理的最新网狐框架\系统模块\共享组件\界面控件\skinattribute.cpp(60): warning C4996: 'sscanf': This function or variable may be unsafe. Consider using sscanf_s instead. To disable deprecation, use _CRT_SECURE_NO_WARNINGS. See online help for details.
  c:\program files (x86)\windows kits\10\include\10.0.17763.0\ucrt\stdio.h(2263): note: 参见“sscanf”的声明
g:\网狐\整理的最新网狐框架\系统模块\共享组件\界面控件\skinattribute.cpp(74): warning C4996: 'sscanf': This function or variable may be unsafe. Consider using sscanf_s instead. To disable deprecation, use _CRT_SECURE_NO_WARNINGS. See online help for details.
  c:\program files (x86)\windows kits\10\include\10.0.17763.0\ucrt\stdio.h(2263): note: 参见“sscanf”的声明
g:\网狐\整理的最新网狐框架\系统模块\共享组件\界面控件\skinattribute.cpp(88): warning C4996: 'sscanf': This function or variable may be unsafe. Consider using sscanf_s instead. To disable deprecation, use _CRT_SECURE_NO_WARNINGS. See online help for details.
  c:\program files (x86)\windows kits\10\include\10.0.17763.0\ucrt\stdio.h(2263): note: 参见“sscanf”的声明
  SkinButton.cpp
  SkinControls.cpp
  SkinDialog.cpp
  SkinEdit.cpp
  SkinFrameWnd.cpp
  SkinHyperLink.cpp
  SkinImage.cpp
  SkinListCtrl.cpp
  SkinRenderManager.cpp
  SkinResourceManager.cpp
  SkinSplitter.cpp
  TransButton.cpp
  正在生成代码...
  SkinRichEdit.cpp
g:\网狐\整理的最新网狐框架\系统模块\共享组件\界面控件\skinrichedit.cpp(290): warning C4302: “类型强制转换”: 从“LPSTR”到“WORD”截断
  SkinWndObject.cpp
g:\网狐\整理的最新网狐框架\系统模块\共享组件\界面控件\skinwndobject.cpp(435): warning C4302: “类型强制转换”: 从“LPSTR”到“WORD”截断
C:\Program Files (x86)\Microsoft Visual Studio\2017\Community\Common7\IDE\VC\VCTargets\Microsoft.CppBuild.targets(1216,5): warning MSB8012: TargetPath(G:\网狐\整理的最新网狐框架\系统模块\共享组件\界面控件\Release\界面控件.dll) 与 Linker 的 OutputFile 属性值(G:\网狐\整理的最新网狐框架\系统模块\运行\Release\SkinControls.dll)不匹配。这可能导致项目生成不正确。若要更正此问题，请确保 $(OutDir)、$(TargetName) 和 $(TargetExt) 属性值与 %(Link.OutputFile) 中指定的值匹配。
C:\Program Files (x86)\Microsoft Visual Studio\2017\Community\Common7\IDE\VC\VCTargets\Microsoft.CppBuild.targets(1218,5): warning MSB8012: TargetName(界面控件) 与 Linker 的 OutputFile 属性值(SkinControls)不匹配。这可能导致项目生成不正确。若要更正此问题，请确保 $(OutDir)、$(TargetName) 和 $(TargetExt) 属性值与 %(Link.OutputFile) 中指定的值匹配。
    正在创建库 ../../链接库/SkinControls.lib 和对象 ../../链接库/SkinControls.exp
  SkinControls.vcxproj -> G:\网狐\整理的最新网狐框架\系统模块\共享组件\界面控件\Release\界面控件.dll
