g:\网狐\整理的最新网狐框架\系统模块\共享组件\界面控件\release\界面控件.pch
g:\网狐\整理的最新网狐框架\系统模块\共享组件\界面控件\release\vc141.pdb
g:\网狐\整理的最新网狐框架\系统模块\共享组件\界面控件\release\stdafx.obj
g:\网狐\整理的最新网狐框架\系统模块\共享组件\界面控件\release\transbutton.obj
g:\网狐\整理的最新网狐框架\系统模块\共享组件\界面控件\release\skinsplitter.obj
g:\网狐\整理的最新网狐框架\系统模块\共享组件\界面控件\release\skinresourcemanager.obj
g:\网狐\整理的最新网狐框架\系统模块\共享组件\界面控件\release\skinrendermanager.obj
g:\网狐\整理的最新网狐框架\系统模块\共享组件\界面控件\release\skinlistctrl.obj
g:\网狐\整理的最新网狐框架\系统模块\共享组件\界面控件\release\skinimage.obj
g:\网狐\整理的最新网狐框架\系统模块\共享组件\界面控件\release\skinhyperlink.obj
g:\网狐\整理的最新网狐框架\系统模块\共享组件\界面控件\release\skinframewnd.obj
g:\网狐\整理的最新网狐框架\系统模块\共享组件\界面控件\release\skinedit.obj
g:\网狐\整理的最新网狐框架\系统模块\共享组件\界面控件\release\skindialog.obj
g:\网狐\整理的最新网狐框架\系统模块\共享组件\界面控件\release\skincontrols.obj
g:\网狐\整理的最新网狐框架\系统模块\共享组件\界面控件\release\skinbutton.obj
g:\网狐\整理的最新网狐框架\系统模块\共享组件\界面控件\release\skinattribute.obj
g:\网狐\整理的最新网狐框架\系统模块\共享组件\界面控件\release\attribute.obj
g:\网狐\整理的最新网狐框架\系统模块\共享组件\界面控件\release\skinrichedit.obj
g:\网狐\整理的最新网狐框架\系统模块\共享组件\界面控件\release\skinwndobject.obj
g:\网狐\整理的最新网狐框架\系统模块\运行\release\skincontrols.dll
g:\网狐\整理的最新网狐框架\系统模块\共享组件\界面控件\release\skincontrols.pdb
g:\网狐\整理的最新网狐框架\系统模块\共享组件\界面控件\release\skincontrols.res
g:\网狐\整理的最新网狐框架\系统模块\链接库\skincontrols.lib
g:\网狐\整理的最新网狐框架\系统模块\链接库\skincontrols.exp
g:\网狐\整理的最新网狐框架\系统模块\共享组件\界面控件\release\界面控件.tlog\cl.command.1.tlog
g:\网狐\整理的最新网狐框架\系统模块\共享组件\界面控件\release\界面控件.tlog\cl.read.1.tlog
g:\网狐\整理的最新网狐框架\系统模块\共享组件\界面控件\release\界面控件.tlog\cl.write.1.tlog
g:\网狐\整理的最新网狐框架\系统模块\共享组件\界面控件\release\界面控件.tlog\link.command.1.tlog
g:\网狐\整理的最新网狐框架\系统模块\共享组件\界面控件\release\界面控件.tlog\link.read.1.tlog
g:\网狐\整理的最新网狐框架\系统模块\共享组件\界面控件\release\界面控件.tlog\link.write.1.tlog
g:\网狐\整理的最新网狐框架\系统模块\共享组件\界面控件\release\界面控件.tlog\rc.command.1.tlog
g:\网狐\整理的最新网狐框架\系统模块\共享组件\界面控件\release\界面控件.tlog\rc.read.1.tlog
g:\网狐\整理的最新网狐框架\系统模块\共享组件\界面控件\release\界面控件.tlog\rc.write.1.tlog
g:\网狐\整理的最新网狐框架\系统模块\共享组件\界面控件\release\界面控件.tlog\界面控件.write.1u.tlog
