生成启动时间为 2019/9/2 22:33:48。
     1>项目“G:\网狐\整理的最新网狐框架\精华版全套\系统模块\服务器组件\比赛服务\GameMatchServer.vcxproj”在节点 3 上(Build 个目标)。
     1>ClCompile:
         C:\Program Files (x86)\Microsoft Visual Studio 12.0\VC\bin\CL.exe /c /ZI /nologo /W3 /WX- /Od /Oy- /D WIN32 /D _WINDOWS /D _DEBUG /D _AFXEXT /D MATCH_SERVICE_DLL /D _WINDLL /D _MBCS /D _AFXDLL /Gm /EHsc /RTC1 /MDd /GS /fp:precise /Zc:wchar_t /Zc:forScope /Yc"stdafx.h" /Fp"Debug\比赛服务.pch" /Fo"Debug\\" /Fd"Debug\vc120.pdb" /Gd /TP /analyze- /errorReport:prompt Stdafx.cpp
         Stdafx.cpp
     1>c:\program files (x86)\microsoft visual studio 12.0\vc\atlmfc\include\afx.h(38): warning C4996: 'MBCS_Support_Deprecated_In_MFC': MBCS support in MFC is deprecated and may be removed in a future version of MFC.
                 c:\program files (x86)\microsoft visual studio 12.0\vc\atlmfc\include\afx.h(33) : 参见“MBCS_Support_Deprecated_In_MFC”的声明
         C:\Program Files (x86)\Microsoft Visual Studio 12.0\VC\bin\CL.exe /c /ZI /nologo /W3 /WX- /Od /Oy- /D WIN32 /D _WINDOWS /D _DEBUG /D _AFXEXT /D MATCH_SERVICE_DLL /D _WINDLL /D _MBCS /D _AFXDLL /Gm /EHsc /RTC1 /MDd /GS /fp:precise /Zc:wchar_t /Zc:forScope /Yu"stdafx.h" /Fp"Debug\比赛服务.pch" /Fo"Debug\\" /Fd"Debug\vc120.pdb" /Gd /TP /analyze- /errorReport:prompt DistributeManager.cpp GameMatchServer.cpp ImmediateGroup.cpp ImmediateMatch.cpp LockTimeMatch.cpp MatchServiceManager.cpp TableFrameHook.cpp
         TableFrameHook.cpp
         MatchServiceManager.cpp
         LockTimeMatch.cpp
     1>g:\网狐\整理的最新网狐框架\精华版全套\系统模块\服务器组件\比赛服务\locktimematch.cpp(1274): error C2664: “LPSTR lstrcpynA(LPSTR,LPCSTR,int)”: 无法将参数 2 从“WCHAR [32]”转换为“LPCSTR”
                 与指向的类型无关；转换要求 reinterpret_cast、C 样式转换或函数样式转换
     1>g:\网狐\整理的最新网狐框架\精华版全套\系统模块\服务器组件\比赛服务\locktimematch.cpp(2626): error C2664: “LPSTR lstrcpynA(LPSTR,LPCSTR,int)”: 无法将参数 2 从“WCHAR [32]”转换为“LPCSTR”
                 与指向的类型无关；转换要求 reinterpret_cast、C 样式转换或函数样式转换
         ImmediateMatch.cpp
     1>g:\网狐\整理的最新网狐框架\精华版全套\系统模块\服务器组件\比赛服务\immediatematch.cpp(585): error C2664: “LPSTR lstrcpynA(LPSTR,LPCSTR,int)”: 无法将参数 2 从“WCHAR [32]”转换为“LPCSTR”
                 与指向的类型无关；转换要求 reinterpret_cast、C 样式转换或函数样式转换
     1>g:\网狐\整理的最新网狐框架\精华版全套\系统模块\服务器组件\比赛服务\immediatematch.cpp(1422): error C2664: “LPSTR lstrcpynA(LPSTR,LPCSTR,int)”: 无法将参数 2 从“WCHAR [32]”转换为“LPCSTR”
                 与指向的类型无关；转换要求 reinterpret_cast、C 样式转换或函数样式转换
         ImmediateGroup.cpp
     1>g:\网狐\整理的最新网狐框架\精华版全套\系统模块\服务器组件\比赛服务\immediategroup.cpp(580): error C2664: “LPSTR lstrcpynA(LPSTR,LPCSTR,int)”: 无法将参数 2 从“WCHAR [32]”转换为“LPCSTR”
                 与指向的类型无关；转换要求 reinterpret_cast、C 样式转换或函数样式转换
         GameMatchServer.cpp
         DistributeManager.cpp
         正在生成代码...
     1>已完成生成项目“G:\网狐\整理的最新网狐框架\精华版全套\系统模块\服务器组件\比赛服务\GameMatchServer.vcxproj”(Build 个目标)的操作 - 失败。

生成失败。

已用时间 00:00:06.39
