g:\网狐\整理的最新网狐框架\系统模块\客户端组件\下载组件\release\下载组件.pch
g:\网狐\整理的最新网狐框架\系统模块\客户端组件\下载组件\release\vc141.pdb
g:\网狐\整理的最新网狐框架\系统模块\客户端组件\下载组件\release\stdafx.obj
g:\网狐\整理的最新网狐框架\系统模块\客户端组件\下载组件\release\downloadservice.obj
g:\网狐\整理的最新网狐框架\系统模块\客户端组件\下载组件\release\download.obj
g:\网狐\整理的最新网狐框架\系统模块\运行\release\download.dll
g:\网狐\整理的最新网狐框架\系统模块\客户端组件\下载组件\release\下载组件.pdb
g:\网狐\整理的最新网狐框架\系统模块\客户端组件\下载组件\release\download.res
g:\网狐\整理的最新网狐框架\系统模块\链接库\download.lib
g:\网狐\整理的最新网狐框架\系统模块\链接库\download.exp
g:\网狐\整理的最新网狐框架\系统模块\客户端组件\下载组件\release\下载组件.tlog\cl.command.1.tlog
g:\网狐\整理的最新网狐框架\系统模块\客户端组件\下载组件\release\下载组件.tlog\cl.read.1.tlog
g:\网狐\整理的最新网狐框架\系统模块\客户端组件\下载组件\release\下载组件.tlog\cl.write.1.tlog
g:\网狐\整理的最新网狐框架\系统模块\客户端组件\下载组件\release\下载组件.tlog\link.command.1.tlog
g:\网狐\整理的最新网狐框架\系统模块\客户端组件\下载组件\release\下载组件.tlog\link.read.1.tlog
g:\网狐\整理的最新网狐框架\系统模块\客户端组件\下载组件\release\下载组件.tlog\link.write.1.tlog
g:\网狐\整理的最新网狐框架\系统模块\客户端组件\下载组件\release\下载组件.tlog\rc.command.1.tlog
g:\网狐\整理的最新网狐框架\系统模块\客户端组件\下载组件\release\下载组件.tlog\rc.read.1.tlog
g:\网狐\整理的最新网狐框架\系统模块\客户端组件\下载组件\release\下载组件.tlog\rc.write.1.tlog
g:\网狐\整理的最新网狐框架\系统模块\客户端组件\下载组件\release\下载组件.tlog\下载组件.write.1u.tlog
