生成启动时间为 2019/9/14 17:01:36。
     1>项目“G:\网狐\整理的最新网狐框架\精华版全套\系统模块\服务器组件\比赛服务\GameMatchServer.vcxproj”在节点 5 上(Rebuild 个目标)。
     1>ClCompile:
         C:\Program Files (x86)\Microsoft Visual Studio 12.0\VC\bin\CL.exe /c /Zi /nologo /W3 /WX- /O2 /Oy- /D WIN32 /D _WINDOWS /D NDEBUG /D _AFXEXT /D MATCH_SERVICE_DLL /D _WINDLL /D _MBCS /D _AFXDLL /Gm- /EHsc /MD /GS /fp:precise /Zc:wchar_t /Zc:forScope /Yc"stdafx.h" /Fp"Release\比赛服务.pch" /Fo"Release\\" /Fd"Release\vc120.pdb" /Gd /TP /analyze- /errorReport:prompt Stdafx.cpp
         Stdafx.cpp
     1>C:\Program Files (x86)\Microsoft Visual Studio 12.0\VC\atlmfc\include\afx.h(38): warning C4996: 'MBCS_Support_Deprecated_In_MFC': MBCS support in MFC is deprecated and may be removed in a future version of MFC.
                 C:\Program Files (x86)\Microsoft Visual Studio 12.0\VC\atlmfc\include\afx.h(33) : 参见“MBCS_Support_Deprecated_In_MFC”的声明
         C:\Program Files (x86)\Microsoft Visual Studio 12.0\VC\bin\CL.exe /c /Zi /nologo /W3 /WX- /O2 /Oy- /D WIN32 /D _WINDOWS /D NDEBUG /D _AFXEXT /D MATCH_SERVICE_DLL /D _WINDLL /D _MBCS /D _AFXDLL /Gm- /EHsc /MD /GS /fp:precise /Zc:wchar_t /Zc:forScope /Yu"stdafx.h" /Fp"Release\比赛服务.pch" /Fo"Release\\" /Fd"Release\vc120.pdb" /Gd /TP /analyze- /errorReport:prompt DistributeManager.cpp GameMatchServer.cpp ImmediateGroup.cpp ImmediateMatch.cpp LockTimeMatch.cpp MatchServiceManager.cpp TableFrameHook.cpp
         DistributeManager.cpp
         GameMatchServer.cpp
         ImmediateGroup.cpp
     1>ImmediateGroup.cpp(580): error C2664: “LPSTR lstrcpynA(LPSTR,LPCSTR,int)”: 无法将参数 2 从“WCHAR [32]”转换为“LPCSTR”
                 与指向的类型无关；转换要求 reinterpret_cast、C 样式转换或函数样式转换
         ImmediateMatch.cpp
     1>ImmediateMatch.cpp(585): error C2664: “LPSTR lstrcpynA(LPSTR,LPCSTR,int)”: 无法将参数 2 从“WCHAR [32]”转换为“LPCSTR”
                 与指向的类型无关；转换要求 reinterpret_cast、C 样式转换或函数样式转换
     1>ImmediateMatch.cpp(1422): error C2664: “LPSTR lstrcpynA(LPSTR,LPCSTR,int)”: 无法将参数 2 从“WCHAR [32]”转换为“LPCSTR”
                 与指向的类型无关；转换要求 reinterpret_cast、C 样式转换或函数样式转换
         LockTimeMatch.cpp
     1>LockTimeMatch.cpp(1274): error C2664: “LPSTR lstrcpynA(LPSTR,LPCSTR,int)”: 无法将参数 2 从“WCHAR [32]”转换为“LPCSTR”
                 与指向的类型无关；转换要求 reinterpret_cast、C 样式转换或函数样式转换
     1>LockTimeMatch.cpp(2626): error C2664: “LPSTR lstrcpynA(LPSTR,LPCSTR,int)”: 无法将参数 2 从“WCHAR [32]”转换为“LPCSTR”
                 与指向的类型无关；转换要求 reinterpret_cast、C 样式转换或函数样式转换
         MatchServiceManager.cpp
         TableFrameHook.cpp
         正在生成代码...
     1>已完成生成项目“G:\网狐\整理的最新网狐框架\精华版全套\系统模块\服务器组件\比赛服务\GameMatchServer.vcxproj”(Rebuild 个目标)的操作 - 失败。

生成失败。

已用时间 00:00:05.34
