g:\网狐\happygamewh\纯净版服务端\系统模块\中间目录\游戏服务\debug\gameserviced.pch
g:\网狐\happygamewh\纯净版服务端\系统模块\中间目录\游戏服务\debug\vc141.pdb
g:\网狐\happygamewh\纯净版服务端\系统模块\中间目录\游戏服务\debug\vc141.idb
g:\网狐\happygamewh\纯净版服务端\系统模块\中间目录\游戏服务\debug\stdafx.obj
g:\网狐\happygamewh\纯净版服务端\系统模块\中间目录\游戏服务\debug\androiduseritem.obj
g:\网狐\happygamewh\纯净版服务端\系统模块\中间目录\游戏服务\debug\androidusermanager.obj
g:\网狐\happygamewh\纯净版服务端\系统模块\中间目录\游戏服务\debug\attemperenginesink.obj
g:\网狐\happygamewh\纯净版服务端\系统模块\中间目录\游戏服务\debug\databasesink.obj
g:\网狐\happygamewh\纯净版服务端\系统模块\中间目录\游戏服务\debug\gameservice.obj
g:\网狐\happygamewh\纯净版服务端\系统模块\中间目录\游戏服务\debug\serverlist.obj
g:\网狐\happygamewh\纯净版服务端\系统模块\中间目录\游戏服务\debug\serverusermanager.obj
g:\网狐\happygamewh\纯净版服务端\系统模块\中间目录\游戏服务\debug\tableframe.obj
g:\网狐\happygamewh\纯净版服务端\系统模块\运行\debug\gameserviced.ilk
g:\网狐\happygamewh\纯净版服务端\系统模块\运行\debug\gameserviced.dll
g:\网狐\happygamewh\纯净版服务端\系统模块\运行\debug\gameserviced.pdb
g:\网狐\happygamewh\纯净版服务端\系统模块\中间目录\游戏服务\debug\gameservice.res
g:\网狐\happygamewh\纯净版服务端\系统模块\链接库\gameserviced.lib
g:\网狐\happygamewh\纯净版服务端\系统模块\链接库\gameserviced.exp
g:\网狐\happygamewh\纯净版服务端\系统模块\中间目录\游戏服务\debug\msado15.tli
g:\网狐\happygamewh\纯净版服务端\系统模块\中间目录\游戏服务\debug\msado15.tlh
g:\网狐\happygamewh\纯净版服务端\系统模块\服务器组件\游戏服务\../../运行/debug/gameserviced.dll
g:\网狐\happygamewh\纯净版服务端\系统模块\中间目录\游戏服务\debug\游戏服务.tlog\cl.command.1.tlog
g:\网狐\happygamewh\纯净版服务端\系统模块\中间目录\游戏服务\debug\游戏服务.tlog\cl.read.1.tlog
g:\网狐\happygamewh\纯净版服务端\系统模块\中间目录\游戏服务\debug\游戏服务.tlog\cl.write.1.tlog
g:\网狐\happygamewh\纯净版服务端\系统模块\中间目录\游戏服务\debug\游戏服务.tlog\link.command.1.tlog
g:\网狐\happygamewh\纯净版服务端\系统模块\中间目录\游戏服务\debug\游戏服务.tlog\link.read.1.tlog
g:\网狐\happygamewh\纯净版服务端\系统模块\中间目录\游戏服务\debug\游戏服务.tlog\link.write.1.tlog
g:\网狐\happygamewh\纯净版服务端\系统模块\中间目录\游戏服务\debug\游戏服务.tlog\rc.command.1.tlog
g:\网狐\happygamewh\纯净版服务端\系统模块\中间目录\游戏服务\debug\游戏服务.tlog\rc.read.1.tlog
g:\网狐\happygamewh\纯净版服务端\系统模块\中间目录\游戏服务\debug\游戏服务.tlog\rc.write.1.tlog
g:\网狐\happygamewh\纯净版服务端\系统模块\中间目录\游戏服务\debug\游戏服务.tlog\游戏服务.write.1u.tlog
