生成启动时间为 2019/9/1 15:40:09。
     1>项目“G:\网狐\精华版全套\系统模块\客户端组件\游戏控件\ShareControl.vcxproj”在节点 3 上(Rebuild 个目标)。
     1>ClCompile:
         C:\Program Files (x86)\Microsoft Visual Studio 12.0\VC\bin\CL.exe /c /Zi /nologo /W3 /WX- /O2 /Oy- /D WIN32 /D _WINDOWS /D NDEBUG /D _AFXEXT /D SHARE_CONTROL_DLL /D _WINDLL /D _MBCS /D _AFXDLL /Gm- /EHsc /MD /GS /fp:precise /Zc:wchar_t /Zc:forScope /Yc"stdafx.h" /Fp"Release\游戏控件.pch" /Fo"Release\\" /Fd"Release\vc120.pdb" /Gd /TP /analyze- /errorReport:prompt Stdafx.cpp
         Stdafx.cpp
     1>C:\Program Files (x86)\Microsoft Visual Studio 12.0\VC\atlmfc\include\afx.h(38): warning C4996: 'MBCS_Support_Deprecated_In_MFC': MBCS support in MFC is deprecated and may be removed in a future version of MFC.
                 C:\Program Files (x86)\Microsoft Visual Studio 12.0\VC\atlmfc\include\afx.h(33) : 参见“MBCS_Support_Deprecated_In_MFC”的声明
         C:\Program Files (x86)\Microsoft Visual Studio 12.0\VC\bin\CL.exe /c /Zi /nologo /W3 /WX- /O2 /Oy- /D WIN32 /D _WINDOWS /D NDEBUG /D _AFXEXT /D SHARE_CONTROL_DLL /D _WINDLL /D _MBCS /D _AFXDLL /Gm- /EHsc /MD /GS /fp:precise /Zc:wchar_t /Zc:forScope /Yu"stdafx.h" /Fp"Release\游戏控件.pch" /Fo"Release\\" /Fd"Release\vc120.pdb" /Gd /TP /analyze- /errorReport:prompt DlgBrowser.cpp DlgTipControl.cpp Expression.cpp FlashControl.cpp Information.cpp MissionManager.cpp PasswordControl.cpp RichEditMessage.cpp ShareControl.cpp SystemTrayIcon.cpp UserInformation.cpp UserItemElement.cpp UserListControl.cpp webbrowser.CPP WebMessage.cpp WebPublicize.cpp WndChatControl.cpp
         DlgBrowser.cpp
         DlgTipControl.cpp
         Expression.cpp
         FlashControl.cpp
         Information.cpp
         MissionManager.cpp
     1>MissionManager.cpp(245): warning C4996: 'gethostbyname': Use getaddrinfo() or GetAddrInfoW() instead or define _WINSOCK_DEPRECATED_NO_WARNINGS to disable deprecated API warnings
                 C:\Program Files (x86)\Windows Kits\8.1\Include\um\winsock2.h(2238) : 参见“gethostbyname”的声明
     1>MissionManager.cpp(253): warning C4996: 'inet_addr': Use inet_pton() or InetPton() instead or define _WINSOCK_DEPRECATED_NO_WARNINGS to disable deprecated API warnings
                 C:\Program Files (x86)\Windows Kits\8.1\Include\um\winsock2.h(1850) : 参见“inet_addr”的声明
     1>MissionManager.cpp(262): warning C4996: 'inet_addr': Use inet_pton() or InetPton() instead or define _WINSOCK_DEPRECATED_NO_WARNINGS to disable deprecated API warnings
                 C:\Program Files (x86)\Windows Kits\8.1\Include\um\winsock2.h(1850) : 参见“inet_addr”的声明
     1>MissionManager.cpp(267): warning C4996: 'gethostbyname': Use getaddrinfo() or GetAddrInfoW() instead or define _WINSOCK_DEPRECATED_NO_WARNINGS to disable deprecated API warnings
                 C:\Program Files (x86)\Windows Kits\8.1\Include\um\winsock2.h(2238) : 参见“gethostbyname”的声明
     1>g:\网狐\精华版全套\系统模块\全局定义\Module.h(247): warning C4101: “pszError”: 未引用的局部变量
                 g:\网狐\精华版全套\系统模块\全局定义\Module.h(212): 编译类 模板 成员函数“bool CTempldateHelper<ITCPSocket>::CreateInstance(void)”时
                 MissionManager.cpp(138): 参见对正在编译的函数 模板 实例化“bool CTempldateHelper<ITCPSocket>::CreateInstance(void)”的引用
                 g:\网狐\精华版全套\系统模块\客户端组件\下载组件\..\..\客户端组件\网络服务\WHSocketHead.h(247): 参见对正在编译的类 模板 实例化“CTempldateHelper<ITCPSocket>”的引用
         PasswordControl.cpp
         RichEditMessage.cpp
         ShareControl.cpp
         SystemTrayIcon.cpp
         UserInformation.cpp
     1>UserInformation.cpp(91): warning C4996: '_snwprintf': This function or variable may be unsafe. Consider using _snwprintf_s instead. To disable deprecation, use _CRT_SECURE_NO_WARNINGS. See online help for details.
                 C:\Program Files (x86)\Microsoft Visual Studio 12.0\VC\include\stdio.h(477) : 参见“_snwprintf”的声明
     1>UserInformation.cpp(274): warning C4996: '_snwprintf': This function or variable may be unsafe. Consider using _snwprintf_s instead. To disable deprecation, use _CRT_SECURE_NO_WARNINGS. See online help for details.
                 C:\Program Files (x86)\Microsoft Visual Studio 12.0\VC\include\stdio.h(477) : 参见“_snwprintf”的声明
     1>UserInformation.cpp(290): warning C4996: '_snwprintf': This function or variable may be unsafe. Consider using _snwprintf_s instead. To disable deprecation, use _CRT_SECURE_NO_WARNINGS. See online help for details.
                 C:\Program Files (x86)\Microsoft Visual Studio 12.0\VC\include\stdio.h(477) : 参见“_snwprintf”的声明
         UserItemElement.cpp
         UserListControl.cpp
         webbrowser.CPP
         WebMessage.cpp
         WebPublicize.cpp
         WndChatControl.cpp
         正在生成代码...
       ResourceCompile:
         C:\Program Files (x86)\Windows Kits\8.1\bin\x86\rc.exe /D NDEBUG /D _AFXDLL /l"0x0804" /IRelease\ /nologo /fo"Release\ShareControl.res" ShareControl.rc 
     1>C:\Program Files (x86)\MSBuild\Microsoft.Cpp\v4.0\V120\Microsoft.CppBuild.targets(1193,5): warning MSB8012: TargetPath(G:\网狐\精华版全套\系统模块\客户端组件\游戏控件\Release\游戏控件.dll) does not match the Linker's OutputFile property value (G:\网狐\精华版全套\运行\Release\Ansi\ShareControl.dll). This may cause your project to build incorrectly. To correct this, please make sure that $(OutDir), $(TargetName) and $(TargetExt) property values match the value specified in %(Link.OutputFile).
     1>C:\Program Files (x86)\MSBuild\Microsoft.Cpp\v4.0\V120\Microsoft.CppBuild.targets(1195,5): warning MSB8012: TargetName(游戏控件) does not match the Linker's OutputFile property value (ShareControl). This may cause your project to build incorrectly. To correct this, please make sure that $(OutDir), $(TargetName) and $(TargetExt) property values match the value specified in %(Link.OutputFile).
       Link:
         C:\Program Files (x86)\Microsoft Visual Studio 12.0\VC\bin\link.exe /ERRORREPORT:PROMPT /OUT:"../../../运行/Release/Ansi/ShareControl.dll" /INCREMENTAL:NO /NOLOGO /DEF:".\ShareControl.def" /MANIFEST /MANIFESTUAC:"level='asInvoker' uiAccess='false'" /manifest:embed /manifestinput:"C:\Program Files (x86)\Microsoft Visual Studio 12.0\VC\Include\Manifest\dpiaware.manifest" /DEBUG /PDB:"Release\游戏控件.pdb" /SUBSYSTEM:WINDOWS /OPT:REF /OPT:ICF /TLBID:1 /DYNAMICBASE /NXCOMPAT /IMPLIB:"../../链接库/Ansi/ShareControl.lib" /MACHINE:X86 /SAFESEH /DLL Release\ShareControl.res
         Release\DlgBrowser.obj
         Release\DlgTipControl.obj
         Release\Expression.obj
         Release\FlashControl.obj
         Release\Information.obj
         Release\MissionManager.obj
         Release\PasswordControl.obj
         Release\RichEditMessage.obj
         Release\ShareControl.obj
         Release\Stdafx.obj
         Release\SystemTrayIcon.obj
         Release\UserInformation.obj
         Release\UserItemElement.obj
         Release\UserListControl.obj
         Release\webbrowser.obj
         Release\WebMessage.obj
         Release\WebPublicize.obj
         Release\WndChatControl.obj
         "G:\网狐\精华版全套\系统模块\链接库\Ansi\ServiceCore.lib"
         "G:\网狐\精华版全套\系统模块\链接库\Ansi\DownLoad.lib"
         "G:\网狐\精华版全套\系统模块\链接库\Ansi\WHImage.lib"
         "G:\网狐\精华版全套\系统模块\链接库\Ansi\SkinControl.lib"
            正在创建库 ../../链接库/Ansi/ShareControl.lib 和对象 ../../链接库/Ansi/ShareControl.exp
     1>DlgBrowser.obj : error LNK2001: 无法解析的外部符号 "public: virtual long __thiscall CFGuiDialog::CloseWindow(void)" (?CloseWindow@CFGuiDialog@@UAEJXZ)
     1>Information.obj : error LNK2001: 无法解析的外部符号 "public: virtual long __thiscall CFGuiDialog::CloseWindow(void)" (?CloseWindow@CFGuiDialog@@UAEJXZ)
     1>DlgBrowser.obj : error LNK2001: 无法解析的外部符号 "public: virtual int __thiscall CFGuiDialog::DoModal(void)" (?DoModal@CFGuiDialog@@UAEHXZ)
     1>Information.obj : error LNK2001: 无法解析的外部符号 "public: virtual int __thiscall CFGuiDialog::DoModal(void)" (?DoModal@CFGuiDialog@@UAEHXZ)
     1>DlgBrowser.obj : error LNK2001: 无法解析的外部符号 "public: virtual long __thiscall CFGuiDialog::HandleOnSizeMessage(unsigned int,unsigned int,long,int &)" (?HandleOnSizeMessage@CFGuiDialog@@UAEJIIJAAH@Z)
     1>Information.obj : error LNK2001: 无法解析的外部符号 "public: virtual long __thiscall CFGuiDialog::HandleOnSizeMessage(unsigned int,unsigned int,long,int &)" (?HandleOnSizeMessage@CFGuiDialog@@UAEJIIJAAH@Z)
     1>../../../运行/Release/Ansi/ShareControl.dll : fatal error LNK1120: 3 个无法解析的外部命令
     1>已完成生成项目“G:\网狐\精华版全套\系统模块\客户端组件\游戏控件\ShareControl.vcxproj”(Rebuild 个目标)的操作 - 失败。

生成失败。

已用时间 00:00:20.31
