g:\网狐\精华版全套\系统模块\客户端组件\游戏控件\release\游戏控件.pch
g:\网狐\精华版全套\系统模块\客户端组件\游戏控件\release\vc120.pdb
g:\网狐\精华版全套\系统模块\客户端组件\游戏控件\release\stdafx.obj
g:\网狐\精华版全套\系统模块\客户端组件\游戏控件\release\wndchatcontrol.obj
g:\网狐\精华版全套\系统模块\客户端组件\游戏控件\release\webpublicize.obj
g:\网狐\精华版全套\系统模块\客户端组件\游戏控件\release\webmessage.obj
g:\网狐\精华版全套\系统模块\客户端组件\游戏控件\release\webbrowser.obj
g:\网狐\精华版全套\系统模块\客户端组件\游戏控件\release\userlistcontrol.obj
g:\网狐\精华版全套\系统模块\客户端组件\游戏控件\release\useritemelement.obj
g:\网狐\精华版全套\系统模块\客户端组件\游戏控件\release\userinformation.obj
g:\网狐\精华版全套\系统模块\客户端组件\游戏控件\release\systemtrayicon.obj
g:\网狐\精华版全套\系统模块\客户端组件\游戏控件\release\sharecontrol.obj
g:\网狐\精华版全套\系统模块\客户端组件\游戏控件\release\richeditmessage.obj
g:\网狐\精华版全套\系统模块\客户端组件\游戏控件\release\passwordcontrol.obj
g:\网狐\精华版全套\系统模块\客户端组件\游戏控件\release\missionmanager.obj
g:\网狐\精华版全套\系统模块\客户端组件\游戏控件\release\information.obj
g:\网狐\精华版全套\系统模块\客户端组件\游戏控件\release\flashcontrol.obj
g:\网狐\精华版全套\系统模块\客户端组件\游戏控件\release\expression.obj
g:\网狐\精华版全套\系统模块\客户端组件\游戏控件\release\dlgtipcontrol.obj
g:\网狐\精华版全套\系统模块\客户端组件\游戏控件\release\dlgbrowser.obj
g:\网狐\精华版全套\系统模块\客户端组件\游戏控件\release\sharecontrol.res
g:\网狐\精华版全套\系统模块\客户端组件\游戏控件\release\flash.tli
g:\网狐\精华版全套\系统模块\客户端组件\游戏控件\release\flash.tlh
g:\网狐\精华版全套\系统模块\客户端组件\游戏控件\release\游戏控件.pdb
g:\网狐\精华版全套\系统模块\客户端组件\游戏控件\release\游戏控件.tlog\cl.command.1.tlog
g:\网狐\精华版全套\系统模块\客户端组件\游戏控件\release\游戏控件.tlog\cl.read.1.tlog
g:\网狐\精华版全套\系统模块\客户端组件\游戏控件\release\游戏控件.tlog\cl.write.1.tlog
g:\网狐\精华版全套\系统模块\客户端组件\游戏控件\release\游戏控件.tlog\link-cvtres.read.1.tlog
g:\网狐\精华版全套\系统模块\客户端组件\游戏控件\release\游戏控件.tlog\link-cvtres.write.1.tlog
g:\网狐\精华版全套\系统模块\客户端组件\游戏控件\release\游戏控件.tlog\link-mt.read.1.tlog
g:\网狐\精华版全套\系统模块\客户端组件\游戏控件\release\游戏控件.tlog\link-mt.write.1.tlog
g:\网狐\精华版全套\系统模块\客户端组件\游戏控件\release\游戏控件.tlog\link-rc.read.1.tlog
g:\网狐\精华版全套\系统模块\客户端组件\游戏控件\release\游戏控件.tlog\link-rc.write.1.tlog
g:\网狐\精华版全套\系统模块\客户端组件\游戏控件\release\游戏控件.tlog\link.command.1.tlog
g:\网狐\精华版全套\系统模块\客户端组件\游戏控件\release\游戏控件.tlog\link.read.1.tlog
g:\网狐\精华版全套\系统模块\客户端组件\游戏控件\release\游戏控件.tlog\link.write.1.tlog
g:\网狐\精华版全套\系统模块\客户端组件\游戏控件\release\游戏控件.tlog\rc.command.1.tlog
g:\网狐\精华版全套\系统模块\客户端组件\游戏控件\release\游戏控件.tlog\rc.read.1.tlog
g:\网狐\精华版全套\系统模块\客户端组件\游戏控件\release\游戏控件.tlog\rc.write.1.tlog
