e:\服务器\精华版服务器100\系统模块\服务器组件\聊天服务器\debug\聊天服务器.pch
e:\服务器\精华版服务器100\系统模块\服务器组件\聊天服务器\debug\vc120.pdb
e:\服务器\精华版服务器100\系统模块\服务器组件\聊天服务器\debug\vc120.idb
e:\服务器\精华版服务器100\系统模块\服务器组件\聊天服务器\debug\stdafx.obj
e:\服务器\精华版服务器100\系统模块\服务器组件\聊天服务器\debug\attemperenginesink.obj
e:\服务器\精华版服务器100\系统模块\服务器组件\聊天服务器\debug\chatserver.obj
e:\服务器\精华版服务器100\系统模块\服务器组件\聊天服务器\debug\chatserverdlg.obj
e:\服务器\精华版服务器100\系统模块\服务器组件\聊天服务器\debug\databaseenginesink.obj
e:\服务器\精华版服务器100\系统模块\服务器组件\聊天服务器\debug\initparameter.obj
e:\服务器\精华版服务器100\系统模块\服务器组件\聊天服务器\debug\serverusermanager.obj
e:\服务器\精华版服务器100\系统模块\服务器组件\聊天服务器\debug\serviceunits.obj
e:\服务器\精华版服务器100\运行\debug\ansi\chatserver.ilk
e:\服务器\精华版服务器100\运行\debug\ansi\chatserver.exe
e:\服务器\精华版服务器100\系统模块\服务器组件\聊天服务器\debug\聊天服务器.pdb
e:\服务器\精华版服务器100\系统模块\服务器组件\聊天服务器\debug\chatserver.res
g:\网狐\精华版全套\系统模块\服务器组件\聊天服务器\debug\msado15.tli
g:\网狐\精华版全套\系统模块\服务器组件\聊天服务器\debug\msado15.tlh
g:\网狐\精华版全套\系统模块\服务器组件\聊天服务器\debug\聊天服务器.tlog\cl.command.1.tlog
g:\网狐\精华版全套\系统模块\服务器组件\聊天服务器\debug\聊天服务器.tlog\cl.read.1.tlog
g:\网狐\精华版全套\系统模块\服务器组件\聊天服务器\debug\聊天服务器.tlog\cl.write.1.tlog
g:\网狐\精华版全套\系统模块\服务器组件\聊天服务器\debug\聊天服务器.tlog\link.command.1.tlog
g:\网狐\精华版全套\系统模块\服务器组件\聊天服务器\debug\聊天服务器.tlog\link.read.1.tlog
g:\网狐\精华版全套\系统模块\服务器组件\聊天服务器\debug\聊天服务器.tlog\link.write.1.tlog
g:\网狐\精华版全套\系统模块\服务器组件\聊天服务器\debug\聊天服务器.tlog\rc.command.1.tlog
g:\网狐\精华版全套\系统模块\服务器组件\聊天服务器\debug\聊天服务器.tlog\rc.read.1.tlog
g:\网狐\精华版全套\系统模块\服务器组件\聊天服务器\debug\聊天服务器.tlog\rc.write.1.tlog
