生成启动时间为 2019/9/5 8:28:47。
     1>项目“G:\网狐\整理的最新网狐框架\精华版全套\系统模块\游戏组件\斗地主_房卡版\服务器组件\GameServer.vcxproj”在节点 2 上(Rebuild 个目标)。
     1>ClCompile:
         C:\Program Files (x86)\Microsoft Visual Studio 12.0\VC\bin\CL.exe /c /Zi /nologo /W3 /WX- /O2 /Oy- /D WIN32 /D _WINDOWS /D NDEBUG /D _AFXEXT /D _UNICODE /D _WINDLL /D _UNICODE /D UNICODE /D _AFXDLL /Gm- /EHsc /MD /GS /fp:precise /Zc:wchar_t /Zc:forScope /Yc"stdafx.h" /Fp"Release_Unicode\游戏服务器.pch" /Fo"Release_Unicode\\" /Fd"Release_Unicode\vc120.pdb" /Gd /TP /analyze- /errorReport:prompt Stdafx.cpp
         Stdafx.cpp
         C:\Program Files (x86)\Microsoft Visual Studio 12.0\VC\bin\CL.exe /c /Zi /nologo /W3 /WX- /O2 /Oy- /D WIN32 /D _WINDOWS /D NDEBUG /D _AFXEXT /D _UNICODE /D _WINDLL /D _UNICODE /D UNICODE /D _AFXDLL /Gm- /EHsc /MD /GS /fp:precise /Zc:wchar_t /Zc:forScope /Fo"Release_Unicode\\" /Fd"Release_Unicode\vc120.pdb" /Gd /TP /analyze- /errorReport:prompt DlgCustomRule.cpp GameLogic.cpp GameServer.cpp GameServiceManager.cpp HistoryScore.cpp TableFrameSink.cpp
         DlgCustomRule.cpp
         GameLogic.cpp
         GameServer.cpp
         GameServiceManager.cpp
         HistoryScore.cpp
         TableFrameSink.cpp
         正在生成代码...
       ResourceCompile:
         C:\Program Files (x86)\Windows Kits\8.1\bin\x86\rc.exe /D NDEBUG /D _UNICODE /D UNICODE /D _AFXDLL /l"0x0804" /IRelease_Unicode\ /nologo /fo"Release_Unicode\GameServer.res" GameServer.rc 
     1>C:\Program Files (x86)\MSBuild\Microsoft.Cpp\v4.0\V120\Microsoft.CppBuild.targets(1193,5): warning MSB8012: TargetPath(G:\网狐\整理的最新网狐框架\精华版全套\系统模块\游戏组件\斗地主_房卡版\服务器组件\Release_Unicode\游戏服务器.dll) does not match the Linker's OutputFile property value (G:\网狐\整理的最新网狐框架\精华版全套\运行\Release\Unicode\LandServer.dll). This may cause your project to build incorrectly. To correct this, please make sure that $(OutDir), $(TargetName) and $(TargetExt) property values match the value specified in %(Link.OutputFile).
     1>C:\Program Files (x86)\MSBuild\Microsoft.Cpp\v4.0\V120\Microsoft.CppBuild.targets(1195,5): warning MSB8012: TargetName(游戏服务器) does not match the Linker's OutputFile property value (LandServer). This may cause your project to build incorrectly. To correct this, please make sure that $(OutDir), $(TargetName) and $(TargetExt) property values match the value specified in %(Link.OutputFile).
       Link:
         C:\Program Files (x86)\Microsoft Visual Studio 12.0\VC\bin\link.exe /ERRORREPORT:PROMPT /OUT:"../../../../运行/Release/Unicode/LandServer.dll" /INCREMENTAL:NO /NOLOGO /DEF:".\GameServer.def" /MANIFEST /MANIFESTUAC:"level='asInvoker' uiAccess='false'" /manifest:embed /manifestinput:"C:\Program Files (x86)\Microsoft Visual Studio 12.0\VC\Include\Manifest\dpiaware.manifest" /DEBUG /PDB:"Release_Unicode\游戏服务器.pdb" /SUBSYSTEM:WINDOWS /OPT:REF /OPT:ICF /TLBID:1 /DYNAMICBASE /NXCOMPAT /IMPLIB:"Release_Unicode\GameServer.lib" /MACHINE:X86 /SAFESEH /DLL Release_Unicode\GameServer.res
         Release_Unicode\DlgCustomRule.obj
         Release_Unicode\GameLogic.obj
         Release_Unicode\GameServer.obj
         Release_Unicode\GameServiceManager.obj
         Release_Unicode\HistoryScore.obj
         Release_Unicode\Stdafx.obj
         Release_Unicode\TableFrameSink.obj
            正在创建库 Release_Unicode\GameServer.lib 和对象 Release_Unicode\GameServer.exp
     1>GameServer.exp : warning LNK4070: .EXP 中的 /OUT:GameServer.dll 指令与输出文件名“../../../../运行/Release/Unicode/LandServer.dll”不同；忽略指令
         GameServer.vcxproj -> G:\网狐\整理的最新网狐框架\精华版全套\系统模块\游戏组件\斗地主_房卡版\服务器组件\Release_Unicode\游戏服务器.dll
     1>已完成生成项目“G:\网狐\整理的最新网狐框架\精华版全套\系统模块\游戏组件\斗地主_房卡版\服务器组件\GameServer.vcxproj”(Rebuild 个目标)的操作。

生成成功。

已用时间 00:00:10.07
