cl : 命令行 warning D9035: “Gm”选项已否决，并将在将来的版本中移除
  Stdafx.cpp
cl : 命令行 warning D9035: “Gm”选项已否决，并将在将来的版本中移除
  WinFileInfo.cpp
g:\网狐\happygamewh\纯净版服务端\系统模块\共享组件\公共服务\winfileinfo.cpp(60): warning C4996: '_snprintf': This function or variable may be unsafe. Consider using _snprintf_s instead. To disable deprecation, use _CRT_SECURE_NO_WARNINGS. See online help for details.
  c:\program files (x86)\windows kits\10\include\10.0.10240.0\ucrt\stdio.h(1952): note: 参见“_snprintf”的声明
  WebBrowser.cpp
  ServiceThread.cpp
  HtmlBrowser.cpp
  Encrypt.cpp
g:\网狐\happygamewh\纯净版服务端\系统模块\共享组件\公共服务\encrypt.cpp(288): warning C4996: 'sprintf': This function or variable may be unsafe. Consider using sprintf_s instead. To disable deprecation, use _CRT_SECURE_NO_WARNINGS. See online help for details.
  c:\program files (x86)\windows kits\10\include\10.0.10240.0\ucrt\stdio.h(1769): note: 参见“sprintf”的声明
g:\网狐\happygamewh\纯净版服务端\系统模块\共享组件\公共服务\encrypt.cpp(319): warning C4996: '_snprintf': This function or variable may be unsafe. Consider using _snprintf_s instead. To disable deprecation, use _CRT_SECURE_NO_WARNINGS. See online help for details.
  c:\program files (x86)\windows kits\10\include\10.0.10240.0\ucrt\stdio.h(1952): note: 参见“_snprintf”的声明
  DataQueue.cpp
  ComService.cpp
  正在生成代码...
ComService.obj : warning LNK4075: 忽略“/EDITANDCONTINUE”(由于“/SAFESEH”规范)
    正在创建库 ../../链接库/ComServiceD.lib 和对象 ../../链接库/ComServiceD.exp
  ComService.vcxproj -> G:\网狐\HappyGameWH\纯净版服务端\系统模块\共享组件\公共服务\../../运行/Debug/ComServiceD.dll
  子目录或文件 ..\..\发布组件\服务器组件\Debug 已经存在。
  子目录或文件 ..\..\发布组件\客户端组件\Debug 已经存在。
  已复制         1 个文件。
  已复制         1 个文件。
