cl : 命令行 warning D9035: “Gm”选项已否决，并将在将来的版本中移除
  Stdafx.cpp
cl : 命令行 warning D9035: “Gm”选项已否决，并将在将来的版本中移除
  TransButton.cpp
  SkinSplitter.cpp
  SkinResourceManager.cpp
  SkinRenderManager.cpp
  SkinListCtrl.cpp
  SkinImage.cpp
  SkinHyperLink.cpp
  SkinFrameWnd.cpp
  SkinEdit.cpp
  SkinDialog.cpp
  SkinControls.cpp
  SkinButton.cpp
  SkinAttribute.cpp
g:\网狐\开发的模块\客户端\系统模块\共享组件\界面控件\skinattribute.cpp(60): warning C4996: 'sscanf': This function or variable may be unsafe. Consider using sscanf_s instead. To disable deprecation, use _CRT_SECURE_NO_WARNINGS. See online help for details.
  c:\program files (x86)\windows kits\10\include\10.0.17763.0\ucrt\stdio.h(2263): note: 参见“sscanf”的声明
g:\网狐\开发的模块\客户端\系统模块\共享组件\界面控件\skinattribute.cpp(74): warning C4996: 'sscanf': This function or variable may be unsafe. Consider using sscanf_s instead. To disable deprecation, use _CRT_SECURE_NO_WARNINGS. See online help for details.
  c:\program files (x86)\windows kits\10\include\10.0.17763.0\ucrt\stdio.h(2263): note: 参见“sscanf”的声明
g:\网狐\开发的模块\客户端\系统模块\共享组件\界面控件\skinattribute.cpp(88): warning C4996: 'sscanf': This function or variable may be unsafe. Consider using sscanf_s instead. To disable deprecation, use _CRT_SECURE_NO_WARNINGS. See online help for details.
  c:\program files (x86)\windows kits\10\include\10.0.17763.0\ucrt\stdio.h(2263): note: 参见“sscanf”的声明
  Attribute.cpp
  正在生成代码...
cl : 命令行 warning D9035: “Gm”选项已否决，并将在将来的版本中移除
  SkinRichEdit.cpp
g:\网狐\开发的模块\客户端\系统模块\共享组件\界面控件\skinrichedit.cpp(290): warning C4302: “类型强制转换”: 从“LPSTR”到“WORD”截断
cl : 命令行 warning D9035: “Gm”选项已否决，并将在将来的版本中移除
  SkinWndObject.cpp
g:\网狐\开发的模块\客户端\系统模块\共享组件\界面控件\skinwndobject.cpp(435): warning C4302: “类型强制转换”: 从“LPSTR”到“WORD”截断
Attribute.obj : warning LNK4075: 忽略“/EDITANDCONTINUE”(由于“/SAFESEH”规范)
    正在创建库 Debug\界面控件.lib 和对象 Debug\界面控件.exp
LINK : warning LNK4232: 名称 界面控件.dll 包含非 ASCII 字符，在具有除 936 以外的 ANSI 代码页的系统上可能不能加载 DLL
LINK : warning LNK4098: 默认库“MSVCRT”与其他库的使用冲突；请使用 /NODEFAULTLIB:library
  SkinControls.vcxproj -> G:\网狐\开发的模块\客户端\系统模块\共享组件\界面控件\Debug\界面控件.dll
