g:\网狐\开发的模块\客户端\系统模块\公共组件\界面控件\debug\界面控件.pch
g:\网狐\开发的模块\客户端\系统模块\公共组件\界面控件\debug\vc141.pdb
g:\网狐\开发的模块\客户端\系统模块\公共组件\界面控件\debug\vc141.idb
g:\网狐\开发的模块\客户端\系统模块\公共组件\界面控件\debug\stdafx.obj
g:\网狐\开发的模块\客户端\系统模块\公共组件\界面控件\debug\attribute.obj
g:\网狐\开发的模块\客户端\系统模块\公共组件\界面控件\debug\skinattribute.obj
g:\网狐\开发的模块\客户端\系统模块\公共组件\界面控件\debug\skinbutton.obj
g:\网狐\开发的模块\客户端\系统模块\公共组件\界面控件\debug\skincontrols.obj
g:\网狐\开发的模块\客户端\系统模块\公共组件\界面控件\debug\skindialog.obj
g:\网狐\开发的模块\客户端\系统模块\公共组件\界面控件\debug\skinedit.obj
g:\网狐\开发的模块\客户端\系统模块\公共组件\界面控件\debug\skinframewnd.obj
g:\网狐\开发的模块\客户端\系统模块\公共组件\界面控件\debug\skinhyperlink.obj
g:\网狐\开发的模块\客户端\系统模块\公共组件\界面控件\debug\skinimage.obj
g:\网狐\开发的模块\客户端\系统模块\公共组件\界面控件\debug\skinlistctrl.obj
g:\网狐\开发的模块\客户端\系统模块\公共组件\界面控件\debug\skinrendermanager.obj
g:\网狐\开发的模块\客户端\系统模块\公共组件\界面控件\debug\skinresourcemanager.obj
g:\网狐\开发的模块\客户端\系统模块\公共组件\界面控件\debug\skinsplitter.obj
g:\网狐\开发的模块\客户端\系统模块\公共组件\界面控件\debug\transbutton.obj
g:\网狐\开发的模块\客户端\系统模块\公共组件\界面控件\debug\skinrichedit.obj
g:\网狐\开发的模块\客户端\系统模块\公共组件\界面控件\debug\skinwndobject.obj
g:\网狐\开发的模块\客户端\系统模块\公共组件\界面控件\debug\界面控件.ilk
g:\网狐\开发的模块\客户端\系统模块\公共组件\界面控件\debug\界面控件.dll
g:\网狐\开发的模块\客户端\系统模块\公共组件\界面控件\debug\skincontrols.pdb
g:\网狐\开发的模块\客户端\系统模块\公共组件\界面控件\debug\skincontrols.res
g:\网狐\开发的模块\客户端\系统模块\公共组件\界面控件\debug\界面控件.lib
g:\网狐\开发的模块\客户端\系统模块\公共组件\界面控件\debug\界面控件.exp
g:\网狐\开发的模块\客户端\系统模块\共享组件\界面控件\debug\attribute.obj
g:\网狐\开发的模块\客户端\系统模块\共享组件\界面控件\debug\skinattribute.obj
g:\网狐\开发的模块\客户端\系统模块\共享组件\界面控件\debug\skinbutton.obj
g:\网狐\开发的模块\客户端\系统模块\共享组件\界面控件\debug\skincontrols.obj
g:\网狐\开发的模块\客户端\系统模块\共享组件\界面控件\debug\skindialog.obj
g:\网狐\开发的模块\客户端\系统模块\共享组件\界面控件\debug\skinedit.obj
g:\网狐\开发的模块\客户端\系统模块\共享组件\界面控件\debug\skinframewnd.obj
g:\网狐\开发的模块\客户端\系统模块\共享组件\界面控件\debug\skinhyperlink.obj
g:\网狐\开发的模块\客户端\系统模块\共享组件\界面控件\debug\skinimage.obj
g:\网狐\开发的模块\客户端\系统模块\共享组件\界面控件\debug\skinlistctrl.obj
g:\网狐\开发的模块\客户端\系统模块\共享组件\界面控件\debug\skinrendermanager.obj
g:\网狐\开发的模块\客户端\系统模块\共享组件\界面控件\debug\skinresourcemanager.obj
g:\网狐\开发的模块\客户端\系统模块\共享组件\界面控件\debug\skinrichedit.obj
g:\网狐\开发的模块\客户端\系统模块\共享组件\界面控件\debug\skinsplitter.obj
g:\网狐\开发的模块\客户端\系统模块\共享组件\界面控件\debug\skinwndobject.obj
g:\网狐\开发的模块\客户端\系统模块\共享组件\界面控件\debug\stdafx.obj
g:\网狐\开发的模块\客户端\系统模块\共享组件\界面控件\debug\transbutton.obj
g:\网狐\开发的模块\客户端\系统模块\共享组件\界面控件\debug\界面控件.ilk
g:\网狐\开发的模块\客户端\系统模块\共享组件\界面控件\debug\skincontrols.res
g:\网狐\开发的模块\客户端\系统模块\共享组件\界面控件\debug\界面控件.pch
g:\网狐\开发的模块\客户端\系统模块\共享组件\界面控件\debug\界面控件.exp
g:\网狐\开发的模块\客户端\系统模块\共享组件\界面控件\debug\vc141.idb
g:\网狐\开发的模块\客户端\系统模块\共享组件\界面控件\debug\skincontrols.pdb
g:\网狐\开发的模块\客户端\系统模块\共享组件\界面控件\debug\vc141.pdb
g:\网狐\开发的模块\客户端\系统模块\共享组件\界面控件\debug\界面控件.dll
g:\网狐\开发的模块\客户端\系统模块\共享组件\界面控件\debug\界面控件.tlog\cl.command.1.tlog
g:\网狐\开发的模块\客户端\系统模块\共享组件\界面控件\debug\界面控件.tlog\cl.read.1.tlog
g:\网狐\开发的模块\客户端\系统模块\共享组件\界面控件\debug\界面控件.tlog\cl.write.1.tlog
g:\网狐\开发的模块\客户端\系统模块\共享组件\界面控件\debug\界面控件.tlog\link.command.1.tlog
g:\网狐\开发的模块\客户端\系统模块\共享组件\界面控件\debug\界面控件.tlog\link.read.1.tlog
g:\网狐\开发的模块\客户端\系统模块\共享组件\界面控件\debug\界面控件.tlog\link.write.1.tlog
g:\网狐\开发的模块\客户端\系统模块\共享组件\界面控件\debug\界面控件.tlog\rc.command.1.tlog
g:\网狐\开发的模块\客户端\系统模块\共享组件\界面控件\debug\界面控件.tlog\rc.read.1.tlog
g:\网狐\开发的模块\客户端\系统模块\共享组件\界面控件\debug\界面控件.tlog\rc.write.1.tlog
g:\网狐\开发的模块\客户端\系统模块\共享组件\界面控件\debug\界面控件.tlog\界面控件.write.1u.tlog
