g:\网狐\整理的最新网狐框架\精华版全套\系统模块\游戏组件\斗地主_房卡版\服务器组件\release_unicode\游戏服务器.pch
g:\网狐\整理的最新网狐框架\精华版全套\系统模块\游戏组件\斗地主_房卡版\服务器组件\release_unicode\vc120.pdb
g:\网狐\整理的最新网狐框架\精华版全套\系统模块\游戏组件\斗地主_房卡版\服务器组件\release_unicode\stdafx.obj
g:\网狐\整理的最新网狐框架\精华版全套\系统模块\游戏组件\斗地主_房卡版\服务器组件\release_unicode\tableframesink.obj
g:\网狐\整理的最新网狐框架\精华版全套\系统模块\游戏组件\斗地主_房卡版\服务器组件\release_unicode\historyscore.obj
g:\网狐\整理的最新网狐框架\精华版全套\系统模块\游戏组件\斗地主_房卡版\服务器组件\release_unicode\gameservicemanager.obj
g:\网狐\整理的最新网狐框架\精华版全套\系统模块\游戏组件\斗地主_房卡版\服务器组件\release_unicode\gameserver.obj
g:\网狐\整理的最新网狐框架\精华版全套\系统模块\游戏组件\斗地主_房卡版\服务器组件\release_unicode\gamelogic.obj
g:\网狐\整理的最新网狐框架\精华版全套\系统模块\游戏组件\斗地主_房卡版\服务器组件\release_unicode\dlgcustomrule.obj
g:\网狐\整理的最新网狐框架\精华版全套\运行\release\unicode\landserver.dll
g:\网狐\整理的最新网狐框架\精华版全套\系统模块\游戏组件\斗地主_房卡版\服务器组件\release_unicode\游戏服务器.pdb
g:\网狐\整理的最新网狐框架\精华版全套\系统模块\游戏组件\斗地主_房卡版\服务器组件\release_unicode\gameserver.res
g:\网狐\整理的最新网狐框架\精华版全套\系统模块\游戏组件\斗地主_房卡版\服务器组件\release_unicode\gameserver.lib
g:\网狐\整理的最新网狐框架\精华版全套\系统模块\游戏组件\斗地主_房卡版\服务器组件\release_unicode\gameserver.exp
g:\网狐\整理的最新网狐框架\精华版全套\系统模块\游戏组件\斗地主_房卡版\服务器组件\release_unicode\msado15.tli
g:\网狐\整理的最新网狐框架\精华版全套\系统模块\游戏组件\斗地主_房卡版\服务器组件\release_unicode\msado15.tlh
g:\网狐\整理的最新网狐框架\精华版全套\系统模块\游戏组件\斗地主_房卡版\服务器组件\release_unicode\游戏服务器.tlog\cl.command.1.tlog
g:\网狐\整理的最新网狐框架\精华版全套\系统模块\游戏组件\斗地主_房卡版\服务器组件\release_unicode\游戏服务器.tlog\cl.read.1.tlog
g:\网狐\整理的最新网狐框架\精华版全套\系统模块\游戏组件\斗地主_房卡版\服务器组件\release_unicode\游戏服务器.tlog\cl.write.1.tlog
g:\网狐\整理的最新网狐框架\精华版全套\系统模块\游戏组件\斗地主_房卡版\服务器组件\release_unicode\游戏服务器.tlog\link.command.1.tlog
g:\网狐\整理的最新网狐框架\精华版全套\系统模块\游戏组件\斗地主_房卡版\服务器组件\release_unicode\游戏服务器.tlog\link.read.1.tlog
g:\网狐\整理的最新网狐框架\精华版全套\系统模块\游戏组件\斗地主_房卡版\服务器组件\release_unicode\游戏服务器.tlog\link.write.1.tlog
g:\网狐\整理的最新网狐框架\精华版全套\系统模块\游戏组件\斗地主_房卡版\服务器组件\release_unicode\游戏服务器.tlog\rc.command.1.tlog
g:\网狐\整理的最新网狐框架\精华版全套\系统模块\游戏组件\斗地主_房卡版\服务器组件\release_unicode\游戏服务器.tlog\rc.read.1.tlog
g:\网狐\整理的最新网狐框架\精华版全套\系统模块\游戏组件\斗地主_房卡版\服务器组件\release_unicode\游戏服务器.tlog\rc.write.1.tlog
g:\网狐\整理的最新网狐框架\精华版全套\系统模块\游戏组件\斗地主_房卡版\服务器组件\release_unicode\游戏服务器.tlog\游戏服务器.write.1u.tlog
