cl : 命令行 warning D9035: “Gm”选项已否决，并将在将来的版本中移除
  Stdafx.cpp
cl : 命令行 warning D9035: “Gm”选项已否决，并将在将来的版本中移除
  InitParamter.cpp
g:\网狐\happygamewh\纯净版服务端\系统模块\服务器组件\中心服务器\initparamter.cpp(44): warning C4996: '_snprintf': This function or variable may be unsafe. Consider using _snprintf_s instead. To disable deprecation, use _CRT_SECURE_NO_WARNINGS. See online help for details.
  c:\program files (x86)\windows kits\10\include\10.0.10240.0\ucrt\stdio.h(1952): note: 参见“_snprintf”的声明
g:\网狐\happygamewh\纯净版服务端\系统模块\服务器组件\中心服务器\initparamter.cpp(126): warning C4996: '_snprintf': This function or variable may be unsafe. Consider using _snprintf_s instead. To disable deprecation, use _CRT_SECURE_NO_WARNINGS. See online help for details.
  c:\program files (x86)\windows kits\10\include\10.0.10240.0\ucrt\stdio.h(1952): note: 参见“_snprintf”的声明
  DataBaseSink.cpp
  CenterService.cpp
g:\网狐\happygamewh\纯净版服务端\系统模块\模板库\module.h(224): warning C4996: '_snprintf': This function or variable may be unsafe. Consider using _snprintf_s instead. To disable deprecation, use _CRT_SECURE_NO_WARNINGS. See online help for details.
  c:\program files (x86)\windows kits\10\include\10.0.10240.0\ucrt\stdio.h(1952): note: 参见“_snprintf”的声明
  g:\网狐\happygamewh\纯净版服务端\系统模块\模板库\module.h(209): note: 编译 类 模板 成员函数 "bool CTempldateHelper<IDataBaseEngine>::CreateInstance(void)" 时
  g:\网狐\happygamewh\纯净版服务端\系统模块\服务器组件\中心服务器\centerservice.cpp(38): note: 参见对正在编译的函数 模板 实例化“bool CTempldateHelper<IDataBaseEngine>::CreateInstance(void)”的引用
  c:\program files (x86)\microsoft visual studio\2017\community\vc\tools\msvc\14.16.27023\atlmfc\include\afxtempl.h(965): note: 编译 类 模板 成员函数 "POSITION CList<IControlSiteFactory *,IControlSiteFactory *>::AddTail(ARG_TYPE)" 时
          with
          [
              ARG_TYPE=IControlSiteFactory *
          ]
  c:\program files (x86)\microsoft visual studio\2017\community\vc\tools\msvc\14.16.27023\atlmfc\include\afxtempl.h(1196): note: 参见对正在编译的函数 模板 实例化“POSITION CList<IControlSiteFactory *,IControlSiteFactory *>::AddTail(ARG_TYPE)”的引用
          with
          [
              ARG_TYPE=IControlSiteFactory *
          ]
  c:\program files (x86)\microsoft visual studio\2017\community\vc\tools\msvc\14.16.27023\atlmfc\include\afxtempl.h(878): note: 编译 类 模板 成员函数 "CList<IControlSiteFactory *,IControlSiteFactory *>::~CList(void)" 时
  c:\program files (x86)\microsoft visual studio\2017\community\vc\tools\msvc\14.16.27023\atlmfc\include\afxocc.h(64): note: 参见对正在编译的 类 模板 实例化 "CList<IControlSiteFactory *,IControlSiteFactory *>" 的引用
g:\网狐\happygamewh\纯净版服务端\系统模块\模板库\module.h(232): warning C4996: '_snprintf': This function or variable may be unsafe. Consider using _snprintf_s instead. To disable deprecation, use _CRT_SECURE_NO_WARNINGS. See online help for details.
  c:\program files (x86)\windows kits\10\include\10.0.10240.0\ucrt\stdio.h(1952): note: 参见“_snprintf”的声明
g:\网狐\happygamewh\纯净版服务端\系统模块\模板库\module.h(240): warning C4996: '_snprintf': This function or variable may be unsafe. Consider using _snprintf_s instead. To disable deprecation, use _CRT_SECURE_NO_WARNINGS. See online help for details.
  c:\program files (x86)\windows kits\10\include\10.0.10240.0\ucrt\stdio.h(1952): note: 参见“_snprintf”的声明
g:\网狐\happygamewh\纯净版服务端\系统模块\模板库\module.h(246): warning C4996: '_snprintf': This function or variable may be unsafe. Consider using _snprintf_s instead. To disable deprecation, use _CRT_SECURE_NO_WARNINGS. See online help for details.
  c:\program files (x86)\windows kits\10\include\10.0.10240.0\ucrt\stdio.h(1952): note: 参见“_snprintf”的声明
g:\网狐\happygamewh\纯净版服务端\系统模块\模板库\module.h(251): warning C4996: '_snprintf': This function or variable may be unsafe. Consider using _snprintf_s instead. To disable deprecation, use _CRT_SECURE_NO_WARNINGS. See online help for details.
  c:\program files (x86)\windows kits\10\include\10.0.10240.0\ucrt\stdio.h(1952): note: 参见“_snprintf”的声明
  CenterServerDlg.cpp
g:\网狐\happygamewh\纯净版服务端\系统模块\服务器组件\中心服务器\centerserverdlg.cpp(62): warning C4996: 'inet_addr': Use inet_pton() or InetPton() instead or define _WINSOCK_DEPRECATED_NO_WARNINGS to disable deprecated API warnings
  c:\program files (x86)\windows kits\8.1\include\um\winsock2.h(1850): note: 参见“inet_addr”的声明
g:\网狐\happygamewh\纯净版服务端\系统模块\服务器组件\中心服务器\centerserverdlg.cpp(65): warning C4996: 'gethostbyname': Use getaddrinfo() or GetAddrInfoW() instead or define _WINSOCK_DEPRECATED_NO_WARNINGS to disable deprecated API warnings
  c:\program files (x86)\windows kits\8.1\include\um\winsock2.h(2238): note: 参见“gethostbyname”的声明
g:\网狐\happygamewh\纯净版服务端\系统模块\服务器组件\中心服务器\centerserverdlg.cpp(92): warning C4996: '_snprintf': This function or variable may be unsafe. Consider using _snprintf_s instead. To disable deprecation, use _CRT_SECURE_NO_WARNINGS. See online help for details.
  c:\program files (x86)\windows kits\10\include\10.0.10240.0\ucrt\stdio.h(1952): note: 参见“_snprintf”的声明
  CenterServer.cpp
  AttemperEngineSink.cpp
g:\网狐\happygamewh\纯净版服务端\系统模块\服务器组件\中心服务器\attemperenginesink.cpp(50): warning C4996: 'inet_addr': Use inet_pton() or InetPton() instead or define _WINSOCK_DEPRECATED_NO_WARNINGS to disable deprecated API warnings
  c:\program files (x86)\windows kits\8.1\include\um\winsock2.h(1850): note: 参见“inet_addr”的声明
g:\网狐\happygamewh\纯净版服务端\系统模块\模板库\module.h(224): warning C4996: '_snprintf': This function or variable may be unsafe. Consider using _snprintf_s instead. To disable deprecation, use _CRT_SECURE_NO_WARNINGS. See online help for details.
  c:\program files (x86)\windows kits\10\include\10.0.10240.0\ucrt\stdio.h(1952): note: 参见“_snprintf”的声明
  g:\网狐\happygamewh\纯净版服务端\系统模块\模板库\module.h(209): note: 编译 类 模板 成员函数 "bool CTempldateHelper<IServerListCenter>::CreateInstance(void)" 时
  g:\网狐\happygamewh\纯净版服务端\系统模块\服务器组件\中心服务器\attemperenginesink.cpp(41): note: 参见对正在编译的函数 模板 实例化“bool CTempldateHelper<IServerListCenter>::CreateInstance(void)”的引用
  c:\program files (x86)\microsoft visual studio\2017\community\vc\tools\msvc\14.16.27023\atlmfc\include\afxtempl.h(965): note: 编译 类 模板 成员函数 "POSITION CList<IControlSiteFactory *,IControlSiteFactory *>::AddTail(ARG_TYPE)" 时
          with
          [
              ARG_TYPE=IControlSiteFactory *
          ]
  c:\program files (x86)\microsoft visual studio\2017\community\vc\tools\msvc\14.16.27023\atlmfc\include\afxtempl.h(1196): note: 参见对正在编译的函数 模板 实例化“POSITION CList<IControlSiteFactory *,IControlSiteFactory *>::AddTail(ARG_TYPE)”的引用
          with
          [
              ARG_TYPE=IControlSiteFactory *
          ]
  c:\program files (x86)\microsoft visual studio\2017\community\vc\tools\msvc\14.16.27023\atlmfc\include\afxtempl.h(878): note: 编译 类 模板 成员函数 "CList<IControlSiteFactory *,IControlSiteFactory *>::~CList(void)" 时
  c:\program files (x86)\microsoft visual studio\2017\community\vc\tools\msvc\14.16.27023\atlmfc\include\afxocc.h(64): note: 参见对正在编译的 类 模板 实例化 "CList<IControlSiteFactory *,IControlSiteFactory *>" 的引用
g:\网狐\happygamewh\纯净版服务端\系统模块\模板库\module.h(232): warning C4996: '_snprintf': This function or variable may be unsafe. Consider using _snprintf_s instead. To disable deprecation, use _CRT_SECURE_NO_WARNINGS. See online help for details.
  c:\program files (x86)\windows kits\10\include\10.0.10240.0\ucrt\stdio.h(1952): note: 参见“_snprintf”的声明
g:\网狐\happygamewh\纯净版服务端\系统模块\模板库\module.h(240): warning C4996: '_snprintf': This function or variable may be unsafe. Consider using _snprintf_s instead. To disable deprecation, use _CRT_SECURE_NO_WARNINGS. See online help for details.
  c:\program files (x86)\windows kits\10\include\10.0.10240.0\ucrt\stdio.h(1952): note: 参见“_snprintf”的声明
g:\网狐\happygamewh\纯净版服务端\系统模块\模板库\module.h(246): warning C4996: '_snprintf': This function or variable may be unsafe. Consider using _snprintf_s instead. To disable deprecation, use _CRT_SECURE_NO_WARNINGS. See online help for details.
  c:\program files (x86)\windows kits\10\include\10.0.10240.0\ucrt\stdio.h(1952): note: 参见“_snprintf”的声明
g:\网狐\happygamewh\纯净版服务端\系统模块\模板库\module.h(251): warning C4996: '_snprintf': This function or variable may be unsafe. Consider using _snprintf_s instead. To disable deprecation, use _CRT_SECURE_NO_WARNINGS. See online help for details.
  c:\program files (x86)\windows kits\10\include\10.0.10240.0\ucrt\stdio.h(1952): note: 参见“_snprintf”的声明
  正在生成代码...
AttemperEngineSink.obj : warning LNK4075: 忽略“/EDITANDCONTINUE”(由于“/SAFESEH”规范)
  CenterServer.vcxproj -> G:\网狐\HappyGameWH\纯净版服务端\系统模块\服务器组件\中心服务器\../../运行/Debug/CenterServer.exe
  子目录或文件 ..\..\发布组件\服务器组件\Debug 已经存在。
  已复制         1 个文件。
