g:\网狐\happygamewh\纯净版服务端\系统模块\中间目录\中心服务器\debug\centerserver.pch
g:\网狐\happygamewh\纯净版服务端\系统模块\中间目录\中心服务器\debug\vc141.pdb
g:\网狐\happygamewh\纯净版服务端\系统模块\中间目录\中心服务器\debug\vc141.idb
g:\网狐\happygamewh\纯净版服务端\系统模块\中间目录\中心服务器\debug\stdafx.obj
g:\网狐\happygamewh\纯净版服务端\系统模块\中间目录\中心服务器\debug\attemperenginesink.obj
g:\网狐\happygamewh\纯净版服务端\系统模块\中间目录\中心服务器\debug\centerserver.obj
g:\网狐\happygamewh\纯净版服务端\系统模块\中间目录\中心服务器\debug\centerserverdlg.obj
g:\网狐\happygamewh\纯净版服务端\系统模块\中间目录\中心服务器\debug\centerservice.obj
g:\网狐\happygamewh\纯净版服务端\系统模块\中间目录\中心服务器\debug\databasesink.obj
g:\网狐\happygamewh\纯净版服务端\系统模块\中间目录\中心服务器\debug\initparamter.obj
g:\网狐\happygamewh\纯净版服务端\系统模块\运行\debug\centerserver.ilk
g:\网狐\happygamewh\纯净版服务端\系统模块\运行\debug\centerserver.exe
g:\网狐\happygamewh\纯净版服务端\系统模块\运行\debug\centerserver.pdb
g:\网狐\happygamewh\纯净版服务端\系统模块\中间目录\中心服务器\debug\centerserver.res
g:\网狐\happygamewh\纯净版服务端\系统模块\中间目录\中心服务器\debug\msado15.tli
g:\网狐\happygamewh\纯净版服务端\系统模块\中间目录\中心服务器\debug\msado15.tlh
g:\网狐\happygamewh\纯净版服务端\系统模块\服务器组件\中心服务器\../../运行/debug/centerserver.exe
g:\网狐\happygamewh\纯净版服务端\系统模块\中间目录\中心服务器\debug\中心服务器.tlog\cl.command.1.tlog
g:\网狐\happygamewh\纯净版服务端\系统模块\中间目录\中心服务器\debug\中心服务器.tlog\cl.read.1.tlog
g:\网狐\happygamewh\纯净版服务端\系统模块\中间目录\中心服务器\debug\中心服务器.tlog\cl.write.1.tlog
g:\网狐\happygamewh\纯净版服务端\系统模块\中间目录\中心服务器\debug\中心服务器.tlog\link.command.1.tlog
g:\网狐\happygamewh\纯净版服务端\系统模块\中间目录\中心服务器\debug\中心服务器.tlog\link.read.1.tlog
g:\网狐\happygamewh\纯净版服务端\系统模块\中间目录\中心服务器\debug\中心服务器.tlog\link.write.1.tlog
g:\网狐\happygamewh\纯净版服务端\系统模块\中间目录\中心服务器\debug\中心服务器.tlog\rc.command.1.tlog
g:\网狐\happygamewh\纯净版服务端\系统模块\中间目录\中心服务器\debug\中心服务器.tlog\rc.read.1.tlog
g:\网狐\happygamewh\纯净版服务端\系统模块\中间目录\中心服务器\debug\中心服务器.tlog\rc.write.1.tlog
