g:\网狐\happygamewh\服务端\中间目录\登录服务器\debug_ansi\logonserver.pch
g:\网狐\happygamewh\服务端\中间目录\登录服务器\debug_ansi\vc141.pdb
g:\网狐\happygamewh\服务端\中间目录\登录服务器\debug_ansi\vc141.idb
g:\网狐\happygamewh\服务端\中间目录\登录服务器\debug_ansi\stdafx.obj
g:\网狐\happygamewh\服务端\中间目录\登录服务器\debug_ansi\stdafx.cod
g:\网狐\happygamewh\服务端\中间目录\登录服务器\debug_ansi\serviceunits.obj
g:\网狐\happygamewh\服务端\中间目录\登录服务器\debug_ansi\serviceunits.cod
g:\网狐\happygamewh\服务端\中间目录\登录服务器\debug_ansi\serverlistmanager.obj
g:\网狐\happygamewh\服务端\中间目录\登录服务器\debug_ansi\serverlistmanager.cod
g:\网狐\happygamewh\服务端\中间目录\登录服务器\debug_ansi\logonserverdlg.obj
g:\网狐\happygamewh\服务端\中间目录\登录服务器\debug_ansi\logonserverdlg.cod
g:\网狐\happygamewh\服务端\中间目录\登录服务器\debug_ansi\logonserver.obj
g:\网狐\happygamewh\服务端\中间目录\登录服务器\debug_ansi\logonserver.cod
g:\网狐\happygamewh\服务端\中间目录\登录服务器\debug_ansi\initparameter.obj
g:\网狐\happygamewh\服务端\中间目录\登录服务器\debug_ansi\initparameter.cod
g:\网狐\happygamewh\服务端\中间目录\登录服务器\debug_ansi\gamepropertylistmanager.obj
g:\网狐\happygamewh\服务端\中间目录\登录服务器\debug_ansi\gamepropertylistmanager.cod
g:\网狐\happygamewh\服务端\中间目录\登录服务器\debug_ansi\flashaccredit.obj
g:\网狐\happygamewh\服务端\中间目录\登录服务器\debug_ansi\flashaccredit.cod
g:\网狐\happygamewh\服务端\中间目录\登录服务器\debug_ansi\databaseenginesink.obj
g:\网狐\happygamewh\服务端\中间目录\登录服务器\debug_ansi\databaseenginesink.cod
g:\网狐\happygamewh\服务端\中间目录\登录服务器\debug_ansi\attemperenginesink.obj
g:\网狐\happygamewh\服务端\中间目录\登录服务器\debug_ansi\attemperenginesink.cod
g:\网狐\happygamewh\服务端\运行\debug\ansi\logonserver.ilk
g:\网狐\happygamewh\服务端\运行\debug\ansi\logonserver.exe
g:\网狐\happygamewh\服务端\运行\debug\ansi\logonserver.map
g:\网狐\happygamewh\服务端\中间目录\登录服务器\debug_ansi\logonserver.pdb
g:\网狐\happygamewh\服务端\中间目录\登录服务器\debug_ansi\logonserver.res
g:\网狐\happygamewh\服务端\中间目录\登录服务器\debug_ansi\msado15.tli
g:\网狐\happygamewh\服务端\中间目录\登录服务器\debug_ansi\msado15.tlh
g:\网狐\happygamewh\服务端\中间目录\登录服务器\debug_ansi\../../../运行/debug/ansi/logonserver.pdb
g:\网狐\happygamewh\服务端\系统模块\服务器组件\登录服务器\../../../运行/debug/ansi/logonserver.exe
g:\网狐\happygamewh\服务端\中间目录\登录服务器\debug_ansi\../../../运行/debug/ansi/logonserver.ilk
g:\网狐\happygamewh\服务端\中间目录\登录服务器\debug_ansi\登录服务器.tlog\cl.command.1.tlog
g:\网狐\happygamewh\服务端\中间目录\登录服务器\debug_ansi\登录服务器.tlog\cl.read.1.tlog
g:\网狐\happygamewh\服务端\中间目录\登录服务器\debug_ansi\登录服务器.tlog\cl.write.1.tlog
g:\网狐\happygamewh\服务端\中间目录\登录服务器\debug_ansi\登录服务器.tlog\link.command.1.tlog
g:\网狐\happygamewh\服务端\中间目录\登录服务器\debug_ansi\登录服务器.tlog\link.read.1.tlog
g:\网狐\happygamewh\服务端\中间目录\登录服务器\debug_ansi\登录服务器.tlog\link.write.1.tlog
g:\网狐\happygamewh\服务端\中间目录\登录服务器\debug_ansi\登录服务器.tlog\rc.command.1.tlog
g:\网狐\happygamewh\服务端\中间目录\登录服务器\debug_ansi\登录服务器.tlog\rc.read.1.tlog
g:\网狐\happygamewh\服务端\中间目录\登录服务器\debug_ansi\登录服务器.tlog\rc.write.1.tlog
