  Stdafx.cpp
g:\网狐\happygamewh\服务端\系统模块\全局定义\log.h(86): warning C4996: '_vsnprintf': This function or variable may be unsafe. Consider using _vsnprintf_s instead. To disable deprecation, use _CRT_SECURE_NO_WARNINGS. See online help for details.
  c:\program files (x86)\windows kits\10\include\10.0.17763.0\ucrt\stdio.h(1400): note: 参见“_vsnprintf”的声明
g:\网狐\happygamewh\服务端\系统模块\全局定义\log.h(99): warning C4996: '_vsnprintf': This function or variable may be unsafe. Consider using _vsnprintf_s instead. To disable deprecation, use _CRT_SECURE_NO_WARNINGS. See online help for details.
  c:\program files (x86)\windows kits\10\include\10.0.17763.0\ucrt\stdio.h(1400): note: 参见“_vsnprintf”的声明
g:\网狐\happygamewh\服务端\系统模块\全局定义\log.h(110): warning C4996: 'sprintf': This function or variable may be unsafe. Consider using sprintf_s instead. To disable deprecation, use _CRT_SECURE_NO_WARNINGS. See online help for details.
  c:\program files (x86)\windows kits\10\include\10.0.17763.0\ucrt\stdio.h(1774): note: 参见“sprintf”的声明
g:\网狐\happygamewh\服务端\系统模块\全局定义\log.h(114): warning C4996: 'sprintf': This function or variable may be unsafe. Consider using sprintf_s instead. To disable deprecation, use _CRT_SECURE_NO_WARNINGS. See online help for details.
  c:\program files (x86)\windows kits\10\include\10.0.17763.0\ucrt\stdio.h(1774): note: 参见“sprintf”的声明
g:\网狐\happygamewh\服务端\系统模块\全局定义\log.h(121): warning C4996: 'sprintf': This function or variable may be unsafe. Consider using sprintf_s instead. To disable deprecation, use _CRT_SECURE_NO_WARNINGS. See online help for details.
  c:\program files (x86)\windows kits\10\include\10.0.17763.0\ucrt\stdio.h(1774): note: 参见“sprintf”的声明
g:\网狐\happygamewh\服务端\系统模块\全局定义\log.h(128): warning C4996: 'fopen': This function or variable may be unsafe. Consider using fopen_s instead. To disable deprecation, use _CRT_SECURE_NO_WARNINGS. See online help for details.
  c:\program files (x86)\windows kits\10\include\10.0.17763.0\ucrt\stdio.h(208): note: 参见“fopen”的声明
g:\网狐\happygamewh\服务端\系统模块\全局定义\log.h(162): warning C4996: 'sprintf': This function or variable may be unsafe. Consider using sprintf_s instead. To disable deprecation, use _CRT_SECURE_NO_WARNINGS. See online help for details.
  c:\program files (x86)\windows kits\10\include\10.0.17763.0\ucrt\stdio.h(1774): note: 参见“sprintf”的声明
g:\网狐\happygamewh\服务端\系统模块\全局定义\log.h(165): warning C4996: 'fopen': This function or variable may be unsafe. Consider using fopen_s instead. To disable deprecation, use _CRT_SECURE_NO_WARNINGS. See online help for details.
  c:\program files (x86)\windows kits\10\include\10.0.17763.0\ucrt\stdio.h(208): note: 参见“fopen”的声明
  AttemperEngineSink.cpp
g:\网狐\happygamewh\服务端\系统模块\服务器组件\登录服务器\attemperenginesink.cpp(163): warning C4996: 'inet_addr': Use inet_pton() or InetPton() instead or define _WINSOCK_DEPRECATED_NO_WARNINGS to disable deprecated API warnings
  c:\program files (x86)\windows kits\10\include\10.0.17763.0\um\winsock2.h(1831): note: 参见“inet_addr”的声明
g:\网狐\happygamewh\服务端\系统模块\服务器组件\登录服务器\attemperenginesink.cpp(264): warning C4996: '_snprintf': This function or variable may be unsafe. Consider using _snprintf_s instead. To disable deprecation, use _CRT_SECURE_NO_WARNINGS. See online help for details.
  c:\program files (x86)\windows kits\10\include\10.0.17763.0\ucrt\stdio.h(1961): note: 参见“_snprintf”的声明
g:\网狐\happygamewh\服务端\系统模块\服务器组件\登录服务器\attemperenginesink.cpp(287): warning C4996: '_snprintf': This function or variable may be unsafe. Consider using _snprintf_s instead. To disable deprecation, use _CRT_SECURE_NO_WARNINGS. See online help for details.
  c:\program files (x86)\windows kits\10\include\10.0.17763.0\ucrt\stdio.h(1961): note: 参见“_snprintf”的声明
g:\网狐\happygamewh\服务端\系统模块\服务器组件\登录服务器\attemperenginesink.cpp(349): warning C4996: '_snprintf': This function or variable may be unsafe. Consider using _snprintf_s instead. To disable deprecation, use _CRT_SECURE_NO_WARNINGS. See online help for details.
  c:\program files (x86)\windows kits\10\include\10.0.17763.0\ucrt\stdio.h(1961): note: 参见“_snprintf”的声明
g:\网狐\happygamewh\服务端\系统模块\服务器组件\登录服务器\attemperenginesink.cpp(851): warning C4996: '_snprintf': This function or variable may be unsafe. Consider using _snprintf_s instead. To disable deprecation, use _CRT_SECURE_NO_WARNINGS. See online help for details.
  c:\program files (x86)\windows kits\10\include\10.0.17763.0\ucrt\stdio.h(1961): note: 参见“_snprintf”的声明
g:\网狐\happygamewh\服务端\系统模块\服务器组件\登录服务器\attemperenginesink.cpp(914): warning C4996: '_snprintf': This function or variable may be unsafe. Consider using _snprintf_s instead. To disable deprecation, use _CRT_SECURE_NO_WARNINGS. See online help for details.
  c:\program files (x86)\windows kits\10\include\10.0.17763.0\ucrt\stdio.h(1961): note: 参见“_snprintf”的声明
g:\网狐\happygamewh\服务端\系统模块\服务器组件\登录服务器\attemperenginesink.cpp(3621): warning C4244: “=”: 从“google::protobuf::uint64”转换到“DWORD”，可能丢失数据
g:\网狐\happygamewh\服务端\系统模块\服务器组件\登录服务器\attemperenginesink.cpp(3653): warning C4996: '_snprintf': This function or variable may be unsafe. Consider using _snprintf_s instead. To disable deprecation, use _CRT_SECURE_NO_WARNINGS. See online help for details.
  c:\program files (x86)\windows kits\10\include\10.0.17763.0\ucrt\stdio.h(1961): note: 参见“_snprintf”的声明
g:\网狐\happygamewh\服务端\系统模块\服务器组件\登录服务器\attemperenginesink.cpp(3993): warning C4996: '_snprintf': This function or variable may be unsafe. Consider using _snprintf_s instead. To disable deprecation, use _CRT_SECURE_NO_WARNINGS. See online help for details.
  c:\program files (x86)\windows kits\10\include\10.0.17763.0\ucrt\stdio.h(1961): note: 参见“_snprintf”的声明
g:\网狐\happygamewh\服务端\系统模块\服务器组件\登录服务器\attemperenginesink.cpp(4194): warning C4244: “=”: 从“google::protobuf::uint64”转换到“DWORD”，可能丢失数据
g:\网狐\happygamewh\服务端\系统模块\服务器组件\登录服务器\attemperenginesink.cpp(4203): warning C4996: '_snprintf': This function or variable may be unsafe. Consider using _snprintf_s instead. To disable deprecation, use _CRT_SECURE_NO_WARNINGS. See online help for details.
  c:\program files (x86)\windows kits\10\include\10.0.17763.0\ucrt\stdio.h(1961): note: 参见“_snprintf”的声明
g:\网狐\happygamewh\服务端\系统模块\服务器组件\登录服务器\attemperenginesink.cpp(4504): warning C4996: '_snprintf': This function or variable may be unsafe. Consider using _snprintf_s instead. To disable deprecation, use _CRT_SECURE_NO_WARNINGS. See online help for details.
  c:\program files (x86)\windows kits\10\include\10.0.17763.0\ucrt\stdio.h(1961): note: 参见“_snprintf”的声明
g:\网狐\happygamewh\服务端\系统模块\服务器组件\登录服务器\attemperenginesink.cpp(4561): warning C4996: '_snprintf': This function or variable may be unsafe. Consider using _snprintf_s instead. To disable deprecation, use _CRT_SECURE_NO_WARNINGS. See online help for details.
  c:\program files (x86)\windows kits\10\include\10.0.17763.0\ucrt\stdio.h(1961): note: 参见“_snprintf”的声明
g:\网狐\happygamewh\服务端\系统模块\服务器组件\登录服务器\attemperenginesink.cpp(6352): warning C4996: '_snprintf': This function or variable may be unsafe. Consider using _snprintf_s instead. To disable deprecation, use _CRT_SECURE_NO_WARNINGS. See online help for details.
  c:\program files (x86)\windows kits\10\include\10.0.17763.0\ucrt\stdio.h(1961): note: 参见“_snprintf”的声明
g:\网狐\happygamewh\服务端\系统模块\服务器组件\登录服务器\attemperenginesink.cpp(6415): warning C4996: '_snprintf': This function or variable may be unsafe. Consider using _snprintf_s instead. To disable deprecation, use _CRT_SECURE_NO_WARNINGS. See online help for details.
  c:\program files (x86)\windows kits\10\include\10.0.17763.0\ucrt\stdio.h(1961): note: 参见“_snprintf”的声明
g:\网狐\happygamewh\服务端\系统模块\服务器组件\登录服务器\attemperenginesink.cpp(6470): warning C4996: '_snprintf': This function or variable may be unsafe. Consider using _snprintf_s instead. To disable deprecation, use _CRT_SECURE_NO_WARNINGS. See online help for details.
  c:\program files (x86)\windows kits\10\include\10.0.17763.0\ucrt\stdio.h(1961): note: 参见“_snprintf”的声明
g:\网狐\happygamewh\服务端\系统模块\服务器组件\登录服务器\attemperenginesink.cpp(6521): warning C4996: '_snprintf': This function or variable may be unsafe. Consider using _snprintf_s instead. To disable deprecation, use _CRT_SECURE_NO_WARNINGS. See online help for details.
  c:\program files (x86)\windows kits\10\include\10.0.17763.0\ucrt\stdio.h(1961): note: 参见“_snprintf”的声明
g:\网狐\happygamewh\服务端\系统模块\服务器组件\登录服务器\attemperenginesink.cpp(6863): warning C4996: '_snprintf': This function or variable may be unsafe. Consider using _snprintf_s instead. To disable deprecation, use _CRT_SECURE_NO_WARNINGS. See online help for details.
  c:\program files (x86)\windows kits\10\include\10.0.17763.0\ucrt\stdio.h(1961): note: 参见“_snprintf”的声明
g:\网狐\happygamewh\服务端\系统模块\服务器组件\登录服务器\attemperenginesink.cpp(6931): warning C4996: '_snprintf': This function or variable may be unsafe. Consider using _snprintf_s instead. To disable deprecation, use _CRT_SECURE_NO_WARNINGS. See online help for details.
  c:\program files (x86)\windows kits\10\include\10.0.17763.0\ucrt\stdio.h(1961): note: 参见“_snprintf”的声明
g:\网狐\happygamewh\服务端\系统模块\服务器组件\登录服务器\attemperenginesink.cpp(6994): warning C4996: '_snprintf': This function or variable may be unsafe. Consider using _snprintf_s instead. To disable deprecation, use _CRT_SECURE_NO_WARNINGS. See online help for details.
  c:\program files (x86)\windows kits\10\include\10.0.17763.0\ucrt\stdio.h(1961): note: 参见“_snprintf”的声明
g:\网狐\happygamewh\服务端\系统模块\服务器组件\登录服务器\attemperenginesink.cpp(7058): warning C4996: '_snprintf': This function or variable may be unsafe. Consider using _snprintf_s instead. To disable deprecation, use _CRT_SECURE_NO_WARNINGS. See online help for details.
  c:\program files (x86)\windows kits\10\include\10.0.17763.0\ucrt\stdio.h(1961): note: 参见“_snprintf”的声明
g:\网狐\happygamewh\服务端\系统模块\服务器组件\登录服务器\attemperenginesink.cpp(7223): warning C4996: '_snprintf': This function or variable may be unsafe. Consider using _snprintf_s instead. To disable deprecation, use _CRT_SECURE_NO_WARNINGS. See online help for details.
  c:\program files (x86)\windows kits\10\include\10.0.17763.0\ucrt\stdio.h(1961): note: 参见“_snprintf”的声明
g:\网狐\happygamewh\服务端\系统模块\服务器组件\登录服务器\attemperenginesink.cpp(7275): warning C4996: '_snprintf': This function or variable may be unsafe. Consider using _snprintf_s instead. To disable deprecation, use _CRT_SECURE_NO_WARNINGS. See online help for details.
  c:\program files (x86)\windows kits\10\include\10.0.17763.0\ucrt\stdio.h(1961): note: 参见“_snprintf”的声明
g:\网狐\happygamewh\服务端\系统模块\服务器组件\登录服务器\attemperenginesink.cpp(7333): warning C4996: '_snprintf': This function or variable may be unsafe. Consider using _snprintf_s instead. To disable deprecation, use _CRT_SECURE_NO_WARNINGS. See online help for details.
  c:\program files (x86)\windows kits\10\include\10.0.17763.0\ucrt\stdio.h(1961): note: 参见“_snprintf”的声明
g:\网狐\happygamewh\服务端\系统模块\服务器组件\登录服务器\attemperenginesink.cpp(7389): warning C4996: '_snprintf': This function or variable may be unsafe. Consider using _snprintf_s instead. To disable deprecation, use _CRT_SECURE_NO_WARNINGS. See online help for details.
  c:\program files (x86)\windows kits\10\include\10.0.17763.0\ucrt\stdio.h(1961): note: 参见“_snprintf”的声明
g:\网狐\happygamewh\服务端\系统模块\服务器组件\登录服务器\attemperenginesink.cpp(7464): warning C4996: '_snprintf': This function or variable may be unsafe. Consider using _snprintf_s instead. To disable deprecation, use _CRT_SECURE_NO_WARNINGS. See online help for details.
  c:\program files (x86)\windows kits\10\include\10.0.17763.0\ucrt\stdio.h(1961): note: 参见“_snprintf”的声明
g:\网狐\happygamewh\服务端\系统模块\服务器组件\登录服务器\attemperenginesink.cpp(7523): warning C4996: '_snprintf': This function or variable may be unsafe. Consider using _snprintf_s instead. To disable deprecation, use _CRT_SECURE_NO_WARNINGS. See online help for details.
  c:\program files (x86)\windows kits\10\include\10.0.17763.0\ucrt\stdio.h(1961): note: 参见“_snprintf”的声明
g:\网狐\happygamewh\服务端\系统模块\服务器组件\登录服务器\attemperenginesink.cpp(7582): warning C4996: '_snprintf': This function or variable may be unsafe. Consider using _snprintf_s instead. To disable deprecation, use _CRT_SECURE_NO_WARNINGS. See online help for details.
  c:\program files (x86)\windows kits\10\include\10.0.17763.0\ucrt\stdio.h(1961): note: 参见“_snprintf”的声明
g:\网狐\happygamewh\服务端\系统模块\服务器组件\登录服务器\attemperenginesink.cpp(7628): warning C4996: '_snprintf': This function or variable may be unsafe. Consider using _snprintf_s instead. To disable deprecation, use _CRT_SECURE_NO_WARNINGS. See online help for details.
  c:\program files (x86)\windows kits\10\include\10.0.17763.0\ucrt\stdio.h(1961): note: 参见“_snprintf”的声明
  DataBaseEngineSink.cpp
g:\网狐\happygamewh\服务端\系统模块\服务器组件\登录服务器\databaseenginesink.cpp(3627): warning C4244: “=”: 从“DWORD”转换到“BYTE”，可能丢失数据
g:\网狐\happygamewh\服务端\系统模块\服务器组件\登录服务器\databaseenginesink.cpp(4752): warning C4244: “=”: 从“DOUBLE”转换到“LONGLONG”，可能丢失数据
g:\网狐\happygamewh\服务端\系统模块\服务器组件\登录服务器\databaseenginesink.cpp(7018): warning C4244: “=”: 从“DOUBLE”转换到“LONGLONG”，可能丢失数据
g:\网狐\happygamewh\服务端\系统模块\服务器组件\登录服务器\databaseenginesink.cpp(7295): warning C4244: “=”: 从“DOUBLE”转换到“LONGLONG”，可能丢失数据
  FlashAccredit.cpp
g:\网狐\happygamewh\服务端\系统模块\服务器组件\登录服务器\flashaccredit.cpp(46): warning C4996: 'WSASocketA': Use WSASocketW() instead or define _WINSOCK_DEPRECATED_NO_WARNINGS to disable deprecated API warnings
  c:\program files (x86)\windows kits\10\include\10.0.17763.0\um\winsock2.h(3416): note: 参见“WSASocketA”的声明
  GamePropertyListManager.cpp
  InitParameter.cpp
  LogonServer.cpp
  LogonServerDlg.cpp
g:\网狐\happygamewh\服务端\系统模块\服务器组件\登录服务器\logonserverdlg.cpp(111): warning C4996: '_snprintf': This function or variable may be unsafe. Consider using _snprintf_s instead. To disable deprecation, use _CRT_SECURE_NO_WARNINGS. See online help for details.
  c:\program files (x86)\windows kits\10\include\10.0.17763.0\ucrt\stdio.h(1961): note: 参见“_snprintf”的声明
g:\网狐\happygamewh\服务端\系统模块\服务器组件\登录服务器\logonserverdlg.cpp(117): warning C4996: '_snprintf': This function or variable may be unsafe. Consider using _snprintf_s instead. To disable deprecation, use _CRT_SECURE_NO_WARNINGS. See online help for details.
  c:\program files (x86)\windows kits\10\include\10.0.17763.0\ucrt\stdio.h(1961): note: 参见“_snprintf”的声明
g:\网狐\happygamewh\服务端\系统模块\服务器组件\登录服务器\logonserverdlg.cpp(123): warning C4996: '_snprintf': This function or variable may be unsafe. Consider using _snprintf_s instead. To disable deprecation, use _CRT_SECURE_NO_WARNINGS. See online help for details.
  c:\program files (x86)\windows kits\10\include\10.0.17763.0\ucrt\stdio.h(1961): note: 参见“_snprintf”的声明
g:\网狐\happygamewh\服务端\系统模块\服务器组件\登录服务器\logonserverdlg.cpp(135): warning C4996: '_snprintf': This function or variable may be unsafe. Consider using _snprintf_s instead. To disable deprecation, use _CRT_SECURE_NO_WARNINGS. See online help for details.
  c:\program files (x86)\windows kits\10\include\10.0.17763.0\ucrt\stdio.h(1961): note: 参见“_snprintf”的声明
g:\网狐\happygamewh\服务端\系统模块\服务器组件\登录服务器\logonserverdlg.cpp(146): warning C4996: '_snprintf': This function or variable may be unsafe. Consider using _snprintf_s instead. To disable deprecation, use _CRT_SECURE_NO_WARNINGS. See online help for details.
  c:\program files (x86)\windows kits\10\include\10.0.17763.0\ucrt\stdio.h(1961): note: 参见“_snprintf”的声明
g:\网狐\happygamewh\服务端\系统模块\服务器组件\登录服务器\logonserverdlg.cpp(157): warning C4996: '_snprintf': This function or variable may be unsafe. Consider using _snprintf_s instead. To disable deprecation, use _CRT_SECURE_NO_WARNINGS. See online help for details.
  c:\program files (x86)\windows kits\10\include\10.0.17763.0\ucrt\stdio.h(1961): note: 参见“_snprintf”的声明
g:\网狐\happygamewh\服务端\系统模块\服务器组件\登录服务器\logonserverdlg.cpp(288): warning C4996: '_snprintf': This function or variable may be unsafe. Consider using _snprintf_s instead. To disable deprecation, use _CRT_SECURE_NO_WARNINGS. See online help for details.
  c:\program files (x86)\windows kits\10\include\10.0.17763.0\ucrt\stdio.h(1961): note: 参见“_snprintf”的声明
  ServerListManager.cpp
  ServiceUnits.cpp
  正在生成代码...
AttemperEngineSink.obj : warning LNK4075: 忽略“/EDITANDCONTINUE”(由于“/SAFESEH”规范)
  LogonServer.vcxproj -> G:\网狐\HappyGameWH\服务端\系统模块\服务器组件\登录服务器\../../../运行/Debug/Ansi/LogonServer.exe
  子目录或文件 ..\..\..\发布组件\服务器组件\Debug\Ansi 已经存在。
  已复制         1 个文件。
