g:\网狐\系统模块\客户端组件\(演示)游戏广场\release\游戏广场 .pch
g:\网狐\系统模块\客户端组件\(演示)游戏广场\release\vc140.pdb
g:\网狐\系统模块\客户端组件\(演示)游戏广场\release\stdafx.obj
g:\网狐\系统模块\客户端组件\(演示)游戏广场\release\usermanager.obj
g:\网狐\系统模块\客户端组件\(演示)游戏广场\release\userlistview.obj
g:\网狐\系统模块\客户端组件\(演示)游戏广场\release\tableframe.obj
g:\网狐\系统模块\客户端组件\(演示)游戏广场\release\systemoption.obj
g:\网狐\系统模块\客户端组件\(演示)游戏广场\release\shortmessage.obj
g:\网狐\系统模块\客户端组件\(演示)游戏广场\release\serveritemview.obj
g:\网狐\系统模块\客户端组件\(演示)游戏广场\release\roomviewitem.obj
g:\网狐\系统模块\客户端组件\(演示)游戏广场\release\plazaviewitem.obj
g:\网狐\系统模块\客户端组件\(演示)游戏广场\release\managerclass.obj
g:\网狐\系统模块\客户端组件\(演示)游戏广场\release\globalunits.obj
g:\网狐\系统模块\客户端组件\(演示)游戏广场\release\gameplaza.obj
g:\网狐\系统模块\客户端组件\(演示)游戏广场\release\gameframe.obj
g:\网狐\系统模块\客户端组件\(演示)游戏广场\release\finduserdlg.obj
g:\网狐\系统模块\客户端组件\(演示)游戏广场\release\dlgstatus.obj
g:\网狐\系统模块\客户端组件\(演示)游戏广场\release\dlgoption.obj
g:\网狐\系统模块\客户端组件\(演示)游戏广场\release\dlglogon.obj
g:\网狐\系统模块\客户端组件\(演示)游戏广场\release\dlgcontrolbar.obj
g:\网狐\系统模块\运行\release\gameplaza.exe
g:\网狐\系统模块\客户端组件\(演示)游戏广场\release\游戏广场 .pdb
g:\网狐\系统模块\客户端组件\(演示)游戏广场\release\gameplaza.res
g:\网狐\系统模块\客户端组件\(演示)游戏广场\release\游戏广场 .tlog\cl.command.1.tlog
g:\网狐\系统模块\客户端组件\(演示)游戏广场\release\游戏广场 .tlog\cl.read.1.tlog
g:\网狐\系统模块\客户端组件\(演示)游戏广场\release\游戏广场 .tlog\cl.write.1.tlog
g:\网狐\系统模块\客户端组件\(演示)游戏广场\release\游戏广场 .tlog\link.command.1.tlog
g:\网狐\系统模块\客户端组件\(演示)游戏广场\release\游戏广场 .tlog\link.read.1.tlog
g:\网狐\系统模块\客户端组件\(演示)游戏广场\release\游戏广场 .tlog\link.write.1.tlog
g:\网狐\系统模块\客户端组件\(演示)游戏广场\release\游戏广场 .tlog\rc.command.1.tlog
g:\网狐\系统模块\客户端组件\(演示)游戏广场\release\游戏广场 .tlog\rc.read.1.tlog
g:\网狐\系统模块\客户端组件\(演示)游戏广场\release\游戏广场 .tlog\rc.write.1.tlog
