g:\网狐\happygamewh\服务端\中间目录\比赛服务\debug_ansi\matchservice.pch
g:\网狐\happygamewh\服务端\中间目录\比赛服务\debug_ansi\vc141.pdb
g:\网狐\happygamewh\服务端\中间目录\比赛服务\debug_ansi\vc141.idb
g:\网狐\happygamewh\服务端\中间目录\比赛服务\debug_ansi\stdafx.obj
g:\网狐\happygamewh\服务端\中间目录\比赛服务\debug_ansi\stdafx.cod
g:\网狐\happygamewh\服务端\中间目录\比赛服务\debug_ansi\tableframehook.obj
g:\网狐\happygamewh\服务端\中间目录\比赛服务\debug_ansi\tableframehook.cod
g:\网狐\happygamewh\服务端\中间目录\比赛服务\debug_ansi\matchservicemanager.obj
g:\网狐\happygamewh\服务端\中间目录\比赛服务\debug_ansi\matchservicemanager.cod
g:\网狐\happygamewh\服务端\中间目录\比赛服务\debug_ansi\locktimematch.obj
g:\网狐\happygamewh\服务端\中间目录\比赛服务\debug_ansi\locktimematch.cod
g:\网狐\happygamewh\服务端\中间目录\比赛服务\debug_ansi\immediatematch.obj
g:\网狐\happygamewh\服务端\中间目录\比赛服务\debug_ansi\immediatematch.cod
g:\网狐\happygamewh\服务端\中间目录\比赛服务\debug_ansi\immediategroup.obj
g:\网狐\happygamewh\服务端\中间目录\比赛服务\debug_ansi\immediategroup.cod
g:\网狐\happygamewh\服务端\中间目录\比赛服务\debug_ansi\gamematchserver.obj
g:\网狐\happygamewh\服务端\中间目录\比赛服务\debug_ansi\gamematchserver.cod
g:\网狐\happygamewh\服务端\中间目录\比赛服务\debug_ansi\distributemanager.obj
g:\网狐\happygamewh\服务端\中间目录\比赛服务\debug_ansi\distributemanager.cod
g:\网狐\happygamewh\服务端\运行\debug\ansi\matchservice.ilk
g:\网狐\happygamewh\服务端\运行\debug\ansi\matchservice.dll
g:\网狐\happygamewh\服务端\运行\debug\ansi\matchservice.map
g:\网狐\happygamewh\服务端\中间目录\比赛服务\debug_ansi\matchservice.pdb
g:\网狐\happygamewh\服务端\中间目录\比赛服务\debug_ansi\gamematchserver.res
g:\网狐\happygamewh\服务端\系统模块\链接库\debug\ansi\matchservice.lib
g:\网狐\happygamewh\服务端\系统模块\链接库\debug\ansi\matchservice.exp
g:\网狐\happygamewh\服务端\中间目录\比赛服务\debug_ansi\msado15.tli
g:\网狐\happygamewh\服务端\中间目录\比赛服务\debug_ansi\msado15.tlh
g:\网狐\happygamewh\服务端\中间目录\比赛服务\debug_ansi\../../../运行/debug/ansi/matchservice.pdb
g:\网狐\happygamewh\服务端\系统模块\服务器组件\比赛服务\../../../运行/debug/ansi/matchservice.dll
g:\网狐\happygamewh\服务端\中间目录\比赛服务\debug_ansi\../../../运行/debug/ansi/matchservice.ilk
g:\网狐\happygamewh\服务端\中间目录\比赛服务\debug_ansi\比赛服务.tlog\cl.command.1.tlog
g:\网狐\happygamewh\服务端\中间目录\比赛服务\debug_ansi\比赛服务.tlog\cl.read.1.tlog
g:\网狐\happygamewh\服务端\中间目录\比赛服务\debug_ansi\比赛服务.tlog\cl.write.1.tlog
g:\网狐\happygamewh\服务端\中间目录\比赛服务\debug_ansi\比赛服务.tlog\link.command.1.tlog
g:\网狐\happygamewh\服务端\中间目录\比赛服务\debug_ansi\比赛服务.tlog\link.read.1.tlog
g:\网狐\happygamewh\服务端\中间目录\比赛服务\debug_ansi\比赛服务.tlog\link.write.1.tlog
g:\网狐\happygamewh\服务端\中间目录\比赛服务\debug_ansi\比赛服务.tlog\rc.command.1.tlog
g:\网狐\happygamewh\服务端\中间目录\比赛服务\debug_ansi\比赛服务.tlog\rc.read.1.tlog
g:\网狐\happygamewh\服务端\中间目录\比赛服务\debug_ansi\比赛服务.tlog\rc.write.1.tlog
g:\网狐\happygamewh\服务端\中间目录\比赛服务\debug_ansi\比赛服务.tlog\比赛服务.write.1u.tlog
