g:\网狐\整理的最新网狐框架\系统模块\客户端组件\关系管理\release\关系管理.pch
g:\网狐\整理的最新网狐框架\系统模块\客户端组件\关系管理\release\vc141.pdb
g:\网狐\整理的最新网狐框架\系统模块\客户端组件\关系管理\release\stdafx.obj
g:\网狐\整理的最新网狐框架\系统模块\客户端组件\关系管理\release\dlgcompanionmanager.obj
g:\网狐\整理的最新网狐框架\系统模块\客户端组件\关系管理\release\companiontreectrl.obj
g:\网狐\整理的最新网狐框架\系统模块\客户端组件\关系管理\release\companionmanager.obj
g:\网狐\整理的最新网狐框架\系统模块\客户端组件\关系管理\release\companionlistctrl.obj
g:\网狐\整理的最新网狐框架\系统模块\客户端组件\关系管理\release\companion.obj
g:\网狐\整理的最新网狐框架\系统模块\运行\release\companion.dll
g:\网狐\整理的最新网狐框架\系统模块\客户端组件\关系管理\release\关系管理.pdb
g:\网狐\整理的最新网狐框架\系统模块\客户端组件\关系管理\release\companion.res
g:\网狐\整理的最新网狐框架\系统模块\链接库\companion.lib
g:\网狐\整理的最新网狐框架\系统模块\链接库\companion.exp
g:\网狐\整理的最新网狐框架\系统模块\客户端组件\关系管理\release\关系管理.tlog\cl.command.1.tlog
g:\网狐\整理的最新网狐框架\系统模块\客户端组件\关系管理\release\关系管理.tlog\cl.read.1.tlog
g:\网狐\整理的最新网狐框架\系统模块\客户端组件\关系管理\release\关系管理.tlog\cl.write.1.tlog
g:\网狐\整理的最新网狐框架\系统模块\客户端组件\关系管理\release\关系管理.tlog\link.command.1.tlog
g:\网狐\整理的最新网狐框架\系统模块\客户端组件\关系管理\release\关系管理.tlog\link.read.1.tlog
g:\网狐\整理的最新网狐框架\系统模块\客户端组件\关系管理\release\关系管理.tlog\link.write.1.tlog
g:\网狐\整理的最新网狐框架\系统模块\客户端组件\关系管理\release\关系管理.tlog\rc.command.1.tlog
g:\网狐\整理的最新网狐框架\系统模块\客户端组件\关系管理\release\关系管理.tlog\rc.read.1.tlog
g:\网狐\整理的最新网狐框架\系统模块\客户端组件\关系管理\release\关系管理.tlog\rc.write.1.tlog
g:\网狐\整理的最新网狐框架\系统模块\客户端组件\关系管理\release\关系管理.tlog\关系管理.write.1u.tlog
