g:\网狐\happygamewh\服务端\中间目录\游戏服务\debug_ansi\gameservice.pch
g:\网狐\happygamewh\服务端\中间目录\游戏服务\debug_ansi\vc141.pdb
g:\网狐\happygamewh\服务端\中间目录\游戏服务\debug_ansi\vc141.idb
g:\网狐\happygamewh\服务端\中间目录\游戏服务\debug_ansi\stdafx.obj
g:\网狐\happygamewh\服务端\中间目录\游戏服务\debug_ansi\stdafx.cod
g:\网狐\happygamewh\服务端\中间目录\游戏服务\debug_ansi\usertaskmanager.obj
g:\网狐\happygamewh\服务端\中间目录\游戏服务\debug_ansi\usertaskmanager.cod
g:\网狐\happygamewh\服务端\中间目录\游戏服务\debug_ansi\serverusermanager.obj
g:\网狐\happygamewh\服务端\中间目录\游戏服务\debug_ansi\serverusermanager.cod
g:\网狐\happygamewh\服务端\中间目录\游戏服务\debug_ansi\gameservice.obj
g:\网狐\happygamewh\服务端\中间目录\游戏服务\debug_ansi\gameservice.cod
g:\网狐\happygamewh\服务端\中间目录\游戏服务\debug_ansi\gamepropertymanager.obj
g:\网狐\happygamewh\服务端\中间目录\游戏服务\debug_ansi\gamepropertymanager.cod
g:\网狐\happygamewh\服务端\中间目录\游戏服务\debug_ansi\androidusermanager.obj
g:\网狐\happygamewh\服务端\中间目录\游戏服务\debug_ansi\androidusermanager.cod
g:\网狐\happygamewh\服务端\中间目录\游戏服务\debug_ansi\androiduseritem.obj
g:\网狐\happygamewh\服务端\中间目录\游戏服务\debug_ansi\androiduseritem.cod
g:\网狐\happygamewh\服务端\运行\debug\ansi\gameservice.ilk
g:\网狐\happygamewh\服务端\运行\debug\ansi\gameservice.dll
g:\网狐\happygamewh\服务端\运行\debug\ansi\gameservice.map
g:\网狐\happygamewh\服务端\中间目录\游戏服务\debug_ansi\gameservice.pdb
g:\网狐\happygamewh\服务端\中间目录\游戏服务\debug_ansi\gameservice.res
g:\网狐\happygamewh\服务端\系统模块\链接库\debug\ansi\gameservice.lib
g:\网狐\happygamewh\服务端\系统模块\链接库\debug\ansi\gameservice.exp
g:\网狐\happygamewh\服务端\中间目录\游戏服务\debug_ansi\msado15.tli
g:\网狐\happygamewh\服务端\中间目录\游戏服务\debug_ansi\msado15.tlh
g:\网狐\happygamewh\服务端\中间目录\游戏服务\debug_ansi\../../../运行/debug/ansi/gameservice.pdb
g:\网狐\happygamewh\服务端\系统模块\服务器组件\游戏服务\../../../运行/debug/ansi/gameservice.dll
g:\网狐\happygamewh\服务端\中间目录\游戏服务\debug_ansi\../../../运行/debug/ansi/gameservice.ilk
g:\网狐\happygamewh\服务端\中间目录\游戏服务\debug_ansi\游戏服务.tlog\cl.command.1.tlog
g:\网狐\happygamewh\服务端\中间目录\游戏服务\debug_ansi\游戏服务.tlog\cl.read.1.tlog
g:\网狐\happygamewh\服务端\中间目录\游戏服务\debug_ansi\游戏服务.tlog\cl.write.1.tlog
g:\网狐\happygamewh\服务端\中间目录\游戏服务\debug_ansi\游戏服务.tlog\link.command.1.tlog
g:\网狐\happygamewh\服务端\中间目录\游戏服务\debug_ansi\游戏服务.tlog\link.read.1.tlog
g:\网狐\happygamewh\服务端\中间目录\游戏服务\debug_ansi\游戏服务.tlog\link.write.1.tlog
g:\网狐\happygamewh\服务端\中间目录\游戏服务\debug_ansi\游戏服务.tlog\rc.command.1.tlog
g:\网狐\happygamewh\服务端\中间目录\游戏服务\debug_ansi\游戏服务.tlog\rc.read.1.tlog
g:\网狐\happygamewh\服务端\中间目录\游戏服务\debug_ansi\游戏服务.tlog\rc.write.1.tlog
g:\网狐\happygamewh\服务端\中间目录\游戏服务\debug_ansi\游戏服务.tlog\游戏服务.write.1u.tlog
