e:\baidu\新建文件夹\1\网狐棋牌源码全套\网狐6.6完整源码\网狐6.6完整源码+内核源码+105款游戏源码（内含百人+赛马+捕鱼）\c++项目工程\系统模块\共享组件\界面控件\debug\界面控件.pch
e:\baidu\新建文件夹\1\网狐棋牌源码全套\网狐6.6完整源码\网狐6.6完整源码+内核源码+105款游戏源码（内含百人+赛马+捕鱼）\c++项目工程\系统模块\共享组件\界面控件\debug\vc141.pdb
e:\baidu\新建文件夹\1\网狐棋牌源码全套\网狐6.6完整源码\网狐6.6完整源码+内核源码+105款游戏源码（内含百人+赛马+捕鱼）\c++项目工程\系统模块\共享组件\界面控件\debug\vc141.idb
e:\baidu\新建文件夹\1\网狐棋牌源码全套\网狐6.6完整源码\网狐6.6完整源码+内核源码+105款游戏源码（内含百人+赛马+捕鱼）\c++项目工程\系统模块\共享组件\界面控件\debug\stdafx.obj
e:\baidu\新建文件夹\1\网狐棋牌源码全套\网狐6.6完整源码\网狐6.6完整源码+内核源码+105款游戏源码（内含百人+赛马+捕鱼）\c++项目工程\系统模块\共享组件\界面控件\debug\pngimage.obj
e:\baidu\新建文件夹\1\网狐棋牌源码全套\网狐6.6完整源码\网狐6.6完整源码+内核源码+105款游戏源码（内含百人+赛马+捕鱼）\c++项目工程\系统模块\共享组件\界面控件\debug\skinaide.obj
e:\baidu\新建文件夹\1\网狐棋牌源码全套\网狐6.6完整源码\网狐6.6完整源码+内核源码+105款游戏源码（内含百人+赛马+捕鱼）\c++项目工程\系统模块\共享组件\界面控件\debug\skinbutton.obj
e:\baidu\新建文件夹\1\网狐棋牌源码全套\网狐6.6完整源码\网狐6.6完整源码+内核源码+105款游戏源码（内含百人+赛马+捕鱼）\c++项目工程\系统模块\共享组件\界面控件\debug\skincontrols.obj
e:\baidu\新建文件夹\1\网狐棋牌源码全套\网狐6.6完整源码\网狐6.6完整源码+内核源码+105款游戏源码（内含百人+赛马+捕鱼）\c++项目工程\系统模块\共享组件\界面控件\debug\skindialog.obj
e:\baidu\新建文件夹\1\网狐棋牌源码全套\网狐6.6完整源码\网狐6.6完整源码+内核源码+105款游戏源码（内含百人+赛马+捕鱼）\c++项目工程\系统模块\共享组件\界面控件\debug\skinedit.obj
e:\baidu\新建文件夹\1\网狐棋牌源码全套\网狐6.6完整源码\网狐6.6完整源码+内核源码+105款游戏源码（内含百人+赛马+捕鱼）\c++项目工程\系统模块\共享组件\界面控件\debug\skinframewnd.obj
e:\baidu\新建文件夹\1\网狐棋牌源码全套\网狐6.6完整源码\网狐6.6完整源码+内核源码+105款游戏源码（内含百人+赛马+捕鱼）\c++项目工程\系统模块\共享组件\界面控件\debug\skinhyperlink.obj
e:\baidu\新建文件夹\1\网狐棋牌源码全套\网狐6.6完整源码\网狐6.6完整源码+内核源码+105款游戏源码（内含百人+赛马+捕鱼）\c++项目工程\系统模块\共享组件\界面控件\debug\skinimage.obj
e:\baidu\新建文件夹\1\网狐棋牌源码全套\网狐6.6完整源码\网狐6.6完整源码+内核源码+105款游戏源码（内含百人+赛马+捕鱼）\c++项目工程\系统模块\共享组件\界面控件\debug\skinlistctrl.obj
e:\baidu\新建文件夹\1\网狐棋牌源码全套\网狐6.6完整源码\网狐6.6完整源码+内核源码+105款游戏源码（内含百人+赛马+捕鱼）\c++项目工程\系统模块\共享组件\界面控件\debug\skinresourcemanager.obj
e:\baidu\新建文件夹\1\网狐棋牌源码全套\网狐6.6完整源码\网狐6.6完整源码+内核源码+105款游戏源码（内含百人+赛马+捕鱼）\c++项目工程\系统模块\共享组件\界面控件\debug\skinsplitter.obj
e:\baidu\新建文件夹\1\网狐棋牌源码全套\网狐6.6完整源码\网狐6.6完整源码+内核源码+105款游戏源码（内含百人+赛马+捕鱼）\c++项目工程\系统模块\共享组件\界面控件\debug\skinrichedit.obj
e:\baidu\新建文件夹\1\网狐棋牌源码全套\网狐6.6完整源码\网狐6.6完整源码+内核源码+105款游戏源码（内含百人+赛马+捕鱼）\c++项目工程\系统模块\共享组件\界面控件\debug\skinwndobject.obj
e:\baidu\新建文件夹\1\网狐棋牌源码全套\网狐6.6完整源码\网狐6.6完整源码+内核源码+105款游戏源码（内含百人+赛马+捕鱼）\c++项目工程\系统模块\运行\debug\skincontrolsd.ilk
e:\baidu\新建文件夹\1\网狐棋牌源码全套\网狐6.6完整源码\网狐6.6完整源码+内核源码+105款游戏源码（内含百人+赛马+捕鱼）\c++项目工程\系统模块\运行\debug\skincontrolsd.dll
e:\baidu\新建文件夹\1\网狐棋牌源码全套\网狐6.6完整源码\网狐6.6完整源码+内核源码+105款游戏源码（内含百人+赛马+捕鱼）\c++项目工程\系统模块\共享组件\界面控件\debug\skincontrols.pdb
e:\baidu\新建文件夹\1\网狐棋牌源码全套\网狐6.6完整源码\网狐6.6完整源码+内核源码+105款游戏源码（内含百人+赛马+捕鱼）\c++项目工程\系统模块\共享组件\界面控件\debug\skincontrols.res
e:\baidu\新建文件夹\1\网狐棋牌源码全套\网狐6.6完整源码\网狐6.6完整源码+内核源码+105款游戏源码（内含百人+赛马+捕鱼）\c++项目工程\系统模块\链接库\skincontrolsd.lib
e:\baidu\新建文件夹\1\网狐棋牌源码全套\网狐6.6完整源码\网狐6.6完整源码+内核源码+105款游戏源码（内含百人+赛马+捕鱼）\c++项目工程\系统模块\链接库\skincontrolsd.exp
e:\baidu\新建文件夹\1\网狐棋牌源码全套\网狐6.6完整源码\网狐6.6完整源码+内核源码+105款游戏源码（内含百人+赛马+捕鱼）\c++项目工程\系统模块\共享组件\界面控件\debug\imageole.tli
e:\baidu\新建文件夹\1\网狐棋牌源码全套\网狐6.6完整源码\网狐6.6完整源码+内核源码+105款游戏源码（内含百人+赛马+捕鱼）\c++项目工程\系统模块\共享组件\界面控件\debug\imageole.tlh
e:\baidu\新建文件夹\1\网狐棋牌源码全套\网狐6.6完整源码\网狐6.6完整源码+内核源码+105款游戏源码（内含百人+赛马+捕鱼）\c++项目工程\系统模块\共享组件\界面控件\debug\界面控件.tlog\cl.command.1.tlog
e:\baidu\新建文件夹\1\网狐棋牌源码全套\网狐6.6完整源码\网狐6.6完整源码+内核源码+105款游戏源码（内含百人+赛马+捕鱼）\c++项目工程\系统模块\共享组件\界面控件\debug\界面控件.tlog\cl.read.1.tlog
e:\baidu\新建文件夹\1\网狐棋牌源码全套\网狐6.6完整源码\网狐6.6完整源码+内核源码+105款游戏源码（内含百人+赛马+捕鱼）\c++项目工程\系统模块\共享组件\界面控件\debug\界面控件.tlog\cl.write.1.tlog
e:\baidu\新建文件夹\1\网狐棋牌源码全套\网狐6.6完整源码\网狐6.6完整源码+内核源码+105款游戏源码（内含百人+赛马+捕鱼）\c++项目工程\系统模块\共享组件\界面控件\debug\界面控件.tlog\link.command.1.tlog
e:\baidu\新建文件夹\1\网狐棋牌源码全套\网狐6.6完整源码\网狐6.6完整源码+内核源码+105款游戏源码（内含百人+赛马+捕鱼）\c++项目工程\系统模块\共享组件\界面控件\debug\界面控件.tlog\link.read.1.tlog
e:\baidu\新建文件夹\1\网狐棋牌源码全套\网狐6.6完整源码\网狐6.6完整源码+内核源码+105款游戏源码（内含百人+赛马+捕鱼）\c++项目工程\系统模块\共享组件\界面控件\debug\界面控件.tlog\link.write.1.tlog
e:\baidu\新建文件夹\1\网狐棋牌源码全套\网狐6.6完整源码\网狐6.6完整源码+内核源码+105款游戏源码（内含百人+赛马+捕鱼）\c++项目工程\系统模块\共享组件\界面控件\debug\界面控件.tlog\rc.command.1.tlog
e:\baidu\新建文件夹\1\网狐棋牌源码全套\网狐6.6完整源码\网狐6.6完整源码+内核源码+105款游戏源码（内含百人+赛马+捕鱼）\c++项目工程\系统模块\共享组件\界面控件\debug\界面控件.tlog\rc.read.1.tlog
e:\baidu\新建文件夹\1\网狐棋牌源码全套\网狐6.6完整源码\网狐6.6完整源码+内核源码+105款游戏源码（内含百人+赛马+捕鱼）\c++项目工程\系统模块\共享组件\界面控件\debug\界面控件.tlog\rc.write.1.tlog
e:\baidu\新建文件夹\1\网狐棋牌源码全套\网狐6.6完整源码\网狐6.6完整源码+内核源码+105款游戏源码（内含百人+赛马+捕鱼）\c++项目工程\系统模块\共享组件\界面控件\debug\界面控件.tlog\界面控件.write.1u.tlog
