g:\网狐\happygamewh\纯净版服务端\系统模块\中间目录\界面控件\debug\skincontrolsd.pch
g:\网狐\happygamewh\纯净版服务端\系统模块\中间目录\界面控件\debug\vc141.pdb
g:\网狐\happygamewh\纯净版服务端\系统模块\中间目录\界面控件\debug\vc141.idb
g:\网狐\happygamewh\纯净版服务端\系统模块\中间目录\界面控件\debug\stdafx.obj
g:\网狐\happygamewh\纯净版服务端\系统模块\中间目录\界面控件\debug\pngimage.obj
g:\网狐\happygamewh\纯净版服务端\系统模块\中间目录\界面控件\debug\skinaide.obj
g:\网狐\happygamewh\纯净版服务端\系统模块\中间目录\界面控件\debug\skinbutton.obj
g:\网狐\happygamewh\纯净版服务端\系统模块\中间目录\界面控件\debug\skincontrols.obj
g:\网狐\happygamewh\纯净版服务端\系统模块\中间目录\界面控件\debug\skindialog.obj
g:\网狐\happygamewh\纯净版服务端\系统模块\中间目录\界面控件\debug\skinedit.obj
g:\网狐\happygamewh\纯净版服务端\系统模块\中间目录\界面控件\debug\skinframewnd.obj
g:\网狐\happygamewh\纯净版服务端\系统模块\中间目录\界面控件\debug\skinhyperlink.obj
g:\网狐\happygamewh\纯净版服务端\系统模块\中间目录\界面控件\debug\skinimage.obj
g:\网狐\happygamewh\纯净版服务端\系统模块\中间目录\界面控件\debug\skinlistctrl.obj
g:\网狐\happygamewh\纯净版服务端\系统模块\中间目录\界面控件\debug\skinresourcemanager.obj
g:\网狐\happygamewh\纯净版服务端\系统模块\中间目录\界面控件\debug\skinsplitter.obj
g:\网狐\happygamewh\纯净版服务端\系统模块\中间目录\界面控件\debug\skinrichedit.obj
g:\网狐\happygamewh\纯净版服务端\系统模块\中间目录\界面控件\debug\skinwndobject.obj
g:\网狐\happygamewh\纯净版服务端\系统模块\运行\debug\skincontrolsd.ilk
g:\网狐\happygamewh\纯净版服务端\系统模块\运行\debug\skincontrolsd.dll
g:\网狐\happygamewh\纯净版服务端\系统模块\运行\debug\skincontrols.pdb
g:\网狐\happygamewh\纯净版服务端\系统模块\中间目录\界面控件\debug\skincontrols.res
g:\网狐\happygamewh\纯净版服务端\系统模块\链接库\skincontrolsd.lib
g:\网狐\happygamewh\纯净版服务端\系统模块\链接库\skincontrolsd.exp
g:\网狐\happygamewh\纯净版服务端\系统模块\中间目录\界面控件\debug\imageole.tli
g:\网狐\happygamewh\纯净版服务端\系统模块\中间目录\界面控件\debug\imageole.tlh
g:\网狐\happygamewh\纯净版服务端\系统模块\共享组件\界面控件\../../运行/debug/skincontrolsd.dll
g:\网狐\happygamewh\纯净版服务端\系统模块\中间目录\界面控件\debug\界面控件.tlog\cl.command.1.tlog
g:\网狐\happygamewh\纯净版服务端\系统模块\中间目录\界面控件\debug\界面控件.tlog\cl.read.1.tlog
g:\网狐\happygamewh\纯净版服务端\系统模块\中间目录\界面控件\debug\界面控件.tlog\cl.write.1.tlog
g:\网狐\happygamewh\纯净版服务端\系统模块\中间目录\界面控件\debug\界面控件.tlog\link.command.1.tlog
g:\网狐\happygamewh\纯净版服务端\系统模块\中间目录\界面控件\debug\界面控件.tlog\link.read.1.tlog
g:\网狐\happygamewh\纯净版服务端\系统模块\中间目录\界面控件\debug\界面控件.tlog\link.write.1.tlog
g:\网狐\happygamewh\纯净版服务端\系统模块\中间目录\界面控件\debug\界面控件.tlog\rc.command.1.tlog
g:\网狐\happygamewh\纯净版服务端\系统模块\中间目录\界面控件\debug\界面控件.tlog\rc.read.1.tlog
g:\网狐\happygamewh\纯净版服务端\系统模块\中间目录\界面控件\debug\界面控件.tlog\rc.write.1.tlog
g:\网狐\happygamewh\纯净版服务端\系统模块\中间目录\界面控件\debug\界面控件.tlog\界面控件.write.1u.tlog
