生成启动时间为 2019/9/1 15:39:47。
     1>项目“G:\网狐\精华版全套\系统模块\客户端组件\图像控件\WHImage.vcxproj”在节点 2 上(Rebuild 个目标)。
     1>ClCompile:
         C:\Program Files (x86)\Microsoft Visual Studio 12.0\VC\bin\CL.exe /c /Zi /nologo /W3 /WX- /O2 /Oy- /D WIN32 /D _WINDOWS /D NDEBUG /D _AFXEXT /D WH_IMAGE_DLL /D _WINDLL /D _MBCS /D _AFXDLL /Gm- /EHsc /MD /GS /fp:precise /Zc:wchar_t /Zc:forScope /Yc"stdafx.h" /Fp"Release\图像控件.pch" /Fo"Release\\" /Fd"Release\vc120.pdb" /Gd /TP /analyze- /errorReport:prompt Stdafx.cpp
         Stdafx.cpp
     1>C:\Program Files (x86)\Microsoft Visual Studio 12.0\VC\atlmfc\include\afx.h(38): warning C4996: 'MBCS_Support_Deprecated_In_MFC': MBCS support in MFC is deprecated and may be removed in a future version of MFC.
                 C:\Program Files (x86)\Microsoft Visual Studio 12.0\VC\atlmfc\include\afx.h(33) : 参见“MBCS_Support_Deprecated_In_MFC”的声明
         C:\Program Files (x86)\Microsoft Visual Studio 12.0\VC\bin\CL.exe /c /Zi /nologo /W3 /WX- /O2 /Oy- /D WIN32 /D _WINDOWS /D NDEBUG /D _AFXEXT /D WH_IMAGE_DLL /D _WINDLL /D _MBCS /D _AFXDLL /Gm- /EHsc /MD /GS /fp:precise /Zc:wchar_t /Zc:forScope /Yu"stdafx.h" /Fp"Release\图像控件.pch" /Fo"Release\\" /Fd"Release\vc120.pdb" /Gd /TP /analyze- /errorReport:prompt BitImage.cpp BitImageEx.cpp D2DEngine.cpp DFontEx.cpp GIFImage.cpp PngImage.cpp PngImageEx.cpp WHImage.cpp
         BitImage.cpp
         BitImageEx.cpp
         D2DEngine.cpp
         DFontEx.cpp
         GIFImage.cpp
         PngImage.cpp
         PngImageEx.cpp
         WHImage.cpp
         正在生成代码...
       ResourceCompile:
         C:\Program Files (x86)\Windows Kits\8.1\bin\x86\rc.exe /D NDEBUG /D _AFXDLL /l"0x0804" /IRelease\ /nologo /fo"Release\WHImage.res" WHImage.rc 
     1>C:\Program Files (x86)\MSBuild\Microsoft.Cpp\v4.0\V120\Microsoft.CppBuild.targets(1193,5): warning MSB8012: TargetPath(G:\网狐\精华版全套\系统模块\客户端组件\图像控件\Release\图像控件.dll) does not match the Linker's OutputFile property value (G:\网狐\精华版全套\运行\Release\Ansi\WHImage.dll). This may cause your project to build incorrectly. To correct this, please make sure that $(OutDir), $(TargetName) and $(TargetExt) property values match the value specified in %(Link.OutputFile).
     1>C:\Program Files (x86)\MSBuild\Microsoft.Cpp\v4.0\V120\Microsoft.CppBuild.targets(1195,5): warning MSB8012: TargetName(图像控件) does not match the Linker's OutputFile property value (WHImage). This may cause your project to build incorrectly. To correct this, please make sure that $(OutDir), $(TargetName) and $(TargetExt) property values match the value specified in %(Link.OutputFile).
       Link:
         C:\Program Files (x86)\Microsoft Visual Studio 12.0\VC\bin\link.exe /ERRORREPORT:PROMPT /OUT:"../../../运行/Release/Ansi/WHImage.dll" /INCREMENTAL:NO /NOLOGO /DEF:".\WHImage.def" /MANIFEST /MANIFESTUAC:"level='asInvoker' uiAccess='false'" /manifest:embed /manifestinput:"C:\Program Files (x86)\Microsoft Visual Studio 12.0\VC\Include\Manifest\dpiaware.manifest" /DEBUG /PDB:"Release\图像控件.pdb" /SUBSYSTEM:WINDOWS /OPT:REF /OPT:ICF /TLBID:1 /DYNAMICBASE /NXCOMPAT /IMPLIB:"../../链接库/Ansi/WHImage.lib" /MACHINE:X86 /SAFESEH /DLL Release\WHImage.res
         Release\BitImage.obj
         Release\BitImageEx.obj
         Release\D2DEngine.obj
         Release\DFontEx.obj
         Release\GIFImage.obj
         Release\PngImage.obj
         Release\PngImageEx.obj
         Release\Stdafx.obj
         Release\WHImage.obj
         "G:\网狐\精华版全套\系统模块\链接库\Ansi\ServiceCore.lib"
            正在创建库 ../../链接库/Ansi/WHImage.lib 和对象 ../../链接库/Ansi/WHImage.exp
         WHImage.vcxproj -> G:\网狐\精华版全套\系统模块\客户端组件\图像控件\Release\图像控件.dll
       PostBuildEvent:
         mkdir ..\..\..\发布组件\客户端组件\Release\Ansi
         copy /y ..\..\..\运行\Release\Ansi\图像控件.dll ..\..\..\发布组件\客户端组件\Release\Ansi\图像控件.dll
         
         :VCEnd
         子目录或文件 ..\..\..\发布组件\客户端组件\Release\Ansi 已经存在。
         系统找不到指定的文件。
     1>C:\Program Files (x86)\MSBuild\Microsoft.Cpp\v4.0\V120\Microsoft.CppCommon.targets(132,5): error MSB3073: 命令“mkdir ..\..\..\发布组件\客户端组件\Release\Ansi
C:\Program Files (x86)\MSBuild\Microsoft.Cpp\v4.0\V120\Microsoft.CppCommon.targets(132,5): error MSB3073: copy /y ..\..\..\运行\Release\Ansi\图像控件.dll ..\..\..\发布组件\客户端组件\Release\Ansi\图像控件.dll
C:\Program Files (x86)\MSBuild\Microsoft.Cpp\v4.0\V120\Microsoft.CppCommon.targets(132,5): error MSB3073: 
C:\Program Files (x86)\MSBuild\Microsoft.Cpp\v4.0\V120\Microsoft.CppCommon.targets(132,5): error MSB3073: :VCEnd”已退出，代码为 1。
     1>已完成生成项目“G:\网狐\精华版全套\系统模块\客户端组件\图像控件\WHImage.vcxproj”(Rebuild 个目标)的操作 - 失败。

生成失败。

已用时间 00:00:06.01
