g:\网狐\精华版全套\系统模块\客户端组件\图像控件\release\图像控件.pch
g:\网狐\精华版全套\系统模块\客户端组件\图像控件\release\vc120.pdb
g:\网狐\精华版全套\系统模块\客户端组件\图像控件\release\stdafx.obj
g:\网狐\精华版全套\系统模块\客户端组件\图像控件\release\whimage.obj
g:\网狐\精华版全套\系统模块\客户端组件\图像控件\release\pngimageex.obj
g:\网狐\精华版全套\系统模块\客户端组件\图像控件\release\pngimage.obj
g:\网狐\精华版全套\系统模块\客户端组件\图像控件\release\gifimage.obj
g:\网狐\精华版全套\系统模块\客户端组件\图像控件\release\dfontex.obj
g:\网狐\精华版全套\系统模块\客户端组件\图像控件\release\d2dengine.obj
g:\网狐\精华版全套\系统模块\客户端组件\图像控件\release\bitimageex.obj
g:\网狐\精华版全套\系统模块\客户端组件\图像控件\release\bitimage.obj
g:\网狐\精华版全套\运行\release\ansi\whimage.dll
g:\网狐\精华版全套\系统模块\客户端组件\图像控件\release\图像控件.pdb
g:\网狐\精华版全套\系统模块\客户端组件\图像控件\release\whimage.res
g:\网狐\精华版全套\系统模块\链接库\ansi\whimage.lib
g:\网狐\精华版全套\系统模块\链接库\ansi\whimage.exp
g:\网狐\精华版全套\系统模块\客户端组件\图像控件\release\图像控件.tlog\cl.command.1.tlog
g:\网狐\精华版全套\系统模块\客户端组件\图像控件\release\图像控件.tlog\cl.read.1.tlog
g:\网狐\精华版全套\系统模块\客户端组件\图像控件\release\图像控件.tlog\cl.write.1.tlog
g:\网狐\精华版全套\系统模块\客户端组件\图像控件\release\图像控件.tlog\link.command.1.tlog
g:\网狐\精华版全套\系统模块\客户端组件\图像控件\release\图像控件.tlog\link.read.1.tlog
g:\网狐\精华版全套\系统模块\客户端组件\图像控件\release\图像控件.tlog\link.write.1.tlog
g:\网狐\精华版全套\系统模块\客户端组件\图像控件\release\图像控件.tlog\rc.command.1.tlog
g:\网狐\精华版全套\系统模块\客户端组件\图像控件\release\图像控件.tlog\rc.read.1.tlog
g:\网狐\精华版全套\系统模块\客户端组件\图像控件\release\图像控件.tlog\rc.write.1.tlog
g:\网狐\精华版全套\系统模块\客户端组件\图像控件\release\图像控件.tlog\图像控件.write.1u.tlog
