g:\网狐\happygamewh\纯净版服务端\系统模块\中间目录\服务装载器\debug\serviceloader.pch
g:\网狐\happygamewh\纯净版服务端\系统模块\中间目录\服务装载器\debug\vc141.pdb
g:\网狐\happygamewh\纯净版服务端\系统模块\中间目录\服务装载器\debug\vc141.idb
g:\网狐\happygamewh\纯净版服务端\系统模块\中间目录\服务装载器\debug\stdafx.obj
g:\网狐\happygamewh\纯净版服务端\系统模块\中间目录\服务装载器\debug\initparamter.obj
g:\网狐\happygamewh\纯净版服务端\系统模块\中间目录\服务装载器\debug\serviceloader.obj
g:\网狐\happygamewh\纯净版服务端\系统模块\中间目录\服务装载器\debug\serviceloaderdlg.obj
g:\网狐\happygamewh\纯净版服务端\系统模块\中间目录\服务装载器\debug\serviceparameter.obj
g:\网狐\happygamewh\纯净版服务端\系统模块\运行\debug\serviceloader.ilk
g:\网狐\happygamewh\纯净版服务端\系统模块\运行\debug\serviceloader.exe
g:\网狐\happygamewh\纯净版服务端\系统模块\运行\debug\serviceloader.pdb
g:\网狐\happygamewh\纯净版服务端\系统模块\中间目录\服务装载器\debug\serviceloader.res
g:\网狐\happygamewh\纯净版服务端\系统模块\中间目录\服务装载器\debug\imageole.tli
g:\网狐\happygamewh\纯净版服务端\系统模块\中间目录\服务装载器\debug\msado15.tli
g:\网狐\happygamewh\纯净版服务端\系统模块\中间目录\服务装载器\debug\imageole.tlh
g:\网狐\happygamewh\纯净版服务端\系统模块\中间目录\服务装载器\debug\msado15.tlh
g:\网狐\happygamewh\纯净版服务端\系统模块\服务器组件\服务装载器\../../运行/debug/serviceloader.exe
g:\网狐\happygamewh\纯净版服务端\系统模块\中间目录\服务装载器\debug\服务装载器.tlog\cl.command.1.tlog
g:\网狐\happygamewh\纯净版服务端\系统模块\中间目录\服务装载器\debug\服务装载器.tlog\cl.read.1.tlog
g:\网狐\happygamewh\纯净版服务端\系统模块\中间目录\服务装载器\debug\服务装载器.tlog\cl.write.1.tlog
g:\网狐\happygamewh\纯净版服务端\系统模块\中间目录\服务装载器\debug\服务装载器.tlog\link.command.1.tlog
g:\网狐\happygamewh\纯净版服务端\系统模块\中间目录\服务装载器\debug\服务装载器.tlog\link.read.1.tlog
g:\网狐\happygamewh\纯净版服务端\系统模块\中间目录\服务装载器\debug\服务装载器.tlog\link.write.1.tlog
g:\网狐\happygamewh\纯净版服务端\系统模块\中间目录\服务装载器\debug\服务装载器.tlog\rc.command.1.tlog
g:\网狐\happygamewh\纯净版服务端\系统模块\中间目录\服务装载器\debug\服务装载器.tlog\rc.read.1.tlog
g:\网狐\happygamewh\纯净版服务端\系统模块\中间目录\服务装载器\debug\服务装载器.tlog\rc.write.1.tlog
