g:\网狐\happygamewh\服务端\中间目录\约战服务器\debug_ansi\personalroomcorrespond.pch
g:\网狐\happygamewh\服务端\中间目录\约战服务器\debug_ansi\vc141.pdb
g:\网狐\happygamewh\服务端\中间目录\约战服务器\debug_ansi\vc141.idb
g:\网狐\happygamewh\服务端\中间目录\约战服务器\debug_ansi\stdafx.obj
g:\网狐\happygamewh\服务端\中间目录\约战服务器\debug_ansi\stdafx.cod
g:\网狐\happygamewh\服务端\中间目录\约战服务器\debug_ansi\serviceunits.obj
g:\网狐\happygamewh\服务端\中间目录\约战服务器\debug_ansi\serviceunits.cod
g:\网狐\happygamewh\服务端\中间目录\约战服务器\debug_ansi\initparameter.obj
g:\网狐\happygamewh\服务端\中间目录\约战服务器\debug_ansi\initparameter.cod
g:\网狐\happygamewh\服务端\中间目录\约战服务器\debug_ansi\globalinfomanager.obj
g:\网狐\happygamewh\服务端\中间目录\约战服务器\debug_ansi\globalinfomanager.cod
g:\网狐\happygamewh\服务端\中间目录\约战服务器\debug_ansi\correspondserverdlg.obj
g:\网狐\happygamewh\服务端\中间目录\约战服务器\debug_ansi\correspondserverdlg.cod
g:\网狐\happygamewh\服务端\中间目录\约战服务器\debug_ansi\correspondserver.obj
g:\网狐\happygamewh\服务端\中间目录\约战服务器\debug_ansi\correspondserver.cod
g:\网狐\happygamewh\服务端\中间目录\约战服务器\debug_ansi\attemperenginesink.obj
g:\网狐\happygamewh\服务端\中间目录\约战服务器\debug_ansi\attemperenginesink.cod
g:\网狐\happygamewh\服务端\运行\debug\ansi\personalroomcorrespond.ilk
g:\网狐\happygamewh\服务端\运行\debug\ansi\personalroomcorrespond.exe
g:\网狐\happygamewh\服务端\运行\debug\ansi\personalroomcorrespond.map
g:\网狐\happygamewh\服务端\中间目录\约战服务器\debug_ansi\personalroomcorrespond.pdb
g:\网狐\happygamewh\服务端\中间目录\约战服务器\debug_ansi\correspond.res
g:\网狐\happygamewh\服务端\中间目录\约战服务器\debug_ansi\msado15.tli
g:\网狐\happygamewh\服务端\中间目录\约战服务器\debug_ansi\msado15.tlh
g:\网狐\happygamewh\服务端\中间目录\约战服务器\debug_ansi\../../../运行/debug/ansi/personalroomcorrespond.pdb
g:\网狐\happygamewh\服务端\系统模块\服务器组件\约战服务器\../../../运行/debug/ansi/personalroomcorrespond.exe
g:\网狐\happygamewh\服务端\中间目录\约战服务器\debug_ansi\../../../运行/debug/ansi/personalroomcorrespond.ilk
g:\网狐\happygamewh\服务端\中间目录\约战服务器\debug_ansi\约战服务器.tlog\cl.command.1.tlog
g:\网狐\happygamewh\服务端\中间目录\约战服务器\debug_ansi\约战服务器.tlog\cl.read.1.tlog
g:\网狐\happygamewh\服务端\中间目录\约战服务器\debug_ansi\约战服务器.tlog\cl.write.1.tlog
g:\网狐\happygamewh\服务端\中间目录\约战服务器\debug_ansi\约战服务器.tlog\link.command.1.tlog
g:\网狐\happygamewh\服务端\中间目录\约战服务器\debug_ansi\约战服务器.tlog\link.read.1.tlog
g:\网狐\happygamewh\服务端\中间目录\约战服务器\debug_ansi\约战服务器.tlog\link.write.1.tlog
g:\网狐\happygamewh\服务端\中间目录\约战服务器\debug_ansi\约战服务器.tlog\rc.command.1.tlog
g:\网狐\happygamewh\服务端\中间目录\约战服务器\debug_ansi\约战服务器.tlog\rc.read.1.tlog
g:\网狐\happygamewh\服务端\中间目录\约战服务器\debug_ansi\约战服务器.tlog\rc.write.1.tlog
