g:\网狐\整理的最新网狐框架\系统模块\客户端组件\信道模块\release\信道模块.pch
g:\网狐\整理的最新网狐框架\系统模块\客户端组件\信道模块\release\vc141.pdb
g:\网狐\整理的最新网狐框架\系统模块\客户端组件\信道模块\release\stdafx.obj
g:\网狐\整理的最新网狐框架\系统模块\客户端组件\信道模块\release\ipccontrols.obj
g:\网狐\整理的最新网狐框架\系统模块\客户端组件\信道模块\release\channelservice.obj
g:\网狐\整理的最新网狐框架\系统模块\客户端组件\信道模块\release\channelmodule.obj
g:\网狐\整理的最新网狐框架\系统模块\运行\release\channelmodule.dll
g:\网狐\整理的最新网狐框架\系统模块\客户端组件\信道模块\release\信道模块.pdb
g:\网狐\整理的最新网狐框架\系统模块\客户端组件\信道模块\release\channelmodule.res
g:\网狐\整理的最新网狐框架\系统模块\链接库\channelmodule.lib
g:\网狐\整理的最新网狐框架\系统模块\链接库\channelmodule.exp
g:\网狐\整理的最新网狐框架\系统模块\客户端组件\信道模块\release\信道模块.tlog\cl.command.1.tlog
g:\网狐\整理的最新网狐框架\系统模块\客户端组件\信道模块\release\信道模块.tlog\cl.read.1.tlog
g:\网狐\整理的最新网狐框架\系统模块\客户端组件\信道模块\release\信道模块.tlog\cl.write.1.tlog
g:\网狐\整理的最新网狐框架\系统模块\客户端组件\信道模块\release\信道模块.tlog\link.command.1.tlog
g:\网狐\整理的最新网狐框架\系统模块\客户端组件\信道模块\release\信道模块.tlog\link.read.1.tlog
g:\网狐\整理的最新网狐框架\系统模块\客户端组件\信道模块\release\信道模块.tlog\link.write.1.tlog
g:\网狐\整理的最新网狐框架\系统模块\客户端组件\信道模块\release\信道模块.tlog\rc.command.1.tlog
g:\网狐\整理的最新网狐框架\系统模块\客户端组件\信道模块\release\信道模块.tlog\rc.read.1.tlog
g:\网狐\整理的最新网狐框架\系统模块\客户端组件\信道模块\release\信道模块.tlog\rc.write.1.tlog
g:\网狐\整理的最新网狐框架\系统模块\客户端组件\信道模块\release\信道模块.tlog\信道模块.write.1u.tlog
