cl : 命令行 warning D9035: “Gm”选项已否决，并将在将来的版本中移除
  Stdafx.cpp
cl : 命令行 warning D9035: “Gm”选项已否决，并将在将来的版本中移除
  WebSocket.cpp
g:\网狐\happygamewh\纯净版服务端\系统模块\服务器组件\内核引擎\zlreactor\websocket.cpp(125): warning C4244: “=”: 从“uint64_t”转换到“int”，可能丢失数据
g:\网狐\happygamewh\纯净版服务端\系统模块\服务器组件\内核引擎\zlreactor\websocket.cpp(130): warning C4805: “==”: 在操作中将类型“unsigned char”与类型“bool”混合不安全
  SHA1.cpp
  Base64.cpp
  HttpRequest.cpp
  HttpContext.cpp
  ByteBuffer.cpp
  StringUtil.cpp
  TraceService.cpp
g:\网狐\happygamewh\纯净版服务端\系统模块\服务器组件\内核引擎\traceservice.cpp(149): warning C4996: '_snprintf': This function or variable may be unsafe. Consider using _snprintf_s instead. To disable deprecation, use _CRT_SECURE_NO_WARNINGS. See online help for details.
  c:\program files (x86)\windows kits\10\include\10.0.10240.0\ucrt\stdio.h(1952): note: 参见“_snprintf”的声明
g:\网狐\happygamewh\纯净版服务端\系统模块\服务器组件\内核引擎\traceservice.cpp(153): warning C4996: '_snprintf': This function or variable may be unsafe. Consider using _snprintf_s instead. To disable deprecation, use _CRT_SECURE_NO_WARNINGS. See online help for details.
  c:\program files (x86)\windows kits\10\include\10.0.10240.0\ucrt\stdio.h(1952): note: 参见“_snprintf”的声明
  TimerEngine.cpp
  TCPSocketService.cpp
g:\网狐\happygamewh\纯净版服务端\系统模块\服务器组件\内核引擎\tcpsocketservice.cpp(113): warning C4996: 'WSAAsyncSelect': Use WSAEventSelect() instead or define _WINSOCK_DEPRECATED_NO_WARNINGS to disable deprecated API warnings
  c:\program files (x86)\windows kits\8.1\include\um\winsock2.h(2699): note: 参见“WSAAsyncSelect”的声明
g:\网狐\happygamewh\纯净版服务端\系统模块\服务器组件\内核引擎\tcpsocketservice.cpp(305): warning C4996: 'WSAAsyncSelect': Use WSAEventSelect() instead or define _WINSOCK_DEPRECATED_NO_WARNINGS to disable deprecated API warnings
  c:\program files (x86)\windows kits\8.1\include\um\winsock2.h(2699): note: 参见“WSAAsyncSelect”的声明
g:\网狐\happygamewh\纯净版服务端\系统模块\服务器组件\内核引擎\tcpsocketservice.cpp(327): warning C4996: 'WSAAsyncSelect': Use WSAEventSelect() instead or define _WINSOCK_DEPRECATED_NO_WARNINGS to disable deprecated API warnings
  c:\program files (x86)\windows kits\8.1\include\um\winsock2.h(2699): note: 参见“WSAAsyncSelect”的声明
g:\网狐\happygamewh\纯净版服务端\系统模块\服务器组件\内核引擎\tcpsocketservice.cpp(414): warning C4996: 'inet_addr': Use inet_pton() or InetPton() instead or define _WINSOCK_DEPRECATED_NO_WARNINGS to disable deprecated API warnings
  c:\program files (x86)\windows kits\8.1\include\um\winsock2.h(1850): note: 参见“inet_addr”的声明
g:\网狐\happygamewh\纯净版服务端\系统模块\服务器组件\内核引擎\tcpsocketservice.cpp(417): warning C4996: 'gethostbyname': Use getaddrinfo() or GetAddrInfoW() instead or define _WINSOCK_DEPRECATED_NO_WARNINGS to disable deprecated API warnings
  c:\program files (x86)\windows kits\8.1\include\um\winsock2.h(2238): note: 参见“gethostbyname”的声明
  TCPNetworkEngine.cpp
g:\网狐\happygamewh\纯净版服务端\系统模块\服务器组件\内核引擎\tcpnetworkengine.cpp(261): warning C4996: '_snprintf': This function or variable may be unsafe. Consider using _snprintf_s instead. To disable deprecation, use _CRT_SECURE_NO_WARNINGS. See online help for details.
  c:\program files (x86)\windows kits\10\include\10.0.10240.0\ucrt\stdio.h(1952): note: 参见“_snprintf”的声明
g:\网狐\happygamewh\纯净版服务端\系统模块\服务器组件\内核引擎\tcpnetworkengine.cpp(269): warning C4996: '_snprintf': This function or variable may be unsafe. Consider using _snprintf_s instead. To disable deprecation, use _CRT_SECURE_NO_WARNINGS. See online help for details.
  c:\program files (x86)\windows kits\10\include\10.0.10240.0\ucrt\stdio.h(1952): note: 参见“_snprintf”的声明
g:\网狐\happygamewh\纯净版服务端\系统模块\服务器组件\内核引擎\tcpnetworkengine.cpp(361): warning C4996: '_snprintf': This function or variable may be unsafe. Consider using _snprintf_s instead. To disable deprecation, use _CRT_SECURE_NO_WARNINGS. See online help for details.
  c:\program files (x86)\windows kits\10\include\10.0.10240.0\ucrt\stdio.h(1952): note: 参见“_snprintf”的声明
g:\网狐\happygamewh\纯净版服务端\系统模块\服务器组件\内核引擎\tcpnetworkengine.cpp(369): warning C4996: '_snprintf': This function or variable may be unsafe. Consider using _snprintf_s instead. To disable deprecation, use _CRT_SECURE_NO_WARNINGS. See online help for details.
  c:\program files (x86)\windows kits\10\include\10.0.10240.0\ucrt\stdio.h(1952): note: 参见“_snprintf”的声明
g:\网狐\happygamewh\纯净版服务端\系统模块\服务器组件\内核引擎\tcpnetworkengine.cpp(656): warning C4996: '_snprintf': This function or variable may be unsafe. Consider using _snprintf_s instead. To disable deprecation, use _CRT_SECURE_NO_WARNINGS. See online help for details.
  c:\program files (x86)\windows kits\10\include\10.0.10240.0\ucrt\stdio.h(1952): note: 参见“_snprintf”的声明
g:\网狐\happygamewh\纯净版服务端\系统模块\服务器组件\内核引擎\tcpnetworkengine.cpp(854): warning C4244: “=”: 从“google::protobuf::uint64”转换到“WORD”，可能丢失数据
g:\网狐\happygamewh\纯净版服务端\系统模块\服务器组件\内核引擎\tcpnetworkengine.cpp(855): warning C4244: “=”: 从“google::protobuf::uint64”转换到“WORD”，可能丢失数据
g:\网狐\happygamewh\纯净版服务端\系统模块\服务器组件\内核引擎\tcpnetworkengine.cpp(870): warning C4267: “参数”: 从“size_t”转换到“WORD”，可能丢失数据
g:\网狐\happygamewh\纯净版服务端\系统模块\服务器组件\内核引擎\tcpnetworkengine.cpp(816): warning C4996: '_snprintf': This function or variable may be unsafe. Consider using _snprintf_s instead. To disable deprecation, use _CRT_SECURE_NO_WARNINGS. See online help for details.
  c:\program files (x86)\windows kits\10\include\10.0.10240.0\ucrt\stdio.h(1952): note: 参见“_snprintf”的声明
g:\网狐\happygamewh\纯净版服务端\系统模块\服务器组件\内核引擎\tcpnetworkengine.cpp(904): warning C4996: '_snprintf': This function or variable may be unsafe. Consider using _snprintf_s instead. To disable deprecation, use _CRT_SECURE_NO_WARNINGS. See online help for details.
  c:\program files (x86)\windows kits\10\include\10.0.10240.0\ucrt\stdio.h(1952): note: 参见“_snprintf”的声明
g:\网狐\happygamewh\纯净版服务端\系统模块\服务器组件\内核引擎\tcpnetworkengine.cpp(911): warning C4996: '_snprintf': This function or variable may be unsafe. Consider using _snprintf_s instead. To disable deprecation, use _CRT_SECURE_NO_WARNINGS. See online help for details.
  c:\program files (x86)\windows kits\10\include\10.0.10240.0\ucrt\stdio.h(1952): note: 参见“_snprintf”的声明
g:\网狐\happygamewh\纯净版服务端\系统模块\服务器组件\内核引擎\tcpnetworkengine.cpp(989): warning C4996: '_snprintf': This function or variable may be unsafe. Consider using _snprintf_s instead. To disable deprecation, use _CRT_SECURE_NO_WARNINGS. See online help for details.
  c:\program files (x86)\windows kits\10\include\10.0.10240.0\ucrt\stdio.h(1952): note: 参见“_snprintf”的声明
g:\网狐\happygamewh\纯净版服务端\系统模块\服务器组件\内核引擎\tcpnetworkengine.cpp(1301): warning C4996: 'WSASocketA': Use WSASocketW() instead or define _WINSOCK_DEPRECATED_NO_WARNINGS to disable deprecated API warnings
  c:\program files (x86)\windows kits\8.1\include\um\winsock2.h(3457): note: 参见“WSASocketA”的声明
  QueueService.cpp
  KernelEngine.cpp
  DataBaseAide.cpp
  DataBase.cpp
  AttemperEngine.cpp
  AsynchronismEngine.cpp
  正在生成代码...
AsynchronismEngine.obj : warning LNK4075: 忽略“/EDITANDCONTINUE”(由于“/SAFESEH”规范)
    正在创建库 ../../链接库/KernelEngineD.lib 和对象 ../../链接库/KernelEngineD.exp
  KernelEngine.vcxproj -> G:\网狐\HappyGameWH\纯净版服务端\系统模块\服务器组件\内核引擎\../../运行/Debug/KernelEngineD.dll
  子目录或文件 ..\..\发布组件\服务器组件\Debug 已经存在。
  已复制         1 个文件。
