g:\网狐\happygamewh\纯净版服务端\系统模块\中间目录\内核引擎\debug\kernelengined.pch
g:\网狐\happygamewh\纯净版服务端\系统模块\中间目录\内核引擎\debug\vc141.pdb
g:\网狐\happygamewh\纯净版服务端\系统模块\中间目录\内核引擎\debug\vc141.idb
g:\网狐\happygamewh\纯净版服务端\系统模块\中间目录\内核引擎\debug\stdafx.obj
g:\网狐\happygamewh\纯净版服务端\系统模块\中间目录\内核引擎\debug\asynchronismengine.obj
g:\网狐\happygamewh\纯净版服务端\系统模块\中间目录\内核引擎\debug\attemperengine.obj
g:\网狐\happygamewh\纯净版服务端\系统模块\中间目录\内核引擎\debug\database.obj
g:\网狐\happygamewh\纯净版服务端\系统模块\中间目录\内核引擎\debug\databaseaide.obj
g:\网狐\happygamewh\纯净版服务端\系统模块\中间目录\内核引擎\debug\kernelengine.obj
g:\网狐\happygamewh\纯净版服务端\系统模块\中间目录\内核引擎\debug\queueservice.obj
g:\网狐\happygamewh\纯净版服务端\系统模块\中间目录\内核引擎\debug\tcpnetworkengine.obj
g:\网狐\happygamewh\纯净版服务端\系统模块\中间目录\内核引擎\debug\tcpsocketservice.obj
g:\网狐\happygamewh\纯净版服务端\系统模块\中间目录\内核引擎\debug\timerengine.obj
g:\网狐\happygamewh\纯净版服务端\系统模块\中间目录\内核引擎\debug\traceservice.obj
g:\网狐\happygamewh\纯净版服务端\系统模块\中间目录\内核引擎\debug\stringutil.obj
g:\网狐\happygamewh\纯净版服务端\系统模块\中间目录\内核引擎\debug\bytebuffer.obj
g:\网狐\happygamewh\纯净版服务端\系统模块\中间目录\内核引擎\debug\httpcontext.obj
g:\网狐\happygamewh\纯净版服务端\系统模块\中间目录\内核引擎\debug\httprequest.obj
g:\网狐\happygamewh\纯净版服务端\系统模块\中间目录\内核引擎\debug\base64.obj
g:\网狐\happygamewh\纯净版服务端\系统模块\中间目录\内核引擎\debug\sha1.obj
g:\网狐\happygamewh\纯净版服务端\系统模块\中间目录\内核引擎\debug\websocket.obj
g:\网狐\happygamewh\纯净版服务端\系统模块\运行\debug\kernelengined.ilk
g:\网狐\happygamewh\纯净版服务端\系统模块\运行\debug\kernelengined.dll
g:\网狐\happygamewh\纯净版服务端\系统模块\运行\debug\kernelengined.pdb
g:\网狐\happygamewh\纯净版服务端\系统模块\中间目录\内核引擎\debug\kernelengine.res
g:\网狐\happygamewh\纯净版服务端\系统模块\链接库\kernelengined.lib
g:\网狐\happygamewh\纯净版服务端\系统模块\链接库\kernelengined.exp
g:\网狐\happygamewh\纯净版服务端\系统模块\中间目录\内核引擎\debug\msado15.tli
g:\网狐\happygamewh\纯净版服务端\系统模块\中间目录\内核引擎\debug\msado15.tlh
g:\网狐\happygamewh\纯净版服务端\系统模块\服务器组件\内核引擎\../../运行/debug/kernelengined.dll
g:\网狐\happygamewh\纯净版服务端\系统模块\中间目录\内核引擎\debug\内核引擎.tlog\cl.command.1.tlog
g:\网狐\happygamewh\纯净版服务端\系统模块\中间目录\内核引擎\debug\内核引擎.tlog\cl.read.1.tlog
g:\网狐\happygamewh\纯净版服务端\系统模块\中间目录\内核引擎\debug\内核引擎.tlog\cl.write.1.tlog
g:\网狐\happygamewh\纯净版服务端\系统模块\中间目录\内核引擎\debug\内核引擎.tlog\link.command.1.tlog
g:\网狐\happygamewh\纯净版服务端\系统模块\中间目录\内核引擎\debug\内核引擎.tlog\link.read.1.tlog
g:\网狐\happygamewh\纯净版服务端\系统模块\中间目录\内核引擎\debug\内核引擎.tlog\link.write.1.tlog
g:\网狐\happygamewh\纯净版服务端\系统模块\中间目录\内核引擎\debug\内核引擎.tlog\rc.command.1.tlog
g:\网狐\happygamewh\纯净版服务端\系统模块\中间目录\内核引擎\debug\内核引擎.tlog\rc.read.1.tlog
g:\网狐\happygamewh\纯净版服务端\系统模块\中间目录\内核引擎\debug\内核引擎.tlog\rc.write.1.tlog
g:\网狐\happygamewh\纯净版服务端\系统模块\中间目录\内核引擎\debug\内核引擎.tlog\内核引擎.write.1u.tlog
