g:\网狐\整理的最新网狐框架\系统模块\共享组件\公共服务\release\公共服务.pch
g:\网狐\整理的最新网狐框架\系统模块\共享组件\公共服务\release\vc141.pdb
g:\网狐\整理的最新网狐框架\系统模块\共享组件\公共服务\release\stdafx.obj
g:\网狐\整理的最新网狐框架\系统模块\共享组件\公共服务\release\winfileinfo.obj
g:\网狐\整理的最新网狐框架\系统模块\共享组件\公共服务\release\webbrowser.obj
g:\网狐\整理的最新网狐框架\系统模块\共享组件\公共服务\release\servicethread.obj
g:\网狐\整理的最新网狐框架\系统模块\共享组件\公共服务\release\htmlbrowser.obj
g:\网狐\整理的最新网狐框架\系统模块\共享组件\公共服务\release\encrypt.obj
g:\网狐\整理的最新网狐框架\系统模块\共享组件\公共服务\release\datastorage.obj
g:\网狐\整理的最新网狐框架\系统模块\共享组件\公共服务\release\comservice.obj
g:\网狐\整理的最新网狐框架\系统模块\运行\release\comservice.dll
g:\网狐\整理的最新网狐框架\系统模块\共享组件\公共服务\release\公共服务.pdb
g:\网狐\整理的最新网狐框架\系统模块\共享组件\公共服务\release\comservice.res
g:\网狐\整理的最新网狐框架\系统模块\链接库\comservice.lib
g:\网狐\整理的最新网狐框架\系统模块\链接库\comservice.exp
g:\网狐\整理的最新网狐框架\系统模块\共享组件\公共服务\release\公共服务.tlog\cl.command.1.tlog
g:\网狐\整理的最新网狐框架\系统模块\共享组件\公共服务\release\公共服务.tlog\cl.read.1.tlog
g:\网狐\整理的最新网狐框架\系统模块\共享组件\公共服务\release\公共服务.tlog\cl.write.1.tlog
g:\网狐\整理的最新网狐框架\系统模块\共享组件\公共服务\release\公共服务.tlog\link.command.1.tlog
g:\网狐\整理的最新网狐框架\系统模块\共享组件\公共服务\release\公共服务.tlog\link.read.1.tlog
g:\网狐\整理的最新网狐框架\系统模块\共享组件\公共服务\release\公共服务.tlog\link.write.1.tlog
g:\网狐\整理的最新网狐框架\系统模块\共享组件\公共服务\release\公共服务.tlog\rc.command.1.tlog
g:\网狐\整理的最新网狐框架\系统模块\共享组件\公共服务\release\公共服务.tlog\rc.read.1.tlog
g:\网狐\整理的最新网狐框架\系统模块\共享组件\公共服务\release\公共服务.tlog\rc.write.1.tlog
g:\网狐\整理的最新网狐框架\系统模块\共享组件\公共服务\release\公共服务.tlog\公共服务.write.1u.tlog
