g:\网狐\整理的最新网狐框架\系统模块\客户端组件\游戏等级\release\游戏等级.pch
g:\网狐\整理的最新网狐框架\系统模块\客户端组件\游戏等级\release\vc141.pdb
g:\网狐\整理的最新网狐框架\系统模块\客户端组件\游戏等级\release\stdafx.obj
g:\网狐\整理的最新网狐框架\系统模块\客户端组件\游戏等级\release\gamerankmanager.obj
g:\网狐\整理的最新网狐框架\系统模块\客户端组件\游戏等级\release\gamerank.obj
g:\网狐\整理的最新网狐框架\系统模块\运行\release\gamerank.dll
g:\网狐\整理的最新网狐框架\系统模块\客户端组件\游戏等级\release\游戏等级.pdb
g:\网狐\整理的最新网狐框架\系统模块\客户端组件\游戏等级\release\gamerank.res
g:\网狐\整理的最新网狐框架\系统模块\链接库\gamerank.lib
g:\网狐\整理的最新网狐框架\系统模块\链接库\gamerank.exp
g:\网狐\整理的最新网狐框架\系统模块\客户端组件\游戏等级\release\游戏等级.tlog\cl.command.1.tlog
g:\网狐\整理的最新网狐框架\系统模块\客户端组件\游戏等级\release\游戏等级.tlog\cl.read.1.tlog
g:\网狐\整理的最新网狐框架\系统模块\客户端组件\游戏等级\release\游戏等级.tlog\cl.write.1.tlog
g:\网狐\整理的最新网狐框架\系统模块\客户端组件\游戏等级\release\游戏等级.tlog\link.command.1.tlog
g:\网狐\整理的最新网狐框架\系统模块\客户端组件\游戏等级\release\游戏等级.tlog\link.read.1.tlog
g:\网狐\整理的最新网狐框架\系统模块\客户端组件\游戏等级\release\游戏等级.tlog\link.write.1.tlog
g:\网狐\整理的最新网狐框架\系统模块\客户端组件\游戏等级\release\游戏等级.tlog\rc.command.1.tlog
g:\网狐\整理的最新网狐框架\系统模块\客户端组件\游戏等级\release\游戏等级.tlog\rc.read.1.tlog
g:\网狐\整理的最新网狐框架\系统模块\客户端组件\游戏等级\release\游戏等级.tlog\rc.write.1.tlog
g:\网狐\整理的最新网狐框架\系统模块\客户端组件\游戏等级\release\游戏等级.tlog\游戏等级.write.1u.tlog
