cl : 命令行 warning D9035: “Gm”选项已否决，并将在将来的版本中移除
  Stdafx.cpp
cl : 命令行 warning D9035: “Gm”选项已否决，并将在将来的版本中移除
  WinFileInfo.cpp
g:\网狐\开发的模块\客户端\系统模块\共享组件\公共服务\winfileinfo.cpp(60): warning C4996: '_snprintf': This function or variable may be unsafe. Consider using _snprintf_s instead. To disable deprecation, use _CRT_SECURE_NO_WARNINGS. See online help for details.
  c:\program files (x86)\windows kits\10\include\10.0.17763.0\ucrt\stdio.h(1961): note: 参见“_snprintf”的声明
  WebBrowser.cpp
  ServiceThread.cpp
  HtmlBrowser.cpp
  Encrypt.cpp
g:\网狐\开发的模块\客户端\系统模块\共享组件\公共服务\encrypt.cpp(288): warning C4996: 'sprintf': This function or variable may be unsafe. Consider using sprintf_s instead. To disable deprecation, use _CRT_SECURE_NO_WARNINGS. See online help for details.
  c:\program files (x86)\windows kits\10\include\10.0.17763.0\ucrt\stdio.h(1774): note: 参见“sprintf”的声明
g:\网狐\开发的模块\客户端\系统模块\共享组件\公共服务\encrypt.cpp(319): warning C4996: '_snprintf': This function or variable may be unsafe. Consider using _snprintf_s instead. To disable deprecation, use _CRT_SECURE_NO_WARNINGS. See online help for details.
  c:\program files (x86)\windows kits\10\include\10.0.17763.0\ucrt\stdio.h(1961): note: 参见“_snprintf”的声明
  DataStorage.cpp
  ComService.cpp
  正在生成代码...
ComService.obj : warning LNK4075: 忽略“/EDITANDCONTINUE”(由于“/SAFESEH”规范)
    正在创建库 Debug\公共服务.lib 和对象 Debug\公共服务.exp
LINK : warning LNK4232: 名称 公共服务.dll 包含非 ASCII 字符，在具有除 936 以外的 ANSI 代码页的系统上可能不能加载 DLL
LINK : warning LNK4098: 默认库“MSVCRT”与其他库的使用冲突；请使用 /NODEFAULTLIB:library
  ComService.vcxproj -> G:\网狐\开发的模块\客户端\系统模块\共享组件\公共服务\Debug\公共服务.dll
