g:\网狐\开发的模块\客户端\系统模块\公共组件\公共服务\debug\公共服务.pch
g:\网狐\开发的模块\客户端\系统模块\公共组件\公共服务\debug\vc141.pdb
g:\网狐\开发的模块\客户端\系统模块\公共组件\公共服务\debug\vc141.idb
g:\网狐\开发的模块\客户端\系统模块\公共组件\公共服务\debug\stdafx.obj
g:\网狐\开发的模块\客户端\系统模块\公共组件\公共服务\debug\comservice.obj
g:\网狐\开发的模块\客户端\系统模块\公共组件\公共服务\debug\datastorage.obj
g:\网狐\开发的模块\客户端\系统模块\公共组件\公共服务\debug\encrypt.obj
g:\网狐\开发的模块\客户端\系统模块\公共组件\公共服务\debug\htmlbrowser.obj
g:\网狐\开发的模块\客户端\系统模块\公共组件\公共服务\debug\servicethread.obj
g:\网狐\开发的模块\客户端\系统模块\公共组件\公共服务\debug\webbrowser.obj
g:\网狐\开发的模块\客户端\系统模块\公共组件\公共服务\debug\winfileinfo.obj
g:\网狐\开发的模块\客户端\系统模块\公共组件\公共服务\debug\公共服务.ilk
g:\网狐\开发的模块\客户端\系统模块\公共组件\公共服务\debug\公共服务.dll
g:\网狐\开发的模块\客户端\系统模块\公共组件\公共服务\debug\公共服务.pdb
g:\网狐\开发的模块\客户端\系统模块\公共组件\公共服务\debug\comservice.res
g:\网狐\开发的模块\客户端\系统模块\公共组件\公共服务\debug\公共服务.lib
g:\网狐\开发的模块\客户端\系统模块\公共组件\公共服务\debug\公共服务.exp
g:\网狐\开发的模块\客户端\系统模块\共享组件\公共服务\debug\comservice.obj
g:\网狐\开发的模块\客户端\系统模块\共享组件\公共服务\debug\datastorage.obj
g:\网狐\开发的模块\客户端\系统模块\共享组件\公共服务\debug\encrypt.obj
g:\网狐\开发的模块\客户端\系统模块\共享组件\公共服务\debug\htmlbrowser.obj
g:\网狐\开发的模块\客户端\系统模块\共享组件\公共服务\debug\servicethread.obj
g:\网狐\开发的模块\客户端\系统模块\共享组件\公共服务\debug\stdafx.obj
g:\网狐\开发的模块\客户端\系统模块\共享组件\公共服务\debug\webbrowser.obj
g:\网狐\开发的模块\客户端\系统模块\共享组件\公共服务\debug\winfileinfo.obj
g:\网狐\开发的模块\客户端\系统模块\共享组件\公共服务\debug\公共服务.ilk
g:\网狐\开发的模块\客户端\系统模块\共享组件\公共服务\debug\comservice.res
g:\网狐\开发的模块\客户端\系统模块\共享组件\公共服务\debug\公共服务.pch
g:\网狐\开发的模块\客户端\系统模块\共享组件\公共服务\debug\公共服务.exp
g:\网狐\开发的模块\客户端\系统模块\共享组件\公共服务\debug\vc141.idb
g:\网狐\开发的模块\客户端\系统模块\共享组件\公共服务\debug\vc141.pdb
g:\网狐\开发的模块\客户端\系统模块\共享组件\公共服务\debug\公共服务.pdb
g:\网狐\开发的模块\客户端\系统模块\共享组件\公共服务\debug\公共服务.dll
g:\网狐\开发的模块\客户端\系统模块\共享组件\公共服务\debug\公共服务.tlog\cl.command.1.tlog
g:\网狐\开发的模块\客户端\系统模块\共享组件\公共服务\debug\公共服务.tlog\cl.read.1.tlog
g:\网狐\开发的模块\客户端\系统模块\共享组件\公共服务\debug\公共服务.tlog\cl.write.1.tlog
g:\网狐\开发的模块\客户端\系统模块\共享组件\公共服务\debug\公共服务.tlog\link.command.1.tlog
g:\网狐\开发的模块\客户端\系统模块\共享组件\公共服务\debug\公共服务.tlog\link.read.1.tlog
g:\网狐\开发的模块\客户端\系统模块\共享组件\公共服务\debug\公共服务.tlog\link.write.1.tlog
g:\网狐\开发的模块\客户端\系统模块\共享组件\公共服务\debug\公共服务.tlog\rc.command.1.tlog
g:\网狐\开发的模块\客户端\系统模块\共享组件\公共服务\debug\公共服务.tlog\rc.read.1.tlog
g:\网狐\开发的模块\客户端\系统模块\共享组件\公共服务\debug\公共服务.tlog\rc.write.1.tlog
g:\网狐\开发的模块\客户端\系统模块\共享组件\公共服务\debug\公共服务.tlog\公共服务.write.1u.tlog
