g:\网狐\整理的最新网狐框架\精华版全套\系统模块\服务器组件\内核引擎\release_unicode\内核引擎.pch
g:\网狐\整理的最新网狐框架\精华版全套\系统模块\服务器组件\内核引擎\release_unicode\vc120.pdb
g:\网狐\整理的最新网狐框架\精华版全套\系统模块\服务器组件\内核引擎\release_unicode\stdafx.obj
g:\网狐\整理的最新网狐框架\精华版全套\系统模块\服务器组件\内核引擎\release_unicode\traceservicemanager.obj
g:\网狐\整理的最新网狐框架\精华版全套\系统模块\服务器组件\内核引擎\release_unicode\traceservice.obj
g:\网狐\整理的最新网狐框架\精华版全套\系统模块\服务器组件\内核引擎\release_unicode\timerengine.obj
g:\网狐\整理的最新网狐框架\精华版全套\系统模块\服务器组件\内核引擎\release_unicode\tcpsocketservice.obj
g:\网狐\整理的最新网狐框架\精华版全套\系统模块\服务器组件\内核引擎\release_unicode\tcpnetworkengine.obj
g:\网狐\整理的最新网狐框架\精华版全套\系统模块\服务器组件\内核引擎\release_unicode\kernelengine.obj
g:\网狐\整理的最新网狐框架\精华版全套\系统模块\服务器组件\内核引擎\release_unicode\databaseengine.obj
g:\网狐\整理的最新网狐框架\精华版全套\系统模块\服务器组件\内核引擎\release_unicode\databaseaide.obj
g:\网狐\整理的最新网狐框架\精华版全套\系统模块\服务器组件\内核引擎\release_unicode\attemperengine.obj
g:\网狐\整理的最新网狐框架\精华版全套\系统模块\服务器组件\内核引擎\release_unicode\asynchronismengine.obj
g:\网狐\整理的最新网狐框架\精华版全套\运行\release\unicode\kernelengine.dll
g:\网狐\整理的最新网狐框架\精华版全套\系统模块\服务器组件\内核引擎\release_unicode\内核引擎.pdb
g:\网狐\整理的最新网狐框架\精华版全套\系统模块\服务器组件\内核引擎\release_unicode\kernelengine.res
g:\网狐\整理的最新网狐框架\精华版全套\系统模块\链接库\unicode\kernelengine.lib
g:\网狐\整理的最新网狐框架\精华版全套\系统模块\链接库\unicode\kernelengine.exp
g:\网狐\整理的最新网狐框架\精华版全套\系统模块\服务器组件\内核引擎\release_unicode\msado15.tli
g:\网狐\整理的最新网狐框架\精华版全套\系统模块\服务器组件\内核引擎\release_unicode\msado15.tlh
g:\网狐\整理的最新网狐框架\精华版全套\系统模块\服务器组件\内核引擎\release_unicode\内核引擎.tlog\cl.command.1.tlog
g:\网狐\整理的最新网狐框架\精华版全套\系统模块\服务器组件\内核引擎\release_unicode\内核引擎.tlog\cl.read.1.tlog
g:\网狐\整理的最新网狐框架\精华版全套\系统模块\服务器组件\内核引擎\release_unicode\内核引擎.tlog\cl.write.1.tlog
g:\网狐\整理的最新网狐框架\精华版全套\系统模块\服务器组件\内核引擎\release_unicode\内核引擎.tlog\link.command.1.tlog
g:\网狐\整理的最新网狐框架\精华版全套\系统模块\服务器组件\内核引擎\release_unicode\内核引擎.tlog\link.read.1.tlog
g:\网狐\整理的最新网狐框架\精华版全套\系统模块\服务器组件\内核引擎\release_unicode\内核引擎.tlog\link.write.1.tlog
g:\网狐\整理的最新网狐框架\精华版全套\系统模块\服务器组件\内核引擎\release_unicode\内核引擎.tlog\rc.command.1.tlog
g:\网狐\整理的最新网狐框架\精华版全套\系统模块\服务器组件\内核引擎\release_unicode\内核引擎.tlog\rc.read.1.tlog
g:\网狐\整理的最新网狐框架\精华版全套\系统模块\服务器组件\内核引擎\release_unicode\内核引擎.tlog\rc.write.1.tlog
g:\网狐\整理的最新网狐框架\精华版全套\系统模块\服务器组件\内核引擎\release_unicode\内核引擎.tlog\内核引擎.write.1u.tlog
