生成启动时间为 2019/9/14 17:01:18。
     1>项目“G:\网狐\整理的最新网狐框架\精华版全套\系统模块\服务器组件\模块管理\ModuleManager.vcxproj”在节点 2 上(Rebuild 个目标)。
     1>ClCompile:
         C:\Program Files (x86)\Microsoft Visual Studio 12.0\VC\bin\CL.exe /c /Zi /nologo /W3 /WX- /O2 /Oy- /D WIN32 /D _WINDOWS /D NDEBUG /D _AFXEXT /D MODULE_MANAGER_DLL /D _WINDLL /D _MBCS /D _AFXDLL /Gm- /EHsc /MD /GS /fp:precise /Zc:wchar_t /Zc:forScope /Yc"stdafx.h" /Fp"Release\模块管理.pch" /Fo"Release\\" /Fd"Release\vc120.pdb" /Gd /TP /analyze- /errorReport:prompt Stdafx.cpp
         Stdafx.cpp
     1>C:\Program Files (x86)\Microsoft Visual Studio 12.0\VC\atlmfc\include\afx.h(38): warning C4996: 'MBCS_Support_Deprecated_In_MFC': MBCS support in MFC is deprecated and may be removed in a future version of MFC.
                 C:\Program Files (x86)\Microsoft Visual Studio 12.0\VC\atlmfc\include\afx.h(33) : 参见“MBCS_Support_Deprecated_In_MFC”的声明
         C:\Program Files (x86)\Microsoft Visual Studio 12.0\VC\bin\CL.exe /c /Zi /nologo /W3 /WX- /O2 /Oy- /D WIN32 /D _WINDOWS /D NDEBUG /D _AFXEXT /D MODULE_MANAGER_DLL /D _WINDLL /D _MBCS /D _AFXDLL /Gm- /EHsc /MD /GS /fp:precise /Zc:wchar_t /Zc:forScope /Yu"stdafx.h" /Fp"Release\模块管理.pch" /Fo"Release\\" /Fd"Release\vc120.pdb" /Gd /TP /analyze- /errorReport:prompt DlgMatchWizard.cpp DlgServerItem.cpp DlgServerMatch.cpp DlgServerWizard.cpp ListControl.cpp MatchInfoManager.cpp MatchListControl.cpp ModuleDBParameter.cpp ModuleInfoManager.cpp ModuleListControl.cpp ModuleManager.cpp ServerCustomRule.cpp ServerInfoManager.cpp ServerListControl.cpp
         DlgMatchWizard.cpp
     1>DlgMatchWizard.cpp(214): error C2664: “int CComboBox::AddString(LPCTSTR)”: 无法将参数 1 从“WCHAR [32]”转换为“LPCTSTR”
                 与指向的类型无关；转换要求 reinterpret_cast、C 样式转换或函数样式转换
     1>DlgMatchWizard.cpp(1603): error C2664: “void CWnd::SetDlgItemTextA(int,LPCTSTR)”: 无法将参数 2 从“WCHAR [32]”转换为“LPCTSTR”
                 与指向的类型无关；转换要求 reinterpret_cast、C 样式转换或函数样式转换
     1>DlgMatchWizard.cpp(1709): error C2664: “int CWnd::GetDlgItemTextA(int,CString &) const”: 无法将参数 2 从“WCHAR [32]”转换为“LPTSTR”
                 与指向的类型无关；转换要求 reinterpret_cast、C 样式转换或函数样式转换
     1>DlgMatchWizard.cpp(2099): error C2664: “LPSTR lstrcpynA(LPSTR,LPCSTR,int)”: 无法将参数 2 从“WCHAR [32]”转换为“LPCSTR”
                 与指向的类型无关；转换要求 reinterpret_cast、C 样式转换或函数样式转换
         DlgServerItem.cpp
         DlgServerMatch.cpp
         DlgServerWizard.cpp
     1>DlgServerWizard.cpp(260): warning C4996: 'inet_addr': Use inet_pton() or InetPton() instead or define _WINSOCK_DEPRECATED_NO_WARNINGS to disable deprecated API warnings
                 C:\Program Files (x86)\Windows Kits\8.1\Include\um\winsock2.h(1850) : 参见“inet_addr”的声明
     1>DlgServerWizard.cpp(1576): warning C4996: '_snprintf': This function or variable may be unsafe. Consider using _snprintf_s instead. To disable deprecation, use _CRT_SECURE_NO_WARNINGS. See online help for details.
                 C:\Program Files (x86)\Microsoft Visual Studio 12.0\VC\include\stdio.h(346) : 参见“_snprintf”的声明
         ListControl.cpp
         MatchInfoManager.cpp
     1>MatchInfoManager.cpp(602): warning C4996: 'sprintf': This function or variable may be unsafe. Consider using sprintf_s instead. To disable deprecation, use _CRT_SECURE_NO_WARNINGS. See online help for details.
                 C:\Program Files (x86)\Microsoft Visual Studio 12.0\VC\include\stdio.h(356) : 参见“sprintf”的声明
     1>MatchInfoManager.cpp(707): warning C4996: 'sprintf': This function or variable may be unsafe. Consider using sprintf_s instead. To disable deprecation, use _CRT_SECURE_NO_WARNINGS. See online help for details.
                 C:\Program Files (x86)\Microsoft Visual Studio 12.0\VC\include\stdio.h(356) : 参见“sprintf”的声明
         MatchListControl.cpp
     1>MatchListControl.cpp(45): error C2664: “int lstrcmpA(LPCSTR,LPCSTR)”: 无法将参数 1 从“WCHAR [32]”转换为“LPCSTR”
                 与指向的类型无关；转换要求 reinterpret_cast、C 样式转换或函数样式转换
     1>MatchListControl.cpp(142): error C2664: “int lstrcmpA(LPCSTR,LPCSTR)”: 无法将参数 1 从“WCHAR [32]”转换为“LPCSTR”
                 与指向的类型无关；转换要求 reinterpret_cast、C 样式转换或函数样式转换
     1>MatchListControl.cpp(175): error C2440: “return”: 无法从“WCHAR [32]”转换为“LPCTSTR”
                 与指向的类型无关；转换要求 reinterpret_cast、C 样式转换或函数样式转换
         ModuleDBParameter.cpp
         ModuleInfoManager.cpp
         ModuleListControl.cpp
         ModuleManager.cpp
         ServerCustomRule.cpp
         ServerInfoManager.cpp
     1>ServerInfoManager.cpp(544): warning C4996: 'sprintf': This function or variable may be unsafe. Consider using sprintf_s instead. To disable deprecation, use _CRT_SECURE_NO_WARNINGS. See online help for details.
                 C:\Program Files (x86)\Microsoft Visual Studio 12.0\VC\include\stdio.h(356) : 参见“sprintf”的声明
     1>ServerInfoManager.cpp(546): warning C4996: 'sprintf': This function or variable may be unsafe. Consider using sprintf_s instead. To disable deprecation, use _CRT_SECURE_NO_WARNINGS. See online help for details.
                 C:\Program Files (x86)\Microsoft Visual Studio 12.0\VC\include\stdio.h(356) : 参见“sprintf”的声明
     1>ServerInfoManager.cpp(649): warning C4996: 'sprintf': This function or variable may be unsafe. Consider using sprintf_s instead. To disable deprecation, use _CRT_SECURE_NO_WARNINGS. See online help for details.
                 C:\Program Files (x86)\Microsoft Visual Studio 12.0\VC\include\stdio.h(356) : 参见“sprintf”的声明
     1>ServerInfoManager.cpp(651): warning C4996: 'sprintf': This function or variable may be unsafe. Consider using sprintf_s instead. To disable deprecation, use _CRT_SECURE_NO_WARNINGS. See online help for details.
                 C:\Program Files (x86)\Microsoft Visual Studio 12.0\VC\include\stdio.h(356) : 参见“sprintf”的声明
     1>ServerInfoManager.cpp(1360): warning C4996: '_snprintf': This function or variable may be unsafe. Consider using _snprintf_s instead. To disable deprecation, use _CRT_SECURE_NO_WARNINGS. See online help for details.
                 C:\Program Files (x86)\Microsoft Visual Studio 12.0\VC\include\stdio.h(346) : 参见“_snprintf”的声明
     1>ServerInfoManager.cpp(1377): warning C4996: '_snprintf': This function or variable may be unsafe. Consider using _snprintf_s instead. To disable deprecation, use _CRT_SECURE_NO_WARNINGS. See online help for details.
                 C:\Program Files (x86)\Microsoft Visual Studio 12.0\VC\include\stdio.h(346) : 参见“_snprintf”的声明
         ServerListControl.cpp
     1>ServerListControl.cpp(288): warning C4996: '_itoa': This function or variable may be unsafe. Consider using _itoa_s instead. To disable deprecation, use _CRT_SECURE_NO_WARNINGS. See online help for details.
                 C:\Program Files (x86)\Microsoft Visual Studio 12.0\VC\include\stdlib.h(481) : 参见“_itoa”的声明
     1>ServerListControl.cpp(293): warning C4996: '_itoa': This function or variable may be unsafe. Consider using _itoa_s instead. To disable deprecation, use _CRT_SECURE_NO_WARNINGS. See online help for details.
                 C:\Program Files (x86)\Microsoft Visual Studio 12.0\VC\include\stdlib.h(481) : 参见“_itoa”的声明
     1>ServerListControl.cpp(297): warning C4996: '_itoa': This function or variable may be unsafe. Consider using _itoa_s instead. To disable deprecation, use _CRT_SECURE_NO_WARNINGS. See online help for details.
                 C:\Program Files (x86)\Microsoft Visual Studio 12.0\VC\include\stdlib.h(481) : 参见“_itoa”的声明
     1>ServerListControl.cpp(303): warning C4996: '_itoa': This function or variable may be unsafe. Consider using _itoa_s instead. To disable deprecation, use _CRT_SECURE_NO_WARNINGS. See online help for details.
                 C:\Program Files (x86)\Microsoft Visual Studio 12.0\VC\include\stdlib.h(481) : 参见“_itoa”的声明
     1>ServerListControl.cpp(307): warning C4996: '_itoa': This function or variable may be unsafe. Consider using _itoa_s instead. To disable deprecation, use _CRT_SECURE_NO_WARNINGS. See online help for details.
                 C:\Program Files (x86)\Microsoft Visual Studio 12.0\VC\include\stdlib.h(481) : 参见“_itoa”的声明
     1>ServerListControl.cpp(311): warning C4996: '_itoa': This function or variable may be unsafe. Consider using _itoa_s instead. To disable deprecation, use _CRT_SECURE_NO_WARNINGS. See online help for details.
                 C:\Program Files (x86)\Microsoft Visual Studio 12.0\VC\include\stdlib.h(481) : 参见“_itoa”的声明
         正在生成代码...
     1>已完成生成项目“G:\网狐\整理的最新网狐框架\精华版全套\系统模块\服务器组件\模块管理\ModuleManager.vcxproj”(Rebuild 个目标)的操作 - 失败。

生成失败。

已用时间 00:00:17.04
