g:\网狐\精华版全套\系统模块\客户端组件\用户服务\release\用户服务.pch
g:\网狐\精华版全套\系统模块\客户端组件\用户服务\release\vc120.pdb
g:\网狐\精华版全套\系统模块\客户端组件\用户服务\release\stdafx.obj
g:\网狐\精华版全套\系统模块\客户端组件\用户服务\release\userservice.obj
g:\网狐\精华版全套\系统模块\客户端组件\用户服务\release\userorderparser.obj
g:\网狐\精华版全套\系统模块\客户端组件\用户服务\release\gamelevelparser.obj
g:\网狐\精华版全套\系统模块\客户端组件\用户服务\release\clientusermanager.obj
g:\网狐\精华版全套\运行\release\ansi\userservice.dll
g:\网狐\精华版全套\系统模块\客户端组件\用户服务\release\用户服务.pdb
g:\网狐\精华版全套\系统模块\客户端组件\用户服务\release\userservice.res
g:\网狐\精华版全套\系统模块\链接库\ansi\userservice.lib
g:\网狐\精华版全套\系统模块\链接库\ansi\userservice.exp
g:\网狐\精华版全套\系统模块\客户端组件\用户服务\release\用户服务.tlog\cl.command.1.tlog
g:\网狐\精华版全套\系统模块\客户端组件\用户服务\release\用户服务.tlog\cl.read.1.tlog
g:\网狐\精华版全套\系统模块\客户端组件\用户服务\release\用户服务.tlog\cl.write.1.tlog
g:\网狐\精华版全套\系统模块\客户端组件\用户服务\release\用户服务.tlog\link.command.1.tlog
g:\网狐\精华版全套\系统模块\客户端组件\用户服务\release\用户服务.tlog\link.read.1.tlog
g:\网狐\精华版全套\系统模块\客户端组件\用户服务\release\用户服务.tlog\link.write.1.tlog
g:\网狐\精华版全套\系统模块\客户端组件\用户服务\release\用户服务.tlog\rc.command.1.tlog
g:\网狐\精华版全套\系统模块\客户端组件\用户服务\release\用户服务.tlog\rc.read.1.tlog
g:\网狐\精华版全套\系统模块\客户端组件\用户服务\release\用户服务.tlog\rc.write.1.tlog
g:\网狐\精华版全套\系统模块\客户端组件\用户服务\release\用户服务.tlog\用户服务.write.1u.tlog
