g:\网狐\开发的模块\客户端\系统模块\客户端组件\头像组件\debug\头像组件.pch
g:\网狐\开发的模块\客户端\系统模块\客户端组件\头像组件\debug\vc141.pdb
g:\网狐\开发的模块\客户端\系统模块\客户端组件\头像组件\debug\vc141.idb
g:\网狐\开发的模块\客户端\系统模块\客户端组件\头像组件\debug\stdafx.obj
g:\网狐\开发的模块\客户端\系统模块\客户端组件\头像组件\debug\userface.obj
g:\网狐\开发的模块\客户端\系统模块\客户端组件\头像组件\debug\userfaceres.obj
g:\网狐\开发的模块\客户端\系统模块\客户端组件\头像组件\debug\头像组件.ilk
g:\网狐\开发的模块\客户端\系统模块\客户端组件\头像组件\debug\头像组件.dll
g:\网狐\开发的模块\客户端\系统模块\客户端组件\头像组件\debug\头像组件.pdb
g:\网狐\开发的模块\客户端\系统模块\客户端组件\头像组件\debug\userface.res
g:\网狐\开发的模块\客户端\系统模块\客户端组件\头像组件\debug\头像组件.lib
g:\网狐\开发的模块\客户端\系统模块\客户端组件\头像组件\debug\头像组件.exp
g:\网狐\开发的模块\客户端\系统模块\客户端组件\头像组件\debug\头像组件.tlog\cl.command.1.tlog
g:\网狐\开发的模块\客户端\系统模块\客户端组件\头像组件\debug\头像组件.tlog\cl.read.1.tlog
g:\网狐\开发的模块\客户端\系统模块\客户端组件\头像组件\debug\头像组件.tlog\cl.write.1.tlog
g:\网狐\开发的模块\客户端\系统模块\客户端组件\头像组件\debug\头像组件.tlog\link.command.1.tlog
g:\网狐\开发的模块\客户端\系统模块\客户端组件\头像组件\debug\头像组件.tlog\link.read.1.tlog
g:\网狐\开发的模块\客户端\系统模块\客户端组件\头像组件\debug\头像组件.tlog\link.write.1.tlog
g:\网狐\开发的模块\客户端\系统模块\客户端组件\头像组件\debug\头像组件.tlog\rc.command.1.tlog
g:\网狐\开发的模块\客户端\系统模块\客户端组件\头像组件\debug\头像组件.tlog\rc.read.1.tlog
g:\网狐\开发的模块\客户端\系统模块\客户端组件\头像组件\debug\头像组件.tlog\rc.write.1.tlog
g:\网狐\开发的模块\客户端\系统模块\客户端组件\头像组件\debug\头像组件.tlog\头像组件.write.1u.tlog
