cl : 命令行 warning D9035: “Gm”选项已否决，并将在将来的版本中移除
  Stdafx.cpp
cl : 命令行 warning D9035: “Gm”选项已否决，并将在将来的版本中移除
  DlgCompanionManager.cpp
  CompanionTreeCtrl.cpp
g:\网狐\开发的模块\客户端\系统模块\客户端组件\关系管理\companiontreectrl.cpp(111): warning C4996: '_snprintf': This function or variable may be unsafe. Consider using _snprintf_s instead. To disable deprecation, use _CRT_SECURE_NO_WARNINGS. See online help for details.
  c:\program files (x86)\windows kits\10\include\10.0.17763.0\ucrt\stdio.h(1961): note: 参见“_snprintf”的声明
  CompanionManager.cpp
  CompanionListCtrl.cpp
g:\网狐\开发的模块\客户端\系统模块\客户端组件\关系管理\companionlistctrl.cpp(75): warning C4996: 'ltoa': The POSIX name for this item is deprecated. Instead, use the ISO C and C++ conformant name: _ltoa. See online help for details.
  c:\program files (x86)\windows kits\10\include\10.0.17763.0\ucrt\stdlib.h(1330): note: 参见“ltoa”的声明
g:\网狐\开发的模块\客户端\系统模块\客户端组件\关系管理\companionlistctrl.cpp(105): warning C4996: 'ltoa': The POSIX name for this item is deprecated. Instead, use the ISO C and C++ conformant name: _ltoa. See online help for details.
  c:\program files (x86)\windows kits\10\include\10.0.17763.0\ucrt\stdlib.h(1330): note: 参见“ltoa”的声明
  Companion.cpp
  正在生成代码...
Companion.obj : warning LNK4075: 忽略“/EDITANDCONTINUE”(由于“/SAFESEH”规范)
LINK : warning LNK4233: 名称 界面控件.dll 包含非 ASCII 字符，如果系统没有与用于链接此 DLL 的相同的 ANSI 代码页，则不能加载该 DLL
    正在创建库 Debug\关系管理.lib 和对象 Debug\关系管理.exp
LINK : warning LNK4232: 名称 关系管理.dll 包含非 ASCII 字符，在具有除 936 以外的 ANSI 代码页的系统上可能不能加载 DLL
LINK : warning LNK4098: 默认库“MSVCRT”与其他库的使用冲突；请使用 /NODEFAULTLIB:library
  Companion.vcxproj -> G:\网狐\开发的模块\客户端\系统模块\客户端组件\关系管理\Debug\关系管理.dll
