生成启动时间为 2019/9/14 17:00:57。
     1>项目“G:\网狐\整理的最新网狐框架\精华版全套\系统模块\公共组件\服务核心\ServiceCore.vcxproj”在节点 2 上(Rebuild 个目标)。
     1>ClCompile:
         C:\Program Files (x86)\Microsoft Visual Studio 12.0\VC\bin\CL.exe /c /Zi /nologo /W3 /WX- /O2 /Oy- /D WIN32 /D _WINDOWS /D NDEBUG /D _AFXEXT /D SERVICE_CORE_DLL /D _WINDLL /D _MBCS /D _AFXDLL /Gm- /EHsc /MD /GS /fp:precise /Zc:wchar_t /Zc:forScope /Yc"stdafx.h" /Fp"Release\服务核心.pch" /Fo"Release\\" /Fd"Release\vc120.pdb" /Gd /TP /analyze- /errorReport:prompt Stdafx.cpp
         Stdafx.cpp
     1>C:\Program Files (x86)\Microsoft Visual Studio 12.0\VC\atlmfc\include\afx.h(38): warning C4996: 'MBCS_Support_Deprecated_In_MFC': MBCS support in MFC is deprecated and may be removed in a future version of MFC.
                 C:\Program Files (x86)\Microsoft Visual Studio 12.0\VC\atlmfc\include\afx.h(33) : 参见“MBCS_Support_Deprecated_In_MFC”的声明
         C:\Program Files (x86)\Microsoft Visual Studio 12.0\VC\bin\CL.exe /c /Zi /nologo /W3 /WX- /O2 /Oy- /D WIN32 /D _WINDOWS /D NDEBUG /D _AFXEXT /D SERVICE_CORE_DLL /D _WINDLL /D _MBCS /D _AFXDLL /Gm- /EHsc /MD /GS /fp:precise /Zc:wchar_t /Zc:forScope /Yu"stdafx.h" /Fp"Release\服务核心.pch" /Fo"Release\\" /Fd"Release\vc120.pdb" /Gd /TP /analyze- /errorReport:prompt ServiceCore.cpp WHBase64.cpp WHCommandLine.cpp WHDataLocker.cpp WHDataQueue.cpp WHEncrypt.cpp WHIniData.cpp WHMD5CheckSum.cpp WHRegKey.cpp WHService.cpp WHSha1.cpp WHThread.cpp
         ServiceCore.cpp
         WHBase64.cpp
         WHCommandLine.cpp
         WHDataLocker.cpp
         WHDataQueue.cpp
         WHEncrypt.cpp
     1>WHEncrypt.cpp(359): warning C4996: 'sprintf': This function or variable may be unsafe. Consider using sprintf_s instead. To disable deprecation, use _CRT_SECURE_NO_WARNINGS. See online help for details.
                 C:\Program Files (x86)\Microsoft Visual Studio 12.0\VC\include\stdio.h(356) : 参见“sprintf”的声明
     1>WHEncrypt.cpp(389): warning C4996: 'swprintf': swprintf has been changed to conform with the ISO C standard, adding an extra character count parameter. To use traditional Microsoft swprintf, set _CRT_NON_CONFORMING_SWPRINTFS.
                 C:\Program Files (x86)\Microsoft Visual Studio 12.0\VC\include\swprintf.inl(85) : 参见“swprintf”的声明
         WHIniData.cpp
         WHMD5CheckSum.cpp
         WHRegKey.cpp
         WHService.cpp
     1>WHService.cpp(176): warning C4996: 'strcpy': This function or variable may be unsafe. Consider using strcpy_s instead. To disable deprecation, use _CRT_SECURE_NO_WARNINGS. See online help for details.
                 C:\Program Files (x86)\Microsoft Visual Studio 12.0\VC\include\string.h(112) : 参见“strcpy”的声明
     1>WHService.cpp(183): warning C4996: 'sprintf': This function or variable may be unsafe. Consider using sprintf_s instead. To disable deprecation, use _CRT_SECURE_NO_WARNINGS. See online help for details.
                 C:\Program Files (x86)\Microsoft Visual Studio 12.0\VC\include\stdio.h(356) : 参见“sprintf”的声明
         WHSha1.cpp
         WHThread.cpp
         正在生成代码...
       ResourceCompile:
         C:\Program Files (x86)\Windows Kits\8.1\bin\x86\rc.exe /D NDEBUG /D _AFXDLL /l"0x0804" /IRelease\ /nologo /fo"Release\ServiceCore.res" ServiceCore.rc 
     1>C:\Program Files (x86)\MSBuild\Microsoft.Cpp\v4.0\V120\Microsoft.CppBuild.targets(1193,5): warning MSB8012: TargetPath(G:\网狐\整理的最新网狐框架\精华版全套\系统模块\公共组件\服务核心\Release\服务核心.dll) does not match the Linker's OutputFile property value (G:\网狐\整理的最新网狐框架\精华版全套\运行\Release\Ansi\ServiceCore.dll). This may cause your project to build incorrectly. To correct this, please make sure that $(OutDir), $(TargetName) and $(TargetExt) property values match the value specified in %(Link.OutputFile).
     1>C:\Program Files (x86)\MSBuild\Microsoft.Cpp\v4.0\V120\Microsoft.CppBuild.targets(1195,5): warning MSB8012: TargetName(服务核心) does not match the Linker's OutputFile property value (ServiceCore). This may cause your project to build incorrectly. To correct this, please make sure that $(OutDir), $(TargetName) and $(TargetExt) property values match the value specified in %(Link.OutputFile).
       Link:
         C:\Program Files (x86)\Microsoft Visual Studio 12.0\VC\bin\link.exe /ERRORREPORT:PROMPT /OUT:"../../../运行/Release/Ansi/ServiceCore.dll" /INCREMENTAL:NO /NOLOGO /DEF:".\ServiceCore.def" /MANIFEST /MANIFESTUAC:"level='asInvoker' uiAccess='false'" /manifest:embed /manifestinput:"C:\Program Files (x86)\Microsoft Visual Studio 12.0\VC\Include\Manifest\dpiaware.manifest" /DEBUG /PDB:"Release\服务核心.pdb" /SUBSYSTEM:WINDOWS /OPT:REF /OPT:ICF /TLBID:1 /DYNAMICBASE /NXCOMPAT /IMPLIB:"../../链接库/Ansi/ServiceCore.lib" /MACHINE:X86 /SAFESEH /DLL Release\ServiceCore.res
         Release\ServiceCore.obj
         Release\Stdafx.obj
         Release\WHBase64.obj
         Release\WHCommandLine.obj
         Release\WHDataLocker.obj
         Release\WHDataQueue.obj
         Release\WHEncrypt.obj
         Release\WHIniData.obj
         Release\WHMD5CheckSum.obj
         Release\WHRegKey.obj
         Release\WHService.obj
         Release\WHSha1.obj
         Release\WHThread.obj
            正在创建库 ../../链接库/Ansi/ServiceCore.lib 和对象 ../../链接库/Ansi/ServiceCore.exp
         ServiceCore.vcxproj -> G:\网狐\整理的最新网狐框架\精华版全套\系统模块\公共组件\服务核心\Release\服务核心.dll
       PostBuildEvent:
         mkdir ..\..\..\发布组件\服务器组件\Release\Ansi
         mkdir ..\..\..\发布组件\客户端组件\Release\Ansi
         copy /y ..\..\..\运行\Release\Ansi\服务核心.dll ..\..\..\发布组件\服务器组件\Release\Ansi\服务核心.dll
         copy /y ..\..\..\运行\Release\Ansi\服务核心.dll ..\..\..\发布组件\客户端组件\Release\Ansi\服务核心.dll
         
         :VCEnd
         系统找不到指定的文件。
         系统找不到指定的文件。
     1>C:\Program Files (x86)\MSBuild\Microsoft.Cpp\v4.0\V120\Microsoft.CppCommon.targets(132,5): error MSB3073: 命令“mkdir ..\..\..\发布组件\服务器组件\Release\Ansi
C:\Program Files (x86)\MSBuild\Microsoft.Cpp\v4.0\V120\Microsoft.CppCommon.targets(132,5): error MSB3073: mkdir ..\..\..\发布组件\客户端组件\Release\Ansi
C:\Program Files (x86)\MSBuild\Microsoft.Cpp\v4.0\V120\Microsoft.CppCommon.targets(132,5): error MSB3073: copy /y ..\..\..\运行\Release\Ansi\服务核心.dll ..\..\..\发布组件\服务器组件\Release\Ansi\服务核心.dll
C:\Program Files (x86)\MSBuild\Microsoft.Cpp\v4.0\V120\Microsoft.CppCommon.targets(132,5): error MSB3073: copy /y ..\..\..\运行\Release\Ansi\服务核心.dll ..\..\..\发布组件\客户端组件\Release\Ansi\服务核心.dll
C:\Program Files (x86)\MSBuild\Microsoft.Cpp\v4.0\V120\Microsoft.CppCommon.targets(132,5): error MSB3073: 
C:\Program Files (x86)\MSBuild\Microsoft.Cpp\v4.0\V120\Microsoft.CppCommon.targets(132,5): error MSB3073: :VCEnd”已退出，代码为 1。
     1>已完成生成项目“G:\网狐\整理的最新网狐框架\精华版全套\系统模块\公共组件\服务核心\ServiceCore.vcxproj”(Rebuild 个目标)的操作 - 失败。

生成失败。

已用时间 00:00:10.44
