g:\网狐\精华版全套\系统模块\公共组件\服务核心\release\服务核心.pch
g:\网狐\精华版全套\系统模块\公共组件\服务核心\release\vc120.pdb
g:\网狐\精华版全套\系统模块\公共组件\服务核心\release\stdafx.obj
g:\网狐\精华版全套\系统模块\公共组件\服务核心\release\whthread.obj
g:\网狐\精华版全套\系统模块\公共组件\服务核心\release\whsha1.obj
g:\网狐\精华版全套\系统模块\公共组件\服务核心\release\whservice.obj
g:\网狐\精华版全套\系统模块\公共组件\服务核心\release\whregkey.obj
g:\网狐\精华版全套\系统模块\公共组件\服务核心\release\whmd5checksum.obj
g:\网狐\精华版全套\系统模块\公共组件\服务核心\release\whinidata.obj
g:\网狐\精华版全套\系统模块\公共组件\服务核心\release\whencrypt.obj
g:\网狐\精华版全套\系统模块\公共组件\服务核心\release\whdataqueue.obj
g:\网狐\精华版全套\系统模块\公共组件\服务核心\release\whdatalocker.obj
g:\网狐\精华版全套\系统模块\公共组件\服务核心\release\whcommandline.obj
g:\网狐\精华版全套\系统模块\公共组件\服务核心\release\whbase64.obj
g:\网狐\精华版全套\系统模块\公共组件\服务核心\release\servicecore.obj
g:\网狐\精华版全套\运行\release\ansi\servicecore.dll
g:\网狐\精华版全套\系统模块\公共组件\服务核心\release\服务核心.pdb
g:\网狐\精华版全套\系统模块\公共组件\服务核心\release\servicecore.res
g:\网狐\精华版全套\系统模块\链接库\ansi\servicecore.lib
g:\网狐\精华版全套\系统模块\链接库\ansi\servicecore.exp
g:\网狐\整理的最新网狐框架\精华版全套\系统模块\公共组件\服务核心\release\servicecore.obj
g:\网狐\整理的最新网狐框架\精华版全套\系统模块\公共组件\服务核心\release\stdafx.obj
g:\网狐\整理的最新网狐框架\精华版全套\系统模块\公共组件\服务核心\release\whbase64.obj
g:\网狐\整理的最新网狐框架\精华版全套\系统模块\公共组件\服务核心\release\whcommandline.obj
g:\网狐\整理的最新网狐框架\精华版全套\系统模块\公共组件\服务核心\release\whdatalocker.obj
g:\网狐\整理的最新网狐框架\精华版全套\系统模块\公共组件\服务核心\release\whdataqueue.obj
g:\网狐\整理的最新网狐框架\精华版全套\系统模块\公共组件\服务核心\release\whencrypt.obj
g:\网狐\整理的最新网狐框架\精华版全套\系统模块\公共组件\服务核心\release\whinidata.obj
g:\网狐\整理的最新网狐框架\精华版全套\系统模块\公共组件\服务核心\release\whmd5checksum.obj
g:\网狐\整理的最新网狐框架\精华版全套\系统模块\公共组件\服务核心\release\whregkey.obj
g:\网狐\整理的最新网狐框架\精华版全套\系统模块\公共组件\服务核心\release\whservice.obj
g:\网狐\整理的最新网狐框架\精华版全套\系统模块\公共组件\服务核心\release\whsha1.obj
g:\网狐\整理的最新网狐框架\精华版全套\系统模块\公共组件\服务核心\release\whthread.obj
g:\网狐\整理的最新网狐框架\精华版全套\系统模块\公共组件\服务核心\release\servicecore.res
g:\网狐\整理的最新网狐框架\精华版全套\系统模块\公共组件\服务核心\release\服务核心.pch
g:\网狐\整理的最新网狐框架\精华版全套\系统模块\公共组件\服务核心\release\vc120.pdb
g:\网狐\整理的最新网狐框架\精华版全套\系统模块\公共组件\服务核心\release\服务核心.pdb
g:\网狐\整理的最新网狐框架\精华版全套\系统模块\公共组件\服务核心\release\服务核心.tlog\cl.command.1.tlog
g:\网狐\整理的最新网狐框架\精华版全套\系统模块\公共组件\服务核心\release\服务核心.tlog\cl.read.1.tlog
g:\网狐\整理的最新网狐框架\精华版全套\系统模块\公共组件\服务核心\release\服务核心.tlog\cl.write.1.tlog
g:\网狐\整理的最新网狐框架\精华版全套\系统模块\公共组件\服务核心\release\服务核心.tlog\link.command.1.tlog
g:\网狐\整理的最新网狐框架\精华版全套\系统模块\公共组件\服务核心\release\服务核心.tlog\link.read.1.tlog
g:\网狐\整理的最新网狐框架\精华版全套\系统模块\公共组件\服务核心\release\服务核心.tlog\link.write.1.tlog
g:\网狐\整理的最新网狐框架\精华版全套\系统模块\公共组件\服务核心\release\服务核心.tlog\rc.command.1.tlog
g:\网狐\整理的最新网狐框架\精华版全套\系统模块\公共组件\服务核心\release\服务核心.tlog\rc.read.1.tlog
g:\网狐\整理的最新网狐框架\精华版全套\系统模块\公共组件\服务核心\release\服务核心.tlog\rc.write.1.tlog
g:\网狐\整理的最新网狐框架\精华版全套\系统模块\公共组件\服务核心\release\服务核心.tlog\服务核心.write.1u.tlog
