e:\服务器\精华版服务器100\系统模块\服务器组件\模块管理\debug\模块管理.pch
e:\服务器\精华版服务器100\系统模块\服务器组件\模块管理\debug\vc120.pdb
e:\服务器\精华版服务器100\系统模块\服务器组件\模块管理\debug\vc120.idb
e:\服务器\精华版服务器100\系统模块\服务器组件\模块管理\debug\stdafx.obj
e:\服务器\精华版服务器100\系统模块\服务器组件\模块管理\debug\dlgserveritem.obj
e:\服务器\精华版服务器100\系统模块\服务器组件\模块管理\debug\dlgservermatch.obj
e:\服务器\精华版服务器100\系统模块\服务器组件\模块管理\debug\dlgserverwizard.obj
e:\服务器\精华版服务器100\系统模块\服务器组件\模块管理\debug\listcontrol.obj
e:\服务器\精华版服务器100\系统模块\服务器组件\模块管理\debug\matchinfomanager.obj
e:\服务器\精华版服务器100\系统模块\服务器组件\模块管理\debug\moduledbparameter.obj
e:\服务器\精华版服务器100\系统模块\服务器组件\模块管理\debug\moduleinfomanager.obj
e:\服务器\精华版服务器100\系统模块\服务器组件\模块管理\debug\modulelistcontrol.obj
e:\服务器\精华版服务器100\系统模块\服务器组件\模块管理\debug\modulemanager.obj
e:\服务器\精华版服务器100\系统模块\服务器组件\模块管理\debug\servercustomrule.obj
e:\服务器\精华版服务器100\系统模块\服务器组件\模块管理\debug\serverinfomanager.obj
e:\服务器\精华版服务器100\系统模块\服务器组件\模块管理\debug\serverlistcontrol.obj
g:\网狐\精华版全套\系统模块\服务器组件\模块管理\debug\msado15.tli
g:\网狐\精华版全套\系统模块\服务器组件\模块管理\debug\msado15.tlh
g:\网狐\精华版全套\系统模块\服务器组件\模块管理\debug\模块管理.tlog\cl.command.1.tlog
g:\网狐\精华版全套\系统模块\服务器组件\模块管理\debug\模块管理.tlog\cl.read.1.tlog
g:\网狐\精华版全套\系统模块\服务器组件\模块管理\debug\模块管理.tlog\cl.write.1.tlog
