g:\网狐\整理的最新网狐框架\系统模块\共享组件\网络组件\release\网络组件.pch
g:\网狐\整理的最新网狐框架\系统模块\共享组件\网络组件\release\vc141.pdb
g:\网狐\整理的最新网狐框架\系统模块\共享组件\网络组件\release\stdafx.obj
g:\网狐\整理的最新网狐框架\系统模块\共享组件\网络组件\release\socketmodule.obj
g:\网狐\整理的最新网狐框架\系统模块\共享组件\网络组件\release\clientsocket.obj
g:\网狐\整理的最新网狐框架\系统模块\运行\release\socketmodule.dll
g:\网狐\整理的最新网狐框架\系统模块\共享组件\网络组件\release\网络组件.pdb
g:\网狐\整理的最新网狐框架\系统模块\共享组件\网络组件\release\socketmodule.res
g:\网狐\整理的最新网狐框架\系统模块\链接库\socketmodule.lib
g:\网狐\整理的最新网狐框架\系统模块\链接库\socketmodule.exp
g:\网狐\整理的最新网狐框架\系统模块\共享组件\网络组件\release\网络组件.tlog\cl.command.1.tlog
g:\网狐\整理的最新网狐框架\系统模块\共享组件\网络组件\release\网络组件.tlog\cl.read.1.tlog
g:\网狐\整理的最新网狐框架\系统模块\共享组件\网络组件\release\网络组件.tlog\cl.write.1.tlog
g:\网狐\整理的最新网狐框架\系统模块\共享组件\网络组件\release\网络组件.tlog\link.command.1.tlog
g:\网狐\整理的最新网狐框架\系统模块\共享组件\网络组件\release\网络组件.tlog\link.read.1.tlog
g:\网狐\整理的最新网狐框架\系统模块\共享组件\网络组件\release\网络组件.tlog\link.write.1.tlog
g:\网狐\整理的最新网狐框架\系统模块\共享组件\网络组件\release\网络组件.tlog\rc.command.1.tlog
g:\网狐\整理的最新网狐框架\系统模块\共享组件\网络组件\release\网络组件.tlog\rc.read.1.tlog
g:\网狐\整理的最新网狐框架\系统模块\共享组件\网络组件\release\网络组件.tlog\rc.write.1.tlog
g:\网狐\整理的最新网狐框架\系统模块\共享组件\网络组件\release\网络组件.tlog\网络组件.write.1u.tlog
