生成启动时间为 2019/9/1 15:39:47。
     1>项目“G:\网狐\精华版全套\系统模块\客户端组件\下载组件\DownLoad.vcxproj”在节点 3 上(Rebuild 个目标)。
     1>ClCompile:
         C:\Program Files (x86)\Microsoft Visual Studio 12.0\VC\bin\CL.exe /c /Zi /nologo /W3 /WX- /O2 /Oy- /D WIN32 /D _WINDOWS /D NDEBUG /D _AFXEXT /D DOWN_LOAD_DLL /D _WINDLL /D _MBCS /D _AFXDLL /Gm- /EHsc /MD /GS /fp:precise /Zc:wchar_t /Zc:forScope /Yc"stdafx.h" /Fp"Release\下载组件.pch" /Fo"Release\\" /Fd"Release\vc120.pdb" /Gd /TP /analyze- /errorReport:prompt Stdafx.cpp
         Stdafx.cpp
     1>C:\Program Files (x86)\Microsoft Visual Studio 12.0\VC\atlmfc\include\afx.h(38): warning C4996: 'MBCS_Support_Deprecated_In_MFC': MBCS support in MFC is deprecated and may be removed in a future version of MFC.
                 C:\Program Files (x86)\Microsoft Visual Studio 12.0\VC\atlmfc\include\afx.h(33) : 参见“MBCS_Support_Deprecated_In_MFC”的声明
         C:\Program Files (x86)\Microsoft Visual Studio 12.0\VC\bin\CL.exe /c /Zi /nologo /W3 /WX- /O2 /Oy- /D WIN32 /D _WINDOWS /D NDEBUG /D _AFXEXT /D DOWN_LOAD_DLL /D _WINDLL /D _MBCS /D _AFXDLL /Gm- /EHsc /MD /GS /fp:precise /Zc:wchar_t /Zc:forScope /Yu"stdafx.h" /Fp"Release\下载组件.pch" /Fo"Release\\" /Fd"Release\vc120.pdb" /Gd /TP /analyze- /errorReport:prompt DownLoad.cpp DownLoadDLL.cpp HeadTranslate.cpp WEBSocket.cpp
         DownLoad.cpp
     1>DownLoad.cpp(326): warning C4996: '_snprintf': This function or variable may be unsafe. Consider using _snprintf_s instead. To disable deprecation, use _CRT_SECURE_NO_WARNINGS. See online help for details.
                 C:\Program Files (x86)\Microsoft Visual Studio 12.0\VC\include\stdio.h(346) : 参见“_snprintf”的声明
     1>DownLoad.cpp(331): warning C4996: '_snprintf': This function or variable may be unsafe. Consider using _snprintf_s instead. To disable deprecation, use _CRT_SECURE_NO_WARNINGS. See online help for details.
                 C:\Program Files (x86)\Microsoft Visual Studio 12.0\VC\include\stdio.h(346) : 参见“_snprintf”的声明
         DownLoadDLL.cpp
         HeadTranslate.cpp
         WEBSocket.cpp
     1>WEBSocket.cpp(163): warning C4996: 'inet_addr': Use inet_pton() or InetPton() instead or define _WINSOCK_DEPRECATED_NO_WARNINGS to disable deprecated API warnings
                 C:\Program Files (x86)\Windows Kits\8.1\Include\um\winsock2.h(1850) : 参见“inet_addr”的声明
     1>WEBSocket.cpp(168): warning C4996: 'gethostbyname': Use getaddrinfo() or GetAddrInfoW() instead or define _WINSOCK_DEPRECATED_NO_WARNINGS to disable deprecated API warnings
                 C:\Program Files (x86)\Windows Kits\8.1\Include\um\winsock2.h(2238) : 参见“gethostbyname”的声明
     1>WEBSocket.cpp(213): warning C4996: '_snprintf': This function or variable may be unsafe. Consider using _snprintf_s instead. To disable deprecation, use _CRT_SECURE_NO_WARNINGS. See online help for details.
                 C:\Program Files (x86)\Microsoft Visual Studio 12.0\VC\include\stdio.h(346) : 参见“_snprintf”的声明
     1>WEBSocket.cpp(318): warning C4996: 'WSAAsyncSelect': Use WSAEventSelect() instead or define _WINSOCK_DEPRECATED_NO_WARNINGS to disable deprecated API warnings
                 C:\Program Files (x86)\Windows Kits\8.1\Include\um\winsock2.h(2699) : 参见“WSAAsyncSelect”的声明
     1>WEBSocket.cpp(323): warning C4996: 'WSAAsyncSelect': Use WSAEventSelect() instead or define _WINSOCK_DEPRECATED_NO_WARNINGS to disable deprecated API warnings
                 C:\Program Files (x86)\Windows Kits\8.1\Include\um\winsock2.h(2699) : 参见“WSAAsyncSelect”的声明
     1>WEBSocket.cpp(409): warning C4996: 'inet_addr': Use inet_pton() or InetPton() instead or define _WINSOCK_DEPRECATED_NO_WARNINGS to disable deprecated API warnings
                 C:\Program Files (x86)\Windows Kits\8.1\Include\um\winsock2.h(1850) : 参见“inet_addr”的声明
     1>WEBSocket.cpp(414): warning C4996: 'gethostbyname': Use getaddrinfo() or GetAddrInfoW() instead or define _WINSOCK_DEPRECATED_NO_WARNINGS to disable deprecated API warnings
                 C:\Program Files (x86)\Windows Kits\8.1\Include\um\winsock2.h(2238) : 参见“gethostbyname”的声明
         正在生成代码...
       ResourceCompile:
         C:\Program Files (x86)\Windows Kits\8.1\bin\x86\rc.exe /D NDEBUG /D _AFXDLL /l"0x0804" /IRelease\ /nologo /fo"Release\DownLoad.res" DownLoad.rc 
     1>C:\Program Files (x86)\MSBuild\Microsoft.Cpp\v4.0\V120\Microsoft.CppBuild.targets(1193,5): warning MSB8012: TargetPath(G:\网狐\精华版全套\系统模块\客户端组件\下载组件\Release\下载组件.dll) does not match the Linker's OutputFile property value (G:\网狐\精华版全套\运行\Release\Ansi\DownLoad.dll). This may cause your project to build incorrectly. To correct this, please make sure that $(OutDir), $(TargetName) and $(TargetExt) property values match the value specified in %(Link.OutputFile).
     1>C:\Program Files (x86)\MSBuild\Microsoft.Cpp\v4.0\V120\Microsoft.CppBuild.targets(1195,5): warning MSB8012: TargetName(下载组件) does not match the Linker's OutputFile property value (DownLoad). This may cause your project to build incorrectly. To correct this, please make sure that $(OutDir), $(TargetName) and $(TargetExt) property values match the value specified in %(Link.OutputFile).
       Link:
         C:\Program Files (x86)\Microsoft Visual Studio 12.0\VC\bin\link.exe /ERRORREPORT:PROMPT /OUT:"../../../运行/Release/Ansi/DownLoad.dll" /INCREMENTAL:NO /NOLOGO /DEF:".\DownLoad.def" /MANIFEST /MANIFESTUAC:"level='asInvoker' uiAccess='false'" /manifest:embed /manifestinput:"C:\Program Files (x86)\Microsoft Visual Studio 12.0\VC\Include\Manifest\dpiaware.manifest" /DEBUG /PDB:"Release\下载组件.pdb" /SUBSYSTEM:WINDOWS /OPT:REF /OPT:ICF /TLBID:1 /DYNAMICBASE /NXCOMPAT /IMPLIB:"../../链接库/Ansi/DownLoad.lib" /MACHINE:X86 /SAFESEH /DLL Release\DownLoad.res
         Release\DownLoad.obj
         Release\DownLoadDLL.obj
         Release\HeadTranslate.obj
         Release\Stdafx.obj
         Release\WEBSocket.obj
         "G:\网狐\精华版全套\系统模块\链接库\Ansi\ServiceCore.lib"
            正在创建库 ../../链接库/Ansi/DownLoad.lib 和对象 ../../链接库/Ansi/DownLoad.exp
         DownLoad.vcxproj -> G:\网狐\精华版全套\系统模块\客户端组件\下载组件\Release\下载组件.dll
       PostBuildEvent:
         mkdir ..\..\..\发布组件\客户端组件\Release\Ansi
         copy /y ..\..\..\运行\Release\Ansi\下载组件.dll ..\..\..\发布组件\客户端组件\Release\Ansi\下载组件.dll
         
         :VCEnd
         子目录或文件 ..\..\..\发布组件\客户端组件\Release\Ansi 已经存在。
         系统找不到指定的文件。
     1>C:\Program Files (x86)\MSBuild\Microsoft.Cpp\v4.0\V120\Microsoft.CppCommon.targets(132,5): error MSB3073: 命令“mkdir ..\..\..\发布组件\客户端组件\Release\Ansi
C:\Program Files (x86)\MSBuild\Microsoft.Cpp\v4.0\V120\Microsoft.CppCommon.targets(132,5): error MSB3073: copy /y ..\..\..\运行\Release\Ansi\下载组件.dll ..\..\..\发布组件\客户端组件\Release\Ansi\下载组件.dll
C:\Program Files (x86)\MSBuild\Microsoft.Cpp\v4.0\V120\Microsoft.CppCommon.targets(132,5): error MSB3073: 
C:\Program Files (x86)\MSBuild\Microsoft.Cpp\v4.0\V120\Microsoft.CppCommon.targets(132,5): error MSB3073: :VCEnd”已退出，代码为 1。
     1>已完成生成项目“G:\网狐\精华版全套\系统模块\客户端组件\下载组件\DownLoad.vcxproj”(Rebuild 个目标)的操作 - 失败。

生成失败。

已用时间 00:00:04.52
