g:\网狐\整理的最新网狐框架\精华版全套\系统模块\公共组件\服务核心\debug\服务核心.pch
g:\网狐\整理的最新网狐框架\精华版全套\系统模块\公共组件\服务核心\debug\vc120.pdb
g:\网狐\整理的最新网狐框架\精华版全套\系统模块\公共组件\服务核心\debug\vc120.idb
g:\网狐\整理的最新网狐框架\精华版全套\系统模块\公共组件\服务核心\debug\stdafx.obj
g:\网狐\整理的最新网狐框架\精华版全套\系统模块\公共组件\服务核心\debug\servicecore.obj
g:\网狐\整理的最新网狐框架\精华版全套\系统模块\公共组件\服务核心\debug\whbase64.obj
g:\网狐\整理的最新网狐框架\精华版全套\系统模块\公共组件\服务核心\debug\whcommandline.obj
g:\网狐\整理的最新网狐框架\精华版全套\系统模块\公共组件\服务核心\debug\whdatalocker.obj
g:\网狐\整理的最新网狐框架\精华版全套\系统模块\公共组件\服务核心\debug\whdataqueue.obj
g:\网狐\整理的最新网狐框架\精华版全套\系统模块\公共组件\服务核心\debug\whencrypt.obj
g:\网狐\整理的最新网狐框架\精华版全套\系统模块\公共组件\服务核心\debug\whinidata.obj
g:\网狐\整理的最新网狐框架\精华版全套\系统模块\公共组件\服务核心\debug\whmd5checksum.obj
g:\网狐\整理的最新网狐框架\精华版全套\系统模块\公共组件\服务核心\debug\whregkey.obj
g:\网狐\整理的最新网狐框架\精华版全套\系统模块\公共组件\服务核心\debug\whservice.obj
g:\网狐\整理的最新网狐框架\精华版全套\系统模块\公共组件\服务核心\debug\whsha1.obj
g:\网狐\整理的最新网狐框架\精华版全套\系统模块\公共组件\服务核心\debug\whthread.obj
g:\网狐\整理的最新网狐框架\精华版全套\运行\debug\ansi\servicecored.ilk
g:\网狐\整理的最新网狐框架\精华版全套\运行\debug\ansi\servicecored.dll
g:\网狐\整理的最新网狐框架\精华版全套\系统模块\公共组件\服务核心\debug\服务核心.pdb
g:\网狐\整理的最新网狐框架\精华版全套\系统模块\公共组件\服务核心\debug\servicecore.res
g:\网狐\整理的最新网狐框架\精华版全套\系统模块\链接库\ansi\servicecored.lib
g:\网狐\整理的最新网狐框架\精华版全套\系统模块\链接库\ansi\servicecored.exp
g:\网狐\整理的最新网狐框架\精华版\系统模块\公共组件\服务核心\debug\servicecore.obj
g:\网狐\整理的最新网狐框架\精华版\系统模块\公共组件\服务核心\debug\stdafx.obj
g:\网狐\整理的最新网狐框架\精华版\系统模块\公共组件\服务核心\debug\whbase64.obj
g:\网狐\整理的最新网狐框架\精华版\系统模块\公共组件\服务核心\debug\whcommandline.obj
g:\网狐\整理的最新网狐框架\精华版\系统模块\公共组件\服务核心\debug\whdatalocker.obj
g:\网狐\整理的最新网狐框架\精华版\系统模块\公共组件\服务核心\debug\whdataqueue.obj
g:\网狐\整理的最新网狐框架\精华版\系统模块\公共组件\服务核心\debug\whencrypt.obj
g:\网狐\整理的最新网狐框架\精华版\系统模块\公共组件\服务核心\debug\whinidata.obj
g:\网狐\整理的最新网狐框架\精华版\系统模块\公共组件\服务核心\debug\whmd5checksum.obj
g:\网狐\整理的最新网狐框架\精华版\系统模块\公共组件\服务核心\debug\whregkey.obj
g:\网狐\整理的最新网狐框架\精华版\系统模块\公共组件\服务核心\debug\whservice.obj
g:\网狐\整理的最新网狐框架\精华版\系统模块\公共组件\服务核心\debug\whsha1.obj
g:\网狐\整理的最新网狐框架\精华版\系统模块\公共组件\服务核心\debug\whthread.obj
g:\网狐\整理的最新网狐框架\精华版\系统模块\公共组件\服务核心\debug\servicecore.res
g:\网狐\整理的最新网狐框架\精华版\系统模块\公共组件\服务核心\debug\服务核心.pch
g:\网狐\整理的最新网狐框架\精华版\系统模块\公共组件\服务核心\debug\vc120.idb
g:\网狐\整理的最新网狐框架\精华版\系统模块\公共组件\服务核心\debug\vc120.pdb
g:\网狐\整理的最新网狐框架\精华版\系统模块\公共组件\服务核心\debug\服务核心.pdb
g:\网狐\整理的最新网狐框架\精华版\系统模块\公共组件\服务核心\debug\服务核心.tlog\cl.command.1.tlog
g:\网狐\整理的最新网狐框架\精华版\系统模块\公共组件\服务核心\debug\服务核心.tlog\cl.read.1.tlog
g:\网狐\整理的最新网狐框架\精华版\系统模块\公共组件\服务核心\debug\服务核心.tlog\cl.write.1.tlog
g:\网狐\整理的最新网狐框架\精华版\系统模块\公共组件\服务核心\debug\服务核心.tlog\link.command.1.tlog
g:\网狐\整理的最新网狐框架\精华版\系统模块\公共组件\服务核心\debug\服务核心.tlog\link.read.1.tlog
g:\网狐\整理的最新网狐框架\精华版\系统模块\公共组件\服务核心\debug\服务核心.tlog\link.write.1.tlog
g:\网狐\整理的最新网狐框架\精华版\系统模块\公共组件\服务核心\debug\服务核心.tlog\rc.command.1.tlog
g:\网狐\整理的最新网狐框架\精华版\系统模块\公共组件\服务核心\debug\服务核心.tlog\rc.read.1.tlog
g:\网狐\整理的最新网狐框架\精华版\系统模块\公共组件\服务核心\debug\服务核心.tlog\rc.write.1.tlog
g:\网狐\整理的最新网狐框架\精华版\系统模块\公共组件\服务核心\debug\服务核心.tlog\服务核心.write.1u.tlog
