生成启动时间为 2019/9/1 15:40:30。
     1>项目“G:\网狐\精华版全套\系统模块\客户端组件\游戏道具\GameProperty.vcxproj”在节点 2 上(Rebuild 个目标)。
     1>ClCompile:
         C:\Program Files (x86)\Microsoft Visual Studio 12.0\VC\bin\CL.exe /c /Zi /nologo /W3 /WX- /O2 /Oy- /D WIN32 /D _WINDOWS /D NDEBUG /D _AFXEXT /D GAME_PROPERTY_DLL /D _WINDLL /D _MBCS /D _AFXDLL /Gm- /EHsc /MD /GS /fp:precise /Zc:wchar_t /Zc:forScope /Yc"stdafx.h" /Fp"Release\游戏道具.pch" /Fo"Release\\" /Fd"Release\vc120.pdb" /Gd /TP /analyze- /errorReport:prompt Stdafx.cpp
         Stdafx.cpp
     1>C:\Program Files (x86)\Microsoft Visual Studio 12.0\VC\atlmfc\include\afx.h(38): warning C4996: 'MBCS_Support_Deprecated_In_MFC': MBCS support in MFC is deprecated and may be removed in a future version of MFC.
                 C:\Program Files (x86)\Microsoft Visual Studio 12.0\VC\atlmfc\include\afx.h(33) : 参见“MBCS_Support_Deprecated_In_MFC”的声明
         C:\Program Files (x86)\Microsoft Visual Studio 12.0\VC\bin\CL.exe /c /Zi /nologo /W3 /WX- /O2 /Oy- /D WIN32 /D _WINDOWS /D NDEBUG /D _AFXEXT /D GAME_PROPERTY_DLL /D _WINDLL /D _MBCS /D _AFXDLL /Gm- /EHsc /MD /GS /fp:precise /Zc:wchar_t /Zc:forScope /Yu"stdafx.h" /Fp"Release\游戏道具.pch" /Fo"Release\\" /Fd"Release\vc120.pdb" /Gd /TP /analyze- /errorReport:prompt DlgTrumpetItem.cpp GamePropertyDll.cpp GamePropertyItem.cpp GamePropertyManager.cpp
         DlgTrumpetItem.cpp
         GamePropertyDll.cpp
         GamePropertyItem.cpp
         GamePropertyManager.cpp
         正在生成代码...
       ResourceCompile:
         C:\Program Files (x86)\Windows Kits\8.1\bin\x86\rc.exe /D NDEBUG /D _AFXDLL /l"0x0804" /IRelease\ /nologo /fo"Release\GameProperty.res" GameProperty.rc 
     1>C:\Program Files (x86)\MSBuild\Microsoft.Cpp\v4.0\V120\Microsoft.CppBuild.targets(1193,5): warning MSB8012: TargetPath(G:\网狐\精华版全套\系统模块\客户端组件\游戏道具\Release\游戏道具.dll) does not match the Linker's OutputFile property value (G:\网狐\精华版全套\运行\Release\Ansi\GameProperty.dll). This may cause your project to build incorrectly. To correct this, please make sure that $(OutDir), $(TargetName) and $(TargetExt) property values match the value specified in %(Link.OutputFile).
     1>C:\Program Files (x86)\MSBuild\Microsoft.Cpp\v4.0\V120\Microsoft.CppBuild.targets(1195,5): warning MSB8012: TargetName(游戏道具) does not match the Linker's OutputFile property value (GameProperty). This may cause your project to build incorrectly. To correct this, please make sure that $(OutDir), $(TargetName) and $(TargetExt) property values match the value specified in %(Link.OutputFile).
       Link:
         C:\Program Files (x86)\Microsoft Visual Studio 12.0\VC\bin\link.exe /ERRORREPORT:PROMPT /OUT:"../../../运行/Release/Ansi/GameProperty.dll" /INCREMENTAL:NO /NOLOGO /DEF:".\GameProperty.def" /MANIFEST /MANIFESTUAC:"level='asInvoker' uiAccess='false'" /manifest:embed /manifestinput:"C:\Program Files (x86)\Microsoft Visual Studio 12.0\VC\Include\Manifest\dpiaware.manifest" /DEBUG /PDB:"Release\游戏道具.pdb" /SUBSYSTEM:WINDOWS /OPT:REF /OPT:ICF /TLBID:1 /DYNAMICBASE /NXCOMPAT /IMPLIB:"../../链接库/Ansi/GameProperty.lib" /MACHINE:X86 /SAFESEH /DLL Release\GameProperty.res
         Release\DlgTrumpetItem.obj
         Release\GamePropertyDll.obj
         Release\GamePropertyItem.obj
         Release\GamePropertyManager.obj
         Release\Stdafx.obj
         "G:\网狐\精华版全套\系统模块\链接库\Ansi\ServiceCore.lib"
         "G:\网狐\精华版全套\系统模块\链接库\Ansi\ShareControl.lib"
         "G:\网狐\精华版全套\系统模块\链接库\Ansi\SkinControl.lib"
            正在创建库 ../../链接库/Ansi/GameProperty.lib 和对象 ../../链接库/Ansi/GameProperty.exp
     1>DlgTrumpetItem.obj : error LNK2001: 无法解析的外部符号 "public: virtual long __thiscall CFGuiDialog::CloseWindow(void)" (?CloseWindow@CFGuiDialog@@UAEJXZ)
     1>DlgTrumpetItem.obj : error LNK2001: 无法解析的外部符号 "public: virtual int __thiscall CFGuiDialog::DoModal(void)" (?DoModal@CFGuiDialog@@UAEHXZ)
     1>DlgTrumpetItem.obj : error LNK2001: 无法解析的外部符号 "public: virtual long __thiscall CFGuiDialog::HandleOnSizeMessage(unsigned int,unsigned int,long,int &)" (?HandleOnSizeMessage@CFGuiDialog@@UAEJIIJAAH@Z)
     1>../../../运行/Release/Ansi/GameProperty.dll : fatal error LNK1120: 3 个无法解析的外部命令
     1>已完成生成项目“G:\网狐\精华版全套\系统模块\客户端组件\游戏道具\GameProperty.vcxproj”(Rebuild 个目标)的操作 - 失败。

生成失败。

已用时间 00:00:07.44
