g:\网狐\精华版全套\系统模块\客户端组件\游戏道具\release\游戏道具.pch
g:\网狐\精华版全套\系统模块\客户端组件\游戏道具\release\vc120.pdb
g:\网狐\精华版全套\系统模块\客户端组件\游戏道具\release\stdafx.obj
g:\网狐\精华版全套\系统模块\客户端组件\游戏道具\release\gamepropertymanager.obj
g:\网狐\精华版全套\系统模块\客户端组件\游戏道具\release\gamepropertyitem.obj
g:\网狐\精华版全套\系统模块\客户端组件\游戏道具\release\gamepropertydll.obj
g:\网狐\精华版全套\系统模块\客户端组件\游戏道具\release\dlgtrumpetitem.obj
g:\网狐\精华版全套\系统模块\客户端组件\游戏道具\release\gameproperty.res
g:\网狐\精华版全套\系统模块\客户端组件\游戏道具\release\flash.tli
g:\网狐\精华版全套\系统模块\客户端组件\游戏道具\release\flash.tlh
g:\网狐\精华版全套\系统模块\客户端组件\游戏道具\release\游戏道具.pdb
g:\网狐\精华版全套\系统模块\客户端组件\游戏道具\release\游戏道具.tlog\cl.command.1.tlog
g:\网狐\精华版全套\系统模块\客户端组件\游戏道具\release\游戏道具.tlog\cl.read.1.tlog
g:\网狐\精华版全套\系统模块\客户端组件\游戏道具\release\游戏道具.tlog\cl.write.1.tlog
g:\网狐\精华版全套\系统模块\客户端组件\游戏道具\release\游戏道具.tlog\link-cvtres.read.1.tlog
g:\网狐\精华版全套\系统模块\客户端组件\游戏道具\release\游戏道具.tlog\link-cvtres.write.1.tlog
g:\网狐\精华版全套\系统模块\客户端组件\游戏道具\release\游戏道具.tlog\link-mt.read.1.tlog
g:\网狐\精华版全套\系统模块\客户端组件\游戏道具\release\游戏道具.tlog\link-mt.write.1.tlog
g:\网狐\精华版全套\系统模块\客户端组件\游戏道具\release\游戏道具.tlog\link-rc.read.1.tlog
g:\网狐\精华版全套\系统模块\客户端组件\游戏道具\release\游戏道具.tlog\link-rc.write.1.tlog
g:\网狐\精华版全套\系统模块\客户端组件\游戏道具\release\游戏道具.tlog\link.command.1.tlog
g:\网狐\精华版全套\系统模块\客户端组件\游戏道具\release\游戏道具.tlog\link.read.1.tlog
g:\网狐\精华版全套\系统模块\客户端组件\游戏道具\release\游戏道具.tlog\link.write.1.tlog
g:\网狐\精华版全套\系统模块\客户端组件\游戏道具\release\游戏道具.tlog\rc.command.1.tlog
g:\网狐\精华版全套\系统模块\客户端组件\游戏道具\release\游戏道具.tlog\rc.read.1.tlog
g:\网狐\精华版全套\系统模块\客户端组件\游戏道具\release\游戏道具.tlog\rc.write.1.tlog
